159 77 75 37 46 49 136 71 15 129 41 20 24 193 8 167 1 39 1 94 108 38 108 50 29 88 131 44 4 149 23 181 100 59 147 40 147 73 147 101 25 45 72 7 117 189 32 79 3 79 57 63 13 16 84 56 14 97 126 172 119 67 162 96 78 129 55 42 55 129 74 185 74 129 86 129 142 127 61 188 85 54 115 54 200 10 66 36 17 133 171 69 138 81 28 9 31 114 35 114 92 116 92 189 107 130 64 156 52 6 164 43 164 159 22 159 77 140 149 76 137 19 152 173 27 145 27 166 121 63 13 106 197 114 175 103 150 108 83 44 60 44 107 134 120 134 107 130 192 46 90 168 53 163 132 101 25 104 11 30 62 30 143 30 11 104 20 87 91 139 71 157 195 118 160 79 32 98 65 26 65 51 148 47 182 153 93 154 2 154 179 16 178 8 193 180 109 127 80 127 112 127 146 127 137 176 58 176 137 76 184 105 184 165 65 93 153 5 102 82 102 123 102 158 99 158 102 5 177 111 34 111 128 111 177 174 177 5 33 75 77 190 77 159 109 180 122 180 193 53 168 187 29 175 114 31 124 117 48 141 110 141 161 100 199 100 181 23 194 21 194 23 149 140 14 56 96 162 191 162 96 56 156 81 138 69 155 69 171 133 173 27 169 27 166 121 63 57 95 22 159
100
2 2
3 3
4 4
6 6
7 7
10 10
11 11
13 13
14 14
15 15
17 17
21 21
22 22
24 24
26 26
28 28
31 31
32 32
34 34
35 35
36 36
37 37
38 38
40 40
41 41
43 43
45 45
46 46
47 47
48 48
51 51
52 52
53 53
59 59
60 60
61 61
63 63
64 64
65 65
71 71
72 72
74 74
76 76
77 77
79 79
82 82
85 85
86 86
87 87
88 88
93 93
96 96
97 97
98 98
99 99
100 100
101 101
102 102
106 106
107 107
109 109
111 111
114 114
116 116
120 120
121 121
122 122
123 123
126 126
128 128
132 132
133 133
134 134
137 137
138 138
139 139
140 140
145 145
146 146
148 148
154 154
155 155
156 156
157 157
158 158
165 165
167 167
169 169
172 172
174 174
178 178
180 180
181 181
185 185
190 190
191 191
192 192
193 193
199 199
200 200
