K M G AX U C ES P X V A AA FC AB AF A AG B AO AW BD BE A BA BF BI BJ AY E BM BO GP BT BR A GS BP BU BX BY CM CD CK CT CV AR E K
42
A A AH AV BN
B B CC
E E F AN CE
G G CO
K K
M M CI
P P
U U
V V AK BL CL
X T W X AD
AA AA CU
AB AB AC
AF AF
AG L AG AP CG
AO AO
AR AR BG BV
AW D AW
AX AQ AX BC CF
AY N S AY
BA BA
BD Q BD CJ
BE BE
BF BF
BI BI
BJ AU BJ
BM AE AI BB BM BQ
BO AJ BO
BP AS BP BW
BR BR
BT BT BZ CQ CR
BU AM BU
BX BX
BY H I BY
CD CB CD CS
CK CK
CM CM
CT CA CT
CV Z AL AT AZ BK BS CN CP CV
ES J CH
GS C
FC O
GP R Y BH
