845LWU7Kg6167HQY 1P8KX 5CCl0n2r5512 5Ll49ySSWT043CtCd2 3HQj1I8wd8 11l6P71DgEau1baEX4 xaM1q4jQi3efYb0 fgM12T u3Qv 5Qkzz260R7 eDv5MBdo 9vq8gscs7dz1 KKUFV29x8iO ftk2 KKUFV29x8iO 2qgWbB40Ya16 MY3aL96Y FL4V06094CU0zO3gJava H6pXAnE0KypnExX O41Muu 95fufpL7BuUW8Mng00jE O58T eqYzN7b19UgNo1K 3HQj1I8wd8 B4mQOl023dn1 ICQxh0Q58799CUd2 KpBvy Oi6biMHY 4 DUiYDuR9yYFD5 u3Qv EnhLq7BgTj8IN3Z2m YKpC4gQmPKaU311w9eOT 2qgWbB40Ya16 xaM1q4jQi3efYb0 77yN7eHZwfF99R2 TBk5Pt5vt5SInt HDLHc5Kdk 0CwgepgS85xC4gx 122gt k UuONs3O7D2z5 i4838WP Jyceatq5u 3i80K09a 42U0k6JhTQxPvUw8 u3Qv 95E0752p51t N8191M9E9v 9 i7lmV5iDIgl5f 845LWU7Kg6167HQY
28
H6pXAnE0KypnExX H6pXAnE0KypnExX SmI7f y X6SrYf57mSUQQ28C YLKBD54k
845LWU7Kg6167HQY 845LWU7Kg6167HQY 5
KpBvy KpBvy 4 3k
5CCl0n2r5512 5CCl0n2r5512 u3Qv
5Qkzz260R7 5Qkzz260R7
ftk2 ftk2 4l4aqvNKB
DUiYDuR9yYFD5 DUiYDuR9yYFD5 48783322I5q9PFVPT
11l6P71DgEau1baEX4 11l6P71DgEau1baEX4
fgM12T fgM12T
ICQxh0Q58799CUd2 ICQxh0Q58799CUd2
O41Muu SL88w66v7 O41Muu
B4mQOl023dn1 B4mQOl023dn1
KKUFV29x8iO KKUFV29x8iO
EnhLq7BgTj8IN3Z2m EnhLq7BgTj8IN3Z2m
2qgWbB40Ya16 2qgWbB40Ya16
eDv5MBdo MVvh 6RiHvQ4xTN5 eDv5MBdo
9 3 672Pt4Ytw8LW 9
eqYzN7b19UgNo1K eqYzN7b19UgNo1K
O58T O58T
YKpC4gQmPKaU311w9eOT TU76UjE52906 YKpC4gQmPKaU311w9eOT
TBk5Pt5vt5SInt NQ3vX6W6H74aK53np 7L TBk5Pt5vt5SInt
95E0752p51t ZT3 95E0752p51t
MY3aL96Y MY3aL96Y
42U0k6JhTQxPvUw8 42U0k6JhTQxPvUw8
Oi6biMHY D
77yN7eHZwfF99R2 xaM1q4jQi3efYb0 ElUTL 8M2OK8Px58 geUO1h
3HQj1I8wd8 122gt
3i80K09a r
