AyBBdkPvTTt19wqt b817BTo6GdPc96ig2 Le6BO3R d 6c1qFsEg9xI d LK1h2AhdhXWb7Czrr 1CYyNxk8m7fToc6XLW7T 1e90fR0FtB7Ev156y A 8w6aRuq AcC1Sh8w37Px0m JbMQX8p9 P GXFdnTo0Mk 9Ge7Sge1bnha0Jm c9i08aXpBX5L7Y9g w6Z 2l90gxx61rTb0CbF tbwtQej 2T6osNpb4 2P201UD8Q Fe5xMwq0a8 MnF3RrhkA5IuhY 336P8 J68F52raS3n1L6ZYK x60I798qq0Sq6Xdc9s0 Epp31Y6 0b vRH6pA1I75N1 jxDm QE9dXn5y6j2YYh eZEbm FR3SCSFtuk055ORI 6v326555i1Io5Z IEtn6zEV03H3 e1M0JsNJ5 zM5l4u83ERoh6lnR78 d2A2ZPVl61Vtm2kT rcnFY8496Nr2v81Ax 5FXI0 rcnFY8496Nr2v81Ax q XMV256fk 5nYY46YfUGovj Rf0x16WtfDv MEv16358FQ rti 8s3AAaGRDoeQCE9 aCCE EnmWLiDA9NE89oNUTbx Han188Ox DqfU93360y3I66U0 Tk46 88e7 r9qUrqog71Fz9gx fJQi1GAp0 b6DdFnSk8qdk45 6nB9xzJ7b5115Qu5 PELS5 EL5n1KQ3kn 2qbTYSv3J hG8udpL53V 360B15fOiy1XBl Ja PdNbuD3b97N264 L46h8MG90TBpA8v9 I4640OD 1wh33nDt6y0W6 NQThb6mm4a gE7S 3WRvw jxDm 4932 l eZEbm b5a4h 9bEwQSkRTB ywj3aNhyxUH FUnTXn 7xf20x1m1od50iPHUtr Ut7hqt9A 2mk9O8P6 0IBy7AQ154pMIDBr2E 8kQ991Y80Dy 4B5uWNh7Dl3lRP khC 9jWI53P36dh95 KIOJyBXM922ydZA5 oyti0PDcb6jz 5op72W0VS69N L2a jY83MVt5i7C19 thypPB22BchO3Od9 E76twn5gNBei01uh2PkH NU7gnWcAs4nq66FS kg8257p31rTQvRWjGF NU7gnWcAs4nq66FS E76twn5gNBei01uh2PkH Iqcp2LHc0iz446x59 RYtkT5 Sr 2a5Zkf5zd4Va3 7tAK5gvusa66TB8HH7nq c2m39UUoMb 2Et5UN6ZJ19iz cZ9 2T6osNpb4 2P201UD8Q c3x9Cmq8W5oa57mjASv T8C17MZ6g69gmQ FKWv88jkw79me T8C17MZ6g69gmQ ymzG1qC7YsJFFmeog nOMN589D7t0QjhnBj3wn Nstvw8dF9rhja h5 CDuc4XdY7zp TMULg iT7 WD8QxBAx49P Q P6C89a32 1wF6 1MHxxU Ls7i6h3d558LQMh6h je0uE0UV q7Ehaiz je0uE0UV Ls7i6h3d558LQMh6h 1MHxxU 920ucA0jXEv o88qO93T 85682ijoufq1DW o88qO93T b6DdFnSk8qdk45 GXFdnTo0Mk 7DmqFE 36Y155M7F1ZG8 wC12hFFKGF dUdv 0Lw86e uF131buM7L27 dQnWD4K3Y 9Ge7Sge1bnha0Jm 360B15fOiy1XBl 1utCvCS3yEzt0HBbKt wUtvmN9V14Vw0fcE01F b817BTo6GdPc96ig2 Z93vITe403 usTG0We6G9WDs7Dk RYtkT5 8Qe2lSUyQa b19692 iFF184 2YlhGrefFhV6JLtw 5tQKcAo3 JfgS42SLYQ875K 5tQKcAo3 q 8tvL5MpO9J735t q 1CYyNxk8m7fToc6XLW7T gv3T5z4 98E9ia5 NESaNvTSnt9E9du yd7324WTF NQThb6mm4a WbNQJ5005mGN NQThb6mm4a e87h 7xf20x1m1od50iPHUtr MjwmiyLlZn 68ZC6T1G2o9Q95CKs 9fo1FxSJvnO Sr bfYVB7M6I5 XQxkrBxnI Ut7hqt9A p772t3OLqj 89ukpivGhdck21Krrh40 Rf0x16WtfDv T4EKg4Vc FR3SCSFtuk055ORI QqvW51K9Cm d2A2ZPVl61Vtm2kT 1MHxxU TByQ7zH089 0 WMKy4XnjMCqO dElaPKehji2fqD9H4h9 QyqY4vHYw8HuZ1xqo 3 3z4E 3 Q2PY MJ2l1N0ojTC baJvRpx2qsf2 67zx6J5N914IyP9GV5 A6gMJKsUfUSuEI76 o 9e60h3poT1v5TKPk o 7d2Q05crlPi rti qGr382CkPK997QVHAL lP84Whn SdP9W8WRSw x60I798qq0Sq6Xdc9s0 O7W5C8z8H93l Ru0A1pKIpZYWG QE9dXn5y6j2YYh v 8kQ991Y80Dy 9q06155efQSN M40P0vmSkH961FtFpaR iT7 9o4t O73Lh6 3 w22P6su70O6jf3FJ d5P0NXv8 L7Mfs3034VwaB7kd3Z MEv16358FQ rti nw566uv j c2m39UUoMb 6qc68848myvIqoZWw c2m39UUoMb IEtn6zEV03H3 pwvBbQ870l3Io2K IEtn6zEV03H3 6v326555i1Io5Z I6 o83v2nI1sQs I6 6v326555i1Io5Z FR3SCSFtuk055ORI 2qbTYSv3J 659Cx 2qbTYSv3J 98E9ia5 JBYT6heC6yE4 98E9ia5 0b 3505 AcC1Sh8w37Px0m 8w6aRuq s8xx0T2h jxDm QE9dXn5y6j2YYh iT7 WD8QxBAx49P BZa306Pc3 L46h8MG90TBpA8v9 PdNbuD3b97N264 d LK1h2AhdhXWb7Czrr q7Ehaiz oex2A06Dl iwa3b66QgtEN3 oex2A06Dl q7Ehaiz 5nYY46YfUGovj XMV256fk q AyBBdkPvTTt19wqt
100
d d
5nYY46YfUGovj 5nYY46YfUGovj
TMULg TMULg
aCCE aCCE
P P
vRH6pA1I75N1 vRH6pA1I75N1
6v326555i1Io5Z 6v326555i1Io5Z
6c1qFsEg9xI 6c1qFsEg9xI
2l90gxx61rTb0CbF 2l90gxx61rTb0CbF
IEtn6zEV03H3 IEtn6zEV03H3
L46h8MG90TBpA8v9 L46h8MG90TBpA8v9
kg8257p31rTQvRWjGF kg8257p31rTQvRWjGF
2P201UD8Q 2P201UD8Q
1e90fR0FtB7Ev156y 1e90fR0FtB7Ev156y
RYtkT5 RYtkT5
b817BTo6GdPc96ig2 b817BTo6GdPc96ig2
Tk46 Tk46
4B5uWNh7Dl3lRP 4B5uWNh7Dl3lRP
2T6osNpb4 2T6osNpb4
E76twn5gNBei01uh2PkH E76twn5gNBei01uh2PkH
jxDm jxDm
e1M0JsNJ5 e1M0JsNJ5
FR3SCSFtuk055ORI FR3SCSFtuk055ORI
PELS5 PELS5
9jWI53P36dh95 9jWI53P36dh95
eZEbm eZEbm
Le6BO3R Le6BO3R
khC khC
2Et5UN6ZJ19iz 2Et5UN6ZJ19iz
c3x9Cmq8W5oa57mjASv c3x9Cmq8W5oa57mjASv
NU7gnWcAs4nq66FS NU7gnWcAs4nq66FS
Rf0x16WtfDv Rf0x16WtfDv
8w6aRuq 8w6aRuq
nOMN589D7t0QjhnBj3wn nOMN589D7t0QjhnBj3wn
KIOJyBXM922ydZA5 KIOJyBXM922ydZA5
1wF6 1wF6
MEv16358FQ MEv16358FQ
XQxkrBxnI XQxkrBxnI
usTG0We6G9WDs7Dk usTG0We6G9WDs7Dk
Ut7hqt9A Ut7hqt9A
TByQ7zH089 TByQ7zH089
q7Ehaiz q7Ehaiz
v v
d5P0NXv8 d5P0NXv8
hG8udpL53V hG8udpL53V
A6gMJKsUfUSuEI76 A6gMJKsUfUSuEI76
dUdv dUdv
uF131buM7L27 uF131buM7L27
4932 4932
68ZC6T1G2o9Q95CKs 68ZC6T1G2o9Q95CKs
920ucA0jXEv 920ucA0jXEv
J68F52raS3n1L6ZYK J68F52raS3n1L6ZYK
MjwmiyLlZn MjwmiyLlZn
1utCvCS3yEzt0HBbKt 1utCvCS3yEzt0HBbKt
p772t3OLqj p772t3OLqj
r9qUrqog71Fz9gx r9qUrqog71Fz9gx
9o4t 9o4t
XMV256fk XMV256fk
7DmqFE 7DmqFE
L7Mfs3034VwaB7kd3Z L7Mfs3034VwaB7kd3Z
b19692 b19692
I6 I6
FKWv88jkw79me FKWv88jkw79me
o83v2nI1sQs o83v2nI1sQs
659Cx 659Cx
Q Q
gv3T5z4 gv3T5z4
89ukpivGhdck21Krrh40 89ukpivGhdck21Krrh40
8tvL5MpO9J735t 8tvL5MpO9J735t
b6DdFnSk8qdk45 b6DdFnSk8qdk45
6qc68848myvIqoZWw 6qc68848myvIqoZWw
ywj3aNhyxUH ywj3aNhyxUH
MJ2l1N0ojTC MJ2l1N0ojTC
P6C89a32 P6C89a32
thypPB22BchO3Od9 thypPB22BchO3Od9
EnmWLiDA9NE89oNUTbx EnmWLiDA9NE89oNUTbx
2YlhGrefFhV6JLtw 2YlhGrefFhV6JLtw
q q
3 3
Han188Ox Han188Ox
SdP9W8WRSw SdP9W8WRSw
iFF184 iFF184
O7W5C8z8H93l O7W5C8z8H93l
ymzG1qC7YsJFFmeog ymzG1qC7YsJFFmeog
I4640OD I4640OD
85682ijoufq1DW 85682ijoufq1DW
8Qe2lSUyQa 8Qe2lSUyQa
yd7324WTF yd7324WTF
3z4E 3z4E
JBYT6heC6yE4 JBYT6heC6yE4
3505 3505
9q06155efQSN 9q06155efQSN
qGr382CkPK997QVHAL qGr382CkPK997QVHAL
7d2Q05crlPi 7d2Q05crlPi
nw566uv nw566uv
Q2PY Q2PY
QqvW51K9Cm QqvW51K9Cm
36Y155M7F1ZG8 36Y155M7F1ZG8
T8C17MZ6g69gmQ T8C17MZ6g69gmQ
pwvBbQ870l3Io2K pwvBbQ870l3Io2K
