73 96 15 48 13 40 16 85 16 40 28 7 4 39 35 20 43 12 34 53 50 1 5 38 8 38 24 38 88 22 88 45 10 17 14 77 1 19 18 33 11 64 90 25 74 49 44 57 9 71 31 66 31 86 37 76 18 19 95 79 15 48 32 41 82 33 92 61 92 65 62 99 46 75 57 9 98 21 3 63 30 84 81 91 78 34 55 83 27 2 94 53 50 1 68 4 69 23 26 23 69 51 59 51 69 72 56 17 93 17 7 4 39 58 89 58 34 55 83 29 22 88 100 88 22 29 86 47 13 48 33 48 15 96 73
50
1 1
5 5
8 8
9 9
10 10
11 11
12 12
13 13
14 14
15 15
18 18
19 19
21 21
22 22
25 25
27 27
29 29
33 33
34 34
44 44
46 46
48 48
49 49
50 50
53 53
57 57
65 65
66 66
68 68
71 71
74 74
75 75
76 76
77 77
78 78
79 79
81 81
82 82
83 83
84 84
85 85
86 86
90 90
91 91
93 93
94 94
96 96
98 98
99 99
100 100
