74 123 8 22 40 15 13 1 18 34 7 80 56 76 21 31 86 57 24 64 17 150 39 14 6 82 72 100 29 4 75 142 28 58 43 3 117 105 148 115 63 9 16 85 93 144 172 5 48 71 35 12 35 60 59 65 91 131 53 37 152 47 25 23 41 156 41 23 68 30 132 173 66 50 125 67 92 134 112 107 44 25 183 78 83 33 108 33 140 11 42 8 49 8 146 122 70 116 61 141 129 163 94 20 96 184 32 27 103 51 77 51 190 155 52 130 151 135 56 122 26 81 167 162 91 131 84 122 26 193 127 114 127 186 45 146 54 133 196 175 165 171 136 194 55 194 57 195 99 137 97 36 106 63 139 138 116 120 176 178 176 179 168 4 75 187 197 169 153 159 50 125 73 64 90 155 28 113 88 188 102 199 109 154 76 89 6 121 111 121 68 126 166 14 118 14 59 65 101 200 131 53 98 189 147 95 181 104 80 125 157 125 83 139 161 18 110 72 100 198 143 170 63 174 63 57 86 128 86 146 8 49 8 52 177 56 76 33 164 33 151 39 117 3 180 158 43 58 28 1 13 192 148 115 8 123 74
100
4 4
5 5
11 11
12 12
14 14
16 16
17 17
18 18
20 20
23 23
27 27
31 31
32 32
39 39
42 42
44 44
45 45
47 47
50 50
51 51
52 52
53 53
54 54
56 56
58 58
59 59
60 60
61 61
63 63
66 66
72 72
73 73
76 76
77 77
80 80
81 81
83 83
86 86
88 88
89 89
90 90
91 91
94 94
95 95
96 96
97 97
98 98
99 99
100 100
103 103
105 105
107 107
108 108
109 109
111 111
112 112
113 113
114 114
115 115
116 116
118 118
120 120
123 123
125 125
127 127
128 128
129 129
130 130
132 132
133 133
134 134
135 135
136 136
138 138
139 139
140 140
142 142
143 143
146 146
152 152
154 154
155 155
157 157
158 158
161 161
163 163
165 165
167 167
171 171
173 173
174 174
178 178
179 179
184 184
190 190
192 192
193 193
198 198
199 199
200 200
