0 2 4 57 11 28 8 34 12 10 162 9 30 13 31 14 93 16 18 20 49 3 6 21 63 26 110 17 39 29 5 22 62 83 68 54 41 19 25 1 95 132 43 109 80 71 150 45 56 99 113 15 58 36 46 44 27 144 74 48 37 47 76 92 59 7 64 40 84 51 89 166 30 55 70 82 52 88 90 87 24 73 100 61 148 85 186 94 24 91 67 60 151 53 174 104 3 42 78 35 38 81 112 149 23 105 77 32 125 98 114 79 68 121 50 106 86 139 168 102 111 75 146 103 69 137 153 161 129 65 123 72 115 108 118 127 143 120 96 97 34 117 116 199 131 142 145 135 152 188 167 147 101 170 134 158 20 52 180 195 5 66 169 190 0 74 0 175 57 11 124 140 62 176 7 163 133 178 155 192 69 157 29 114 79 141 196 5 193 189 160 79 154 184 179 156 164 81 140 124 172 138 63 181 124 191 182 165 3 92 177 33 177 72 197 137 83 152 60 152 194 152 188 121 107 121 14 31 0
100
1 1
2 2
3 3
4 4
5 5
6 6
7 7
8 8
9 9
10 10
11 11
12 12
13 13
14 14
15 15
16 16
17 17
18 18
19 19
20 20
21 21
22 22
23 23
24 24
25 25
26 26
27 27
28 28
29 29
30 30
31 31
32 32
33 33
34 34
35 35
36 36
37 37
38 38
39 39
40 40
41 41
42 42
43 43
44 44
45 45
46 46
47 47
48 48
49 49
50 50
51 51
52 52
53 53
54 54
55 55
56 56
57 57
58 58
59 59
60 60
61 61
62 62
63 63
64 64
65 65
66 66
67 67
68 68
69 69
70 70
71 71
72 72
73 73
74 74
75 75
76 76
77 77
78 78
79 79
80 80
81 81
82 82
83 83
84 84
85 85
86 86
87 87
88 88
89 89
90 90
91 91
92 92
93 93
94 94
95 95
96 96
97 97
98 98
99 99
100 100
