48 20 48 68 6 11 6 68 14 116 139 109 168 46 10 115 26 9 42 25 17 43 2 23 39 85 92 54 50 15 4 56 124 77 19 1 86 72 108 47 55 36 22 18 126 24 100 81 35 173 58 118 80 96 29 152 99 5 51 84 8 119 78 7 150 27 95 114 123 162 31 41 130 49 67 98 16 40 121 120 159 82 106 64 32 0 105 147 38 117 189 178 104 149 74 66 73 171 144 182 94 140 175 165 28 170 3 65 197 61 34 50 133 37 153 59 174 125 143 12 21 79 21 89 62 173 75 127 88 173 97 119 93 133 107 87 90 87 43 101 98 103 160 139 167 143 137 143 155 199 76 163 72 136 129 141 196 176 138 78 113 69 77 164 154 53 146 157 166 12 91 135 180 156 52 193 194 44 131 197 154 110 102 179 174 142 174 73 186 73 66 183 46 111 188 168 83 168 185 190 185 39 85 92 177 158 96 181 96 191 45 151 57 63 161 38 98 198 41 150 7 187 47 80 148 80 118 145 173 163 76 192 102 110 172 100 81 71 20 48
99
2 2
3 3
5 5
7 7
9 9
10 10
11 11
16 16
19 19
20 20
21 21
23 23
25 25
29 29
34 34
35 35
36 36
38 38
39 39
40 40
42 42
46 46
48 48
52 52
53 53
55 55
56 56
58 58
64 64
66 66
67 67
69 69
73 73
74 74
78 78
79 79
84 60 84
85 85
87 87
88 88
90 90
93 93
98 98
101 101
103 103
107 107
108 108
109 109
110 110
113 113
115 115
117 117
118 118
119 119
120 120
123 123
125 125
126 126
129 129
133 133
135 135
136 136
137 137
138 138
141 141
143 143
145 145
147 147
148 148
149 149
151 151
152 152
154 154
155 155
156 156
157 157
158 158
163 163
164 164
165 165
167 167
170 170
171 171
175 175
176 176
177 177
179 179
180 180
181 181
182 182
185 185
186 186
190 190
191 191
193 193
194 194
196 196
197 197
199 199
