75 27 1 29 39 9 25 20 2 36 33 14 52 4 47 38 45 0 40 11 5 21 68 31 41 49 6 50 15 61 16 37 10 70 77 19 34 27 66 7 13 18 12 8 22 49 48 58 42 32 71 26 92 82 94 24 3 28 54 23 57 67 59 68 55 46 63 91 12 64 80 97 86 11 51 60 43 17 50 44 77 88 77 62 18 76 30 65 79 51 0 40 0 73 96 74 7 87 64 81 30 89 84 48 58 72 99 69 98 63 93 4 56 44 90 99 64 81 16 95 16 75
50
3 3
4 4
7 7
9 9
12 12
13 13
21 21
25 25
26 26
29 29
31 31
32 32
34 34
36 36
42 42
43 43
44 44
46 46
47 47
48 48
49 49
52 52
55 55
56 56
57 57
58 58
59 59
62 62
64 64
65 65
69 69
73 73
74 74
75 75
76 76
77 77
80 80
81 81
82 82
84 84
86 86
87 87
89 89
90 90
91 91
92 92
94 94
96 96
97 97
98 98
