evdoyagqfp xawkqmfmmx xftptyrlvl jqtguzxxsl smwxdupkdv tvcolajnao lcrihrmoqu tgbmxdmvwe opmnfgpclg tvuprbwofb zumetrybth vugkhjygfe xywdziunpr oggftsricu xeigbnzhbj seeyrseflx jrmlkfexfk pymtnhypxd pwgublhwxg zpybghfdbe khisjiexts gkcfktyute phknwbtipl fdgcygwgjf rnpokwoqgt oownpsyviv oavtmpaqji qydclznxrd ljhmnbaicr bswhowadhl zpjhxyylhb kvfpaspidv wtyqwjwskq ahqdrcepub byyqgjwsrp gjmmikaxih jrusiskazm vkrlpmybdj lndsfxewdc lbuiysostx frwgnrofof qqtzqvrvyc kwbnyneokj qpxtrjvxpe lnicnhmajr aruwdskzta lnicnhmajr kyrhqthnvz lnicnhmajr xychpimpzb qcktwemqbm knfzsnhzvx etdxtwotzh qepegujmaa koawdpgqdx psiebvskfb koawdpgqdx wkwwcqjtxf bulywvvpni wkwwcqjtxf koawdpgqdx pdljcbluhp ljhmnbaicr qgfchcatzi yriqtwavfx gucdicwxmb yriqtwavfx rkyixxpcbx yriqtwavfx uhalgukdzb fczruomdab eooyfwmxln epdwcjuvdr wynbxuuxru qzdrdcxoib voaumgrcuj qzdrdcxoib wynbxuuxru lazlsvgukx ymvlfsdhbu aokbiptbzc ymvlfsdhbu nbjyrygtdh jatkaoyfxb hsjqtjkukk sjtuxgdwms iwdghbmiai kvxwqiryyu qbiylslccb xftptyrlvl uooysjrxsb nfvvjywhsb ederofzujd nfvvjywhsb ztvejhcxjs kijbyyuzhd unihwwnyqz xplqpgpbvq kdujdjjwot wirlbujvjm phknwbtipl zivwgfcxqi euqbrkzdsw jedsthbmzo wwqchwdmtx pcilmgdrgc ivgbjyugdu pcilmgdrgc qepegujmaa ixyurvbpvu yiwwdwbzth uddkspyqjc jfccyptuug sinegnctim owusjcmdkp stdiixwrjc ummqduagjn fczruomdab siatqqydwf ytidnmibdj ebqxbaqnmm oegfbrwyrp fclmzghxkf xguvjomcdt nwlccbonas bbwcqzwyoz ijbfzrqwct qfbvncxldf ijbfzrqwct bimtbhwsby chjuuxuacs afortwurqt zmfuudfatm cttlxdtaiw xzwkhxkxjr pbefrggyje wtlzrefwav eysfgfavho lkvobxyfca kgktiatgjn epdwcjuvdr eqdxeqvtsb xnppuesbrr gllungmori qxuqrfzzob opmnfgpclg bpbbtoptwg rfcbhdtwvm xtvbrolacp afrdrejwtp wtlzrefwav mdyuzxshey ouxenssqdu fznfvsgjhc imkzafjljw tmrnpjqnxx wynbxuuxru jqtguzxxsl optviwhmbr ivugtsvtqb guuudgvhny xknpudafue xplqpgpbvq unihwwnyqz yhpfnjjqmm unihwwnyqz vnzypgtlkj dnmgxnhbgi eaozvwjoso vqakgbtmpu xqwyvbvueh idfvjoquhh kijbyyuzhd unihwwnyqz pbefrggyje xwrvhrxnqy xifuopshzj xwrvhrxnqy qydclznxrd oewptytlja qydclznxrd oavtmpaqji uqoafoloje zjbarjhmau ichabbvkhm jrusiskazm vkrlpmybdj cdqkyomyxw oddoubpfzn syxecaxosc rfcbhdtwvm awqmxektil mswyvpdrsy yqwistxtxc hofbtczdgp jwcdeoubpx zpjhxyylhb bswhowadhl tgkujfknod bswhowadhl xsjzeyxnpw ymvlfsdhbu frfueiglva ldnozwuuuq spdafzaivh qiqnnrlapz osdeymjeil jrmlkfexfk scesbtewjx jrmlkfexfk seeyrseflx hkempoemlv seeyrseflx czvqvijjlb ztplgyvqhm czvqvijjlb nbjyrygtdh cpwyxulkjm nbjyrygtdh jatkaoyfxb hsjqtjkukk bbczvyonym mdyuzxshey wtlzrefwav eysfgfavho bpbbtoptwg rfcbhdtwvm kyblmbvqtv tmatbexcil byyqgjwsrp qxfgqgbbdn byyqgjwsrp gjmmikaxih lkvtxfwozs gjmmikaxih byyqgjwsrp rfcbhdtwvm xvgujpzkiw rfcbhdtwvm awqmxektil rfcbhdtwvm byyqgjwsrp ahqdrcepub gbdejcnknd ahqdrcepub byyqgjwsrp cttlxdtaiw rlxmdzqomd gkcfktyute xkasbvrrxd gkcfktyute phknwbtipl xguvjomcdt nwlccbonas itbfnxnauh nwlccbonas xguvjomcdt yqwistxtxc xywdziunpr oggftsricu xeigbnzhbj hadchvmijq xeigbnzhbj oggftsricu xywdziunpr vugkhjygfe guuudgvhny ivugtsvtqb optviwhmbr jqtguzxxsl xftptyrlvl mysadifwma robpunozly bnmegnfgii robpunozly mysadifwma xftptyrlvl fluzhooehk xftptyrlvl evdoyagqfp
98
eooyfwmxln eooyfwmxln
vugkhjygfe vugkhjygfe
zmfuudfatm zmfuudfatm
vkrlpmybdj vkrlpmybdj
psiebvskfb psiebvskfb
yiwwdwbzth yiwwdwbzth
tgbmxdmvwe tgbmxdmvwe
gucdicwxmb gucdicwxmb
rnpokwoqgt rnpokwoqgt
wtlzrefwav wtlzrefwav
xawkqmfmmx xawkqmfmmx
oggftsricu oggftsricu
ouxenssqdu ouxenssqdu
nwlccbonas nwlccbonas
seeyrseflx seeyrseflx
smwxdupkdv smwxdupkdv
ahqdrcepub ahqdrcepub
bswhowadhl bswhowadhl
evdoyagqfp evdoyagqfp
bnmegnfgii bnmegnfgii
qfbvncxldf qfbvncxldf
aokbiptbzc aokbiptbzc
jrmlkfexfk jrmlkfexfk
qgfchcatzi qgfchcatzi
wkwwcqjtxf wkwwcqjtxf
xywdziunpr xywdziunpr
tvcolajnao tvcolajnao
qepegujmaa qepegujmaa
mdyuzxshey mdyuzxshey
lnicnhmajr lnicnhmajr
bulywvvpni bulywvvpni
bbwcqzwyoz bbwcqzwyoz
hsjqtjkukk hsjqtjkukk
hkempoemlv hkempoemlv
jrusiskazm jrusiskazm
tmrnpjqnxx tmrnpjqnxx
lndsfxewdc lndsfxewdc
oegfbrwyrp oegfbrwyrp
uooysjrxsb uooysjrxsb
xkasbvrrxd xkasbvrrxd
wynbxuuxru wynbxuuxru
rkyixxpcbx rkyixxpcbx
optviwhmbr optviwhmbr vfdsalrajq
mysadifwma mysadifwma
euqbrkzdsw euqbrkzdsw
kvxwqiryyu kvxwqiryyu
qxuqrfzzob qxuqrfzzob
pcilmgdrgc pcilmgdrgc
kvfpaspidv kvfpaspidv
voaumgrcuj voaumgrcuj
etdxtwotzh etdxtwotzh
aruwdskzta aruwdskzta
qpxtrjvxpe qpxtrjvxpe
tgkujfknod tgkujfknod
xnppuesbrr xnppuesbrr
wwqchwdmtx wwqchwdmtx
xwrvhrxnqy xwrvhrxnqy
lcrihrmoqu lcrihrmoqu
uhalgukdzb uhalgukdzb
xifuopshzj xifuopshzj
fdgcygwgjf fdgcygwgjf
hofbtczdgp hofbtczdgp
nbjyrygtdh nbjyrygtdh
pbefrggyje pbefrggyje
kyrhqthnvz kyrhqthnvz
qxfgqgbbdn qxfgqgbbdn
zivwgfcxqi zivwgfcxqi
ivgbjyugdu ivgbjyugdu
oavtmpaqji oavtmpaqji
osdeymjeil osdeymjeil
scesbtewjx scesbtewjx
stdiixwrjc stdiixwrjc
ichabbvkhm ichabbvkhm
ivugtsvtqb ivugtsvtqb
byyqgjwsrp byyqgjwsrp
kijbyyuzhd kijbyyuzhd
pdljcbluhp pdljcbluhp
bimtbhwsby bimtbhwsby
ymvlfsdhbu ymvlfsdhbu
xychpimpzb xychpimpzb
lkvtxfwozs lkvtxfwozs
bbczvyonym bbczvyonym
eqdxeqvtsb eqdxeqvtsb
kgktiatgjn kgktiatgjn
afortwurqt afortwurqt
gbdejcnknd gbdejcnknd
cpwyxulkjm cpwyxulkjm
afrdrejwtp afrdrejwtp
xguvjomcdt xguvjomcdt
itbfnxnauh itbfnxnauh
fluzhooehk fluzhooehk
ldnozwuuuq ldnozwuuuq
tmatbexcil tmatbexcil
xqwyvbvueh xqwyvbvueh
qiqnnrlapz qiqnnrlapz
cttlxdtaiw cttlxdtaiw
guuudgvhny guuudgvhny
vnzypgtlkj vnzypgtlkj
