mdyuzxshey vkrlpmybdj zmfuudfatm vkrlpmybdj tvcolajnao qcktwemqbm pymtnhypxd xkasbvrrxd eysfgfavho phknwbtipl kdujdjjwot zjbarjhmau bulywvvpni siatqqydwf ahqdrcepub lazlsvgukx idfvjoquhh lbuiysostx oegfbrwyrp tgbmxdmvwe rnpokwoqgt zpjhxyylhb ebqxbaqnmm zumetrybth jatkaoyfxb bnmegnfgii jatkaoyfxb zumetrybth ebqxbaqnmm ljhmnbaicr owusjcmdkp lnicnhmajr oggftsricu lkvobxyfca xplqpgpbvq hadchvmijq jqtguzxxsl yiwwdwbzth wtyqwjwskq bswhowadhl psiebvskfb zpybghfdbe cmdqzmgvfi qfbvncxldf cmdqzmgvfi tmrnpjqnxx wtlzrefwav epdwcjuvdr gkcfktyute epdwcjuvdr wynbxuuxru epdwcjuvdr wtlzrefwav jrmlkfexfk gllungmori rkyixxpcbx eooyfwmxln rkyixxpcbx optviwhmbr ixyurvbpvu gwnccktgki syxecaxosc qgfchcatzi oggftsricu euqbrkzdsw wtjzgzopuw lndsfxewdc mswyvpdrsy hkempoemlv fznfvsgjhc sjtuxgdwms lbuiysostx oegfbrwyrp bswhowadhl psiebvskfb qydclznxrd cmdqzmgvfi tmrnpjqnxx wtlzrefwav hsjqtjkukk smwxdupkdv koawdpgqdx jrusiskazm koawdpgqdx unihwwnyqz ztplgyvqhm unihwwnyqz qepegujmaa xtvbrolacp iwdghbmiai gucdicwxmb iwdghbmiai xtvbrolacp qepegujmaa unihwwnyqz koawdpgqdx aokbiptbzc smwxdupkdv hsjqtjkukk wtlzrefwav epdwcjuvdr wynbxuuxru hadchvmijq jqtguzxxsl yiwwdwbzth xftptyrlvl jedsthbmzo oewptytlja nwlccbonas oewptytlja bbwcqzwyoz oewptytlja knfzsnhzvx oewptytlja owusjcmdkp lnicnhmajr oggftsricu qgfchcatzi syxecaxosc ixyurvbpvu uooysjrxsb seeyrseflx vugkhjygfe seeyrseflx uooysjrxsb ixyurvbpvu siatqqydwf bulywvvpni zjbarjhmau wkwwcqjtxf qcktwemqbm tvcolajnao vkrlpmybdj mdyuzxshey mysadifwma mdyuzxshey
49
eooyfwmxln eooyfwmxln
vugkhjygfe vugkhjygfe
gllungmori gllungmori
zmfuudfatm zmfuudfatm
zumetrybth zumetrybth
wtyqwjwskq wtyqwjwskq
vkrlpmybdj vkrlpmybdj
psiebvskfb psiebvskfb
jqtguzxxsl jqtguzxxsl
koawdpgqdx koawdpgqdx
tgbmxdmvwe tgbmxdmvwe
zjbarjhmau zjbarjhmau
lkvobxyfca lkvobxyfca
wtlzrefwav wtlzrefwav
jedsthbmzo jedsthbmzo
nwlccbonas nwlccbonas
seeyrseflx seeyrseflx
ahqdrcepub ahqdrcepub
kdujdjjwot kdujdjjwot
gwnccktgki gwnccktgki
xtvbrolacp xtvbrolacp
bnmegnfgii bnmegnfgii
qfbvncxldf qfbvncxldf
aokbiptbzc aokbiptbzc
lbuiysostx lbuiysostx
ljhmnbaicr ljhmnbaicr
qcktwemqbm qcktwemqbm
knfzsnhzvx knfzsnhzvx
qepegujmaa qepegujmaa
mdyuzxshey mdyuzxshey
mswyvpdrsy mswyvpdrsy
ebqxbaqnmm ebqxbaqnmm
hadchvmijq hadchvmijq
xftptyrlvl xftptyrlvl
lnicnhmajr lnicnhmajr
bulywvvpni bulywvvpni
oewptytlja oewptytlja
cmdqzmgvfi cmdqzmgvfi
lazlsvgukx lazlsvgukx
lndsfxewdc lndsfxewdc
owusjcmdkp owusjcmdkp
qydclznxrd qydclznxrd
jatkaoyfxb jatkaoyfxb
wynbxuuxru wynbxuuxru
rkyixxpcbx rkyixxpcbx
optviwhmbr optviwhmbr
mysadifwma mysadifwma
fznfvsgjhc fznfvsgjhc
euqbrkzdsw euqbrkzdsw
