0 2 0 4 9 10 12 11 12 66 67 65 15 17 16 17 104 180 22 21 22 116 22 20 25 27 118 115 29 30 32 58 55 35 37 36 37 35 39 40 42 41 42 186 132 130 44 45 47 105 0 50 52 135 54 60 62 60 90 64 7 6 7 145 69 70 72 129 74 79 80 82 80 85 87 95 94 99 100 102 101 2 13 2 28 25 110 57 56 57 110 114 120 122 151 152 150 124 125 127 126 127 140 134 139 144 149 154 155 157 155 158 155 160 137 136 137 166 117 128 125 4 164 170 172 171 22 180 165 168 165 175 179 184 185 187 186 147 146 17 113 110 112 111 92 91 92 191 192 190 189 182 181 182 180 183 180 195 197 195 20 0 3 0 40 43 40 30 15 45 48 45 50 60 63 60 65 68 65 75 78 75 70 80 83 80 85 100 95 97 95 140 142 141 132 131 132 130 133 130 95 105 107 106 102 108 102 120 123 120 135 138 135 145 148 145 150 153 150 175 177 176 7 193 190 160 162 161 162 160 170 173 170 175 185 188 185 75 77 76 77 75 0
98
2 2
3 3
11 11
12 12
13 13
15 15
16 16
17 17
20 20
25 25
27 27
28 28
30 30
32 32
35 35 38
36 36
37 37
39 39
41 41
42 42
43 43
44 44
47 47
52 52
54 54
55 55
56 56
57 57
58 58
64 64
65 65
66 66
67 67
68 68
69 69
72 72
74 74
78 78
79 79
82 82
87 87
91 91
92 92
94 94
95 95
97 97
99 99 159
100 100
101 101
102 102
104 104
105 105
108 108
110 110
113 113
114 114
116 116
118 118
120 120
122 122
123 123
124 124
125 125
128 128
129 129
131 131
132 132
133 133
134 134
135 135
136 136
138 138
139 139
141 141
142 142
144 144
145 145
148 148
149 149
152 152
154 154
160 160
161 161
166 166
168 168
172 172
179 179
180 180
181 181
182 182
183 183
184 184
186 186
187 187
189 189
192 192
195 195
197 197
