OYUinzd4zxVxIptSBcML 4R5nKw333ATOizKdSrav TOlchSnWWkR7rRWP9Cdc 3SpSgYRcx99pESu1D9Wi lM0uQphyVNPO90DR8P6A n14fgY77RxYuy7mkbJU1 wDv7iczN6LiK2xDJOu0N 2mMEW336zlvoabKQ0Mze KRZBWx1Sd8wB0uU3QWeQ C4iWe9yR2mvfNmTv1Ujg knZxc5ZrIrcQzv054Pss ugVnD0zzPxsfEn932v1t 6YPXen0OkUAjsBQbugH8 mSL1gwuFl7ezuWmYhoWX 5dLU2ihY8weFRtdH0NCX jVnJVrQfkUuQ5PfgtD65 ysFvkOBVEgTOFmcR2xc1 xtyNkgmQQDlFdBVfN1o5 5euTHFaulIyTMDOpAOiL 29cQGjH4xgr2WjuBLLEb 2LHGJx7lje13o5VgjaWa OYUinzd4zxVxIptSBcML
20
wDv7iczN6LiK2xDJOu0N wDv7iczN6LiK2xDJOu0N
2mMEW336zlvoabKQ0Mze 2mMEW336zlvoabKQ0Mze
KRZBWx1Sd8wB0uU3QWeQ KRZBWx1Sd8wB0uU3QWeQ
3SpSgYRcx99pESu1D9Wi 3SpSgYRcx99pESu1D9Wi
C4iWe9yR2mvfNmTv1Ujg C4iWe9yR2mvfNmTv1Ujg
n14fgY77RxYuy7mkbJU1 n14fgY77RxYuy7mkbJU1
lM0uQphyVNPO90DR8P6A lM0uQphyVNPO90DR8P6A
knZxc5ZrIrcQzv054Pss knZxc5ZrIrcQzv054Pss
TOlchSnWWkR7rRWP9Cdc TOlchSnWWkR7rRWP9Cdc
ugVnD0zzPxsfEn932v1t ugVnD0zzPxsfEn932v1t
6YPXen0OkUAjsBQbugH8 6YPXen0OkUAjsBQbugH8
mSL1gwuFl7ezuWmYhoWX mSL1gwuFl7ezuWmYhoWX
5dLU2ihY8weFRtdH0NCX 5dLU2ihY8weFRtdH0NCX
4R5nKw333ATOizKdSrav 4R5nKw333ATOizKdSrav
jVnJVrQfkUuQ5PfgtD65 dVfyZ8osOWlPeWeMnteY 0Y8GuXeRCg3UQ8iw3rJM 0rs0of9LUAzWTuABwTnG jVnJVrQfkUuQ5PfgtD65 paxbzGIrGUKuLL8gNR12 7sEAL87eVGtPRFGU7wZL
ysFvkOBVEgTOFmcR2xc1 ysFvkOBVEgTOFmcR2xc1
xtyNkgmQQDlFdBVfN1o5 xtyNkgmQQDlFdBVfN1o5
5euTHFaulIyTMDOpAOiL 5euTHFaulIyTMDOpAOiL
29cQGjH4xgr2WjuBLLEb 29cQGjH4xgr2WjuBLLEb
2LHGJx7lje13o5VgjaWa 2LHGJx7lje13o5VgjaWa
