g3ylJsdLuC idQHxtSnxr 0mnwiU4XrT uqBwmUCwgE oCk2Yieytb TSSOUimHPg 97ZNlakBoq mwzQG3SxnO rCoEuOa7EU mok9StGG0X biWuM2iRnz 4TTtdOaCTp PcFJuErB3q CxfzSa2YOV 2q1lo9tSYb JD3uem81Lg IA0Uf143OT 5hWe1EOa3M yUArOGL7bN 2fevl06VRg t25XjDwQhD DJYFSgxecW vUu8ijgxxf 9LabQjTqkn LCKLTNE1vp uNliYB9ELN x7iq98BiN3 eV8Vk47Uma AOmNEQMr29 eV8Vk47Uma rCoEuOa7EU XW1Wn7EqpN FqFik17fFH qjDSEKmZMW vLjEFrUVJv fWIjO8yhE3 0SQlBVJ1YY oWmQcQwHPo 2eMl9AO5o8 QrJxLpX875 dj8JMfo3hX 4znnlMjVra WYEDqSuNRX oVMPVsMWrZ g2I4si69gU u4FAx2sHZm 1TfvXd6dPZ 1N2P3Sa7im srT70dfQEr Pz3egMzKU8 gZXiityEnU J3muHocLp9 7wS9dKOnJR 723MhcLxt0 1QXjsHNYao gNPoyTno9C I6HmSOF6YH t85IIqKEZh onlLq65Azx j98kcW9qGB z8wUSSybzM 1KJyArncTt XlU2fx0ZPn Cqa6jMOeIY fXy828RCG4 Pijq8aHqIR s3eMpsYH00 nKHFs5cKTX 03xK87sjTf 7g0Idy1nzK KUJdxKVZFO 0wTk0mYkLH g2I4si69gU MXIvZpEPtW ZqWjuL44qr O6QhQ7e2YE AlEhnWGqVG O6QhQ7e2YE 6LMX14aEdy bserQRNqfz KpxiCfRqh3 WYEDqSuNRX CSjLrGbUz3 QTNhZIciNJ 2S929yZddP jVW9blzudJ 2O61j91J3T 7ZWqK2F5XG gTAImjNH8G pWVnBerIra bWDewy6WbV Bx61hYSyg6 K05xB79KZo srT70dfQEr faoQv8TBlx rVrpShxAxl Pv5LMSkQii yky49wE4YG 2nSOTVmvxV TP2TNyk7wl GQ4F0g3Mdj TyL7NE2puV wiMdNn30Xd oEdovEhrWM CUEWGmB7Gt dMOAUqH7Z3 qnkfLCmfDn yU6iUY8YgO XOxGPscMMG WcyuqGYOzU O4Rh9n5Clo oCk2Yieytb Tk8ERvdKxF uIf3wnJUdn oIVQ2qkgnR WAi18jd2vJ S8BtTu4yH9 p3w5kcAaF0 u4LnQNaaiz yvMowGbkvn IGpxjveim7 x066w6eh4W 0hs3CNDF4L nFqfAnhO3U TBzLS0OAYU xjSWG1YKh9 wRn7Oi1bcW xjSWG1YKh9 ZjhU7PWKtj xjSWG1YKh9 KZfI0wRW9K 8ZKCAWlImg tubjzjzUpV M2hatQPY96 vnZBjkVngj LeZK9UvMT9 emYRLTiyj9 D0kECQ0RvI JD3uem81Lg r8njDwxc2t euuICgBLD4 sxXDJEzMkM mcFTstBR1U WDULGPTRTU EG1t1o8YrR 8KtuAXHUy3 rCoEuOa7EU RUc8Sio5IX WvFZJEkTrw 5SSy593K31 qqiMfzDvYA VpC9l6m3bG YAqGe4tKAP FvzkpZRSj8 Oiowits7js 12ECENJIev HHHZ1vC1rP WCfxK7Y8pw 49R5E9I4Wp z8wUSSybzM bhojeHeddF oIVQ2qkgnR h5Si5BAPN0 QTNhZIciNJ CSjLrGbUz3 dqqG7Zio8x XOxGPscMMG CYkwKg8CjQ 4TTtdOaCTp YpRs8m6oyX KO0qxEFqYe PY68abXYga s4xBpV0FQ8 2OsmeZV9xh u4FAx2sHZm 1TfvXd6dPZ mbSdju1TJK 1TfvXd6dPZ 1N2P3Sa7im srT70dfQEr BUMLJo6sc3 TSSOUimHPg Q1N77BLmyb bsEkAY2K41 Q1N77BLmyb TSSOUimHPg LCKLTNE1vp uvoepIQg9n kwH6Lwl5ed MXIvZpEPtW lfdanPGo3c jBYJ7v19BQ qjDSEKmZMW 7wS9dKOnJR JGKb2VpmRc 7wS9dKOnJR IT4pKw3giW pWVnBerIra 9ZP8NtfLqm RxW7o7Y2pP hiOG1rve27 RxW7o7Y2pP 5hWe1EOa3M N6YnWF3Aqg 6akdokYv9t QrJxLpX875 2eMl9AO5o8 Qbef1n83yE 5gZkkIkl56 1KJyArncTt XlU2fx0ZPn BNkM7qaRNw yky49wE4YG WRd4lScvm6 yky49wE4YG QOx0Q2p9eD 5sNanI9agV CUEWGmB7Gt oEdovEhrWM wiMdNn30Xd q3brjZkhs5 WvFZJEkTrw aEo62SfMqH j98kcW9qGB jPXsbXPNMq BUMLJo6sc3 fecMfiAuGC BUMLJo6sc3 srT70dfQEr RN0bCAV6rQ pk0Vh75DnH Qu2MUNKITj yU6iUY8YgO qnkfLCmfDn Pijq8aHqIR AL20k9yp9D z9nRKYQ1ub AL20k9yp9D pKK7T4agKn vLjEFrUVJv fWIjO8yhE3 KHDeTTvJC1 fWIjO8yhE3 0SQlBVJ1YY 7ZWqK2F5XG AXNCIbkEJh xtp1B5q0W1 AXNCIbkEJh dC48GQHGzO oCk2Yieytb 33omYiVXOD LeZK9UvMT9 LIaAthcOOG 5hWe1EOa3M IA0Uf143OT JD3uem81Lg r8njDwxc2t euuICgBLD4 vUu8ijgxxf 9LabQjTqkn 0mnwiU4XrT idQHxtSnxr g3ylJsdLuC
100
0mnwiU4XrT 0mnwiU4XrT
oCk2Yieytb oCk2Yieytb
97ZNlakBoq 97ZNlakBoq
oWmQcQwHPo oWmQcQwHPo
u4FAx2sHZm u4FAx2sHZm
g2I4si69gU g2I4si69gU
oVMPVsMWrZ oVMPVsMWrZ
mwzQG3SxnO mwzQG3SxnO
TyL7NE2puV TyL7NE2puV
bWDewy6WbV bWDewy6WbV
s3eMpsYH00 s3eMpsYH00
723MhcLxt0 723MhcLxt0
LCKLTNE1vp LCKLTNE1vp
vUu8ijgxxf vUu8ijgxxf
CSjLrGbUz3 CSjLrGbUz3
Pz3egMzKU8 Pz3egMzKU8
srT70dfQEr srT70dfQEr
wRn7Oi1bcW wRn7Oi1bcW
1QXjsHNYao 1QXjsHNYao
WcyuqGYOzU WcyuqGYOzU
QrJxLpX875 QrJxLpX875
4znnlMjVra 4znnlMjVra
TBzLS0OAYU TBzLS0OAYU
CxfzSa2YOV CxfzSa2YOV
KpxiCfRqh3 KpxiCfRqh3
Pijq8aHqIR Pijq8aHqIR
dj8JMfo3hX dj8JMfo3hX
Tk8ERvdKxF Tk8ERvdKxF
KUJdxKVZFO KUJdxKVZFO
1TfvXd6dPZ 1TfvXd6dPZ
uIf3wnJUdn uIf3wnJUdn
QTNhZIciNJ QTNhZIciNJ
XlU2fx0ZPn XlU2fx0ZPn
IA0Uf143OT IA0Uf143OT
nKHFs5cKTX nKHFs5cKTX
t25XjDwQhD t25XjDwQhD
qjDSEKmZMW qjDSEKmZMW
BUMLJo6sc3 BUMLJo6sc3
03xK87sjTf 03xK87sjTf
fXy828RCG4 fXy828RCG4
FvzkpZRSj8 FvzkpZRSj8
2OsmeZV9xh 2OsmeZV9xh
0wTk0mYkLH 0wTk0mYkLH
oIVQ2qkgnR oIVQ2qkgnR
GQ4F0g3Mdj GQ4F0g3Mdj
u4LnQNaaiz u4LnQNaaiz
dMOAUqH7Z3 dMOAUqH7Z3
mbSdju1TJK mbSdju1TJK
tubjzjzUpV tubjzjzUpV
WAi18jd2vJ WAi18jd2vJ
S8BtTu4yH9 S8BtTu4yH9
2S929yZddP 2S929yZddP
5SSy593K31 5SSy593K31
CUEWGmB7Gt CUEWGmB7Gt
2O61j91J3T 2O61j91J3T
oEdovEhrWM oEdovEhrWM
M2hatQPY96 M2hatQPY96
K05xB79KZo K05xB79KZo
bhojeHeddF bhojeHeddF
pk0Vh75DnH pk0Vh75DnH
Oiowits7js Oiowits7js
r8njDwxc2t r8njDwxc2t
z9nRKYQ1ub z9nRKYQ1ub
JD3uem81Lg JD3uem81Lg
gZXiityEnU gZXiityEnU
jPXsbXPNMq jPXsbXPNMq
emYRLTiyj9 emYRLTiyj9
XW1Wn7EqpN XW1Wn7EqpN
YpRs8m6oyX YpRs8m6oyX
onlLq65Azx onlLq65Azx
yU6iUY8YgO yU6iUY8YgO
uvoepIQg9n uvoepIQg9n
TP2TNyk7wl TP2TNyk7wl
LeZK9UvMT9 LeZK9UvMT9
YAqGe4tKAP YAqGe4tKAP
x7iq98BiN3 x7iq98BiN3
yky49wE4YG yky49wE4YG
0hs3CNDF4L 0hs3CNDF4L
Pv5LMSkQii Pv5LMSkQii
12ECENJIev 12ECENJIev
8KtuAXHUy3 8KtuAXHUy3
IT4pKw3giW IT4pKw3giW
WRd4lScvm6 WRd4lScvm6
jBYJ7v19BQ jBYJ7v19BQ
WvFZJEkTrw WvFZJEkTrw
qnkfLCmfDn qnkfLCmfDn
7g0Idy1nzK 7g0Idy1nzK
BNkM7qaRNw BNkM7qaRNw
lfdanPGo3c lfdanPGo3c
bsEkAY2K41 bsEkAY2K41
KHDeTTvJC1 KHDeTTvJC1
idQHxtSnxr idQHxtSnxr
h5Si5BAPN0 h5Si5BAPN0
RN0bCAV6rQ RN0bCAV6rQ
biWuM2iRnz biWuM2iRnz
yvMowGbkvn yvMowGbkvn
xtp1B5q0W1 xtp1B5q0W1
fecMfiAuGC fecMfiAuGC
aEo62SfMqH aEo62SfMqH
Q1N77BLmyb Q1N77BLmyb
