6Zg7j6t8kt ka4cgDWgq7 GSDEYlNcCM HpRVhY9Btb OF1HL5xl4P KpPj50fAfy OF1HL5xl4P TH1GgoG5GU Octagmmhko TH1GgoG5GU qJld7Tm42G H0NdoJawvz DFUEuoVNn7 1iUrZ2N0MA gSP0irArmo M9d0z6OccV 79JJ9GZF8c fhmE7A9rVl 0gqiqztWgj 4ViGHxfdlc SDcTVr32JM NgxnYo41LY cqCbnI2bkr bc4pLp9tiD pm1Yq2dCLL iyQiEnpG35 pm1Yq2dCLL uXkvSfF7Kv 88s4txyVUX jEhj8SsLxM wXTrLT9dUx dojrtYXceT ZZt4oj1N7Y niEIQoqP5I tc8Ui0HLCm lrFRnKniRv MpRNDD0glq bc4pLp9tiD oQb2PqTM8x Iroa6leixY PzwBWrPM7w 5wb0VR04nl Bfj8GrCEUo dqEsxDzQkU 8pgnfE3xKu oRs9wR3IGE OR78sPVsV9 4RZs4XFvF9 G05S6XZiBa 1koyFI8rlU J6nn6V6pVr pzbJYPJ1Je I1RTFIGWhc YrPP1U1r20 7cteJXIZM1 zG9cl6Gy30 MImiDijd1o 97dvK2Az7S Dkc5CxJ6RV 7EHiEUKwtc OwDrBJtg2E SDcTVr32JM 4JtfcKJvHu ITqWOrk6ub b501iB6FBB tvKOOMQ7Sv rCrtLJTXdv VlwfpLcOHZ vD4d0BZ03p zH4Z0p0Ftj 2Xeaya9zol HMrJ59Oqha UgxUR9jKcJ Ma7DUhMrCQ Iroa6leixY R0OKpbbX8l b3jUAAPOlA cqCbnI2bkr bc4pLp9tiD oQb2PqTM8x N08DpqDewo gSP0irArmo xKltif8n2P 0sg7h6elOW I1RTFIGWhc NULo72dPyj OGWcs2X8pk 8pgnfE3xKu ReGEuwhnqY bBhvVMv8Dt cqCbnI2bkr GwtnXYfCts oRs9wR3IGE MImiDijd1o VWD9Yy5Xrg HpRVhY9Btb YZKJeBb8Pe ECFKqOm791 fbxiHLAsv4 79JJ9GZF8c s8EkvbOYAX 1iUrZ2N0MA ESDdDChkYw 1aPtXDhYtV wXTrLT9dUx GSDEYlNcCM J6nn6V6pVr 4lUeyqYb0U J6nn6V6pVr dyS1o5lQHD OpwMnuSGmp dyS1o5lQHD KpPj50fAfy vCSWEyz4PC KpPj50fAfy EZQ9HUGjRN KpPj50fAfy OF1HL5xl4P rBboL3WGMh pzbJYPJ1Je I1RTFIGWhc YrPP1U1r20 ckEVpwA8CD YQKcyMibnc ckEVpwA8CD YrPP1U1r20 I1RTFIGWhc eQGeDFyUBy 97dvK2Az7S ViIGFkuCy7 ShiApsZfxN ViIGFkuCy7 97dvK2Az7S GSDEYlNcCM ka4cgDWgq7 6Zg7j6t8kt
50
GSDEYlNcCM GSDEYlNcCM
ka4cgDWgq7 ka4cgDWgq7
wXTrLT9dUx wXTrLT9dUx
dojrtYXceT dojrtYXceT
KpPj50fAfy KpPj50fAfy
TH1GgoG5GU TH1GgoG5GU
H0NdoJawvz H0NdoJawvz
NgxnYo41LY NgxnYo41LY
iyQiEnpG35 iyQiEnpG35
1aPtXDhYtV 1aPtXDhYtV
8pgnfE3xKu 8pgnfE3xKu
oRs9wR3IGE oRs9wR3IGE
4RZs4XFvF9 4RZs4XFvF9
cqCbnI2bkr cqCbnI2bkr
M9d0z6OccV M9d0z6OccV
7cteJXIZM1 7cteJXIZM1
Iroa6leixY Iroa6leixY
ESDdDChkYw ESDdDChkYw
YrPP1U1r20 YrPP1U1r20
uXkvSfF7Kv uXkvSfF7Kv
b3jUAAPOlA b3jUAAPOlA
N08DpqDewo N08DpqDewo
1koyFI8rlU 1koyFI8rlU
4ViGHxfdlc 4ViGHxfdlc
ckEVpwA8CD ckEVpwA8CD
Octagmmhko Octagmmhko
79JJ9GZF8c 79JJ9GZF8c
I1RTFIGWhc I1RTFIGWhc
lrFRnKniRv lrFRnKniRv
zH4Z0p0Ftj zH4Z0p0Ftj
97dvK2Az7S 97dvK2Az7S
vD4d0BZ03p vD4d0BZ03p
VWD9Yy5Xrg VWD9Yy5Xrg
tvKOOMQ7Sv tvKOOMQ7Sv
G05S6XZiBa G05S6XZiBa
fhmE7A9rVl fhmE7A9rVl
OpwMnuSGmp OpwMnuSGmp
s8EkvbOYAX s8EkvbOYAX
4lUeyqYb0U 4lUeyqYb0U
Dkc5CxJ6RV Dkc5CxJ6RV
4JtfcKJvHu 4JtfcKJvHu
fbxiHLAsv4 fbxiHLAsv4
MpRNDD0glq MpRNDD0glq
vCSWEyz4PC vCSWEyz4PC
UgxUR9jKcJ UgxUR9jKcJ
YZKJeBb8Pe YZKJeBb8Pe
EZQ9HUGjRN EZQ9HUGjRN
0gqiqztWgj 0gqiqztWgj
OGWcs2X8pk OGWcs2X8pk
YQKcyMibnc YQKcyMibnc
