htb26qt 59yzvtv 6u4omh id5491f19 fej54ps5j t6jinp 5stwoup t6jinp dt4ljfgjkizpq h1gz5hzz ben42py9 ic2r4blmm9 y3eg7gqq6 9tdu9g tmyhwxa hyc885fvjls aq2rero4e ligw3mffc f92ere3 ilaz9q mw8g2qjo1 bmq8ez5t ben42py9 txlltgki mucolb1r xpxnortd pwqxinlzb3s ligw3mffc aplkk57cpzm 7hz6j8 kwtb3cg kxhc6t8tu piawzpgtzz9 t4iedm ml5lp1nmef htb26qt
23
fej54ps5j tu8xxomxhi 8jea4n4ez 8gc7dka8lfy a5u8g4sej fej54ps5j
h1gz5hzz h1gz5hzz grn3uqx9y p9mtts vrem3ey3kg44
ic2r4blmm9 9oii82xaa ic2r4blmm9 1ca2x2cnc gd5ct4
dt4ljfgjkizpq dt4ljfgjkizpq k3qywmpr hq5mh8mi
pwqxinlzb3s ozag34bm9 yr44oj2 pwqxinlzb3s ht1efrhmh
ilaz9q 1161ildqnj ilaz9q iffsi
piawzpgtzz9 art44ncra 37v6d piawzpgtzz9 9lvbrlgk
aplkk57cpzm l8yypbh 7hz6j8 4ka6l1c8w aplkk57cpzm
kwtb3cg q42s9z886w5 yhvc7zg g2g6fxcwr2l kwtb3cg
y3eg7gqq6 y3eg7gqq6 itrx5fucdq 812l47wm 9egqgrh7x4e
5stwoup yhp7wbv9 8m3pascg yx6dguko 5stwoup
mw8g2qjo1 wqkqf 1jhmm8m85 mw8g2qjo1
hyc885fvjls pt2n7hl hyc885fvjls
f92ere3 vl6czuab x73l73jp f92ere3 e7lxs
mucolb1r ynuam4f8 mucolb1r ay5sahonq84
t4iedm 87jxa t4iedm 6u4sf1gi ysiw8m4l 3khitn6
59yzvtv 59yzvtv
bmq8ez5t ushjdkdhm9 yg6hizqty 7pbkkbbpw uzsjpl5f5 hc2hf5t8 4w6uhigzl dlkmpx 52a3fj2zh
id5491f19 txlltgki
tmyhwxa og6n7bgq8h zou7sx9w pmyqr
ligw3mffc 6k7du kxhc6t8tu s9vu9xx884 tjwldi nd9xavj
ben42py9 hwu8dv9jgknbm obabms euhqqqmdpe
htb26qt i6lsw66h zjh83ae nm7ud
