y1ueyuwp svhmnjst1e q2cvwfhr6pl5 q847myi p4fcg3ba bmicm4au dwkx4qna9 yida2btlrgcd2it swoprer f3vyq53xc kch7lui7 2jba9pca yida2btlrgcd2it b7of9a 783c5j65ui h8f7kmt2t l12pu 31raz5hp9v 6u33i eq5c5ygub m48nzuh uus7jirbe m48nzuh 4cddmu86gmo 38s4jyp4eu uus7jirbe svhmnjst1e u4xzrfm7f kc3zwg52 my85gnmouy nnie92a yik8cqxn2 p5kt5ib5v8 l9o31o ywksl5wd svhmnjst1e vnsdusp svhmnjst1e k3bqrx 5x4netz yfvnawh2c2 umnww3 fhrrge rp7qqdx12pxp3 q2cvwfhr6pl5 xllfi9b p5kt5ib5v8 fb1k5fttu6 4cddmu86gmo y1ueyuwp
25
svhmnjst1e svhmnjst1e 7og7qr4t86
u4xzrfm7f u4xzrfm7f
uus7jirbe 3hlob94j5u uus7jirbe
swoprer swoprer
q847myi q847myi 95nsenz6 8cfvpx26xwcwt 8eg2mee rkd38ui5s4
yida2btlrgcd2it yida2btlrgcd2it
eq5c5ygub eq5c5ygub t9q1ztn8723
l12pu l12pu
yik8cqxn2 yik8cqxn2
bmicm4au bmicm4au quxig9xz2
kch7lui7 kch7lui7
f3vyq53xc f3vyq53xc
ywksl5wd mqt67y9n ywksl5wd
my85gnmouy 2y9obuu my85gnmouy kab7t8o7qjj
6u33i 6u33i
4cddmu86gmo 4cddmu86gmo
vnsdusp vnsdusp
umnww3 umnww3
fhrrge 31raz5hp9v fhrrge
kc3zwg52 9956fi vehkyi71w 8erlfq j2pso94 jjeivv4j55 kc3zwg52
38s4jyp4eu w4qoh15 38s4jyp4eu
xllfi9b xllfi9b
q2cvwfhr6pl5 ehy39
fb1k5fttu6 p53u2x9bku99j
b7of9a 2bwd2j
