index97 index1 index5 index9 index7 index13 index3 index11 index3 index15 index1 index25 index33 index26 index36 index38 index43 index41 index47 index0 index14 index3 index70 index59 index58 index63 index1 index76 index0 index10 index0 index79 index88 index85 index0 index97
26
index1 index1 index60
index7 index7
index9 index9 index78
index10 index10
index11 index11
index13 index13 index94
index14 index14
index15 index15
index25 index23 index25 index27 index44
index26 index3 index8 index26 index48 index49 index57 index73
index33 index33
index38 index38
index41 index41 index72
index43 index43
index58 index0 index58
index59 index29 index59
index63 index63
index70 index70
index76 index22 index35 index39 index76
index79 index2 index79
index85 index42 index52 index85
index97 index51 index97
index88 index24 index68
index36 index32 index91
index5 index6
index47 index31
