SaintPaul SanJose SanDiego Dallas Tucson Philadelphia SanFrancisco Stockton Houston ElPaso Austin SanAntonio LongBeach FortWorth Louisville Detroit Denver Seattle VirginiaBeach Wichita Charlotte Phoenix Columbus Milwaukee Columbus Cleveland Toledo Atlanta OklahomaCity Bakersfield Minneapolis Nashville Sacramento Pittsburgh Mesa Baltimore Albuquerque Baltimore ChulaVista Honolulu Memphis Honolulu Cleveland Anchorage FortWayne Omaha Miami KansasCity NewOrleans CorpusChristi ColoradoSprings Tulsa Richmond JerseyCity Riverside StLouis Plano Washington Chesapeake Lubbock StPetersburg Henderson Chicago Toledo Tampa Oakland Buffalo Irvine Newark Scottsdale Boise Henderson Lincoln SantaAna Durham Louisville Detroit Lexington Fresno Cincinnati Riverside JerseyCity Laredo Reno NorthLasVegas KansasCity Greensboro Chandler Hialeah Glendale LosAngeles Norfolk LosAngeles Austin Aurora Omaha Madison Louisville Garland Louisville Irving Spokane Arlington BatonRouge FortWorth Wichita Boston Raleigh Boston Wichita Oakland WinstonSalem Oakland Tampa Portland Fremont Irvine SaintPaul
49
Houston Houston
Phoenix Phoenix
SanAntonio SanAntonio
SanDiego SanDiego
Dallas Dallas
SanJose SanJose Indianapolis
Austin Austin
FortWorth FortWorth
Columbus Columbus
Charlotte Charlotte
Denver Denver
ElPaso ElPaso
Memphis Memphis
OklahomaCity OklahomaCity
Baltimore Baltimore
Milwaukee Milwaukee
Tucson Tucson
Atlanta Atlanta
Raleigh Raleigh
LongBeach LongBeach
Tampa Tampa
NewOrleans NewOrleans
Bakersfield Bakersfield
Aurora Aurora
Honolulu Honolulu
SantaAna SantaAna
Lexington Lexington
Stockton Stockton
Henderson Henderson
Cincinnati Cincinnati
Pittsburgh Pittsburgh
Anchorage Anchorage
Plano Plano
Lincoln Lincoln
Newark Newark
Durham Durham
FortWayne FortWayne
JerseyCity JerseyCity
StPetersburg StPetersburg
Laredo Laredo
Madison Madison
Chandler Chandler
Lubbock Lubbock
Scottsdale Scottsdale
Glendale Glendale
WinstonSalem WinstonSalem
Chesapeake Chesapeake
Hialeah Hialeah
Spokane Spokane
