Hernandezville Joelview Downsville Richardhaven Tammychester Rebeccaton Tammychester Richardhaven Downsville Williammouth Haasville Williammouth Downsville Joelview Farmerside Ryanton Jasonton Ryanton Williamsmouth Johnstonmouth Williamsmouth Mcdonaldmouth Adkinsfurt Mcdonaldmouth Williamsmouth Ryanton Farmerside Ralphtown Garciaport Charlesburgh Angelaview Charlesburgh Garciaport Ralphtown Stricklandbury Tylermouth Deanstad Tylermouth Stricklandbury Ralphtown Farmerside Gabriellabury Murphyberg Hendersonchester Murphyberg Gabriellabury Courtneyfurt Contrerasland Courtneyfurt Morrisbury Courtneyfurt Gabriellabury Farmerside Joelview Mitchellchester Lopezmouth Heathermouth Emilymouth Heathermouth Lopezview Robertsfort Lopezview Heathermouth Lopezmouth Dixonton Keithton Andrewland Keithton Aprilstad Keithton Dixonton Francesmouth Richardville Francesmouth Dixonton Lopezmouth Mitchellchester Sheabury Maysfort Huynhton Maysfort Sheabury Mitchellchester Joelview Hernandezville Beckyshire Derekton Wallaceville Turnerfort Wallaceville Morenoside Johnport Morenoside Amberfurt Morenoside Wallaceville Derekton Wagnerton Derekton Thomaschester Mcfarlandville Belindamouth Mcfarlandville Thomaschester Derekton Beckyshire Ponceville Mcculloughchester Jonestown Kellyfort Tinatown Kellyfort Pittsland Kellyfort Jonestown Barbarachester Jonesberg Barbarachester Jonestown Mcculloughchester Crystalchester Smithmouth Robertborough Smithmouth Crystalchester Mcculloughchester Ponceville Bridgesville Riveramouth Martinton Brianland Martinton Deborahfort Martinton Riveramouth Bradshawside Wandaside Bradshawside Riveramouth Bridgesville Esparzaberg Kristinbury Allenberg Kristinbury Esparzaberg Thomasburgh Johnsonmouth Thomasburgh Sanchezland Thomasburgh Esparzaberg Bridgesville Dennisstad Wilsonburgh Josephton Wilsonburgh Harristown Wilsonburgh Dennisstad Bridgesville Ponceville Garymouth Camposstad Donaldstad Thomastown Donaldstad Camposstad Williamsville Camposstad Garymouth Christophertown Crystaltown Christophertown Garymouth Ponceville Beckyshire Hernandezville
49
Kellyfort Kellyfort
Tammychester Tammychester
Johnsonmouth Johnsonmouth
Johnport Johnport
Charlesburgh Charlesburgh
Barbarachester Barbarachester
Belindamouth Belindamouth
Kristinbury Kristinbury
Donaldstad Donaldstad
Contrerasland Contrerasland
Tinatown Tinatown
Smithmouth Smithmouth
Hendersonchester Hendersonchester
Josephton Josephton
Rebeccaton Rebeccaton
Martinton Martinton
Thomasburgh Thomasburgh
Andrewland Andrewland
Emilymouth Emilymouth
Robertborough Robertborough
Tylermouth Tylermouth
Bradshawside Bradshawside
Wandaside Wandaside
Lopezview Lopezview
Brianland Brianland
Deborahfort Deborahfort
Wilsonburgh Wilsonburgh
Robertsfort Robertsfort
Aprilstad Aprilstad
Haasville Haasville
Keithton Keithton
Amberfurt Amberfurt
Adkinsfurt Adkinsfurt
Harristown Harristown
Huynhton Huynhton
Williamsville Williamsville
Morrisbury Morrisbury
Deanstad Deanstad
Pittsland Pittsland
Angelaview Angelaview
Thomastown Thomastown
Johnstonmouth Johnstonmouth
Jonesberg Jonesberg
Mcdonaldmouth Mcdonaldmouth
Allenberg Allenberg
Richardville Richardville
Sanchezland Sanchezland
Crystaltown Johnsontown Crystaltown
Francesmouth Francesmouth
