Porterton Dianashire Burgessview Billton Banksburgh Yvonneborough Parkermouth Shawnfort Parkermouth Yvonneborough Banksburgh Simmonsburgh Michaelville Williamland Michaelville Simmonsburgh Banksburgh Billton Gabrielfort Billton Brookemouth Billton Burgessview Marcusburgh Tylerbury Paultown Hansonbury Paultown Tylerbury Jamestown Wilsonstad Jamestown Tylerbury Marcusburgh Fletcherland Willisfurt Ortizberg Willisfurt Fletcherland Kingview Williamschester Mirandaview Williamschester Kingview Fletcherland Marcusburgh Matthewburgh Bondfort Shawnmouth Priceville Shawnmouth Buckleyside Shawnmouth Bondfort Adamview Harrisborough Adamview Bondfort Matthewburgh Virginiastad Robinsonmouth Horneside Robinsonmouth Virginiastad Johnsonberg Virginiastad Matthewburgh Marcusburgh Burgessview Williamfort Moodyburgh Gregoryberg Smithfort Millerborough Smithfort Gregoryberg Moodyburgh Heatherberg Thomasborough Masseyside Thomasborough Ortegaberg Thomasborough Heatherberg Moodyburgh Williamfort Thomasville Lopezburgh Leahmouth Lopezburgh Byrdfurt Loweryborough Byrdfurt Garciamouth Byrdfurt Lopezburgh Thomasville Williamfort Williamport Ashleystad Codyton Mindyview Codyton Ryanside Codyton Ashleystad Holthaven Vickiville Holthaven Ashleystad Williamport Williamfort Burgessview Dianashire Ashleyborough Osborneville Payneview Jacksonville Jennifertown Feliciaville Jennifertown Jacksonville Christopherhaven Jacksonville Payneview Barnesmouth Harrisport Brendaview Harrisport Barnesmouth Clarkborough Barnesmouth Payneview Teresafort Calvinton Teresafort Smithtown Abigailville Smithtown Jacksonland Smithtown Teresafort Payneview Osborneville Christophermouth Shawnhaven Candaceborough Shawnhaven Dannyside Shawnhaven Christophermouth Osborneville Ashleyborough Clarkberg Burtonview Murphyside Bakertown Derekville Bakertown Jameston Bakertown Murphyside Burtonview Clarkberg Reevestown Judithview Michaelview Clarenceview Michaelview Judithview Reevestown Clarkberg Ashleyborough Paulburgh Robertsstad Toddtown Swansonshire Abigailhaven Swansonshire Toddtown Robertsstad Paulburgh Walltown Scotttown Jacksonview Danielville Jacksonview Scotttown Walltown Callahantown Maryport Combsville Maryport Reynoldsview Maryport Callahantown Walltown Johnberg Williamshire Johnberg Walltown Paulburgh Ashleyborough Dianashire Porterton Wallton Derekmouth Charlesberg Kevinberg Patriciabury Troyfort Patriciabury Thomasmouth Patriciabury Kevinberg Adamside Andrewschester Adamside Bradberg Adamside Kevinberg Charlesberg Sethland Tannerhaven Sethland Ellisstad Osbornemouth Ellisstad Sethland Charlesberg Weberbury Kimberlyburgh Candiceland Kimberlyburgh Weberbury Clarkport Weberbury Charlesberg Derekmouth Jeffreyfort Johnsonchester Nealfurt Johnsonchester Susanfort Johnsonchester Jeffreyfort Garytown Audreyfort Patriciaside Audreyfort Garytown Jeffreyfort Derekmouth Geraldside Joseport Gabrielburgh Hodgesstad Gabrielburgh Joseport Hallborough Kylieview Hallborough Joseport Geraldside Michellehaven Ramosborough Fordhaven Ramosborough Michellehaven Cranemouth Joneschester Cranemouth Michellehaven Geraldside Derekmouth Wallton Danielleport Cooperton Lopezborough Waltersmouth Adamport Waltersmouth Adkinsberg Waltersmouth Lopezborough Cooperton Kristietown Cooperton Thomasside Cooperton Danielleport Melissaview Cheyennefurt Thompsonshire Cheyennefurt Watsonville Christyland Watsonville Robertomouth Watsonville Cheyennefurt Melissaview Campbellhaven Annberg Dyerport Annberg Houstonchester Annberg Campbellhaven Melissaview Danielleport Scottburgh Laurenbury Haleview Hallstad Haleview Laurenbury Scottburgh Danielleport Wallton Davisstad Newmanburgh Gallowaymouth Rioshaven Josephstad Rioshaven Gallowaymouth Newmanburgh Davisstad Jacksonton Singletonton Clarkbury Jermaineton Clarkbury Singletonton Jacksonton Davisstad Leechester Pettyton Bondmouth Mercedesmouth Bondmouth Taylorton Bondmouth Pettyton Jonesfurt Pettyton Leechester Castanedachester Suttonville Castanedachester Leechester Davisstad Wallton Porterton
100
Abigailhaven Abigailhaven
Williamshire Williamshire
Osbornemouth Osbornemouth
Bondmouth Bondmouth
Swansonshire Swansonshire
Smithfort Smithfort
Kimberlyburgh Kimberlyburgh
Thompsonshire Thompsonshire
Adamport Adamport
Jonesfurt Jonesfurt
Mindyview Mindyview
Loweryborough Loweryborough
Michaelview Michaelview
Ramosborough Ramosborough
Shawnmouth Shawnmouth
Audreyfort Audreyfort
Calvinton Calvinton
Parkermouth Parkermouth
Gabrielburgh Gabrielburgh
Smithtown Smithtown
Michaelville Michaelville
Tannerhaven Tannerhaven
Harrisborough Harrisborough
Vickiville Vickiville
Clarkport Clarkport
Jermaineton Jermaineton
Codyton Codyton
Robinsonmouth Robinsonmouth
Abigailville Abigailville
Wilsonstad Wilsonstad
Williamschester Williamschester
Annberg Annberg
Josephstad Josephstad
Jacksonview Jacksonview
Ortizberg Ortizberg
Kylieview Kylieview
Adamview Adamview
Nealfurt Nealfurt
Candaceborough Candaceborough
Garciamouth Garciamouth
Fordhaven Fordhaven
Feliciaville Feliciaville
Hallborough Hallborough
Horneside Horneside
Dannyside Dannyside
Derekville Derekville
Christyland Christyland
Susanfort Susanfort
Leahmouth Leahmouth
Brendaview Brendaview
Dyerport Dyerport
Watsonville Watsonville
Byrdfurt Byrdfurt
Harrisport Harrisport
Clarkbury Clarkbury
Hansonbury Hansonbury
Jennifertown Jennifertown
Priceville Priceville
Hallstad Hallstad
Danielville Danielville
Masseyside Masseyside
Andrewschester Andrewschester
Jameston Jameston
Combsville Combsville
Buckleyside Buckleyside
Reynoldsview Reynoldsview
Bakertown Bakertown
Adkinsberg Adkinsberg
Johnsonberg Johnsonberg
Clarenceview Clarenceview
Bradberg Bradberg
Maryport Maryport
Mercedesmouth Mercedesmouth
Thomasborough Thomasborough
Millerborough Millerborough
Ellisstad Ellisstad
Ryanside Ryanside
Hodgesstad Hodgesstad
Candiceland Candiceland
Taylorton Taylorton
Patriciabury Patriciabury
Ortegaberg Ortegaberg
Christopherhaven Christopherhaven
Houstonchester Houstonchester
Clarkborough Clarkborough
Suttonville Suttonville
Patriciaside Patriciaside
Williamland Williamland
Holthaven Holthaven
Troyfort Troyfort
Joneschester Joneschester
Shawnfort Shawnfort
Thomasmouth Thomasmouth
Adamside Adamside
Mirandaview Mirandaview
Rioshaven Rioshaven
Robertomouth Robertomouth
Haleview Haleview
Jacksonland Jacksonland
Cranemouth Cranemouth
