dldkilltnmhfepsteins lmkillepsteintsndfhd ndshkilldmlepsteinft killmdshdtnflepstein tsmdepsteinkillhfdln killfthnmsdlepsteind sfdnepsteinhlkilldtm nfltdmkillsdepsteinh lsmftnepsteinkillhdd nfltdmkillsdepsteinh mkilldlshdtfepsteinn epsteinhnkillsldfdmt tmfdhepsteinnslkilld fmltddhnepsteinskill epsteintfhndkilllmsd tdkillepsteinsmhdfnl killshdlmftnepsteind ndkillthdepsteinlsmf dkillnmsfhtlepsteind fdskillndtmepsteinlh killmdshdtnflepstein fthlkillnepsteindsdm depsteinftndhmkillsl dhkillldsepsteintnmf tldmepsteindkillfhsn nlsdepsteinkilltfhdm fkillepsteinndmdlhts nlsdepsteinkilltfhdm fmtnkilldepsteindhsl fhdmnepsteindkillslt ntmdhepsteinsdkillfl fddsmepsteintnkillhl dhsepsteintlkillmfnd lepsteindnhstfdmkill killmfndshdtepsteinl killtdmsdfhnepsteinl dlshdtepsteinnkillfm tdnfmdhepsteinslkill nmkilldepsteinhtldsf fstnepsteinmdldhkill lkillepsteintdshmfnd hdmndfepsteinstkilll killmdepsteinftshldn dnkilllmdstfepsteinh lsdfndepsteinmkillht fdmhkilllepsteintnsd mkilldlshdtfepsteinn ldhtdkillepsteinfsmn epsteinshlkilldmnfdt ltnhmdepsteinfdskill epsteinhdkillltsmfdn mdkillntepsteindfhsl killdldepsteinmfsthn hdkillsndtepsteinmlf killdepsteinmfltdshn ldepsteinhmfnkillsdt mdkillnlsdtepsteinhf nftmskilldldepsteinh fhdmnepsteindkillslt tldkillhsfnmepsteind msddkilllthepsteinfn dlfdkilltepsteinhnms epsteinfthkilldnslmd killdldepsteinmfsthn killmsfhdtlndepstein killhtdmdlnsfepstein sndldftmkillepsteinh nepsteindhkillltmsfd ddkillnftsmhepsteinl tkilllepsteinfsnhmdd killtdslhfdepsteinnm slepsteinkillfmddhtn stmlepsteindnkilldfh dsftepsteindhkillmnl sdlhfnmdepsteintkill mltdhfdepsteinkillsn epsteindmshtfldnkill hsepsteinfkillnmddtl nmdhepsteinkilltfsld fsepsteindkillhmtdln dkillnmhldstfepstein mndtkillepsteindlfhs dftkillhmldnepsteins killfsdhmndepsteintl dflstmkillepsteindhn shepsteinnkillftlddm epsteinkillddfnthslm shfnmltepsteindkilld sdndhepsteinltkillfm dkillfepsteinnhdmtls ltfnsdhepsteinkilldm tepsteinmdfldhnskill ltfnsdhepsteinkilldm sldhnfmtdkillepstein tdfkillslepsteinhdmn depsteinfmkillhdsnlt fhnmkillepsteinsdltd smkillnepsteinfldthd smkillnfdhepsteindlt sdnmepsteinkilldfhlt mhdfsepsteintdkillln tlkillmnsddhfepstein ddmstlnkillfepsteinh tlkillmnsddhfepstein dflhnepsteinsmdtkill fmtnkilldepsteindhsl nsepsteinfmdkillhldt hnskillepsteintfdmld hnsepsteinmkillfddtl dhtepsteinkillsdflmn hfskilldepsteinmndlt killhdfnsepsteinmltd fthlkillnepsteindsdm nepsteinfthdldmkills sdepsteinhlmnkillfdt mshkillltdepsteinfdn ldepsteindhkilltsmfn mfndlsdepsteinhkillt hddtnsmfkillepsteinl hndsmfkilltldepstein mlepsteindkillsfhtdn ldhtdkillepsteinfsmn dlfdkilltepsteinhnms lkilldtnmsepsteindfh hepsteinnfdmlsdtkill depsteinftndhmkillsl dkillldfepsteintsmnh killtdslhfdepsteinnm thnkillmddsepsteinfl epsteinldtnfmshdkill fepsteinnsdkillhdtml skillmfepsteinthddnl mlepsteinskilldnftdh epsteintkillhndlfmds dtnkillsepsteinmdfhl fdmhkilllepsteintnsd epsteinlmkillfshnddt killfsdndhtmepsteinl mkillthfdlnepsteinds dtsmdnlhfepsteinkill fmhlnkilldepsteindst fdmtdepsteinkilllsnh dnldkillhmfstepstein killdldepsteinmfsthn depsteinftndhmkillsl epsteindkilltlmnhsfd hkilllepsteinnstfddm dhmkillfdltnsepstein killtepsteinddhlmnsf tndskilldfepsteinmhl fhkillddlnmtsepstein hdntepsteinkilllsdfm mhkillepsteinddlfsnt epsteinsnmflhtdkilld slmdtkillepsteindnhf lepsteinkilldhfmstnd shdepsteinftkillnlmd nkillddfthsmepsteinl dlmstkilldhfepsteinn hmdkilllnepsteinfsdt lkillfthdsepsteindnm dmldfhskillntepstein mfndlsdepsteinhkillt killfhdndtlepsteinsm lhepsteintndkilldsmf depsteinlfnmkilldsht ntmdhepsteinsdkillfl sdndhepsteinltkillfm lhsntdepsteindkillmf killthsepsteindmlfdn depsteinslkillhdftmn dlshdtepsteinnkillfm hnddkilltslmfepstein lepsteindsmnhftdkill dhsepsteintlkillmfnd epsteinhdkillltsmfdn hdepsteinkillnfdlmts hmndfkillslepsteintd nmkilllepsteintdsdfh mdkilllfdnstepsteinh ldepsteindhkilltsmfn dfdepsteintlnskillhm ltnhmdepsteinfdskill dmtlsfhnkilldepstein thdlskillnfdmepstein depsteintkilllnmsfdh hepsteinntdkillsdmfl lntkillepsteinfsddhm epsteinmlddnsfhkillt lntkillepsteinfsddhm mhdskillldftnepstein dfkilllepsteinsnmhtd ldfsmnepsteinkilltdh dmhdepsteinfsltkilln hkillepsteindtsfmlnd tdfkillslepsteinhdmn tsdnhkilllmepsteindf killdepsteinmfltdshn smkillnepsteinfldthd mkillldnhepsteinstfd fmtnkilldepsteindhsl killldepsteinthsnfmd skillthlfndepsteindm mkillthfdlnepsteinds dkillnsepsteinfdmthl sfdntlkilldhmepstein hmndfkillslepsteintd hdepsteinkillnfdlmts epsteinkillddfnthslm tepsteinhsdkillmldfn mdkillntepsteindfhsl msepsteintlhnfkilldd ldepsteinhmfnkillsdt dldkilltnmhfepsteins
100
fmltddhnepsteinskill fmltddhnepsteinskill
tdfkillslepsteinhdmn tdfkillslepsteinhdmn
hnskillepsteintfdmld hnskillepsteintfdmld
nfltdmkillsdepsteinh nfltdmkillsdepsteinh
lsmftnepsteinkillhdd lsmftnepsteinkillhdd
epsteinhnkillsldfdmt epsteinhnkillsldfdmt
killtdmsdfhnepsteinl killtdmsdfhnepsteinl
dlshdtepsteinnkillfm dlshdtepsteinnkillfm
mdkillntepsteindfhsl mdkillntepsteindfhsl
tsmdepsteinkillhfdln tsmdepsteinkillhfdln
tdkillepsteinsmhdfnl tdkillepsteinsmhdfnl
killtdslhfdepsteinnm killtdslhfdepsteinnm
depsteinftndhmkillsl depsteinftndhmkillsl
msepsteintlhnfkilldd msepsteintlhnfkilldd
lmkillepsteintsndfhd lmkillepsteintsndfhd
killfthnmsdlepsteind killfthnmsdlepsteind
fhdmnepsteindkillslt fhdmnepsteindkillslt
fddsmepsteintnkillhl fddsmepsteintnkillhl
ndshkilldmlepsteinft ndshkilldmlepsteinft
nmdhepsteinkilltfsld nmdhepsteinkilltfsld
ntmdhepsteinsdkillfl ntmdhepsteinsdkillfl
fdskillndtmepsteinlh fdskillndtmepsteinlh
tepsteinmdfldhnskill tepsteinmdfldhnskill
slepsteinkillfmddhtn slepsteinkillfmddhtn
killmfndshdtepsteinl killmfndshdtepsteinl
dhsepsteintlkillmfnd dhsepsteintlkillmfnd
msddkilllthepsteinfn msddkilllthepsteinfn
tldkillhsfnmepsteind tldkillhsfnmepsteind
killdldepsteinmfsthn killdldepsteinmfsthn
sdlhfnmdepsteintkill sdlhfnmdepsteintkill
nftmskilldldepsteinh nftmskilldldepsteinh
skillthlfndepsteindm skillthlfndepsteindm
epsteinfthkilldnslmd epsteinfthkilldnslmd
lepsteindnhstfdmkill lepsteindnhstfdmkill
epsteindmshtfldnkill epsteindmshtfldnkill
dkillnmsfhtlepsteind dkillnmsfhtlepsteind
sndldftmkillepsteinh sndldftmkillepsteinh
killdepsteinmfltdshn killdepsteinmfltdshn
dkillnmhldstfepstein dkillnmhldstfepstein
killhtdmdlnsfepstein killhtdmdlnsfepstein
thdlskillnfdmepstein thdlskillnfdmepstein
fsepsteindkillhmtdln fsepsteindkillhmtdln
mndtkillepsteindlfhs mndtkillepsteindlfhs
ndkillthdepsteinlsmf ndkillthdepsteinlsmf
hsepsteinfkillnmddtl hsepsteinfkillnmddtl
epsteintfhndkilllmsd epsteintfhndkilllmsd
ltfnsdhepsteinkilldm ltfnsdhepsteinkilldm
shfnmltepsteindkilld shfnmltepsteindkilld
fmtnkilldepsteindhsl fmtnkilldepsteindhsl
epsteindkilltlmnhsfd epsteindkilltlmnhsfd
hepsteinnfdmlsdtkill hepsteinnfdmlsdtkill
killhdfnsepsteinmltd killhdfnsepsteinmltd
mkillthfdlnepsteinds mkillthfdlnepsteinds
sldhnfmtdkillepstein sldhnfmtdkillepstein
mkilldlshdtfepsteinn mkilldlshdtfepsteinn
dtnkillsepsteinmdfhl dtnkillsepsteinmdfhl
lkilldtnmsepsteindfh lkilldtnmsepsteindfh
thnkillmddsepsteinfl thnkillmddsepsteinfl
ldepsteindhkilltsmfn ldepsteindhkilltsmfn
epsteinsnmflhtdkilld epsteinsnmflhtdkilld
dnldkillhmfstepstein dnldkillhmfstepstein
hnsepsteinmkillfddtl hnsepsteinmkillfddtl
lhepsteintndkilldsmf lhepsteintndkilldsmf
nepsteindhkillltmsfd nepsteindhkillltmsfd
sdndhepsteinltkillfm sdndhepsteinltkillfm
fhnmkillepsteinsdltd fhnmkillepsteinsdltd
dfkilllepsteinsnmhtd dfkilllepsteinsnmhtd
epsteinlmkillfshnddt epsteinlmkillfshnddt
tndskilldfepsteinmhl tndskilldfepsteinmhl
killtepsteinddhlmnsf killtepsteinddhlmnsf
dlfdkilltepsteinhnms dlfdkilltepsteinhnms
mdkillnlsdtepsteinhf mdkillnlsdtepsteinhf
epsteinldtnfmshdkill epsteinldtnfmshdkill
epsteinhdkillltsmfdn epsteinhdkillltsmfdn
dtsmdnlhfepsteinkill dtsmdnlhfepsteinkill
dhtepsteinkillsdflmn dhtepsteinkillsdflmn
dmldfhskillntepstein dmldfhskillntepstein
dflstmkillepsteindhn dflstmkillepsteindhn
hmndfkillslepsteintd hmndfkillslepsteintd
tsdnhkilllmepsteindf tsdnhkilllmepsteindf
lhsntdepsteindkillmf lhsntdepsteindkillmf
dmtlsfhnkilldepstein dmtlsfhnkilldepstein
ldfsmnepsteinkilltdh ldfsmnepsteinkilltdh
dhmkillfdltnsepstein dhmkillfdltnsepstein
mhkillepsteinddlfsnt mhkillepsteinddlfsnt
lkillepsteintdshmfnd lkillepsteintdshmfnd
depsteinlfnmkilldsht depsteinlfnmkilldsht
hmdkilllnepsteinfsdt hmdkilllnepsteinfsdt
fdmtdepsteinkilllsnh fdmtdepsteinkilllsnh
depsteinslkillhdftmn depsteinslkillhdftmn
skillmfepsteinthddnl skillmfepsteinthddnl
depsteintkilllnmsfdh depsteintkilllnmsfdh
lepsteinkilldhfmstnd lepsteinkilldhfmstnd
dfdepsteintlnskillhm dfdepsteintlnskillhm
mkillldnhepsteinstfd mkillldnhepsteinstfd
mdkilllfdnstepsteinh mdkilllfdnstepsteinh
hepsteinntdkillsdmfl hepsteinntdkillsdmfl
mhdskillldftnepstein mhdskillldftnepstein
killthsepsteindmlfdn killthsepsteindmlfdn
tepsteinhsdkillmldfn tepsteinhsdkillmldfn
