149 060 051 053 054 063 065 063 072 073 086 074 075 076 080 076 081 076 077 078 083 078 079 063 090 097 096 097 092 091 090 063 054 053 056 066 056 052 051 060 149 000 010 000 001 002 013 024 031 044 036 037 038 028 027 026 025 024 031 024 025 026 027 026 025 024 034 024 013 002 001 000 149 100 101 103 105 109 111 109 105 106 114 115 118 127 130 126 122 123 125 140 119 116 107 100 149
26
026 026
031 031
037 037 048
053 050 053
054 054 059 067 068 069
056 056
060 060
065 065
066 066
079 079
080 080
081 081
083 078 083
086 086
091 064 091
096 096 097
103 103
111 111
115 115
123 123
126 126
013 006
072 088
105 104
034 142
075 085 089
