location12 location84 location19 location23 location53 location67 location77 location67 location51 location13 location36 location72 location94 location96 location79 location65 location72 location65 location74 location60 location1 location19 location8 location57 location73 location57 location10 location7 location37 location83 location98 location14 location52 location31 location85 location50 location85 location82 location5 location29 location63 location55 location80 location92 location66 location93 location95 location25 location22 location84 location12
18
location67 location67
location36 location36
location5 location5
location72 location16 location24 location72 location86 location87
location12 location12
location13 location13 location49
location77 location11 location77
location79 location74 location79
location19 location19 location71
location51 location26 location28 location35 location51
location57 location57
location60 location1 location60
location63 location63 location89
location94 location94
location31 location31
location98 location14 location54
location80 location27
location83 location0
