fab8g HaHFT H6HgM HaHFT cQMFl I7fCS Gt2w1 77EXR RgC1Q 3XMfZ g1WJz G91ym Lqz0g 3FUsL 9ZatH I7fCS rO2GE mgHYN B3NSd bepE0 rzyrR ZlgGe f5Qx2 4GEPG f5Qx2 HaHFT yM9nQ Vjk2Z ciJ7c Flgse Bw1D7 F7m3U cQMFl o4F0A sF84c Upoa8 wiGnS VUKiE KWmhW I7fCS 2t8R5 cDkiZ cQMFl nScgp lJJK2 RgC1Q TjmY2 cm8oa Nbb6U RhMSo f5Qx2 Upoa8 BWyM2 BJ1iC H6HgM kCdcu H6HgM qchZ3 RnwlC gwQSf 4Dy05 TQZik c17Qf wKKkJ bD2TR pnHil G944F uQK8T Lqz0g KzS0e iy8Ty PpZP8 H6HgM rzyrR b4E7v TjmY2 Q0oXi f5Qx2 4Dy05 jeyZK 5TJtS wV821 lJfgZ KB016 H6HgM 015ql CT8M8 zgyDJ lcarA 1SvIs zgyDJ NQJeb VIl39 tEdSo 4Dy05 vkp9u 1xx4U zgyDJ LBzlR Gt2w1 I7fCS fhc2k L54Jg Upoa8 UrLSh wPPZK 92uq7 fr0Bd 8xyrX adW6k Upoa8 y47P3 XDGuI HKgVO HigE0 pIpbm 4cLlE HGiwH 1OpM2 n9AEE FW6DI AGorf 4Dy05 a8pwa 4ORRk 3XMfZ dAx9s aiycm Upoa8 TtUXd O1QPI pnHil hoGIC pnHil 0YoJb 8tK4L obqW1 7J90B tQXF5 GHmnJ P5ucv HPcVt DvVMC DHhK9 H6HgM HaHFT f5Qx2 guI5B BybTG 5Ix1v x8KLa eDWES nRTkO 1pNjr pesnn 3FUsL l0HDP 9u8oD wPPZK 4Dy05 8PY0r zgyDJ nF0WE rzyrR fab8g
98
H6HgM H6HgM
f5Qx2 f5Qx2
VUKiE VUKiE
rzyrR rzyrR
cQMFl cQMFl
Gt2w1 Gt2w1
g1WJz g1WJz
RgC1Q RgC1Q
3XMfZ 3XMfZ 4b2sA
9ZatH 9ZatH
Lqz0g Lqz0g
bepE0 bepE0
B3NSd B3NSd
G91ym G91ym
mgHYN mgHYN
4GEPG 4GEPG
3FUsL 3FUsL
ZlgGe ZlgGe
fab8g fab8g
Flgse Flgse
ciJ7c ciJ7c
yM9nQ yM9nQ
HaHFT HaHFT
F7m3U F7m3U
Bw1D7 Bw1D7
Vjk2Z Vjk2Z
o4F0A o4F0A
sF84c sF84c
nScgp nScgp
cm8oa cm8oa
cDkiZ cDkiZ
lJJK2 lJJK2
KWmhW KWmhW
wiGnS wiGnS 2Z0oU
RhMSo RhMSo
BJ1iC BJ1iC
Nbb6U Nbb6U
BWyM2 BWyM2
qchZ3 qchZ3
kCdcu kCdcu
RnwlC RnwlC
TQZik TQZik
wKKkJ wKKkJ
bD2TR bD2TR
c17Qf c17Qf
uQK8T uQK8T
KzS0e KzS0e
G944F G944F
PpZP8 PpZP8
gwQSf gwQSf
b4E7v b4E7v
iy8Ty iy8Ty
Q0oXi Q0oXi
lJfgZ lJfgZ
CT8M8 CT8M8
lcarA lcarA
KB016 KB016
015ql 015ql
tEdSo tEdSo
1xx4U 1xx4U
VIl39 VIl39
1SvIs 1SvIs
fhc2k fhc2k
LBzlR LBzlR
fr0Bd fr0Bd
8xyrX 8xyrX
adW6k adW6k
L54Jg L54Jg
HKgVO HKgVO
FW6DI FW6DI
1OpM2 1OpM2
n9AEE n9AEE
XDGuI XDGuI
AGorf AGorf
O1QPI O1QPI
tQXF5 tQXF5
dAx9s dAx9s
4ORRk 4ORRk
0YoJb 0YoJb
TtUXd TtUXd
aiycm aiycm
8tK4L 8tK4L
7J90B 7J90B
GHmnJ GHmnJ
P5ucv P5ucv
obqW1 obqW1
DHhK9 DHhK9
x8KLa x8KLa
guI5B guI5B
eDWES eDWES
pesnn pesnn
BybTG BybTG
1pNjr 1pNjr
l0HDP l0HDP
9u8oD 9u8oD
nRTkO nRTkO
8PY0r 8PY0r
5Ix1v 5Ix1v
