cy4fm 7Lw2B Ss744 OoKEI yMPWG YTtfA KYsbm di7h7 I2lfX 3iQ53 nogr2 Dkq13 19YKC tao9t 8aYYW BoNoJ Xhpv3 yFKGt kbRYl 1H2uK 7l0Vw lA2MC u4uj9 8RNd8 P3lE7 gk2cW LNh60 7Lw2B OFvld TXvJf GHZOS zTyzX cRVnK Vjg5l C0eRL yMPWG wdXpe u4uj9 Ss744 IjjWK qt5AA k9NwV Cfmbw G6G4p S6OMl Iks3D YTtfA cy4fm
31
wdXpe wdXpe F2nEN
OoKEI OoKEI w4BF1
di7h7 di7h7
yMPWG yMPWG
tao9t tao9t
KYsbm KYsbm
nogr2 nogr2
Xhpv3 Xhpv3
19YKC 19YKC
yFKGt yFKGt
8RNd8 1H2uK 8RNd8 vSPJ5
8aYYW 8aYYW
7l0Vw 7l0Vw
IjjWK IjjWK
kbRYl kbRYl
P3lE7 P3lE7
BoNoJ BoNoJ
qt5AA qt5AA
Iks3D Iks3D hOy4D uT5W0 P8Fbf X6hJp
lA2MC NvAYI lA2MC
LNh60 C565q 6ceXl OFvld dU1Ub LNh60 5rdYI
G6G4p G6G4p DCl5F
3iQ53 7XIxZ 3iQ53
Vjg5l Vjg5l jse5F
gk2cW gk2cW
GHZOS GHZOS
C0eRL C0eRL zQjQm
Cfmbw Cfmbw
u4uj9 FnVf8
S6OMl EWhpw rUUVt
Dkq13 uWr4y
