0 64 91 3 20 24 80 145 48 23 78 31 107 14 81 57 54 44 51 71 96 40 50 25 52 72 88 148 149 196 195 8 1 65 60 84 12 67 91 133 185 33 74 83 57 89 7 101 164 163 100 28 82 98 35 42 124 125 180 179 33 103 104 166 165 39 132 9 7 154 21 109 110 170 169 22 99 46 106 167 168 40 116 174 49 105 49 115 173 6 108 5 111 5 117 47 112 113 172 16 114 4 118 119 176 2 122 178 177 121 94 123 22 131 184 41 129 77 127 181 182 128 26 145 193 194 146 32 134 186 27 142 143 192 191 5 139 189 30 126 18 120 13 144 41 130 183 22 137 188 187 136 30 135 19 138 19 151 152 198 197 33 156 93 155 37 147 18 161 160 41 140 190 40 175 14 157 30 158 9 153 44 150 36 141 36 171 38 162 0 92 159 92 0
98
100 100
101 101
103 103
104 104
105 105
106 106
107 107
108 108
109 102 109
110 110
111 111
112 112
113 113
114 114
115 115
116 116
117 117
118 118
119 119
120 120
121 121
122 122
123 123
124 124
125 125
126 126
127 127
128 128
129 129
130 130
131 131
132 132
133 133
134 134
135 135
136 136
137 137
138 138
139 139
140 140
141 141
142 142
143 143
144 144
145 145
146 146
147 147
148 148
149 149
150 150
151 151
152 152
153 153
154 154
155 155
156 156
157 157
158 158
159 159
160 160
161 161
162 162
163 163
164 164
165 165
166 166
167 167
168 168
169 169
170 170
171 171
172 172
173 173
174 174
175 175
176 176
177 177
178 178
179 179
180 180
181 181
182 182
183 183
184 184
185 185
186 186
187 187
188 188
189 189
190 190
191 191
192 192
193 193
194 194
195 195
196 196
197 197
198 198
