Soda LakeMerrit Unit3 Blackwell Unit1 TheRoof GoldenStatePark Wheeler Foothill Stephans BWW MLK Morgan MemorialStadium GBC Barrows RSF MainStacks Hertz Doe Mulford Unit2 Sproul BC ClarkKerr Soda
24
Doe Doe
Wheeler Wheeler
Stephans Stephans
Hertz Hertz
Barrows Barrows
RSF RSF
Sproul Sproul
GBC GBC
MLK MLK
BWW BWW
MemorialStadium Haas MemorialStadium Wellman
MainStacks MainStacks
Morgan Morgan
Mulford Mulford
Unit1 Unit1
Unit2 Unit2
Unit3 Unit3
Blackwell Blackwell
BC BC
Foothill Foothill
ClarkKerr ClarkKerr
LakeMerrit LakeMerrit
GoldenStatePark GoldenStatePark
TheRoof TheRoof
