Soda 65 193 129 66 134 137 Soda 194 118 144 151 43 91 169 158 48 182 184 Soda
18
193 113 116 117 119 130 148 150 193 197
194 106 138 185 194
129 123 129 133 156 160 163 176 181 195 196
134 114 126 134 180
137 103 109 137 162 167 177
169 152 169
144 136 140 144 157 173 179 191
118 100 118 127 142 165 174
151 122 151 170 171 183
184 102 128 143 149 154 184 198
182 104 139 145 147 161 182
158 158 168 172
91 107 121 124 131 135 155 166 178 187 192
43 101 105 108 141 146 159 164 186 190
66 110 115 153 175
48 99 112 188
Soda 111 120
65 125 132 189
