Wurster Oregon Stanley Insectary Hesse Visitor Montgomery Optometry McLaughlin Idaho Indianapolis Salem Morgan Georgia Evans Maxwell Observatory Chvez Vermont Frank Wurster
19
Wurster Wurster California Hazardous
Oregon Oregon Chan North
Stanley Raleigh Stanley
Vermont Vermont Gilman
Maxwell Maxwell
Hesse Hesse Moses Florida
Visitor Visitor
Optometry Moffitt Optometry
Montgomery Montgomery Kleeberger
Observatory Observatory Nevada
Idaho Juneau Idaho
Indianapolis Tennessee Indianapolis Brain Spieker Simpson
Salem Salem Sutardja
McLaughlin McLaughlin Sather
Frank Barrows Simon Alabama Goldman Boston Honolulu Pennsylvania Parking Frank Pitzer Anthony Cory
Insectary Class
Evans Hilgard Recreational
Morgan Blackwell
Georgia Massachusetts Silver
