Rhode Olympia McEnerney Valley Harrisburg Martin Michigan Baton Silver Cory Cleary Warren Columbia Brain Blackwell Bowles Tang LeConte Berkeley Class Heating Annapolis Energy Pennsylvania Maryland West Hawaii Santa Wisconsin Birge Mississippi Clark Montgomery Mulford Etcheverry Durant Little Bancroft Minnesota Hargrove Hartford Trenton McLaughlin Concord Sproul Boalt Stadium Insectary Haste Chan Hearst Barrows Rhode
51
Rhode Rhode
Olympia Olympia
Montgomery Montgomery
McEnerney McEnerney
Mulford CNMAT Lansing Mulford
Etcheverry East Etcheverry Observatory
Valley Valley Hellman
Harrisburg Harrisburg
Martin Martin
Michigan Michigan Salt
Durant Durant
Little Lower Little Chou
Baton Baton Morrison International
Bancroft Bancroft
Minnesota Life Jefferson Minnesota
Silver Silver
Hargrove Hargrove
Hartford Hartford
Trenton Campanile Trenton
McLaughlin McLaughlin
Cory Cory
Concord Oregon Concord
Cleary Cleary
Sproul Donner Simpson Sproul Foothill
Warren Warren Richmond
Boalt Columbus Boalt Nashville
Stadium BART Stadium
Insectary Insectary
Columbia Columbia
Haste Kentucky Cheyenne Moses Illinois Madison Tennessee Maxwell Springer Moffitt Haste Topeka
Hearst Edwards Hearst
Blackwell Blackwell Utah
Bowles Bowles
Tang Tang Police
Barrows Florida Montana Barrows
LeConte LeConte
Berkeley University Berkeley
Brain Grinnell Brain Hertz
Class Class Mathematical
Heating Heating
Annapolis Nevada Annapolis Providence
Energy Krutch Energy
Pennsylvania Durham Pennsylvania Jones
Maryland Maryland
West West
Hawaii Hawaii
Santa Austin Santa Chvez
Wisconsin Wisconsin Jacobs
Birge Simon Birge
Mississippi Mississippi
Clark Clark
