AY AX AD AE H J L AH AF AZ AG AK AJ Q R P O J H N F D E B A B X W AP V AP AQ AO AQ AP AS Z AA Z AS AU AW AV BM AT BM BS BQ CK CI BP BO BN BK BJ BI CC CD CF CG CE BK BL AR AU AB AD AX AD AE Y AC D E C E D F G F I F N K N M N H J O P R T AN AL S AI BD BA BT BR BT BA BD AI BF BG BY BH BY BG CA BG CB BG BF AM BE BZ CS CP CQ CN CJ CH CJ CN CL BU BV BS CL CN CM CO CM CN CQ CS BZ CV CT BE BX BW BD BC AG AZ AY
40
A A
B B
D D
F F
G G
H H
I I
K K
M M
O O
P P
S S
T T
V V
X X
Y Y
AD AD
AG AG
AJ AJ
AM AM
AO AO
AQ AQ
AS AS
AV AV
AX AX
BA BA
BF BF
BG BG
BI BI
BJ BJ
BN BN
CA CA
CB CB
CC CC
CK CK
CN CN
CO CO
CP CP
CS CS
CT CT
