LeonieHill Woodgrove PasirRisPark YuhuaEast WoodlandsSouth FarrerPark NorthCoast Semakau Changi Kranji KampongUbi ClementiCentral GreenwoodPark StraitsView YioChuKangWest BishanEast Admiralty Novena YuhuaWestBoonLay KeatHong PasirRisCentralTown AnchorvaleBuangkok SingaporePolytechnic SembawangSprings PunggolTownCentre MandaiEast ChangiWest LeonieHill
25
AnchorvaleBuangkok PasirPanjang2 JurongWestCentral AnchorvaleBuangkok
Semakau Semakau
Woodgrove Shipyard Woodgrove
SingaporePolytechnic SingaporePolytechnic TampinesWest
FarrerPark FarrerPark Tyersall
NorthCoast NorthCoast MandaiWest
ClementiCentral ClementiCentral
Kranji Kranji
GreenwoodPark Victoria Springleaf SerangoonGarden Phillip Trafalgar GreenwoodPark
SembawangSprings SembawangSprings
BishanEast BishanEast
PunggolTownCentre Yishun NeeSoon PunggolTownCentre Ridout MonksHill
YuhuaWestBoonLay YioChuKang KampongGlam TuasBay YuhuaWestBoonLay
Novena KallangWay Novena LoyangEast
ChangiWest ChangiWest
MandaiEast ChoaChuKangCentral SungeiKadut AirportRoad
KampongUbi Sennett
Admiralty SungeiRoad
PasirRisPark Townsville Outram
StraitsView Boulevard
PasirRisCentralTown Guilin Sentosa
Changi DefuIndustrialPark OrangeGrove
LeonieHill ConeyIsland
KeatHong TanglinHalt
YioChuKangWest BukitBatokCentral
