139 18 11 85 2 38 39 55 1 47 32 62 33 67 19 26 3 17 36 8 45 35 5 37 10 30 13 43 46 52 27 14 15 31 25 97 60 7 28 34 4 6 50 56 23 103 53 9 78 21 54 73 101 64 87 61 88 51 44 41 22 59 70 57 108 16 65 49 29 83 93 102 74 58 20 40 49 106 69 72 100 136 77 123 130 111 68 91 75 104 71 148 128 81 95 24 99 98 76 115 109 122 114 79 107 63 94 84 105 127 134 155 117 150 119 89 138 82 90 58 80 144 142 92 120 110 86 152 96 145 124 191 133 29 121 132 48 141 170 183 146 193 161 148 140 118 147 184 119 158 129 187 30 156 186 151 180 153 112 113 154 126 179 157 160 166 172 143 162 165 150 137 23 163 41 167 189 110 125 131 116 171 125 169 60 164 197 173 97 176 105 168 196 188 174 194 154 178 192 198 200 8 185 115 182 60 190 31 25 111 30 10 199 77 139
100
1 1
2 2
5 5
7 7
8 8
9 9
11 11
13 13
14 14
15 15
16 16
18 18
21 21
22 22
23 23
25 25
26 26
27 27
30 30
31 31
32 32
33 33
35 35
37 37
39 39
41 41
43 43
44 44
47 47
48 48
57 57
58 58
60 60
64 64
65 65
67 67
69 69
71 71
72 72
74 74
75 75
77 77
78 78
79 79
81 81
82 82
84 84
85 85
89 89
91 91
95 95
96 96
98 98
101 101
104 104
105 105
106 106
108 108
109 109
111 111
112 112
113 113
114 114
118 118
119 119
122 122
123 123
125 125
127 127
128 128
130 130
131 131
134 134
138 138
141 141
142 142
144 144
145 145
146 146
147 147
148 148
152 152
153 153
156 156
157 157
158 158
161 161
165 165
172 172
173 173
176 176
178 178
182 182
184 184
186 186
187 187
188 188
189 189
191 191
198 198
