F8 B8 B9 H4 B2 A3 D5 A0 B5 D6 A9 C8 B1 A8 B3 I1 C1 D4 L7 A2 B4 C4 B0 D5 E3 B7 D2 B6 D9 C9 D3 C2 E9 D7 D1 G0 D8 A7 C3 C8 F4 E8 E7 T5 A6 I6 C5 C0 F7 E4 F9 G2 K3 J1 E1 E5 G4 J5 G3 F2 G8 I2 F6 H3 I9 G9 C1 F1 E2 J2 O5 I3 Q8 H5 H6 H2 H8 H0 I8 H0 D8 K5 I9 J0 E6 G1 K1 J3 J4 I7 J6 L0 I4 F5 Q0 N2 H1 B1 J8 G7 N5 E3 F3 P4 I0 P7 O2 L5 Q9 M0 O0 M4 K5 D5 N1 G6 M5 K6 M8 N8 F8 O3 P1 Q3 L6 P3 M2 M3 K7 K4 N0 P2 M6 L1 O4 N4 L8 P0 C0 K9 N3 R0 S8 O8 O1 S0 Q5 G5 R1 R7 O6 N6 N7 H1 O5 S6 L9 O7 T1 C6 O5 T9 B0 P5 S2 P6 T5 P9 R9 E3 P8 R5 Q7 Q8 R6 Q3 R4 R8 H5 R3 T3 S5 J2 S4 B6 S1 T7 T0 K0 S7 N7 T2 E2 S9 I4 K6 E9 L2 O9 B7 O8 T8 H6 F8
99
A0 A0
A2 A2
A3 A3
A8 A8
A9 A9
B0 B0
B2 B2
B3 B3
B4 B4
C0 C0
C1 C1
C2 C2
C3 C3
C4 C4
C8 C8
D3 D3
D4 D4
D5 D5
D7 D7
D8 D8
D9 D9
E2 E2
E3 E3
E4 E4
E5 E5
E7 E7
E8 E8
F1 F1
F2 F2
F6 F6
F9 F9
G0 G0
G1 G1
G4 G4
G6 G6
G9 G9
H0 H0
H1 H1
H2 H2
H3 H3
H4 H4
H5 H5
H6 H6
I0 I0
I2 I2
I3 I3
I4 A1 I4
I6 I6
I8 I8
I9 I9
J0 J0
J1 J1
J2 J2
K1 K1
K3 K3
K5 K5
K6 K6
L6 L6
L9 L9
M0 M0
M5 M5
M6 M6
N0 N0
N1 N1
N2 N2
N4 N4
N6 N6
N7 N7
N8 N8
O1 O1
O2 O2
O3 O3
O5 O5
P2 P2
P5 P5
P6 P6
P7 P7
P9 P9
Q0 Q0
Q3 Q3
Q5 Q5
Q7 Q7
Q8 Q8
R0 R0
R4 R4
R6 R6
R8 R8
R9 R9
S0 S0
S2 S2
S5 S5
S7 S7
S8 S8
S9 S9
T0 T0
T1 T1
T5 T5
T8 T8
T9 T9
