Qwilfish Tropius Drapion Taillow Scatterbug Terrakion Politoed Lotad Phanpy Skiddo Noibat Simisear Sandile Meloetta Porygon2 Vullaby Volcarona Magmar Inkay Slurpuff Metang Steenee Wartortle Honedge Skorupi Munna Gengar Drampa Shellos Nincada Slowbro Dewpider Froakie Magnemite Amoonguss Crawdaunt Metang Metapod Jumpluff Xerneas Seaking Treecko Kakuna Tornadus Gengar Bounsweet Whismur Tsareena Paras Tsareena Weepinbell Magnemite Swadloon Tauros Wailord Plusle Weezing Vespiquen Shellder Bastiodon Whismur Stufful Woobat Stufful Conkeldurr Zekrom Wartortle Magmar Phanpy Drampa Qwilfish
48
Qwilfish Qwilfish
Simisear Simisear
Drapion Drapion
Meloetta Meloetta
Volcarona Volcarona
Slurpuff Slurpuff
Skiddo Skiddo
Sandile Sandile
Magmar Magmar
Metang Metang
Taillow Taillow
Porygon2 Porygon2
Drampa Drampa
Noibat Noibat
Lotad Lotad
Scatterbug Scatterbug
Vullaby Vullaby
Inkay Inkay
Steenee Steenee
Skorupi Skorupi
Shellos Shellos
Metapod Metapod
Crawdaunt Crawdaunt
Froakie Froakie
Nincada Nincada Comfey
Gengar Gengar
Honedge Honedge
Amoonguss Amoonguss
Jumpluff Jumpluff
Vespiquen Vespiquen
Munna Munna
Kakuna Kakuna
Magnemite Magnemite
Whismur Whismur
Weezing Weezing Escavalier
Woobat Woobat
Bounsweet Bounsweet
Seaking Seaking
Tauros Tauros
Weepinbell Weepinbell
Stufful Stufful
Shellder Shellder
Plusle Plusle
Treecko Treecko
Swadloon Swadloon
Bastiodon Bastiodon
Wailord Wailord
Conkeldurr Conkeldurr
