Myrtle Huntington Cary Garland Chandler Irvine Houma Medford Houma Bradenton Harlingen Huntsville Hartford Canton Barnstable Cincinnati Lafayette Cincinnati Muskegon Davidson Minneapolis Kansas Deltona Hollywood Brownsville Baltimore Kissimmee Dallas Albany Champaign Kalamazoo Appleton Merced Brownsville Bloomington Lansing Bridgeport Mobile Lorain Albuquerque Joliet Cambridge Boulder Irvine Myrtle
30
Huntington Huntington
Houma Houma
Cary Cary Chicago
Medford Champaign Medford
Chandler Chandler Grays
Bradenton Bradenton
Hartford Hartford
Harlingen Harlingen
Huntsville Nashua Huntsville
Hollywood Hollywood Abilene
Barnstable Barnstable
Muskegon Muskegon Aribel
Minneapolis Lexington Minneapolis Macon Moreno
Kansas Kansas
Deltona Deltona
Baltimore Baltimore
Davidson GreenBay Davidson
Dallas Dallas Plen
Kissimmee Kissimmee
Appleton Erie Corpus Cedar Alexandria Miramar Appleton Cathedral Montgomery Hemet
Albany Albany
Merced Merced
Bloomington Bloomington
Lansing Lansing
Bridgeport Bridgeport
Mobile Mobile
Albuquerque Albuquerque
Lorain Brownsville Lorain
Joliet Joliet
Boulder Leominster
