Monroe Denton Johnson Hagerstown Daytona Hagerstown Clarke Apple Birmingham Athens Lowell Charlotte Abilene Huntington Naples Jackson Kissimmee Cary Hialeah Glendale Bethlehem Antioch Baltimore Mobile Lacey Five Baton Dallas ElkGrove Gilbert Elkhart Four Hampton Amarillo Chesapeake Cleveland Layton Fayetteville Jackson Huntsville Hesperia Killeen Cambridge Boise Fargo Elizabeth Kailua Athens Erie Vista Fairfield Athens Montgomery Merced Allentown Five Three Five Anchorage Five Hagerstown Julian Danbury Monroe
51
Killeen Gainesville Killeen
Athens Athens
Cambridge Ten Cambridge
Hagerstown Hagerstown Austin Arlington
Boise Laredo Boise Akron
Clarke Clarke
Kailua Charleston Kailua
Elizabeth Elizabeth
Apple Apple
Johnson Johnson
Erie Erie
Birmingham Birmingham Prairie
Lowell Bridgeport Lowell Seven
Vista Vista
Fairfield Fairfield
Huntington Huntington
Montgomery Montgomery
Allentown Allentown
Abilene Abilene Dayton
Hialeah Hialeah
Naples Naples
Three Denver Three
Merced Carrollton Canton Hayward Hartford Merced
Daytona Daytona Bradenton
Anchorage Viejo Anchorage
Kissimmee Kissimmee Mesquite
Monroe Monroe
Bethlehem Lafayette Davidson Bethlehem Bedford Brownsville
Cary Cary
Julian Jacksonville Julian
Glendale Glendale
Baltimore Baltimore
Antioch Monterey Antioch Muskegon
Mobile Mobile
Lacey Lacey
Elkhart Elkhart
Dallas Lancaster Dallas Irving
Baton Baton
Gilbert Boulder Gilbert
Four Four Mesa
Cleveland Kenosha Detroit Cleveland
Denton Modesto Corpus Anaheim Denton Hickory
Hampton Kennewick Hampton
Chesapeake Asheville Leominster Chesapeake Aberdeen Burlington
Layton Layton
Amarillo Clarksville Amarillo Rapids
Huntsville Huntsville
Hesperia Albany Hesperia
Fayetteville Miami Havre Fayetteville Greensboro
ElkGrove Melbourne
Fargo Lewisville Lakeland Manchester
