DK DX CP BY FB FG FE FP DU AC AV AN AB BI BC AZ BL EL GN GT GX CA BZ AB HD CI HJ CM CR CU AA DD CW DE DF DI AA EB DT DZ EA EF AA EN EQ EO DK
40
FB AG DB FB GZ
FG AK FG
AN AN BR BV CE CS CX FW FZ GY
FP BM DN FP
AV AT AV DO FA
AZ AZ FH HI
BC BC BF
BI BI
BL BL
GN CG GB GN
GT BE CC GT
GX DL GX
CA CA
BZ AO BZ DM DP
HD HD
CI AU CI FD
HJ ED HJ
CM CM
CP CP
CR CR
CU AA BH BW CU
CW CW
DD DD
DE AY DE EP
DF DF FT
DI CY DI GR
DT DT
DU DU
DX DX
DZ DZ
EA EA GV
EB EB EM
EF EF ES
EL EL EY GG
EN AB EN HE
EO CD EO
EQ BP EQ HB
DK AM CT EW FN
FE CK ET HC
BY HF
