Fizz Heimerdinger Kassadin Talon Undying BountyHunter Rengar Rubick Slark Leona Oracle Xayah Nidalee LoneDruid Tiny Morphling Jayce Huskar Warlock Magnus StormSpirit WitchDoctor Beastmaster TrollWarlord Yorick KhaZix Puck BountyHunter Kled Omniknight Brewmaster BountyHunter Pantheon Kayn Mirana Jinx Fizz
33
Talon Talon Vladimir CentaurWarrunner Gragas
Undying Karma Ziggs Undying Fiddlesticks
Rengar Rengar
Rubick Nunu VelKoz Rubick
Fizz Nasus Fizz Slardar Katarina
Slark TahmKench Syndra Slark
Leona Leona Trundle
Mirana WinterWyvern Mirana
Oracle Oracle Zilean
Xayah Xayah Zed
LoneDruid Singed LoneDruid
Tiny Kennen Tiny
Kled Kled
Morphling NightStalker Morphling
Jayce ShadowDemon Jayce LeBlanc Bane
Huskar ShadowShaman Cassiopeia Huskar
Warlock Warlock Sven
Magnus Magnus
Kassadin Kassadin JarvanIV
Nidalee Nidalee Azir Janna Tristana
Beastmaster Beastmaster Timbersaw FacelessVoid
TrollWarlord Chen TrollWarlord DeathProphet
Yorick BountyHunter Thresh Amumu Yorick Quinn
KhaZix KhaZix Orianna
Heimerdinger Weaver Heimerdinger
Puck Medusa Annie Rumble Puck
Omniknight Sniper Omniknight
Kayn Kayn
StormSpirit ShadowFiend Terrorblade Sona Venomancer Visage Lucian SpiritBreaker Vi StormSpirit
Brewmaster Viktor Brewmaster
Pantheon Ryze Pantheon
Jinx Jinx Irelia
WitchDoctor Techies Ekko
