1 131 2 4 132 17 8 6 140 11 12 142 16 24 19 27 159 28 160 37 42 35 36 165 1 57 47 186 176 65 3 197 74 81 95 115 108 110 112 184 9 1
35
2 2 79 118
131 131
132 89 132
6 6 68 153 161
11 11 67 122
140 9 44 140
12 12 100
142 45 142
16 16
17 17
27 3 27 60 126
28 28 91 94 192
159 70 159
160 160 164
35 35 120
36 36
165 77 151 165 172
42 32 42 149
176 25 176
184 20 148 183 184
57 57 92 114 119
186 14 186
65 53 64 65 137 147 180
197 93 97 129 197
74 74 190
81 81
95 13 95
108 59 108 143
112 99 112 123 127 167 178 182 191
110 87 170 181
19 7 21 40 52 78 117 139
47 29 116 188
8 34 121
1 76 163
24 155
