Loc1 Loc41 Loc44 Loc25 Loc53 Loc29 Loc52 Loc51 Loc18 Loc39 Loc6 Loc46 Loc2 Loc10 Loc34 Loc8 Loc70 Loc0 Loc38 Loc59 Loc42 Loc98 Loc72 Loc57 Loc92 Loc37 Loc33 Loc80 Loc15 Loc64 Loc90 Loc48 Loc54 Loc78 Loc74 Loc87 Loc96 Loc37 Loc45 Loc93 Loc79 Loc34 Loc91 Loc12 Loc91 Loc6 Loc39 Loc89 Loc41 Loc1
30
Loc0 Loc0 Loc22
Loc2 Loc2
Loc6 Loc6
Loc10 Loc10
Loc18 Loc18
Loc25 Loc25 Loc65
Loc29 Loc29
Loc34 Loc34
Loc38 Loc38
Loc41 Loc41
Loc42 Loc42 Loc76
Loc45 Loc45
Loc46 Loc46
Loc52 Loc52
Loc53 Loc3 Loc53 Loc81
Loc70 Loc70
Loc72 Loc72
Loc74 Loc7 Loc11 Loc74
Loc79 Loc13 Loc79 Loc87
Loc80 Loc15 Loc17 Loc43 Loc55 Loc62 Loc80
Loc90 Loc56 Loc90
Loc91 Loc91
Loc92 Loc92
Loc98 Loc98
Loc93 Loc49 Loc63
Loc51 Loc32 Loc50 Loc68
Loc54 Loc4 Loc47
Loc89 Loc69
Loc64 Loc9 Loc19
Loc33 Loc21
