Liam Jordan Jack Joshua Lucas Noah Maverick Anthony Angel Jaxson Cameron Gabriel Christian Nicholas Daniel Jameson Benjamin Grayson Alexander Leo Bryson Malachi Henry Tristan Edward Sebastian Bryce Ayden Theodore Rowan Austin Hayden Bennett John Matthew Jayce Jeremy Declan Brayden Jonathan Ethan Aiden Mateo Ryder Nathaniel Luis Parker Justin Josiah Julian Matteo Ezra Jackson Braxton Silas Nicholas Caleb Wesley Jason Graham Emmett Thomas Hunter Isaiah Andrew Logan Nolan Elijah Adrian Harrison Bentley Mason Charles Ryker Brody David Aaron Michael Calvin Nathan Connor Elias Kaleb Isaac James Oliver Patrick Christopher Kai Carson Emmanuel Samuel Carlos Dylan Lincoln Chase Carter Santiago Alan Jasper Jude Joseph Robert Cole Everett Jacob Finn Luke Kingston Brandon Emmett Xavier Ryan Jonah Ivan Hudson Ivan Weston Kevin John Asher Waylon Jaxon King Grant Cooper Axel Preston Jose Ashton Grant Max Jayden Roman Evan Jude Jace Jude Theodore Alex Eli Sawyer Ian Alejandro Dawson Zion Karter Oscar Levi Oscar Xander Leonardo George Ethan Juan Damian Dylan Lincoln Chase Greyson Eric Diego Kayden Maximus Dominic Victor Gabriel Jesus Camden Avery Dean Beau William Landon Bennett Hayden Miguel Amir Tucker Colton Luca Joel Easton Richard Carter Antonio Owen Antonio Jesse Messiah Blake Messiah Lorenzo Kaiden Maddox Ezekiel Jeremiah Ezekiel Ezra Jackson August Timothy Cooper Alex Dawson Edward Wyatt Edward Dawson Marcus Steven Abel Zayden Cole Robert Giovanni Abraham Grayson Elliot Brody Christian Rhett Vincent Patrick Dean Zachary Elliott Zachary Jude Evan Liam
89
Liam Liam
Noah Noah
William William
James James
Logan Logan
Benjamin Benjamin
Mason Mason
Elijah Elijah
Oliver Oliver
Jacob Jacob
Lucas Lucas
Michael Michael
Alexander Alexander
Ethan Ethan
Daniel Daniel
Matthew Matthew
Aiden Aiden
Henry Henry Adam
Joseph Joseph
Jackson Jackson
Samuel Samuel
Sebastian Sebastian
David David
Carter Carter
Wyatt Wyatt
Jayden Jayden
John John
Owen Owen
Dylan Dylan
Luke Luke
Gabriel Gabriel
Anthony Anthony
Isaac Isaac
Grayson Grayson
Jack Jack
Julian Julian
Levi Levi
Christopher Christopher
Joshua Joshua
Andrew Andrew
Lincoln Lincoln
Mateo Mateo
Ryan Ryan
Jaxon Jaxon
Nathan Nathan
Aaron Aaron
Isaiah Isaiah
Thomas Thomas
Charles Charles
Caleb Caleb
Josiah Josiah
Christian Christian
Hunter Hunter
Eli Eli
Jonathan Jonathan
Connor Connor
Landon Landon
Adrian Adrian
Asher Asher
Cameron Cameron
Leo Leo
Theodore Theodore
Jeremiah Jeremiah
Hudson Hudson
Robert Robert
Easton Easton
Nolan Nolan
Nicholas Nicholas
Ezra Ezra
Colton Colton
Angel Angel
Brayden Brayden
Jordan Jordan
Dominic Dominic
Austin Austin
Ian Ian
Elias Elias
Jaxson Jaxson
Greyson Greyson
Jose Jose
Ezekiel Ezekiel
Carson Carson
Evan Evan
Maverick Maverick
Bryson Bryson
Jace Jace
Cooper Cooper
Xavier Xavier
Parker Parker
