zero three zero five six seven fourteen eight nine ten eleven twelve thirteen twenty nineteen eighteen seventeen sixteen seventeen twentyfour twentyfive twentysix twentyseven thirtyfour thirtythree thirtytwo thirtyone thirty twentynine thirtyfive fortytwo thirtysix thirtyseven thirtyeight thirtynine forty fortyone fortyeight fortyseven fortysix fortyfive fortyfour fortythree thirtysix fortytwo thirtyfive twentyeight twentyone fourteen seven zero
24
three three
five five
six six
seven seven
nine nine
eleven eleven
twelve twelve
thirteen thirteen
fourteen fourteen
sixteen fifteen sixteen
eighteen eighteen
nineteen nineteen
twenty twenty
twentyfive twentyfive
thirtyone thirtyone
thirtytwo thirtytwo
thirtyfour thirtyfour
thirtyfive thirtyfive
thirtyseven thirtyseven
thirtyeight thirtyeight
forty forty
fortytwo fortytwo
fortyfive fortyfive
fortysix fortysix
