zero one two three zero six seven fourteen eight nine ten eleven twelve eleven eighteen seventeen sixteen fifteen twentyone twentyeight twentytwo twentythree twentyfour twentyfive twentysix twentyseven thirtyfour thirtythree thirtytwo thirtyone thirty twentynine thirtyfive fortytwo thirtysix thirtyseven thirtyeight thirtynine forty thirtynine fortysix fortyfive fortyfour fortythree fortynine fortythree fortyfour fiftyone fiftytwo fiftythree fiftyfour fiftyfive fiftyfour sixtyone sixty fiftynine fiftyeight fiftyseven sixtythree seventy sixtyfour sixtyfive sixtysix sixtyseven sixtyeight sixtynine sixtyeight seventyfive seventyfour seventythree seventytwo seventyone seventyseven eightyfour seventyeight seventynine eighty eightyone eightytwo eightythree eightytwo eightyone eightyeight eightyseven eightysix eightyfive ninetyone ninetyeight ninetytwo ninetythree ninetyfour ninetyfive ninetysix ninetyseven ninetysix onehunthree onehuntwo onehunone onehun ninetynine onehunfive onehuntwelve onehunsix onehunseven onehuneight onehunnine onehunten onehuneleven onehuneighteen onehunseventeen onehunsixteen onehunfifteen onehunfourteen onehunthirteen onehunnineteen onehuntwentysix onehuntwenty onehuntwentyone onehuntwentytwo onehuntwentythree onehuntwentyfour onehuntwentyfive onehunthirtytwo onehunthirtyone onehunthirty onehuntwentynine onehuntwentyeight onehuntwentyseven onehunthirtythree onehunforty onehunthirtyfour onehunthirtyfive onehunthirtysix onehunthirtyseven onehunthirtyeight onehunthirtynine onehunfortysix onehunfortyfive onehunfortyfour onehunfortythree onehunfortytwo onehunfortyone onehunfortyseven onehunfiftyfour onehunfortyeight onehunfortynine onehunfifty onehunfiftyone onehunfiftytwo onehunfiftythree onehunsixty onehunfiftynine onehunfiftyeight onehunfiftyseven onehunfiftysix onehunfiftyfive onehunsixtyone onehunfiftyfive onehunsixtytwo onehunsixtythree onehunsixtyfour onehunsixtyfive onehunsixtysix onehunsixtyseven onehunseventyfour onehunseventythree onehunseventytwo onehunseventyone onehunseventy onehunsixtynine onehunseventyfive onehuneightytwo onehunseventysix onehunseventyseven onehunseventyeight onehunseventynine onehuneighty onehuneightyone onehuneighty onehuneightyseven onehuneightysix onehuneightyfive onehuneightyfour onehuneightythree onehuneightynine onehuneightythree onehunninety onehunninetyone onehunninetytwo onehunninetythree onehunninetyfour onehuneightyseven onehuneighty onehuneightyone onehunseventyfour onehunsixtyseven onehunsixty onehunfiftythree onehunfortysix onehunthirtynine onehunthirtytwo onehuntwentyfive onehuneighteen onehuneleven onehunfour ninetyseven ninety eightythree seventysix sixtynine sixtytwo fiftyfive fortyeight fortyone thirtyfour twentyseven twenty thirteen six zero
100
one one
two two
three three
six six
seven seven
ten ten
eleven eleven
twelve twelve
fourteen fourteen
fifteen fifteen
sixteen sixteen
seventeen seventeen
twenty twenty
twentythree twentythree
twentyfive twentyfive
twentysix twentysix
twentyseven twentyseven
twentynine twentynine
thirtythree thirtythree
thirtyfour thirtyfour
thirtyseven thirtyseven
thirtyeight thirtyeight
fortythree fortythree
fortyfour fortyfour
fortyfive fortyfive
fortynine fortynine
fiftytwo fiftytwo
fiftythree fiftythree
fiftyfive fiftyfive
fiftyseven fiftyseven
fiftyeight fiftyeight
sixty sixty
sixtyfour sixtyfour
sixtysix sixtysix
sixtyseven sixtyseven
sixtynine sixtynine
seventy seventy
seventyone seventyone
seventytwo seventytwo
seventyfive seventyfive
seventyseven seventyseven
seventyeight seventyeight
seventynine seventynine
eightytwo eightytwo
eightythree eightythree
eightyfour eightyfour
eightyseven eightyseven
ninetyeight ninetyeight
ninetynine ninetynine
onehunone onehunone
onehuneight onehuneight
onehunten onehunten
onehuneleven onehuneleven
onehunthirteen onehunthirteen
onehunsixteen onehunsixteen
onehunseventeen onehunseventeen
onehuneighteen onehuneighteen
onehunnineteen onehunnineteen
onehuntwentyone onehuntwentyone
onehuntwentythree onehuntwentythree
onehuntwentyfour onehuntwentyfour
onehuntwentysix onehuntwentysix
onehuntwentyseven onehuntwentyseven
onehuntwentyeight onehuntwentyeight
onehunthirty onehunthirty
onehunthirtyfive onehunthirtyfive
onehunforty onehunforty
onehunfortythree onehunfortythree
onehunfortyfour onehunfortyfour
onehunfortyfive onehunfortyfive
onehunfortysix onehunfortysix
onehunfortynine onehunfortynine
onehunfifty onehunfifty
onehunfiftyfour onehunfiftyfour
onehunfiftyseven onehunfiftyseven
onehunfiftynine onehunfiftynine
onehunsixty onehunsixty
onehunsixtyone onehunsixtyone
onehunsixtythree onehunsixtythree
onehunsixtyfour onehunsixtyfour
onehunsixtyfive onehunsixtyfive
onehunsixtysix onehunsixtysix
onehunsixtynine onehunsixtynine
onehunseventy onehunseventy
onehunseventyone onehunseventyone
onehunseventythree onehunseventythree
onehunseventyfour onehunseventyfour
onehunseventyfive onehunseventyfive
onehunseventysix onehunseventysix
onehunseventyeight onehunseventyeight
onehuneighty onehuneighty
onehuneightyone onehuneightyone
onehuneightytwo onehuneightytwo
onehuneightyfour onehuneightyfour
onehuneightyseven onehuneightyseven
onehunninety onehunninety
onehunninetyone onehunninetyone
onehunninetytwo onehunninetytwo
onehunninetythree onehunninetythree
onehunninetyfour onehunninetyfour
