zero two three four five six seven fourteen eight nine ten eleven twelve thirteen twenty nineteen eighteen seventeen sixteen fifteen twentyone twentyeight twentytwo twentythree twentyfour twentyfive twentysix twentyseven thirtyfour thirtythree thirtytwo thirtyone thirty twentynine thirtyfive twentynine thirtysix thirtyseven thirtyeight thirtynine forty fortyseven fortysix fortyfive fortyfour fortythree fortynine fortythree fifty fiftyone fiftytwo fiftythree fiftyfour fiftyfive sixtytwo sixtyone sixty fiftynine fiftyeight fiftyseven sixtythree seventy sixtyfour sixtyfive sixtysix sixtyseven sixtyeight seventyfive seventyfour seventythree seventytwo seventyone seventyseven eightyfour seventyeight seventynine eighty eightyone eightytwo eightynine eightyeight eightyseven eightysix eightyfive ninetyone ninetyeight ninetytwo ninetythree ninetyfour ninetyfive ninetysix ninetyseven ninety eightythree seventysix sixtynine sixtytwo fiftyfive fortyeight fortyone thirtyfour twentyseven twenty thirteen six zero
50
two two
three three
four four
five five
six six
ten ten
twelve twelve
fourteen fourteen
fifteen fifteen
twenty twenty
twentytwo twentytwo
twentyfour twentyfour
twentyfive twentyfive
twentynine twentynine
thirty thirty
thirtythree thirtythree
thirtyfour thirtyfour
thirtyfive thirtyfive
thirtysix thirtysix
thirtyseven thirtyseven
thirtynine thirtynine
fortyfour fortyfour
fortyfive fortyfive
fortyseven fortyseven
fortyeight fortyeight
fifty fifty
fiftyone fiftyone
fiftythree fiftythree
fiftyfive fiftyfive
fiftyseven fiftyseven
sixty sixty
sixtyone sixtyone
sixtytwo sixtytwo
sixtyfive sixtyfive
sixtysix sixtysix
sixtyseven sixtyseven
sixtyeight sixtyeight
seventy seventy
seventyone seventyone
seventyfive seventyfive
seventyseven seventyseven
seventyeight seventyeight
seventynine seventynine
eightyone eightyone
eightytwo eightytwo
eightyfour eightyfour
eightyseven eightyseven
eightyeight eightyeight
eightynine eightynine
ninetyfive ninetyfive
