Afghanistan Djibouti Denmark Congo Czechoslovakia Czechi Cyprus Cuba Croatia CotedIvoire Costarica Comoros Colombia China Chile Chad Canada Cameroon Cambodia Cabo Burundi Burma Burkina Bulgaria Brunswick Brunei Brazil Botswana Bosnia Bolivia Benin Belize Belgium Belarus Bavaria Barbados Bangladesh Bahrain Baden Azerbaijan Austrian Austria Australia Armenia Argentina Antigu Angola Andorra Algeria Albania Afghanistan
34
Afghanistan Afghanistan Albania
Algeria Algeria Andorra
Angola Angola
Antigu Antigu Armenia Canada
Argentina Argentina
Australia Australia
Austria Austria
Austrian Austrian
Azerbaijan Azerbaijan
Baden Baden
Bahrain Bahrain Bangladesh Bosnia
Barbados Barbados
Belarus Bavaria Belarus Bulgaria
Belgium Belgium
Belize Belize
Bolivia Benin Bolivia
Botswana Botswana Brazil
Brunei Brunei
Brunswick Brunswick
Burkina Burkina
Burundi Burundi
Cambodia Cambodia
Cameroon Cameroon
Chad Burma Cabo Chad
Chile Chile
China China
Comoros Colombia Comoros CotedIvoire
Costarica Costarica Czechoslovakia
Croatia Croatia
Cuba Cuba
Czechi Czechi
Congo Cyprus Congo
Denmark Denmark
Djibouti Djibouti
