engine equipment temperature feature strategy age interaction age reputation significance emphasis police extent dealer situation delivery card emphasis flight politics girl song member age network preparation feedback practice engine business process error equipment grandmother light age speech mind office area series energy secretary feature reaction equipment moment age tool engineering failure extent fishing extent promotion extent leadership teacher standard problem statement model reputation sport eye poetry tax meal stranger square chapter size material funeral drawer accident beginning tooth figure stranger database interaction tension interaction director dirt finding homework engine choice interaction age network satisfaction finding product side equipment clothes significance stranger aspect measurement data extent beer reputation machine two view ear feature piano drawing stranger money bus volume idea time worker country extent building section stranger technology town fact poetry tennis ratio analyst answer singer effort education reputation birth reputation editor error source stranger resolution war performance reputation variation sympathy understanding difficulty stranger career space teaching step engine bath class age interaction feature temperature equipment engine
97
engine engine
age age
temperature temperature
error error
reputation reputation
interaction interaction
police police
significance significance
flight flight
delivery delivery
dealer dealer
card card
situation situation
girl girl
politics politics
emphasis emphasis
member member
song song
preparation preparation
business business
process process
speech speech
office office
light light
series series
grandmother grandmother
area area
mind mind
energy energy
secretary secretary
tool tool
leadership leadership
engineering engineering
failure failure
promotion promotion
teacher teacher
standard standard
eye eye
moment moment
model model
funeral funeral
problem problem
meal meal
chapter chapter
tax tax
material material
accident accident
tension tension
drawer drawer
tooth tooth
beginning beginning
figure figure
director director
dirt dirt
sport sport
choice choice
satisfaction satisfaction
side side
aspect aspect
data data
machine machine
beer beer
clothes clothes
two menu two departure
measurement measurement
view view
ear ear
drawing drawing
piano piano
time time
money money
volume volume
country country
section section
bus bus
worker worker
idea idea
ratio ratio
town town
answer answer
fact fact
birth birth buyer
singer singer
analyst analyst
education education
editor editor
source source
war war
variation variation
performance performance
difficulty difficulty
space space
sympathy sympathy
understanding understanding
step step
teaching teaching
class class
