maintenance church sign role philosophy income obligation depression version cigarette property child salad selection instance difficulty maintenance wife competition action farmer sister woman complaint assumption technology sign bank economy decision style credit class focus action career presence maintenance
25
maintenance maintenance war
sign sign
career career
church church
obligation obligation
role role feature account
income income movie
version version rock
philosophy description philosophy price marketing
difficulty difficulty
depression depression
salad salad
property property beer driver
selection chest cause selection photo context object
wife wife
action future volume contract action rate
sister sister
woman day woman
complaint complaint
competition competition
economy inspection resolution economy
focus reputation bread focus population
style style
bank average
presence example
