Wheeler Evans Latimer Stanley Foothill Stanley Latimer Etcheverry VLSB Moffitt Soda Sather Martinez Sather Barker Sather Unit3 Sather OCF Sather Soda CVStarr Morgan HearstAnnex Stephens South McLaughlin Memorial Haviland Campbell Birge LeConte Campanile Doe Wheeler Dwinelle MLK Zellerbach MLK Eshleman MLK Dwinelle Wheeler Sproul Wheeler Evans Morrison Hertz Kroeber Lewis Greek Cory Jacobs Bechtel Greek Lewis Kroeber Wurster Boalt Wurster Kroeber Hertz Morrison Evans Latimer Etcheverry Soda Cheit Normandy Kresge Davis Hildebrand GenPlantBio Cheit Pimentel Anthony Pimentel WayWest Warren WayWest Cloyne WayWest Ippuku NorthGate Bongo BigC McCone Baker FSM Faculty Haas Minor Maxwell MemorialStadium Hargrove MemorialStadium Maxwell Minor Stonefire Koshland RSF Wellman Haviland Memorial IHouse Memorial McLaughlin RareTea Baker CZ Spieker CZ Fiji CZ Baker McCone CKerr McCone BigC Pavilion PeoplePark Pavilion Simons LaNote Unit2 LaNote Stacks LaNote Koja Legends Koja TriDelta Koja Simons Pavilion BigC Bongo FallRush Metropolitan Ippuku WayWest Warren Hearst Warren WayWest Pimentel Morgan HearstAnnex Stephens Moses Stephens South McLaughlin Memorial Haviland Campbell LeConte Dwinelle Wheeler
36
Jacobs Jacobs
Bechtel Bechtel
Foothill Foothill
Moffitt Moffitt
Birge Birge
Morrison Morrison
Moses Moses
Dwinelle Dwinelle
RSF RSF
Haas Haas
Boalt Boalt
IHouse IHouse
Sproul Sproul
Hargrove Hargrove
McLaughlin McLaughlin
Kroeber Kroeber
Etcheverry Etcheverry
Anthony Anthony
Cheit Cheit
Martinez Martinez
Barker Barker
Unit3 Unit3
OCF OCF
Warren Warren
Cloyne Cloyne
Metropolitan Metropolitan
Davis Davis
Hearst Hearst
Baker Baker
CKerr CKerr
Fiji Fiji
Stonefire Stonefire
PeoplePark PeoplePark
Legends Legends
TriDelta TriDelta
Unit2 Unit2
