Bowles Birge Bechtel Cory Jacob Evan Moffitt Faculty Moffitt Cloyne Moffitt Evan Blackwell McLaughlin GenPlantBio McLaughlin Blackwell Evan Jacob Cory Stanley Campbell Stanley LeConte Campanile Lewis Morrison Rasputin Bachenheimer Rasputin Morrison Lewis Wellman Moses Greek Unit2 Milano CREAM SuperDuper Normandy SuperDuper CREAM Milano IndianRock Milano Unit2 Wolf StrawberryCreek Wilde Bechtel Latimer South Pimentel Stacks Sherman Stacks Pimentel Moses RareTea Gypsys RareTea Moses SigmaOmicronPi Marugame Memorial Minor Memorial Maxwell Barrows Maxwell Memorial Stern FSM Sliver FSM Stern Memorial TacoBell Memorial CZ Memorial McDonalds Memorial AlphaSigmaPhi Memorial Minor Bechtel Kroeber Anthony Optometry TraderJoes Cafe3 VLSB Boalt Kresge PeoplesPark Kresge Castro Kresge Gregoire Kah Sutardja Wellman Lewis Campanile Wurster Zellerbach Wurster McCone Spats Stonefire PiLambda PiAlphaPhi PiLambda Stonefire Spats McCone Wurster Campanile Bongo ShengKee Bongo Artichokes Cheeseboard Artichokes Bongo Campanile LeConte RSF LeConte ALS LeConte VLSB Chez NorthGate Chez VLSB LeConte Stanley Campbell Doe Campbell Koshland Campbell MemorialStadium Hargrove Tan Warren Safeway Stebbins Greek Moses SigmaOmicronPi SigmaPsiZeta SigmaOmicronPi Moses Stanley Cory Extension Cory Jacob Foothill Haviland IHouse Haviland Morgan LKShing Ippuku LKShing Morgan Martinez Morgan Haviland Foothill Dwinelle HearstAnnex Lothlorien HearstAnnex Dwinelle Haas Pavilion Haas Crossroads Lawrence UCTheatre NCEM UCTheatre Lawrence Crossroads sweetgreen Metropolitan sweetgreen BigC sweetgreen TriDelta sweetgreen Crossroads Haas Dwinelle TastyPot Dwinelle Foothill Unit1 Foothill Davis Hildebrand YogurtPark Hildebrand Davis Browns Davis Foothill Jacob Hertz Sproul Soda Sproul Hertz CVStarr Unit3 CKerr WayWest CKerr Ridge CKerr Unit3 CVStarr Hillel CVStarr Hertz Jacob Hearst MLK Rochdale MLK Latimer Mulford Crescent Mulford Bowles Calvin Etcheverry Sather Target Sather Etcheverry Calvin Graduate Calvin Bowles LaVals Bowles Birge Bechtel Baker Simons Baker Strada UCha PhiKappaTau Hoyt Claremont Hoyt Tan Hargrove Spieker Hargrove BearFoodCourt SigmaPhiOmega Evan Jacob TopDog Fenwick Cornerstone Fenwick Barker Fenwick TopDog Starbucks Chipotle MFoundry Chipotle Starbucks DYar Starbucks TopDog GammaPhiBeta TopDog Jacob Hearst Kingman Hearst MLK Latimer Edwards Easterly Edwards Latimer South Latimer Bechtel Baker Daiso Baker Strada RoseGarden Strada Baker Bechtel Birge Bowles
80
Evan Evan
Foothill Foothill
Campbell Campbell
Doe Doe
Birge Birge
Campanile Campanile
Moses Moses
VLSB VLSB
Wellman Wellman
Koshland Koshland
Mulford Mulford
HearstAnnex HearstAnnex
RSF RSF
Haas Haas
Boalt Boalt
Wurster Wurster
Unit1 Unit1
Blackwell Blackwell
Zellerbach Zellerbach
Greek Greek
Maxwell Maxwell
Calvin Calvin
Etcheverry Etcheverry
Sutardja Sutardja
Kresge Kresge
Hildebrand Hildebrand
Morgan Morgan
Baker Baker
Barrows Barrows
Unit2 Unit2
Unit3 Unit3
CKerr CKerr
Martinez Martinez
WayWest WayWest
Pavilion Pavilion
Stacks Stacks
Simons Simons
PeoplesPark PeoplesPark
LaVals LaVals
Bongo Bongo
TacoBell TacoBell
Strada Strada
Edwards Edwards
Crossroads Crossroads
Browns Browns
Safeway Safeway
Gypsys Gypsys
Graduate Graduate
Daiso Daiso
YogurtPark YogurtPark
ShengKee ShengKee
Rochdale Rochdale
Cloyne Cloyne
Ridge Ridge
Lothlorien Lothlorien
Wilde Wilde
Castro Castro
Sherman Sherman
Wolf Wolf
Spats Spats
Crescent Crescent
Chipotle Chipotle
IndianRock IndianRock
NorthGate NorthGate
Extension Extension
UCTheatre UCTheatre
Cheeseboard Cheeseboard
RoseGarden RoseGarden
StrawberryCreek StrawberryCreek
GenPlantBio GenPlantBio
Barker Barker
Easterly Easterly
BearFoodCourt BearFoodCourt
AlphaSigmaPhi AlphaSigmaPhi
GammaPhiBeta GammaPhiBeta
PiLambda PiLambda
PiAlphaPhi PiAlphaPhi
MFoundry MFoundry
NCEM NCEM
ALS ALS
