MapLocation152 MapLocation7 MapLocation9 MapLocation10 MapLocation12 MapLocation14 MapLocation16 MapLocation19 MapLocation23 MapLocation29 MapLocation1 MapLocation28 MapLocation36 MapLocation20 MapLocation35 MapLocation41 MapLocation42 MapLocation70 MapLocation47 MapLocation55 MapLocation53 MapLocation56 MapLocation67 MapLocation72 MapLocation76 MapLocation77 MapLocation0 MapLocation79 MapLocation1 MapLocation85 MapLocation86 MapLocation5 MapLocation91 MapLocation94 MapLocation0 MapLocation97 MapLocation99 MapLocation102 MapLocation100 MapLocation105 MapLocation106 MapLocation104 MapLocation111 MapLocation116 MapLocation119 MapLocation118 MapLocation122 MapLocation125 MapLocation123 MapLocation128 MapLocation129 MapLocation1 MapLocation144 MapLocation137 MapLocation135 MapLocation0 MapLocation149 MapLocation145 MapLocation114 MapLocation156 MapLocation170 MapLocation171 MapLocation182 MapLocation2 MapLocation188 MapLocation192 MapLocation194 MapLocation198 MapLocation1 MapLocation196 MapLocation152
59
MapLocation128 MapLocation62 MapLocation128 MapLocation179
MapLocation129 MapLocation129
MapLocation135 MapLocation135
MapLocation7 MapLocation7
MapLocation9 MapLocation9 MapLocation43 MapLocation107
MapLocation10 MapLocation10
MapLocation137 MapLocation137
MapLocation12 MapLocation12 MapLocation60
MapLocation14 MapLocation14
MapLocation16 MapLocation16 MapLocation183
MapLocation145 MapLocation145 MapLocation150
MapLocation19 MapLocation19
MapLocation20 MapLocation20
MapLocation149 MapLocation149
MapLocation23 MapLocation23
MapLocation152 MapLocation13 MapLocation50 MapLocation152
MapLocation156 MapLocation156
MapLocation28 MapLocation22 MapLocation28 MapLocation59 MapLocation127 MapLocation164
MapLocation29 MapLocation29
MapLocation35 MapLocation35
MapLocation36 MapLocation36 MapLocation109
MapLocation41 MapLocation41 MapLocation161
MapLocation42 MapLocation42
MapLocation170 MapLocation136 MapLocation170
MapLocation171 MapLocation171
MapLocation47 MapLocation47
MapLocation53 MapLocation53
MapLocation182 MapLocation182
MapLocation55 MapLocation55
MapLocation56 MapLocation15 MapLocation56
MapLocation192 MapLocation192
MapLocation194 MapLocation194
MapLocation67 MapLocation67
MapLocation70 MapLocation70
MapLocation198 MapLocation92 MapLocation133 MapLocation198
MapLocation72 MapLocation72
MapLocation76 MapLocation76 MapLocation153
MapLocation77 MapLocation77
MapLocation79 MapLocation79
MapLocation85 MapLocation69 MapLocation85
MapLocation86 MapLocation86 MapLocation189
MapLocation94 MapLocation94
MapLocation97 MapLocation8 MapLocation97
MapLocation99 MapLocation99
MapLocation100 MapLocation100
MapLocation102 MapLocation102 MapLocation103 MapLocation146
MapLocation104 MapLocation104
MapLocation105 MapLocation105
MapLocation106 MapLocation106 MapLocation185
MapLocation111 MapLocation111
MapLocation114 MapLocation114 MapLocation154
MapLocation116 MapLocation116
MapLocation118 MapLocation4 MapLocation17 MapLocation18 MapLocation61 MapLocation81 MapLocation96 MapLocation118 MapLocation148 MapLocation186
MapLocation119 MapLocation119
MapLocation122 MapLocation122 MapLocation166
MapLocation123 MapLocation71 MapLocation121 MapLocation123 MapLocation175
MapLocation125 MapLocation125
MapLocation188 MapLocation32 MapLocation113
MapLocation196 MapLocation57 MapLocation173
