86 67 2 63 70 36 15 40 3 5 98 33 98 165 8 23 7 45 7 171 10 9 26 58 28 58 40 38 102 22 68 35 187 79 21 79 30 61 48 77 19 3 37 11 42 1 60 66 55 93 114 29 85 129 111 54 171 75 63 70 57 95 72 127 143 88 27 88 84 18 51 43 92 127 87 99 76 78 14 78 71 103 64 190 156 142 154 180 53 115 89 136 91 147 73 186 120 86 125 49 122 34 135 52 178 132 167 65 146 65 167 140 147 101 133 116 58 97 165 177 39 119 63 74 63 128 143 6 143 117 46 94 108 61 69 61 104 24 124 24 168 189 168 24 104 107 98 126 131 109 13 9 110 9 181 161 150 25 134 44 134 50 134 55 121 111 113 182 96 174 96 182 100 200 186 139 32 159 68 90 68 25 153 25 158 147 138 12 123 12 149 188 16 188 191 160 151 17 151 80 194 80 151 184 164 26 180 106 180 161 163 7 145 109 170 109 183 166 175 32 157 81 172 56 172 39 133 152 133 86 169 23 185 43 192 62 193 62 98 148 98 173 98 187 20 82 20 47 41 47 188 198 188 199 15 40 55 114 29 186 196 99 79 137 79 12 149 166 176 166 81 1 190 195 190 183 4 179 4 31 115 136 42 128 86
100
1 1
2 2
5 5
6 6
8 8
10 10
11 11
13 13
14 14
17 17
19 19
21 21
22 22
26 26
27 27
28 28
30 30
35 35
36 36
38 38
41 41
44 44
45 45
48 48
51 51
52 52
53 53
54 54
56 56
57 57
64 64
66 66
69 69
71 71
72 72
73 73
74 74
75 75
76 76
82 82
84 84
87 87
89 89
90 90
91 91
92 92
93 93
94 94
97 97
100 100
101 101
106 106
107 107
110 110
113 113
116 116
117 117
120 120
121 121
122 122
123 123
125 125
126 126
129 129
132 132
137 137
138 138
139 139
140 140
145 145
146 146
148 148
149 149
150 150
152 152
153 153
154 154
156 156
157 157
158 158
159 159
160 160
163 163
169 169
173 173
174 174
175 175
177 177
179 179
181 181
183 183
184 184
185 185
189 189
192 192
194 194
196 196
198 198
199 199
114 105
