3 5 19 20 42 13 2 14 35 15 18 6 10 7 48 8 18 9 11 24 81 22 82 32 69 30 27 26 50 78 1 79 31 28 44 23 3 12 78 17 10 21 35 51 36 51 53 80 29 80 33 65 11 41 83 58 83 63 69 47 52 91 43 48 49 48 86 66 4 75 4 67 3 60 77 94 54 40 2 68 18 37 18 76 97 16 97 56 97 57 35 70 82 39 82 100 55 84 45 84 55 85 93 88 61 25 61 88 93 85 55 87 28 47 38 90 97 64 71 64 98 65 80 73 80 5 3 5 69 96 69 5 3
50
1 1
6 6
7 7
8 8
9 9
12 12
14 14
15 15
17 17
19 19
21 21
22 22
23 23
24 24
25 25
27 27
29 29
31 31
32 32
33 33
36 36
40 40
41 41
42 42
43 43
45 45
49 49
50 50
52 52
53 53
56 56
57 57
58 58
60 60
63 63
66 66
67 67
68 68
70 70
71 71
73 73
75 75
76 76
87 87
90 90
94 94
96 96
98 98
100 100
80 46
