Location0 Location15 Location2 Location21 Location23 Location28 Location2 Location16 Location2 Location32 Location5 Location30 Location5 Location33 Location41 Location34 Location4 Location35 Location11 Location3 Location11 Location36 Location38 Location50 Location45 Location11 Location40 Location18 Location19 Location0
19
Location32 Location9 Location32 Location39
Location33 Location7 Location31 Location33
Location2 Location2
Location3 Location3 Location10
Location34 Location34
Location5 Location5 Location20
Location35 Location35
Location36 Location36
Location38 Location13 Location14 Location24 Location29 Location38
Location40 Location6 Location40
Location41 Location18 Location41
Location15 Location15 Location25 Location26
Location16 Location16
Location19 Location4 Location19
Location21 Location11 Location21
Location23 Location17 Location23
Location28 Location1 Location8 Location22 Location28
Location30 Location12 Location30 Location37
Location0 Location27
