142 121 58 25 96 98 12 126 104 95 81 49 63 19 2 82 42 113 36 169 123 115 5 185 22 149 26 0 183 190 118 38 197 38 198 156 33 9 14 54 99 141 65 130 175 34 100 1 117 71 165 73 13 10 119 136 47 7 47 20 184 74 15 31 8 45 159 151 93 83 188 39 132 187 51 3 91 78 60 124 114 80 101 161 33 133 41 103 6 17 57 144 109 87 72 27 146 11 168 23 153 139 30 140 116 40 112 199 173 45 8 163 170 120 127 106 66 44 88 121 137 48 76 24 37 172 52 178 195 158 69 64 122 128 68 152 68 192 150 21 157 86 131 35 182 176 9 28 103 18 70 92 16 94 154 139 145 139 196 189 20 47 62 107 84 29 32 67 129 140 180 85 89 79 75 61 105 55 186 78 91 181 151 167 142 121 58 155 162 111 43 111 90 143 77 160 108 148 46 4 174 3 51 166 51 187 85 180 125 194 37 24 53 131 63 49 138 97 164 126 177 16 193 130 65 141 179 27 147 58 121 142
60
129 129
3 3
4 4
133 133
7 7
137 137
140 140
141 141
14 14
144 144
145 145
16 16
21 21
150 150
23 23
22 22
151 151
157 157
30 30
158 158
31 31
159 159
34 34
35 35
33 33
38 38
167 167
39 39
41 41
44 44
174 174
46 46
48 48
177 177
178 178
181 181
183 183
55 55
186 186
58 58
60 60
63 63
64 64
195 195
197 197
70 70
69 69
76 76
77 77
89 89
90 90
91 91
93 93
97 97
106 106
108 108
115 115
121 121
124 124
127 127
