Vernon Sunny Sacramento California King Capuchino Veterans Marshall Terra Sherman Oildale All Castle Kaiser Lost Alamo Hammer Dulzura Chittenden Sunny Fullerton Industry City Clayton California South Anaheim Hoffman Crestmont Louis Armstrong Temecula Balboa Portola Fox Portola Castle Bonny Manker Pleasant Smith City Winterhaven Tijuana Dayton Bell Castle Ramona Patrick Sunny Cerro Collins Coddingtown Smoke Cressey Le Davenport Santa Escalon Three Warner Yurok Potrero Escondido Carnelian Washington Cabbage Sunny Huron Carmel Carnelian Vernon
55
California California Helm
Tijuana Tijuana
Bell Cambridge Bell Flinn
Portola Portola
Sunny Sunny
Terra Terra
Industry Industry
Capuchino Capuchino
Ramona Rough Bangor Ramona
Davenport Davenport
Veterans Veterans Wallace
All All Quail
Marshall Marshall
Coddingtown Balboa Moores Coddingtown
Smoke Smoke Antelope
Collins Costa Collins
Sacramento Sacramento
Yurok Yurok Sulpizio
Kaiser Kaiser
Le Le
Chittenden Chittenden Calaveras
Alamo Alamo Beach
Cressey Cressey
Santa Buena Santa
Hammer Hammer
Escalon Forbestown Escalon
Three Cerro Donner Bodad Fiorini Presidio Three
Warner Delta Warner
Fullerton Fullerton
Potrero Sherman Timbuctoo Cudahy Potrero
Escondido Saint Rowland Escondido
Huron Huron
Carmel Carmel
Dulzura Dulzura Pacheco
Clayton Clayton
Armstrong Armstrong Downtown
Crestmont Crestmont Ritter
Cabbage Yankee Cabbage
South South
Anaheim Anaheim
Hoffman Garcia Richvale Hoffman Lake Glencoe Bakersfield
Temecula Temecula
Louis Louis Mecca Bradley Woody
Fox Brundage Fox
Bonny Blue Bonny
Smith Smith Civic
Winterhaven Del Winterhaven
Manker Manker
Pleasant Pleasant
Lost Cypress Grasslands
Castle Parchester
Patrick Strawberry Roseland
Washington Robertsville
Dayton Stockdale
Vernon Industrial
