loc0 loc137 loc51 loc0 loc75 loc11 loc17 loc79 loc147 loc0 loc81 loc83 loc123 loc92 loc101 loc93 loc65 loc173 loc43 loc112 loc49 loc115 loc119 loc57 loc3 loc0
22
loc137 loc9 loc137
loc11 loc11 loc53 loc187
loc17 loc17 loc109 loc133 loc145 loc167 loc175 loc177
loc147 loc55 loc113 loc147 loc161
loc43 loc3 loc13 loc35 loc43 loc61 loc151
loc173 loc1 loc67 loc91 loc103 loc143 loc173 loc199
loc49 loc33 loc49 loc59 loc135 loc139 loc171 loc193
loc51 loc7 loc51 loc117
loc57 loc31 loc57 loc129 loc141
loc65 loc5 loc23 loc25 loc65 loc77 loc89 loc149
loc75 loc27 loc37 loc75 loc185
loc79 loc79 loc155
loc81 loc29 loc41 loc45 loc81 loc85 loc105 loc127 loc157 loc163 loc179
loc83 loc63 loc83 loc169
loc93 loc15 loc87 loc93
loc101 loc21 loc101 loc131 loc181 loc183 loc195
loc115 loc47 loc115 loc125 loc153
loc119 loc95 loc99 loc111 loc119
loc123 loc19 loc97 loc123 loc165 loc191
loc112 loc39 loc69 loc73 loc159
loc0 loc71 loc107 loc189
loc92 loc121 loc197
