Ippudo Platano Soda HildebrandHall TPTea Campanile LeConte AshaTeaHouse CaliforniaHall Gadani Marugame Etcheverry Toss LaNote TacoBell LaNote ExtremePizza Cafe3 LewisHall SmokesPoutinerie Bowles Namaste Eshelman Unit2 Eshelman Unit3 Underhill HortonHall Stern ClarkKerr Gongcha Ikes DurantHall ZellerbachHall McDonalds Morrisonhall McDonalds HearstAnnex LawrenceHall BagOCrab GreekTheatre ACuppaTea Wikiwiki NoodleGirl MemorialStadium Artichokes BerkeleyWayWest HappyLemon BerkeleyBart Barrows Safeway BerkeleyThaiHouse SutardjaDai ThaiBasil HesseHall Kips Foothill Milkbomb Blackwell SuperDuperBurgers Pappys SuperDuperBurgers ThaiBasil BrandyMelville FireTrails MulfordHall FireTrails TheHabit UCafe UniversityVillage Dwinelle GiauqueHall Gilman Ucha SouthHall Crossroads MLK SmokesPoutinerie TheDwight SmokesPoutinerie Flavia HearstMining Campbell MemorialGlade Namaste HilgardHall KroeberHall SteamTrains BotanicalGardens AmoebaMusic SnackShack Artichokes LowerSproul Shengkee HortonHall Cinnaholic DavisHall Evans HavilandHall Bonchon Wheeler Chipotle HAAS Mezzo Moffit VictoryPoint Moffit Tzone Chipotle Yifang NorthHall MSRI NoodleGirl Teazone NoodleGirl MemorialStadium Cheeseboard BancroftLibrary LittleCampanile EastAsianLibrary Gypsys EastAsianLibrary Campbell Eureka Ikea GiauqueHall Morganhall VLSB LakeAnza FoxTheater Raretea InternationalHouse BobbyGPizza ImmThai TToust BobaNinja TennisCourts StrawberryCreek Namaste EastBaySpiceCompany GSPP Wheeler AndrewsApartment Kresge BSC TukTukThai Venus Cream BerkeleyWayWest HappyLemon BerkeleyBart SproulHall Boalt Cory NatApartment BetaLounge Ikes Unit1 GrizzlyPeak RSF Eshelman SweetheartCafe PeoplesCafe PurpleKow Flavia HearstGym WursterHall Spats Gather TraderJoes YogurtPark OptometryBuilding LaBurrita BerkeleyBart BigC TenderGreens BigC BerkeleyBart Barrows HeatCafe SaturnCafe BerkeleyArtStudio Quicklys Firewings TopDog Jupiter LatimerHall Tilden Cinnaholic TripleRock DollarTree BenAndJerry UdupiPalace HavilandHall Fengcha LittleBird HalalGuys EndlessSweets Kips Muraccis Kips HesseHall ThaiBasil SutardjaDai Rachas CanyonPool BAMPFA CanyonPool Staples Chipotle HAAS BerkeleyRoseGarden Spats WursterHall HearstGym Boalt AlumniHouse SteamTunnel AlumniHouse Boalt Jupiter CVS Wikiwiki Underhill Homeroom PokeBar Plentea PokeBar Homeroom Underhill SteamTrains JambaJuice Doe ThaiNoodle Cafe3 GPB AuCoquelet GPB Cafe3 LeConte Campanile Cornerstone UrbanOutfitters Cornerstone Campanile ChezPanisse Campanile LeConte AshaTeaHouse JacobsApartment NorthBerkeleyBart JacobsApartment AshaTeaHouse Bowles SmokesPoutinerie LiKaShing BanshoRamen LiKaShing Crossroads SouthHall Ucha YogurtPark GreatChina SatherGate GreatChina YogurtPark LaVals Target LaVals YogurtPark TraderJoes Gather Tilden Cinnaholic Slivers Cinnaholic HortonHall Stern BerkeleyHigh TennisCourts TPTea HildebrandHall Soda Platano Ippudo
100
Wheeler Wheeler
HortonHall HortonHall
KroeberHall KroeberHall
LatimerHall LatimerHall
LewisHall LewisHall
Morganhall Morganhall
Morrisonhall Morrisonhall
MulfordHall MulfordHall
NorthHall NorthHall
OptometryBuilding OptometryBuilding
AshaTeaHouse AshaTeaHouse
McDonalds McDonalds
Bonchon Bonchon
Firewings Firewings
HappyLemon HappyLemon
Ucha Ucha
Artichokes Artichokes
TacoBell TacoBell
Gongcha Gongcha
Yifang Yifang
Fengcha Fengcha
UCafe UCafe
SproulHall SproulHall
TPTea TPTea
SatherGate SatherGate
StrawberryCreek StrawberryCreek
BigC BigC
ClarkKerr ClarkKerr
Crossroads Crossroads
Cafe3 Cafe3
Raretea Raretea
Underhill Underhill
TraderJoes TraderJoes
Safeway Safeway
Marugame Marugame
Kips Kips
Pappys Pappys
BetaLounge BetaLounge
Spats Spats
Cornerstone Cornerstone
TripleRock TripleRock
LowerSproul LowerSproul
WursterHall WursterHall
Shengkee Shengkee
Plentea Plentea
Chipotle Chipotle
ImmThai ImmThai
Milkbomb Milkbomb
MemorialGlade MemorialGlade
EastAsianLibrary EastAsianLibrary
ThaiNoodle ThaiNoodle
Mezzo Mezzo
Slivers Slivers
Ikes Ikes
Teazone Teazone
PokeBar PokeBar
Quicklys Quicklys
TopDog TopDog
Gypsys Gypsys
SnackShack SnackShack
SmokesPoutinerie SmokesPoutinerie
GreatChina GreatChina
ThaiBasil ThaiBasil
Eureka Eureka
BSC BSC
Platano Platano
EastBaySpiceCompany EastBaySpiceCompany
TenderGreens TenderGreens
PeoplesCafe PeoplesCafe
SuperDuperBurgers SuperDuperBurgers
Target Target
JambaJuice JambaJuice
HalalGuys HalalGuys
ExtremePizza ExtremePizza
Gadani Gadani
Wikiwiki Wikiwiki
TheHabit TheHabit
Homeroom Homeroom
Cheeseboard Cheeseboard
ChezPanisse ChezPanisse
LaNote LaNote
Rachas Rachas
BobaNinja BobaNinja
SweetheartCafe SweetheartCafe
TukTukThai TukTukThai
Gather Gather
Venus Venus
SaturnCafe SaturnCafe
Jupiter Jupiter
AmoebaMusic AmoebaMusic
GrizzlyPeak GrizzlyPeak
LaBurrita LaBurrita
AndrewsApartment AndrewsApartment
BerkeleyArtStudio BerkeleyArtStudio
TheDwight TheDwight
BanshoRamen BanshoRamen
LittleCampanile LittleCampanile
Namaste Namaste
Muraccis Muraccis
UrbanOutfitters UrbanOutfitters
