Evans Cory Evans Artichokes Foothill HAAS BAMPFA Barrows Unit2 DurantHall Campbell Unit3 Bowles LeConte Moffit SouthHall HesseHall SouthHall NorthHall VLSB HearstMining MulfordHall MemorialStadium HortonHall Doe SatherGate GreekTheatre CanyonPool GreekTheatre StrawberryCreek Unit1 StrawberryCreek TripleRock Chipotle RSF Firewings CaliforniaHall InternationalHouse SatherGate ZellerbachHall Bowles HilgardHall Bowles KroeberHall Etcheverry KroeberHall TacoBell KroeberHall Bowles ZellerbachHall AshaTeaHouse ImmThai Blackwell ImmThai AlumniHouse BerkeleyWayWest Yifang UniversityVillage Wheeler UniversityVillage Yifang UCafe Chipotle ThaiNoodle Dwinelle MLK HildebrandHall Safeway Morganhall Marugame Gilman DavisHall LewisHall SproulHall Pappys Milkbomb BigC Kips LawrenceHall BancroftLibrary HavilandHall HappyLemon Moffit LeConte Gongcha Morrisonhall Campbell Eshelman Marugame McDonalds Marugame ThaiNoodle ClarkKerr Ucha ClarkKerr ThaiNoodle Dwinelle MLK LatimerHall Plentea Soda Plentea SutardjaDai Cornerstone Firewings Crossroads BetaLounge Crossroads Firewings DurantHall Unit2 Stern Unit2 Pappys Milkbomb MemorialGlade Kresge MemorialGlade StrawberryCreek HearstMining StrawberryCreek GreekTheatre SatherGate GiauqueHall SatherGate ZellerbachHall Bowles Unit3 Spats Boalt Spats TraderJoes Spats Unit3 Campbell WursterHall Evans
48
Doe Doe
HearstMining HearstMining
Wheeler Wheeler
LeConte LeConte
Moffit Moffit
Dwinelle Dwinelle
SouthHall SouthHall
Gilman Gilman
CaliforniaHall CaliforniaHall
Bowles Bowles
BancroftLibrary BancroftLibrary
DurantHall DurantHall
Stern Stern
Campbell Campbell
GreekTheatre GreekTheatre
BAMPFA BAMPFA
BerkeleyWayWest BerkeleyWayWest
LawrenceHall LawrenceHall
InternationalHouse InternationalHouse
Unit1 Unit1
Unit2 Unit2
Unit3 Unit3
Foothill Foothill
VLSB VLSB
RSF RSF
Blackwell Campanile Blackwell
ZellerbachHall ZellerbachHall
MLK MLK
Eshelman Eshelman
Soda Soda
Cory Cory
Barrows Barrows
HAAS HAAS
AlumniHouse AlumniHouse
Boalt Boalt
MemorialStadium MemorialStadium
CanyonPool CanyonPool
DavisHall BotanicalGardens DavisHall
Kresge Kresge
SutardjaDai SutardjaDai
Etcheverry Etcheverry
GiauqueHall GiauqueHall
UniversityVillage UniversityVillage
HavilandHall HavilandHall
HesseHall HesseHall
HildebrandHall HildebrandHall
HilgardHall HilgardHall
ThaiNoodle ThaiNoodle
