Loc76 Loc138 Loc0 Loc13 Loc142 Loc14 Loc15 Loc97 Loc17 Loc149 Loc155 Loc26 Loc148 Loc23 Loc156 Loc39 Loc168 Loc181 Loc176 Loc53 Loc67 Loc73 Loc75 Loc78 Loc81 Loc83 Loc89 Loc96 Loc100 Loc102 Loc125 Loc76
30
Loc0 Loc0 Loc19 Loc31 Loc56 Loc68
Loc13 Loc13 Loc35 Loc46 Loc98
Loc14 Loc14 Loc30 Loc50
Loc15 Loc12 Loc15 Loc21 Loc40 Loc66 Loc74 Loc79
Loc17 Loc17 Loc90
Loc23 Loc23
Loc26 Loc26
Loc39 Loc32 Loc38 Loc39 Loc41
Loc53 Loc2 Loc3 Loc25 Loc53 Loc62
Loc67 Loc24 Loc45 Loc67
Loc73 Loc73 Loc91 Loc94
Loc75 Loc43 Loc57 Loc75 Loc93
Loc76 Loc7 Loc11 Loc48 Loc76 Loc88
Loc78 Loc6 Loc78 Loc82
Loc81 Loc5 Loc69 Loc81
Loc83 Loc18 Loc20 Loc52 Loc80 Loc83
Loc89 Loc63 Loc89
Loc96 Loc9 Loc96
Loc97 Loc64 Loc97
Loc155 Loc28 Loc37 Loc49 Loc60 Loc61 Loc65 Loc85
Loc142 Loc58 Loc71
Loc176 Loc1 Loc33 Loc44 Loc55 Loc70
Loc181 Loc4 Loc29 Loc51 Loc95
Loc138 Loc8 Loc16 Loc77
Loc156 Loc10 Loc42 Loc72 Loc84
Loc149 Loc22 Loc34 Loc54 Loc86 Loc87
Loc168 Loc27 Loc99
Loc125 Loc36
Loc148 Loc47 Loc92
Loc102 Loc59
