S A E F P B C D 24 25 26 31 30 29 U 4 M 8 K J O 2 T 6 V N 28 34 35 36 35 40 39 38 V 6 Z 10 X W G 3 H 5 I B2 C2 D2 E2 F2 K2 J2 I2 H2 G2 11 Y 9 L 7 12 13 14 15 16 L2 M2 N2 O2 P2 V2 U2 T2 R2 Q2 R 20 19 18 17 Q 22 23 W2 X2 Y2 Z2 48 A3 B3 52 Z3 74 73 72 51 50 Q3 50 131 128 129 130 54 55 56 57 A2 57 62 61 60 59 U3 58 P3 F3 E3 J3 K3 64 M3 N3 65 66 67 68 67 81 80 79 V3 78 71 70 O3 70 76 84 75 85 86 W3 X3 Y3 X3 D3 C3 94 93 92 H3 91 G3 91 L3 96 97 98 99 107 I3 108 109 108 102 104 105 106 116 115 114 113 111 113 117 118 119 120 121 R3 T3 122 123 110 109 101 90 83 69 63 A2 53 49 V2 P2 K2 F2 E2 D2 C2 B2 I 1 43 44 45 46 47 42 37 33 132 27 26 25 24 D C B S
75
A A
B B
C C
D D
J3 J3
K3 K3
M3 M3
N3 N3
E E
F F
P P
O3 O3
U U
V3 V3
J J
K K
M M
N N
W3 W3
X3 X3
O O
Y3 Y3
T T
G3 G3
V V
H3 H3
C3 C3
D3 D3
W W
X X
Z Z
L3 L3
I3 I3
G G
H H
I I
B2 B2
C2 C2
D2 D2
E2 E2
F2 F2
L L
Y Y
G2 G2
H2 H2
I2 I2
J2 J2
K2 K2
R3 R3
T3 T3
L2 L2
M2 M2
N2 N2
O2 O2
P2 P2
R R
Q2 Q2
R2 R2
T2 T2
U2 U2
V2 V2
Q Q
W2 W2
X2 X2
Y2 Y2
Z2 Z2
A3 A3
Q3 Q3
Z3 Z3
B3 B3
A2 A2
E3 E3
F3 F3
P3 P3
U3 U3
