S A E F P B C D 24 25 26 27 32 31 30 29 U 4 M 8 K J O 2 T 6 V N 28 34 35 36 35 40 39 38 V 6 Z 10 X W G 3 H 5 I B2 C2 D2 E2 F2 K2 J2 I2 H2 G2 11 Y 9 L 7 12 13 14 15 16 L2 M2 N2 O2 P2 V2 U2 T2 R2 Q2 R 20 19 18 17 Q 22 23 W2 X2 Y2 Z2 R2 T2 N2 I2 D2 C2 B2 I 1 43 44 45 46 47 42 37 33 A2 27 26 25 24 D C B S
50
A A
B B
C C
D D
A2 A2
E E
F F
P P
U U
J J
K K
M M
N N
O O
T T
V V
W W
X X
Z Z
G G
H H
I I
B2 B2
C2 C2
D2 D2
E2 E2
F2 F2
L L
Y Y
G2 G2
H2 H2
I2 I2
J2 J2
K2 K2
L2 L2
M2 M2
N2 N2
O2 O2
P2 P2
R R
Q2 Q2
R2 R2
T2 T2
U2 U2
V2 V2
Q Q
W2 W2
X2 X2
Y2 Y2
Z2 Z2
