stop0 stop1 stop4 stop1 stop6 stop22 stop11 stop23 stop15 stop20 stop39 stop65 stop55 stop78 stop71 stop91 stop59 stop86 stop77 stop32 stop38 stop83 stop50 location10 stop0 location3 location9 stop53 location16 location21 location36 location24 stop6 location27 stop0
24
stop1 stop1 stop5 stop18
stop4 stop4 stop52
stop6 stop6
stop15 stop7 stop15 stop56 stop69 stop28 stop92
stop22 stop22
stop23 stop23 stop90
stop65 stop65 stop85 stop80
stop39 stop39 stop99
stop78 stop78 stop49 stop79 stop43
stop55 stop2 stop55
stop71 stop71
stop91 stop91 stop31
stop77 stop21 stop77
stop59 stop59
stop53 stop57 stop93 stop53
stop86 stop58 stop47 stop84 stop86
stop38 stop38
stop32 stop32 stop73
stop50 stop19 stop50
stop83 stop62 stop83
location21 stop30
location3 stop61
stop11 stop70
location9 stop46
