Hayward Norwich Utica Tucson PuntaGorda HavredeGrace JohnsonCity Fresno Topeka Omaha NewYorkCity Cincinnati NewportNews Marina Barnstable ThousandOaks Anchorage Charlotte Lubbock Melbourne Racine Bakersfield Arvada Tyler Eugene Downey Salem Deltona Huntsville CapeCoral PalmBay Hagerstown HuntingtonBeach LakeCharles Spartanburg Duluth Fullerton Flint Elkhart McAllen Frederick Waterbury Newburgh Hialeah Albuquerque Oxnard SanBuenaventura Layton Marysville Boise Portsmouth GrandRapids RichmondCounty Torrance Bethlehem CathedralCity NewBedford OverlandPark Greenville Modesto Stamford LasVegas Nashua RoundLakeBeach Kalamazoo Worcester Burlington ElPaso SaintPaul ElPaso Hampton CorpusChristi KansasCity NorthLasVegas Hartford Pittsburgh Birmingham Lafayette GreenBay Laredo Roseville Fullerton SantaClara Columbus Anaheim Lansing Billings Independence Minneapolis NewYork Bryan Aberdeen Sacramento StLouis DesMoines Scottsdale Harrisburg Bloomington Louisville Kissimmee Marina PortArthur Lacey Savannah OverlandPark Trenton Vancouver Boston LasCruces York Champaign SterlingHeights Springfield Harlingen Murrieta Tuscaloosa Lexington Gastonia Mesquite Visalia Cambridge Scranton Sarasota Ogden Norman Detroit Mobile Hemet Salinas Murfreesboro Laredo Roseville Fullerton Poughkeepsie SantaMaria Shreveport Reno Scranton Jefferson Killeen CostaMesa Bakersfield SouthBend Detroit BoiseCity PembrokePines Toledo Baltimore Fresno Orem Olympia Syracuse FortWaltonBeach Monroe SiouxCity SantaBarbara Fairfield Newark Tacoma PortSaintLucie Merced ElMonte Milwaukee StPaul Scranton Reno PortArthur RichmondCounty SiouxFalls Carrollton Boulder Kaneohe StLouis DesMoines Scottsdale Lorain Trenton Anaheim SanJose MorenoValley Sacramento Escondido SterlingHeights Eugene Muskegon Tallahassee Warren Lincoln Wilmington CapeCoral Mesquite Anchorage Norwich Norwalk SanBernardino Brownsville SanBuenaventura NewportNews SimiValley SanBernardino Pueblo Waterbury ThousandOaks Tucson Utica Burlington DalyCity SantaAna Paterson Norwich Hayward
98
PuntaGorda PuntaGorda
Tyler Tyler
Cincinnati Cincinnati
ThousandOaks ThousandOaks
Norwich Norwich
PalmBay PalmBay
Tucson Tucson
Utica Utica
Pueblo Pueblo
Albuquerque Albuquerque
Laredo Laredo
NewportNews NewportNews
Barnstable Barnstable
JohnsonCity JohnsonCity
Greenville Greenville
Eugene Eugene
Racine Racine
Nashua Nashua
RoundLakeBeach RoundLakeBeach
Harlingen Harlingen
Newburgh Newburgh
HavredeGrace HavredeGrace
Charlotte Charlotte
OverlandPark OverlandPark
Omaha Omaha
Topeka Topeka
CapeCoral CapeCoral
Deltona Deltona
Anchorage Anchorage
Marina Marina
Salem Salem
LasVegas LasVegas
Downey Downey
Hagerstown Hagerstown
Birmingham Birmingham
SanBuenaventura SanBuenaventura
Mesquite Mesquite
Flint Flint
McAllen McAllen
Lubbock Lubbock
CorpusChristi CorpusChristi
Layton Layton
Fullerton Fullerton
Bethlehem Bethlehem
NorthLasVegas NorthLasVegas
StLouis StLouis
GrandRapids GrandRapids
Frederick Frederick
Boise Boise
Arvada Arvada
Oxnard Oxnard
Hemet Hemet
Scranton Scranton
Fresno Fresno
Waterbury Waterbury
LakeCharles LakeCharles
Stamford Stamford
Olympia Olympia
RichmondCounty RichmondCounty
Duluth Duluth
Modesto Modesto
HuntingtonBeach HuntingtonBeach
Huntsville Huntsville
Lacey Lacey Plano
Burlington Burlington
Columbus Columbus
Savannah Savannah
Vancouver Henderson Vancouver
Detroit Detroit
Hialeah Hialeah
CathedralCity CathedralCity
NewYorkCity NewYorkCity
Marysville Marysville
GreenBay GreenBay
Bakersfield Bakersfield
Monroe Monroe
Louisville Louisville
ElPaso ElPaso
SantaClara SantaClara
Kissimmee Kissimmee
Newark Newark
Torrance Torrance
Hartford Hartford
Bloomington Bloomington
Kalamazoo Kalamazoo
NewBedford NewBedford
SiouxFalls SiouxFalls
Elkhart Elkhart
Champaign Champaign
Anaheim Anaheim
SaintPaul SaintPaul
York York
Spartanburg Spartanburg
Scottsdale Scottsdale
Aberdeen Aberdeen
Mobile Mobile
Melbourne Melbourne
Ogden Ogden
