Hayward Asheville McHenry PalmBay Modesto CedarRapids Burbank Chicago Monroe HuntingtonBeach Hickory Tyler Huntsville Yonkers Omaha PuntaGorda Kennewick Barnstable Charlotte Victorville Springdale Topeka Rochester Downey SaintLouis SanJose Aurora Bakersfield Aurora Tucson Bradenton SaintPaul Killeen Durham Lafayette PuntaGorda Wilmington GulfportBiloxi Lewisville Washington LakeCharles Washington LongBeach Milwaukee SantaCruz Independence Torrance FortWayne StPaul LongBeach StPaul Allentown Reading NewBedford DalyCity SantaClara Hayward DalyCity Bremerton PembrokePines Asheville Hayward
33
PuntaGorda PuntaGorda
Tyler Tyler McAllen
PalmBay PalmBay RichmondCounty
Barnstable Barnstable
Yonkers Yonkers
Burbank Burbank Danbury Atlanta
McHenry McHenry Waco
Charlotte Charlotte
Omaha Omaha
Topeka ThousandOaks Topeka Hampton
Downey Downey
Asheville Asheville Hickory
Chicago Chicago
Aurora Deltona Aurora
CedarRapids CedarRapids
LakeCharles LakeCharles Newark
Bradenton Tucson Bradenton
SantaCruz SantaCruz
Modesto Modesto
HuntingtonBeach HuntingtonBeach
Huntsville Huntsville
Monroe BelAir Monroe
Bakersfield Bakersfield York
Springdale Springdale
SantaClara SantaClara
Durham NewYorkCity Durham Bloomington Waterloo
Torrance Torrance
Kennewick Kennewick
NewBedford NewBedford
SaintPaul SaintPaul
SanJose GrandRapids
GulfportBiloxi Harlingen Memphis
Washington Tampa
