A TA4 C B K B L U TA1 TA5 TA7 TA6 TA8 TA2 TA9 TA11 TA12 TA10 TA13 TA17 TA18 TA20 TA22 TA24 H1 J1 M1 TB1 TB11 TA41 A TA91 TA31 TA101 TA131 TA161 TA171 TA231 TA241 A
33
TA1 TA1
TA2 TA2 TA191
TA4 TA4
TA5 TA5
TA6 TA6
TA7 TA3 TA7 TA15 TB21 TA51 TA111 TA121 TA151 TA211
TA8 TA8
TA9 TA9 TA81
TA10 TA10
TA11 TA11
TA12 TA12
TA13 TA13
TA17 TA17 TA19 TA61
TA18 TA18
TA20 TA20
TA22 TA TA22 TA221
TA24 TA24
TB1 TB1
TB11 TB11
TA31 TA31
TA41 TA41
TA91 TA91
TA101 TA101 TA201
TA131 TA71 TA131
TA161 TA161
TA171 TA171
TA231 TA231
TA241 TA16 TA241
M1 TA14
U TA21
K TA23
J1 TA141
H1 TA181
