A D U TA TA1 TA5 TA6 H1 TA9 TA11 TA12 TA16 TA232N TA15 TA22 TA23 TA24 I E1 TA61 C U1 TA71 TA91 TA81 TA101 TA111 TA151 TA161 TA171 TA211 TA221 TA231 J2 A B TA42N TA82N TA102N TA132N TA142N TA182N TA192N TA242N TA212N TA2012NN TA1812NN TA412NN B TA812NN TA512NN TA712NN TA912NN F TA1412NN F A
45
TA42N TA4 TA42N
TA82N TA82N TA12NN
TA102N TA2 TA62N TA102N
TA132N TA92N TA112N TA132N TA2112NN
TA142N TA142N TA1512NN
TA182N TA182N TA1012NN
TA192N TA41 TA192N TA112NN
TA212N TA51 TA212N
TA232N TA2N TA232N
TA242N TA242N TA1112NN
TA TA TA19 TA20 TA191
TA1 TA1 TA10
TA5 TA5
TA6 TA6
TA9 TA8 TA9
TA11 TA11 TA212NN
TA12 TA12
TA15 TA15
TA16 TA16 TA17 TA162N
TA22 TA22 TA152N
TA23 TA23
TA24 TA24 TB11 TA2312NN
TA412NN TA7 TA412NN
TA512NN TA512NN
TA712NN TA52N TA712NN
TA812NN TA13 TA14 TA241 TA32N TA222N TA812NN TA1212NN TA1612NN TA1712NN
TA912NN TA912NN
TA1412NN TA181 TA1412NN TA1912NN
TA1812NN TA12N TA22N TA72N TA122N TA1812NN
TA2012NN TA2012NN
TA61 TA61
TA71 TA18 TA71 TA141
TA81 TA81
TA91 TA91 TA172N
TA101 TA101 TA201 TA312NN
TA111 TA111 TA202N
TA151 TA3 TA151
TA161 TA131 TA161
TA171 TB21 TA171
TA211 TA31 TA211 TA612NN TA1312NN
TA221 TA21 TA221
TA231 TA231
U TA2212NN
A TA2412NN
U1 TB1 TA121
