0 1 2 1 4 1 6 7 1 9 1 11 1 13 1 15 1 17 1 19 20 22 23 21 27 26 25 24 20 28 29 30 31 21 32 33 34 35 36 51 41 40 39 38 37 32 42 43 51 45 44 32 46 47 48 49 50 51 52 53 54 52 62 63 64 65 73 69 68 67 66 62 70 71 72 73 74 76 77 78 79 80 81 75 85 84 83 82 74 86 74 87 74 88 89 91 92 93 90 97 96 95 94 89 98 99 90 103 102 101 100 89 104 105 106 107 111 110 109 108 109 110 111 112 114 112 116 112 118 112 120 112 121 122 123 124 125 128 127 128 129 130 137 136 135 134 133 132 131 128 129 130 137 138 140 141 142 143 144 139 146 145 138 147 148 149 150 156 155 154 153 152 151 147 148 149 150 156 157 163 157 168 157 172 157 173 174 176 174 178 174 180 174 182 174 184 174 186 174 188 174 189 190 192 190 194 190 197 198 191 199 0
50
2 2
130 130
4 4
7 7
136 136
142 142
15 15
17 17
146 146
148 148
23 23
25 25
154 154
30 30
33 33
163 163
40 40
168 168
42 42
44 44
172 172
48 48
176 176
178 178
53 53
54 54
182 182
186 186
64 64
192 192
194 194
67 67
198 198
72 72
76 76
83 83
86 86
87 87
91 91
94 94
99 99
101 101
105 105
108 108
114 114
120 120
124 124
127 127
157 158
52 56
