IvOdahrtFwzZ qFGlIHDqKyPA hPSXtHMMyKAK LNoKVqXhLEzn AoaIXEzdsCrm ubtvaUeVUfmV yVSfaizVeLPT qxhFFIUEfnzV rmWPWcGZXZMo ZPYnROAizafx BujzcwTOtypK QxNjgiXciQma nyTRNDRCsANl cRekprdsHHWw nlzJUuBrsbXD OIjApACwnyqG FLSRuaDcxhdD jXOmYlZmvqnI zCWezcJmUGqs mgKEFEWheOqk fblrDraNAUxK UYTxhnOtiPHB tFUGlRwdZPSe wXjNgGRCXYRl xXoCKkdkKAne JUgFfUYYdpcT ZPYnROAizafx ynBAbhbIrUei touUfboeiIya ocysUjOwnenm AQgpWBullbIi WnABnktZDxMx HVwGkspnDHbf AhJBAeSEuUkL cxysDYemjhta IvOdahrtFwzZ
33
qFGlIHDqKyPA SKbQkQUhqQEt qFGlIHDqKyPA
hPSXtHMMyKAK QZQElPdcHxru hPSXtHMMyKAK
LNoKVqXhLEzn LNoKVqXhLEzn TglqUXfjbefC
ubtvaUeVUfmV ubtvaUeVUfmV
yVSfaizVeLPT yVSfaizVeLPT
qxhFFIUEfnzV qxhFFIUEfnzV qlMzHEurfTvO lznMKRYSMheH gJMLzBkWmUoV
QxNjgiXciQma QxNjgiXciQma
AhJBAeSEuUkL WWtfhwMSzfGW AhJBAeSEuUkL IfTQNEFsiTgr
cRekprdsHHWw cRekprdsHHWw
nlzJUuBrsbXD IQvKLYGCcCbd ypApeqMQPnQA nlzJUuBrsbXD mvdksSctoMVi oOIjuHJcVRiV zOkfhFVfOKVi dXlgwkdKhUmB yHOsEGOhjOLt RQBxIsRWzmfl
nyTRNDRCsANl EwXugPkGUVkm EOKLHvbbCToE nyTRNDRCsANl gXcuqckdTdIP
AoaIXEzdsCrm AoaIXEzdsCrm lRgeGnDJBtMa
jXOmYlZmvqnI jXOmYlZmvqnI uzYTzVwixczQ
WnABnktZDxMx evRMhyiHKGXv WnABnktZDxMx
OIjApACwnyqG OIjApACwnyqG ybLCwZqVZKud
zCWezcJmUGqs TZmWJenJbEsV zCWezcJmUGqs
mgKEFEWheOqk ZPYnROAizafx mgKEFEWheOqk QFfSmYtuSTPl
fblrDraNAUxK fblrDraNAUxK sTgUExIipvWV
UYTxhnOtiPHB IcNVObbuvzWY UYTxhnOtiPHB FkNlSGMBOUbz
wXjNgGRCXYRl cpNycWVdmzHJ wXjNgGRCXYRl
xXoCKkdkKAne xXoCKkdkKAne ppfBOAvWYXyJ aXlcDzbXwAJW
touUfboeiIya pjemGRILnFei TTwdgXpOLyxF QDhUZstsJKtV touUfboeiIya
ocysUjOwnenm ctZWqndwhbJm aSpDrTbKBytW ocysUjOwnenm
AQgpWBullbIi HEwqlaeMfSzl WRiugWLCujBI AQgpWBullbIi NMSHhfMtAJZb JpwDMOwQmqOp nKmMbiEuiffc
HVwGkspnDHbf fiHhqLtPfdZy nxbMBCPhfQij wHeDieHMYzAK GvyjKkGcUdcI HVwGkspnDHbf WHSGrQQrrotE YGzazHdyrGCd tARvBeqQDqSY JNoAmCxHcsYw
BujzcwTOtypK jXgKDXnEJsra YvLRANdegrdA UGahWpWtmUQn oKIKkmsSWzmH
FLSRuaDcxhdD mZUBOQTZyXOM zypYDSZfKAvD WUqhotrexTBp sFSBpaJxLpBT
cxysDYemjhta vkOqMvrCUWYf RGYiIUdVAiVL
IvOdahrtFwzZ hLCSOZLNEdhX cQFNlImsTWTM nschEYWjrAsr XwPJYwaGcHxO
JUgFfUYYdpcT EKWhDcEeEkGK quZcTYtpBjSn zcAOlsVDUDkc
tFUGlRwdZPSe gkTmCiZxFrJw DiKlonktcqTP KtoZVrQmJWki WsLfQLsirtHk
ynBAbhbIrUei yFQWQWtUUMle PFpQuVVRxbvV
rmWPWcGZXZMo PKHkuTHeRXhO NxxrxPgsnMqG
