MfdzFvsdGbvl VyXrTLUcizAa buqjmAINqGzN tywOQDwDhjwZ SgyAcloZDNJV pQCFwcmaYfTN dDFWxTbuPymh EoEdLMroSPNp NlmuUUVQUbgI axLiuEEXvnsQ SojgLCNtJNvq ymJllvoAiAsf VyXrTLUcizAa dFUHctNjrywb GKWfMfVZxbJi QHpWWcCYavdw FCrKCfVsEsBk MOpktZzuQRCH oFUEyQPISWry mghmklyBsbHa EKlhdWMAwsNS ZjfLZjjegWJT DAmjVaIibnaw DFscNnuMhxUC hCxjbMrSlUJQ GemeldahvdVv TbekQRoKcInv hLGIbMiwjPgd MkUBuIisCVpZ rVqgoVgUmLRB LkEUjKFNAyBd GuSSYBNHDbKE plKUVNXwKfVb arcJTkwUqbUy mFYKjQfCsRtT QifLRRQkbeZy MfdzFvsdGbvl
31
VyXrTLUcizAa VyXrTLUcizAa VARFNCcqfgIc AMizjBPjmCZd
buqjmAINqGzN buqjmAINqGzN
tywOQDwDhjwZ tywOQDwDhjwZ
SgyAcloZDNJV SgyAcloZDNJV
dDFWxTbuPymh dDFWxTbuPymh
EoEdLMroSPNp EoEdLMroSPNp pkzKsTORVYro
pQCFwcmaYfTN pQCFwcmaYfTN
NlmuUUVQUbgI NlmuUUVQUbgI
QifLRRQkbeZy QifLRRQkbeZy
ymJllvoAiAsf ymJllvoAiAsf
axLiuEEXvnsQ axLiuEEXvnsQ
SojgLCNtJNvq SojgLCNtJNvq
FCrKCfVsEsBk mtRsLIzrlNLu FCrKCfVsEsBk
dFUHctNjrywb dFUHctNjrywb deJmWrylVSGK PvZWLvSzyZfH MLnLJmQHwuOS
QHpWWcCYavdw QHpWWcCYavdw
MOpktZzuQRCH MOpktZzuQRCH
ZjfLZjjegWJT PUcvIgREsriS ZjfLZjjegWJT
DFscNnuMhxUC DFscNnuMhxUC
hCxjbMrSlUJQ hCxjbMrSlUJQ
GemeldahvdVv GemeldahvdVv
TbekQRoKcInv TbekQRoKcInv
MkUBuIisCVpZ MkUBuIisCVpZ
hLGIbMiwjPgd PQTqeEtJjrHq hLGIbMiwjPgd
rVqgoVgUmLRB rVqgoVgUmLRB
GuSSYBNHDbKE GuSSYBNHDbKE
GKWfMfVZxbJi RICmsRCgzRsB UVLyMXgqTFaJ GKWfMfVZxbJi
plKUVNXwKfVb plKUVNXwKfVb BkcPMTugAswL
arcJTkwUqbUy arcJTkwUqbUy
mFYKjQfCsRtT mFYKjQfCsRtT
mghmklyBsbHa AGbRQRBgaOdX noaMakAlHdwq DvRTDyBMOCbT PnbamVANEguC jBrNTBMPxyQD uFHfCerNFIme rrRAqFcoDYfk IHnRSACwPeSd
EKlhdWMAwsNS BbyhqvohDUZK
