Soda A5 A6 A2 A4 A3 A8 B5 B6 A10 C1 D3 B7 A9 A5 Soda C2 D4 C3 D7 D5 A1 A7 B8 D1 D9 C10 A7 C9 Soda C4 E3 C5 B2 C7 B3 E5 B1 C6 E4 C6 B1 E7 B1 E5 B2 C5 Soda A B H AB Z Y AP Y N G A C J I AF I C A D K T AI AS AT AE K D A E Q U AG V P E A F M F O W AN W AC AM AX AO X O F A Soda C2 E2 E1 C3 D8 B9 B10 A7 C9 Soda A5 A6 A2 C8 B4 A3 A4 A9 A5 Soda A D K AI AU AI AH AW AH AI K D A Soda
39
A1 A1
A3 A3
A5 A5
A7 A7
A9 A9
B1 B1
B3 B3
B5 B5
B7 B7
B9 B9
C1 C1
C3 C3
C5 C5
C7 C7
C9 C9
D1 D1
D3 D3
D5 D5
D7 D7
D9 D9
E1 E1
E3 E3
E5 E5
E7 E7
H H
J J
N N
P P
Q Q
T T
AB AB
AC AC
AF AF
AG AG
AO AO
AP AP
AS AS
AU AU
AW AW
