1 21 31 23 27 9 1 14 25 41 29 5 35 39 7 3 37 47 43 49 53 1 11 51 10 55 15 65 3 1 59 11 20 67 63 71 10 68 61 85 4 74 3 73 3 75 79 69 81 83 5 95 91 87 89 99 97 10 100 2 103 2 102 8 105 109 2 107 111 101 2 123 115 119 113 1 125 121 131 24 127 4 133 135 17 129 137 6 139 33 141 20 149 147 23 143 13 145 57 5 7 1
70
1 1
129 129
3 3
131 19 131
5 5
133 133
7 7
135 135
9 9
137 137
11 11
139 139
141 141
13 13
15 15
143 143
17 17
145 145
147 147
21 21
149 93 117 149
23 23
25 25 45
27 27
29 29
31 31
33 33
35 35
37 37
39 39
41 41
43 43
47 47
49 49
51 51
53 53
55 55
57 57
59 59
61 61
63 63
65 65
67 67
69 69
71 71
73 73
75 75
79 79
81 81
83 83
85 85
87 87
89 89
91 91
95 95
97 97
99 99
101 101
103 103
105 105
107 107
109 109
111 111
113 113
115 115
119 119
121 121
123 77 123
125 125
127 127
