Austin Stacy Hannah Elizabeth Debra Susan Brad Patrick Terry Jonathan Walter Gina Ashley Kari Paige Jordan Jared Austin Katherine Jeanette Glenda Danielle Maxwell Michael Austin Victoria Austin
23
Paige Paul Jamie Paige
Victoria Victoria Natasha Steven
Elizabeth Elizabeth
Jeanette Dennis April Jennifer Jeanette
Debra John Debra Scott
Hannah Hannah Elaine
Patrick Patrick Sara
Glenda Glenda
Maxwell Amy Maxwell
Walter Walter Daniel
Jonathan Robert Jonathan Robin
Gina Gina Edward Janet Garrett Cassandra Kyle
Ashley Sean Ashley
Danielle Danielle Alex
Michael Michael
Kari Joshua Melissa Kari Donald
Jordan Jordan
Terry Rhonda Rachel
Stacy Eugene
Jared Mariah
Brad Juan
Susan Ralph
Katherine Monique Melinda
