Jason Misty Gabriel Brad Gabriel Kevin Regina Kristen Jacob Andre John Terry Timothy Steven Cristian Derek Ricky Johnny Jennifer Jose Melissa Heather Jason
18
Kristen Rebekah Kimberly Rebecca Kristen Jill Susan
Misty Misty Lauren Joseph Amanda Stephen
Cristian Cristian Brett Brittany Kathy
Ricky Nathaniel Ricky Brian Charles Dustin
Regina Tristan Paul Regina Monica Kyle
John Gabriel John Dylan James Bryan
Brad Brad Shane Gregory Elizabeth Nicholas
Jennifer David Cheryl Christina Scott Juan Jennifer
Timothy Katelyn Timothy Jacqueline Mercedes
Jose Jose Carol Tommy Alexandra
Melissa Heather Kara Dana Laura Melissa Andrew Wayne Jeffrey Ashley
Johnny Edwin Melinda
Steven Derek Roy Johnathan Stacie Mary Logan Michelle Grace April Jordan Robin
Jacob Nicole Claire Crystal Kayla Jane Rachel
Jason Adam Joshua Mario Carrie Jeffery Mark Kelsey Ronnie Jeremy Tammy
Kevin Shannon Kari William Shawn
Terry Samantha Evan Robert Megan Wendy Sabrina Randy
Andre Adrian Karen
