Florges Masquerain Carracosta Doublade Ralts Toxapex Moltres Persian Weepinbell Dusknoir Serperior Poliwag Togetic Delibird Stufful Bidoof Piloswine Eelektrik Infernape Timburr Pinsir Regice Zubat Vespiquen Cofagrigus Pichu Dialga Snorunt Masquerain Cofagrigus Celebi Toxapex Tsareena Espurr Poliwrath Zapdos Slugma Flaaffy Palkia Infernape Weavile Bayleef Aurorus Tentacruel Typhlosion Primarina Kricketot Dusknoir Furfrou Buzzwole Hakamoo Togetic Shieldon Pidgey Sentret Roggenrola Wormadam Bewear Purrloin Kricketune Florges
35
Carracosta Carracosta
Purrloin Purrloin
Timburr Timburr
Poliwag Poliwag
Poliwrath Poliwrath Scolipede
Persian Persian
Pichu Pichu
Zapdos Zapdos
Ralts Ralts
Togetic Celesteela Togetic
Moltres Moltres Machoke
Piloswine Piloswine
Infernape Infernape
Kricketot Kricketot
Primarina Primarina
Celebi Sentret Manectric Celebi
Stufful Stufful
Delibird Volbeat Delibird Cascoon
Zubat Zubat
Dusknoir Dusknoir
Tentacruel Tentacruel
Bidoof Bidoof
Regice Regice
Tsareena Weepinbell Tsareena
Dialga Dialga
Aurorus Aurorus
Bayleef Bayleef
Buzzwole Lillipup Wailmer Buzzwole Girafarig
Wormadam Yanmega Bergmite Wormadam
Hakamoo Gastrodon Hakamoo
Pidgey Cherrim Bisharp
Flaaffy Omastar
Cofagrigus Hitmonlee
Masquerain Bouffalant
Florges Shaymin
