Granbull Absol Dustox Octillery Roserade Cosmog Arbok Spiritomb Probopass Inkay Butterfree Absol Torchic Cascoon Tsareena Rapidash Heatran Marshtomp Zebstrika Sentret Shellder Kirlia Unown Mimikyu Lotad Quilava Ampharos Exeggcute Torracat Spinda Spiritomb Slakoth Happiny Rapidash Munna Lampent Electrike Crawdaunt Illumise Rotom Whismur Haxorus Bonsly Chinchou Skrelp Jolteon Rockruff Binacle Patrat Mawile Spearow Swadloon Buizel Azurill Beedrill Budew Grumpig Marshtomp Porygon Whiscash Greninja Lunala Mantine Diggersby Cinccino Gliscor TypeNull Cubone Butterfree Metagross Glaceon Gulpin Arbok Malamar Kangaskhan Stunfisk Alomomola Charizard Conkeldurr Relicanth Slakoth Lycanroc Raichu Roselia Spewpa Infernape Heatmor Fletchling Krookodile Tirtouga Ursaring Whimsicott Mightyena Darkrai Swanna Kyurem Crabominable Rapidash Floette Remoraid Machamp Reshiram Golbat Heatran Rockruff Magmar Politoed Bidoof Charmander Deino Salandit Electrode Reuniclus Hoppip Altaria Jirachi Spiritomb Eelektrik Serperior Bergmite Rufflet Drilbur Zigzagoon Cyndaquil Mudsdale Pidgeot Dustox Inkay Beedrill Goomy Staravia Carbink Bronzor Rhyhorn Hitmontop Lapras Sylveon Staravia Cyndaquil Happiny Trumbeak Carnivine Roserade Elekid Ivysaur Metapod Morelull Volcarona Ninjask Rufflet Corphish Darkrai Swanna Probopass Flygon Dragonair Feraligatr Magmortar Skrelp Masquerain Nuzleaf Luvdisc PorygonZ Glalie Electrike Chatot Deoxys Floatzel Lucario Bulbasaur Typhlosion Chespin Spiritomb Exeggcute Lileep Oshawott Greninja Torkoal Kyurem Furfrou Kyurem Vivillon Corphish Stoutland Budew Skitty Bagon Rockruff Granbull
99
Tsareena Tsareena
Absol Absol
Unown Unown
Roserade Roserade
Dustox Dustox
Heatran Heatran
Butterfree Butterfree
Ampharos Ampharos
Spiritomb Spiritomb
Torchic Torchic
Cosmog Cosmog
Arbok Arbok
Cascoon Cascoon
Torracat Torracat
Chinchou Chinchou
Crawdaunt Crawdaunt
Slakoth Slakoth
Mimikyu Mimikyu
Happiny Happiny
Quilava Quilava
Kangaskhan Kangaskhan
Rockruff Rockruff
Bonsly Bonsly
Grumpig Grumpig
Spinda Spinda
Cinccino Cinccino
Budew Budew
Sylveon Sylveon
Mawile Mawile
Beedrill Beedrill
Lampent Lampent
Greninja Greninja
Malamar Malamar
Buizel Buizel
Jolteon Jolteon
Mantine Mantine
Charizard Charizard
Gliscor Gliscor
Binacle Binacle
Relicanth Relicanth
Raichu Raichu
Cubone Cubone
Krookodile Krookodile
Heatmor Heatmor
Swanna Swanna
Diggersby Diggersby
Whiscash Whiscash
Metagross Metagross
TypeNull TypeNull
Whimsicott Whimsicott
Lycanroc Lycanroc
Mightyena Mightyena
Floette Floette
Jirachi Jirachi
Mudsdale Mudsdale
Darkrai Darkrai
Reuniclus Reuniclus
Remoraid Remoraid
Magmar Magmar
Rufflet Rufflet
Reshiram Reshiram
Crabominable Crabominable
Machamp Machamp
Charmander Charmander
Electrode Electrode
Serperior Serperior
Golbat Golbat
Infernape Infernape
Hitmontop Hitmontop
Trumbeak Trumbeak
Flygon Flygon
Bronzor Bronzor
Bergmite Bergmite
Torkoal Torkoal
Goomy Goomy Blissey
Metapod Metapod
Corphish Corphish
Probopass Probopass
Lapras Lapras
Carnivine Carnivine
Pidgeot Pidgeot
Exeggcute Exeggcute
Carbink Carbink
Magmortar Magmortar
Electrike Electrike
Ninjask Ninjask
PorygonZ PorygonZ
Lileep Lileep
Feraligatr Feraligatr
Floatzel Floatzel
Glalie Glalie
Deoxys Deoxys
Chespin Chespin
Luvdisc Luvdisc
Vivillon Vivillon
Chatot Chatot
Typhlosion Typhlosion
Nuzleaf Nuzleaf
Skitty Skitty
