node26 node4 node22 node99 node37 node9 node8 node14 node85 node13 node19 node6 node23 node49 node55 node46 node16 node41 node44 node67 node70 node75 node48 node77 node87 node66 node64 node95 node71 node78 node2 node73 node4 node15 node2 node79 node19 node82 node4 node26
26
node2 node2 node47
node4 node4 node39
node6 node6
node8 node8 node45 node72
node9 node9
node13 node13
node14 node14
node37 node37
node41 node36 node41
node44 node3 node32 node44
node46 node46
node49 node49
node55 node55
node64 node64
node66 node66
node67 node67
node70 node70
node71 node71
node75 node20 node75
node78 node78 node91
node79 node79
node85 node85
node95 node27 node60 node95
node99 node84 node99
node87 node48 node59 node63
node22 node51
