node142 node23 node136 node18 node140 node5 node169 node138 node31 node152 node27 node159 node10 node53 node171 node164 node179 node7 node70 node62 node57 node34 node102 node178 node13 node192 node11 node83 node66 node6 node87 node77 node13 node74 node107 node3 node22 node2 node21 node125 node1 node124 node127 node15 node142
34
node2 node2 node20 node143
node5 node5 node103
node136 node88 node136
node140 node50 node56 node93 node140
node18 node18 node60
node23 node23 node81
node152 node108 node152
node27 node27
node31 node31 node135 node196
node34 node34 node162
node164 node80 node111 node164 node177
node169 node169
node171 node86 node119 node171
node53 node53 node122 node148
node62 node62
node66 node66 node121 node170
node70 node70 node91
node77 node77 node129
node87 node17 node87 node94 node123
node102 node102 node144
node107 node107
node124 node65 node78 node124
node125 node10 node47 node99 node125 node154 node161
node127 node6 node127 node166
node74 node40 node45 node92 node199
node57 node112 node182
node192 node128 node151
node179 node130
node22 node11 node69
node83 node24 node183
node138 node26 node160 node185
node159 node163
node142 node39
node178 node89
