1 16 90 17 83 7 43 100 0 22 35 26 100 2 100 10 100 3 100 51 111 100 4 49 93 25 100 5 171 54 75 76 50 27 29 95 32 160 72 33 66 112 30 8 12 100 104 100 57 37 81 48 115 18 47 23 100 77 177 100 153 100 147 189 89 129 121 59 100 122 21 141 100 119 117 100 9 170 100 116 100 80 175 44 100 14 164 105 79 78 100 132 19 88 41 63 40 135 157 91 176 191 60 100 125 182 100 151 142 62 134 100 73 34 179 100 15 100 24 100 194 67 92 100 185 100 28 100 31 100 42 100 36 100 38 100 39 55 68 100 45 196 100 46 101 100 98 100 56 100 58 100 131 100 61 100 64 100 181 183 155 137 100 120 100 69 100 70 86 127 100 74 100 82 100 84 124 195 178 100 85 100 97 99 100 102 100 113 100 114 100 123 100 128 180 100 136 100 138 100 144 100 148 100 150 100 152 100 158 199 159 6 161 100 163 100 168 100 169 100 172 100 174 100 184 100 186 100 187 100 188 100 192 100 193 100 197 100 1
100
0 0
1 1
3 3
8 8
10 10
12 12
15 15
16 16
18 18
19 19
21 21
22 22
24 24
25 25
26 26
27 27
28 28
29 29
30 30
31 31
32 32
35 35
36 36
38 38
43 43
44 44
45 45
49 49
50 50
54 54
55 55
56 56
57 57
59 59
60 60
63 63
68 68
74 74
76 76
77 77
80 80
82 82
83 83
84 84
86 86
88 88
89 89
93 93
97 97
99 99
101 101
105 105
111 111
113 113
115 115
117 117
119 119
121 121
124 124
125 125
127 127
129 129
131 131
134 134
136 136
137 137
138 138
141 141
142 142
148 148
150 150
151 151
153 153
155 155
157 157
158 158
159 159
160 160
163 163
164 164
170 170
171 171
172 172
174 174
175 175
177 177
178 178
180 180
182 182
183 183
186 186
188 188
189 189
191 191
192 192
193 193
194 194
195 195
196 196
199 199
