21 20 40 5 15 14 13 12 44 41 11 81 80 2 1 24 31 30 29 36 35 34 3 22 64 17 16 126 57 56 55 19 18 25 23 45 7 8 6 33 155 141 89 78 187 38 37 86 47 48 46 42 111 9 10 63 71 63 83 82 167 108 60 59 50 27 43 73 87 95 97 4 58 93 142 99 98 39 52 49 144 74 75 100 62 28 128 105 85 86 139 103 174 6 79 48 65 121 115 84 124 110 104 76 70 69 66 67 177 150 53 54 51 120 119 118 117 101 92 91 90 106 94 88 147 140 143 131 15 122 123 190 116 133 171 113 146 145 189 112 109 176 148 149 186 159 158 96 8 32 173 161 179 125 137 125 153 152 163 162 178 165 50 197 196 61 134 181 180 126 127 156 157 172 182 183 184 20 154 29 175 151 191 138 34 129 128 135 136 74 121 170 135 188 107 169 107 139 103 192 193 194 101 198 199 198 10 78 4 185 4 97 95 195 95 97 21
98
1 1
3 3
5 5
7 7
9 9
11 11
13 13
15 15
17 17 77
19 19
21 21
23 23
25 25
27 27
29 29
31 31
33 33
35 35
37 37
39 39
41 41
43 43
45 45
47 47
49 49
51 51
53 53
55 55
57 57
59 59
61 61
63 63
65 65
67 67
69 69
71 71
73 73
75 75
79 79
81 81
83 83
85 85
87 87
89 89
91 91
93 93
95 95
97 97
99 99
101 101
103 103
105 105
107 107
109 109
111 111
113 113
115 115
117 117
119 119
121 121
123 123
125 125
127 127
129 129
131 131
133 133
135 135
137 137
139 139
141 141
143 143
145 145
147 147
149 149
151 151
153 153
155 155
157 157
159 159
161 161
163 163
165 165
167 167
169 169
171 171
173 173
175 175
177 177
179 179
181 181
183 183
185 185
187 187
189 189
191 191
193 193
195 195
197 197
