74 72 71 73 75 18 11 13 16 11 14 11 12 19 18 38 21 23 25 26 28 29 30 24 21 46 2 6 2 8 2 151 58 52 53 54 57 59 55 58 63 61 62 66 68 70 69 63 87 81 82 83 88 85 89 84 90 84 87 98 95 96 99 91 100 98 102 104 102 118 111 112 113 112 114 116 119 118 121 122 121 123 121 125 126 121 128 121 132 136 135 137 139 140 131 132 141 142 141 145 146 148 141 169 161 163 164 165 166 167 168 161 169 172 171 175 178 179 180 174 172 182 181 185 182 187 189 182 192 191 192 197 198 199 192 38 31 33 32 35 36 37 39 38 46 41 47 41 50 46 75 76 77 80 75 151 153 156 157 154 160 154 153 151 75 78 74
99
2 2
6 6
8 8
11 11
13 13
14 14
16 16
19 19
23 23
25 25
26 26
28 28
29 29
30 30
31 31
32 32
35 35
36 36
37 37
38 38
39 39
41 41
46 46
47 47
50 50
52 52
53 53
54 54
55 55
57 57
58 58
59 59
61 61
62 62
66 66
68 68
69 69
70 70
73 73
74 74
75 75
76 76
77 77
80 80
81 81 86
82 82
83 83
85 85
88 88
89 89
96 96
99 99
104 104
111 111
113 113
114 114
116 116
118 118
119 119
122 122
126 126
128 128
131 131
135 135
136 136
137 137
139 139
140 140
141 141
142 142
145 145
146 146
148 148
151 151
153 153
156 156
157 157
160 160
161 161
163 163
164 164
165 165
166 166
167 167
168 168
169 169
172 172
174 174
175 175
178 178
179 179
180 180
185 185
189 189
191 191
192 192
197 197
198 198
199 199
