75 71 73 76 78 74 10 1 2 4 7 6 9 1 10 11 12 13 16 11 14 11 17 19 20 13 11 21 23 22 24 26 28 30 24 21 35 31 33 32 36 37 31 38 31 35 43 42 41 46 48 45 47 41 50 43 51 53 55 51 57 59 55 60 51 61 64 61 63 66 67 61 70 69 62 61 88 82 86 87 89 84 90 84 88 99 91 92 94 91 96 98 97 100 91 99 74 72 80 75
50
1 1
2 2
7 7
10 10
12 12
13 13
16 16
19 19
20 20
21 21
22 22
24 24
26 26
28 28
30 30
31 31
32 32
33 33
36 36
37 37
42 42
45 45
47 47
50 50
53 53
59 59
63 63
66 66
67 67
69 69
70 70
71 71
72 72
73 73
74 74
75 75
76 76
78 78
80 80
82 82
86 86
87 87
88 88
89 89
91 91
92 92
94 94
97 97
98 98
100 100
