L55 L17 L19 L4 L7 L8 L1 L22 L23 L182 L31 L38 L1 L43 L1 L49 L50 L56 L52 L59 L53 L68 L64 L69 L70 L170 L82 L95 L1 L83 L87 L42 L89 L101 L102 L103 L104 L112 L114 L133 L144 L143 L127 L136 L152 L1 L158 L159 L160 L0 L3 L163 L168 L0 L174 L0 L193 L0 L196 L199 L178 L184 L0 L177 L0 L185 L191 L55
55
L0 L0 L139
L4 L4
L133 L10 L133
L7 L7 L47 L138
L8 L8 L165
L136 L136
L143 L143
L144 L144 L167
L19 L19
L22 L22 L129
L23 L23
L152 L152 L195
L158 L142 L158
L159 L24 L159
L160 L160
L31 L31 L45
L38 L38
L168 L168 L189
L170 L170
L43 L2 L15 L43 L96 L105 L117
L42 L42
L174 L174
L177 L177
L50 L50
L178 L141 L178
L53 L53
L182 L16 L20 L35 L76 L108 L115 L131 L182 L190
L55 L55 L74
L56 L56
L184 L37 L99 L184
L185 L6 L185
L59 L59 L134
L191 L33 L54 L166 L191
L64 L64
L193 L193
L68 L68
L69 L69 L132
L70 L70 L186
L196 L71 L196
L199 L199
L82 L82
L87 L73 L87 L94
L89 L41 L89
L95 L93 L95 L121
L101 L101
L102 L102 L145
L103 L103
L104 L104
L112 L112
L114 L114
L127 L127
L3 L30
L17 L34 L36
L52 L67 L119
L163 L90
