Soda Somalia Mozambique Congo Heard Djibouti Eritrea Latvia Pitcairn Palau Kyrgyzstan Bolivia Equatorial Sint Netherlands Mozambique Albania Bolivia Mongolia Lithuania Martinique Moldova Korea Jersey El Belize El Soda
19
Pitcairn Saint Sao Macao Pitcairn
Congo Lao Egypt Congo
Palau Cambodia Antigua Finland Palau
Kyrgyzstan Burkina Niger Northern Kyrgyzstan
Sint Aruba Sint Malawi Croatia
Latvia Latvia
Belize Belize
Netherlands Hong Kiribati Lebanon Netherlands
Moldova Moldova
Albania Albania Pakistan
Eritrea Indonesia Bahamas Rwanda Republic
Mongolia United Jamaica Mexico
Mozambique Argentina Nigeria
Equatorial Japan
Jersey Algeria Burundi Liberia
Djibouti Fiji Singapore
Martinique Mayotte
Soda New Ireland Iraq
Heard Korea Luxembourg British
