FleaBottom TheAturanEmpire SatishVille Eggmanland Trebon Dagobah TheVale Carvahall TheSpine ShriekingShack IronIslands Yll TheBurningPlains Olivanders KingsLanding HorneaterPeaks Vintas HighGarden Batcave GringottsBank Severen UtgardMountain Glimthain Tartarus Bobbingbourne Urubaen Peterborough Accrington MinistryofMagic Arkham RockofKuthian FleaBottom
20
Olivanders Olivanders
Vintas Vintas
Yll Yll
TheBurningPlains TheBurningPlains TheGreatDivide
Batcave TheBoilingRock Batcave
SatishVille SatishVille Ademre Ebonfall
Eggmanland Eggmanland
TheVale TheVale
Trebon Trebon
ShriekingShack ShriekingShack
UtgardMountain UtgardMountain
Glimthain Glimthain
Bobbingbourne Bobbingbourne
Accrington Accrington
MinistryofMagic MinistryofMagic
HighGarden HighGarden
Urubaen Urubaen
Arkham Westopolis Arkham
GringottsBank GringottsBank
TheSpine Coalwatch
