Meckgue TheFingers CasterlyRock WitheredHeath Steeltown SerpantsPass Ademre BikiniBottom Millingburg Grayburn Eggmanland LakeLaogai ShriekingShack ShatteredPlains Zootropolis MountOlympus TheWhompingWillow TheVale Neddingtown RepublicCity TreeofTime Dagobah Essos KoralReef Tartarus TheWaystoneInn TheArcanum Braavos JahKeved FogofLostSouls Murkcairn Netherfort Gizton Ceald Lorien TheHogsHead Toperhagen Yunkai EarthKingdom Naboo GringottsBank HorneaterPeaks FlourishBlotts Urubaen Carvahall ThePrancingPony TheWhompingWillow MountOlympus Omniverse Ellesmera TheSwamp Meereen Omashu UtgardMountain Endor TheUniversity Barkamsted Bellechulish Atlantas LeakyCauldron TheFae Keld GooLagoon SerpantsPass Ademre BoarsEye Blagworth Vintas Omashu Larcbost TheEyrie TheReshiIsles Winterfell Essos MinistryofMagic Ramshorn Glimthain Alethkar Shadesmar Vexhollow TheUnderworld EasternAirTemple BeyondtheWall TheBoilingRock Belhaben ZhaoFu RepublicCity Beldenn RepublicCity MysticRuins TheGodswood Sanlow Gotham Boatwright TheKrustyKrab Meckgue VaultofSouls Kinecardine EarthKingdom TheSpine Boatwright Eggmanland Castamere Eggmanland TheWaystoneInn TheEolian TheUnderworld Vexhollow Braavos Dagobah Essos Arkham Essos HighGarden Meckgue
50
RepublicCity RepublicCity
LakeLaogai LakeLaogai
Gizton Gizton
TheWaystoneInn TheWaystoneInn
TreeofTime TreeofTime
Steeltown Steeltown
Lorien Lorien
ShatteredPlains ShatteredPlains
Braavos Braavos
Ademre Ademre
Dagobah Dagobah
Carvahall Carvahall
TheHogsHead TheHogsHead
KoralReef KoralReef
Meckgue Meckgue
Murkcairn Murkcairn
Tartarus Tartarus
Yunkai Yunkai
EarthKingdom EarthKingdom
Netherfort Netherfort
Sanlow Sanlow
TheVale TheVale
Keld Keld
ThePrancingPony ThePrancingPony
GooLagoon GooLagoon
Meereen Meereen
UtgardMountain UtgardMountain
Ellesmera Ellesmera
Urubaen Urubaen
FlourishBlotts FlourishBlotts
Grayburn Grayburn
LeakyCauldron LeakyCauldron
ZhaoFu ZhaoFu
Winterfell Winterfell
TheUniversity TheUniversity
BeyondtheWall BeyondtheWall
Larcbost Larcbost
EasternAirTemple EasternAirTemple
Beldenn Beldenn
TheBoilingRock TheBoilingRock
MysticRuins MysticRuins
TheGodswood TheGodswood
Gotham Gotham
Vexhollow Vexhollow
VaultofSouls VaultofSouls
TheArcanum TheArcanum
TheKrustyKrab TheKrustyKrab
Castamere Castamere
TheSpine TheSpine
Kinecardine Kinecardine
