21 0 130 149 132 133 135 10 146 29 3 0 118 36 170 42 41 175 176 60 47 53 58 85 197 78 108 100 96 112 114 117 116 121 21
32
130 88 127 130 142
133 131 133 154
135 40 56 62 135
10 10
146 32 87 146
21 21 61 90 188
149 149
29 23 29 68 97
36 16 36
170 170
42 14 42 194
47 7 47
176 75 139 176 186
53 53 95
60 48 51 60 81 119
78 78
96 15 20 34 96 102
100 45 54 100 137
108 38 64 108 115 122 151 172 177 196
114 114
116 46 72 116 125 144
118 118 147
121 121 156 178
117 18 30 49 74
0 91 120 159
58 2 17 27 169 180 184
175 24 105 136
41 31 103
197 37 82 152 160
85 134 168
132 163 190
112 167
