1FoundersRock 70Stonefire 48Esplanade 55Hilgard 32DeltaPhiEpsilon 33Wada 35ChanningBowdwitch 36CasaZimbabwe 39SanFransisco 41FoundersRock 43FacultyClub 44HearstGreekTheatre 34Martinez 46DoeLibrary 50Bridge 51HearstGymnasium 52California 54Wellman 57Wheeler 64Blackwell 65Foothill 66ClarkKerr 67InternationalHouse 73Wada 74Martinez 76CasaZimbabwe 78RajProperties 80Oaktown 1FoundersRock
28
32DeltaPhiEpsilon 32DeltaPhiEpsilon 47SatherTower
33Wada 33Wada
34Martinez 34Martinez 37OtherCoop 40Oaktown 42UniversityHouse 49SatherGate 58NorthGate 60Ehrman 63Unit3 69VarsityBerkeley 75ChanningBowdwitch 77OtherCoop
35ChanningBowdwitch 35ChanningBowdwitch
36CasaZimbabwe 36CasaZimbabwe 59SouthHall
39SanFransisco 39SanFransisco
41FoundersRock 41FoundersRock
43FacultyClub 43FacultyClub
44HearstGreekTheatre 44HearstGreekTheatre
46DoeLibrary 31Hillegass 46DoeLibrary
48Esplanade 48Esplanade
50Bridge 50Bridge
51HearstGymnasium 51HearstGymnasium 61Unit1
52California 52California
54Wellman 54Wellman
55Hilgard 55Hilgard
57Wheeler 57Wheeler 72DeltaPhiEpsilon
64Blackwell 64Blackwell
65Foothill 65Foothill
66ClarkKerr 45HearstMemorial 56Giannini 66ClarkKerr 79SanFransisco
67InternationalHouse 67InternationalHouse
70Stonefire 62Unit2 70Stonefire
73Wada 73Wada
74Martinez 71Hillegass 74Martinez
76CasaZimbabwe 53Durant 76CasaZimbabwe
78RajProperties 78RajProperties
80Oaktown 80Oaktown
1FoundersRock 38RajProperties 68SodaHall
