s l44 l10 l1 l27 l3 l20 l13 l16 l9 h81 l40 l31 l33 l38 l3 h65 h60 h56 l5 h67 h66 l3 h70 h59 h63 h62 h55 l13 h91 h92 h64 h72 h75 h61 l1 h74 h90 l22 h83 h88 l1 h86 h95 h58 l2 h94 h97 l22 h96 l8 l24 s
34
h55 h55 h69 h78
h56 h56
h58 h53 h57 h58
h59 h59
h60 h60
h61 h61
h62 h62
h63 h63 h89
h64 h64 h85
h65 h65
h66 h66
h67 h67 h76
h70 h70
h72 h72 h77
h74 h50 h74
h75 h52 h68 h75
h81 h81
h83 h83
h86 h82 h86
h88 h88
h90 h90
h91 h91
h92 h71 h92
h94 h94
h95 h95
h96 h96
h97 h51 h97
l8 h54 h80 h98
l31 h99
l24 h73
l38 h79
l9 h84
l44 h87
l33 h93
