73 34 11 2 3 4 2 5 2 6 2 8 2 11 19 11 22 33 11 14 11 23 27 28 29 30 11 24 17 45 46 37 36 59 20 11 25 11 26 11 38 37 53 40 41 42 19 18 55 35 75 37 56 61 36 11 44 11 17 47 50 51 17 19 57 19 34 66 67 68 71 63 34 72 34 64 65 64 34 62 77 62 34 11 22 60 22 11 34 73
49
2 2 7
3 3
4 4
5 5
6 6
8 8
11 11
14 14
19 19
20 20
22 22
23 23
24 24
25 25
26 26
27 27
28 28
29 29
30 30
33 33
34 34
36 36
37 37
38 38
40 40
41 41
42 42
44 44
45 45
47 47
50 50
51 51
53 53
55 55
56 56
57 57
59 59
60 60
61 61
63 63
64 64
65 65
66 66
67 67
68 68
71 71
72 72
75 75
77 77
