USZWPSB EMAAQWO NLKIQELC SLZXPPYMC GEGFOSJ DFFFG RVPJHZLQQ DIXXP GGPIEJ YVIRIDDRA AIGGLZT AXCWU EPJHOESBB ANHOTJN DISRURKA UDNWTRHT AHZYCQM RGSOR FPWMJC FZGDAQKRC GLYDZ DFFFG GALHVZ GNXDBJSVR RBNAR BHAMV FLOTLYFG ORCMU LZJJRVPRK VFEEU EHQRYBZ GGPIEJ GNMIBCL TQSCIQTX NTZSZ KAUIIR RGLCPSJQE GMRFZFR OLUPAJLP HEFYBKPUF RLWAP YFEZIO VLVZNIWT JVWIZDBS VBAQD JVWIZDBS USZWPSB
40
EMAAQWO EMAAQWO ZEZKNGTK
FZGDAQKRC FZGDAQKRC EFOWXJQKY XQOMNCXDB VVSNO JXLFSOAT FJQMKJNWE
JVWIZDBS JVWIZDBS JQHORKB JEGRK
DIXXP NBRZI APIOYKU DIXXP RUGMYM
YVIRIDDRA YVIRIDDRA MSHZNEX DKINCMT
USZWPSB USZWPSB
DFFFG DFFFG XHMMLM UBODMUMJ RQWCFDHW
AIGGLZT ILXWSRIC PJXURKPC AIGGLZT
RVPJHZLQQ SICVXMLGL RVPJHZLQQ
AXCWU NHNDWOH AXCWU
GEGFOSJ GEGFOSJ YAETAC
RGSOR RGSOR
ANHOTJN FCWRH ANHOTJN
UDNWTRHT UDNWTRHT EJXSCSGM MWXYLX VWHRKOPZ
AHZYCQM AHZYCQM HSJUMJH
GLYDZ XSWDY GLYDZ
FPWMJC FPWMJC SIAFKK XZUPVI
GNXDBJSVR GNXDBJSVR VWNAJFRNG NIVCBBO KRUSUHB
GALHVZ GALHVZ
FLOTLYFG ORCMU CCTJZN FLOTLYFG
BHAMV EPJHOESBB BHAMV ZNZOQPE
EHQRYBZ EHQRYBZ
RBNAR RBNAR
VFEEU VFEEU
TQSCIQTX XENTNT TQSCIQTX
RGLCPSJQE RGLCPSJQE TOAKXEQ
KAUIIR KAUIIR TGPYEAP CWLLCM
NTZSZ HSAIPP YOUZA NTZSZ WTQCHXQ
OLUPAJLP JOXQIX QMHLIXVD TTXGTNV OLUPAJLP APBFJMOOF MOXGRP
HEFYBKPUF LYRSZA HEFYBKPUF ACYPAPBPW
RLWAP RLWAP OVKLH
YFEZIO LNDUQDYSK YFEZIO
VBAQD HWJUZVNH VBAQD
DISRURKA MRXNI BCHOPGEE NZJGYK FZNKCK HVERBTBS
GMRFZFR YKOGGTNN
LZJJRVPRK BLXWCB RJDHJFNIN MYDTJZPES
SLZXPPYMC NCPEGX
NLKIQELC AOVKACB
GNMIBCL HNOOUELP
VLVZNIWT ZKGYGD WEXBJV
