liverance asterisk pallia bywoners kamencheh moderatrix hypanthium metamere tightening achieve pontage lethiferal jitterbugs studiously catabolism shutter tortillons wellbores coulde handballer liverance
20
liverance liverance
metamere metamere
pallia pallia
tightening tightening
achieve achieve
pontage pontage
lethiferal lethiferal
jitterbugs jitterbugs
bywoners bywoners
studiously studiously
asterisk asterisk
hypanthium hypanthium
catabolism catabolism
shutter shutter
kamencheh kamencheh
tortillons tortillons
wellbores wellbores
moderatrix moderatrix
coulde coulde
handballer Akkub otate hatrail refortify handballer oversleeps
