73 155 83 161 2 19 135 4 136 0 10 151 24 82 153 175 27 7 159 40 47 41 176 53 189 70 71 192 60 115 81 89 76 9 96 124 125 1 73
34
2 0 2 129 196
135 12 135 183
136 57 136
10 10
19 7 16 19 26 66 127 194
24 24 112
153 39 153 184
155 101 155 167
27 27
159 159
161 161 185 191
40 15 40 195
41 41 63 95 110 123
175 6 75 92 175
47 47 169
176 44 176
53 35 53
60 60 166 171
189 21 189
192 11 61 77 107 192
70 42 70 72 128 133 138 168
71 52 71 154 197
73 73 99
76 76 143
81 81 162 173
82 68 82 163
83 83 187
89 49 89
96 62 96 98 109 118
115 58 115 122
124 124
125 119 125 145 190
151 37 186
4 48 55
