0 1 2 1 6 5 4 9 10 11 12 4 13 17 1 19 1 16 1 10 36 23 20 22 21 33 27 20 26 30 29 28 37 24 32 24 28 39 35 22 20 29 42 41 40 46 45 47 48 44 41 53 49 42 58 55 40 42 56 43 72 60 63 61 62 66 64 60 69 60 67 70 60 75 77 68 71 65 78 92 83 80 81 87 80 86 80 84 90 91 92 88 96 81 80 98 80 95 99 92 78 61 79 61 72 43 42 29 25 36 10 0
44
2 2
4 4
5 5
6 6
9 9
10 10
11 11
12 12
13 13
19 19
27 27
28 28
30 30
35 35
36 36
37 37
39 39
44 44
45 45
46 46
47 47
48 48
49 49
56 56
58 58
60 60
61 61
62 62
64 64
65 65
66 66
70 70
71 71
75 75
79 79
80 80
81 81
83 83
84 84
88 88
91 91
96 96
98 98
99 99
