132 86 2 5 8 10 12 15 23 28 34 36 38 39 41 44 45 52 56 61 64 66 76 78 82 85 88 90 91 95 97 98 100 102 104 105 108 118 122 135 138 146 159 160 165 166 171 176 177 181 182 184 185 32 192 193 197 132
53
2 2 87
5 5
135 135 142
8 8 137
138 138
146 126 146 198
28 26 28 156 188 195
159 9 35 159
160 160
36 36 113
38 38
39 39
166 68 72 166
41 41
171 81 171
44 13 44 162 189
45 45
176 176
177 33 177
181 181
182 182
56 56
184 184
185 152 185
61 61
64 64 196
192 192 194
66 66
193 167 193
197 27 197
76 46 76
78 78
82 80 82
85 85 109
86 86 183
88 88
90 47 60 90
91 91
95 77 95
97 97
98 98
100 100 133 149
102 75 102
104 104
105 105
108 108 148
118 118
122 106 122
132 6 17 25 31 92 96 101 136 155 173
12 3
165 40 154 161
10 180
23 62
