Soda Location46 Location26 Location46 Location50 Location83 Location44 Location7 Location11 Location5 Location11 Location40 Location70 Location77 Location58 Location34 Location33 Location10 Location68 Location43 Location73 Location64 Location55 Location19 Location72 Location41 Location72 Location79 Location94 Location81 Location90 Location6 Location54 Location28 Location63 Location38 Location67 Location93 Location61 Location85 Location75 Location86 Location45 Location2 Location57 Location9 Location57 Location20 Location49 Location32 Location66 Location62 Location5 Location11 Location80 Location11 Location7 Location94 Location37 Location60 Location95 Location46 Soda
26
Location2 Location2 Location45
Location5 Location5
Location7 Location7
Location9 Location9
Location10 Location10 Location76
Location26 Location26
Location28 Location3 Location28
Location38 Location38
Location41 Location41
Location44 Location44
Location46 Location29 Location46
Location57 Location20 Location31 Location57
Location58 Location58
Location66 Location66
Location70 Location70
Location72 Location72
Location77 Location77
Location79 Location35 Location79 Location94
Location80 Location23 Location80
Location93 Location93
Location49 Location12 Location17 Location32
Location37 Location42 Location56
Location60 Location0
Location75 Location1 Location16
Location64 Location39
Location33 Location74 Location82
