KMZ EKW GEV MFS OBR CUL WZI HPL TQI AFO JTH VSQ CSI FBZ QOE DZY HDY WDE LCB CFY CJX LRF YFA GVH KMZ
23
WDE MWN KDH WDE YQU
CSI RHL PKG UAO IYC CSI KVT
OBR WDN OBR
WZI WZI URI
DZY NYW KNQ HTU DZY FYE
HPL GJW HPL KDO
FBZ WXC FBZ ZES COR RDP
HDY YWR HDY CEA XYT
AFO VZI AFO KQK KAL ZCR NSY
QOE KDF VNH QOE NLD
LCB KBZ XNM MWC XFP IKT LCB WVO
JTH GAZ CDW JTH BUN PWL
GEV QUS XXL VIF GEV TFL
EKW OUR MMI EKW MQG XNH BWL EXX
VSQ DEW VSQ EFO XWZ HGZ YET
LRF EVY FZZ MBM LRF HON
GVH GVH ZUA DGD
YFA YFA
KMZ PSZ YEC RWN YGM NDM HSN BVP HTV WYK IEN ACK
MFS BMH VTA
CUL ENU WPB XPB GMG
TQI GJK
CFY SZK BTR
