m6 a1 a2 c0 a5 z9 a0 d9 d5 c2 m8 c5 d0 d3 d4 a5 e2 e9 e3 a9 b3 f6 a2 g2 f7 h4 a0 h5 h7 h8 j5 h1 j2 h9 a4 k2 j3 k0 k9 z3 a1 k4 a6 x7 a5 v6 v1 v4 n5 a3 n8 a6 m4 a1 w8 a1 l5 l6 l7 a1 w3 a1 l8 q6 a1 w1 r2 w4 r7 a0 y0 a0 m6
53
a1 a1
a5 a5
a6 a6 n6
n5 n5
n8 a8 c3 n8
b3 b3
m4 m4
m6 m6
c0 c0
m8 m8
c2 c2
c5 c5 x5
l5 l0 l5
l6 l6
l7 j0 l7 r1
l8 j9 l8
d0 b9 d0 g6 r3
d3 c9 d3
d4 d4 q3
d5 d5 q1 r4
q6 q6
e2 e2 n7
e3 e3
w1 w1
w3 a0 w3
e9 e9 q8
w8 b0 w8
r2 g0 g9 n3 w9 r2
f6 e6 f6 j8
f7 e1 f1 f7
r7 r7
g2 g2
y0 y0
h1 h1 l2 q4
h4 h4
h7 b8 h7 x9 v0 q0
h8 h8
h9 h9 l4
j2 j2
j3 j3
j5 j5
k0 k0
k2 k2 k8 z8
k4 k4 n2 w2
k9 g8 k9 q7
z3 z3 x1
z9 f5 z9 r8
x7 x7
v1 v1
v4 j1 v4
v6 f4 v6
w4 a9 k7
h5 j4
