d6 a0 a8 a5 a4 b0 a7 a6 a7 b2 b1 b0 b5 b3 a6 c1 b7 b8 a0 c2 c5 c6 a1 c7 c8 d1 d3 c0 d5 d2 d7 e0 f0 d9 d8 e1 f2 f3 a4 e2 f5 a4 f7 a2 f6 b2 f9 g4 g3 g0 g5 g7 b7 h0 a6 g8 a1 h3 a2 h7 h4 h5 h8 a9 h6 j0 h9 j3 a4 j6 a3 j5 j7 a2 k0 a2 k2 a2 d6
50
a0 a0
a2 a2
a5 a5
a6 a6
a7 a7
a8 a8
b1 b1
b2 b2
b3 b3
b5 b5
b7 b7
b8 b8
c0 c0
c1 c1
c2 c2
c6 c6
c7 c7
c8 c8
d1 d1
d2 d2
d3 d3
d5 d5
d7 d7
d8 d8
d9 d9
e0 e0
e1 e1
e2 e2
f0 f0
f2 f2
f3 f3
f5 f5
g0 g0
g4 g4
g5 g5
g7 g7
h0 h0
h3 h3
h4 h4
h5 h5
h7 h7
h8 h8
h9 h9
j0 j0
j3 j3
j5 j5
j6 j6
j7 j7
k0 k0
k2 k2
