stop0 stop9 stop0 stop10 stop15 stop3 stop52 stop19 stop21 stop8 stop24 stop34 stop28 stop30 stop35 stop36 stop33 stop40 stop45 stop46 stop51 stop69 stop66 stop56 stop54 stop48 stop55 stop65 stop97 stop0 stop82 stop84 stop74 stop87 stop75 stop86 stop2 stop90 stop5 stop0
30
stop8 stop8 stop42
stop9 stop9 stop23 stop53 stop62
stop19 stop19
stop21 stop21 stop67
stop24 stop24
stop28 stop28
stop30 stop30
stop33 stop33
stop35 stop35
stop36 stop36
stop40 stop40
stop45 stop45
stop46 stop46
stop48 stop48
stop51 stop51
stop54 stop3 stop54
stop55 stop14 stop22 stop55 stop58 stop79 stop96 stop92 stop80
stop56 stop20 stop56
stop65 stop65
stop66 stop66
stop69 stop69
stop84 stop84
stop74 stop7 stop74
stop97 stop97
stop82 stop17 stop82
stop87 stop87
stop75 stop26 stop75
stop86 stop2 stop68 stop86
stop90 stop13
stop34 stop85
