0 54 25 26 124 23 67 27 179 81 22 76 78 82 29 7 1 15 35 32 9 110 13 79 39 36 41 18 17 91 108 48 16 28 195 5 3 128 52 116 38 75 101 42 43 45 12 69 83 123 120 112 2 33 47 4 20 6 157 80 168 95 65 11 87 166 98 159 49 85 135 59 51 100 145 50 96 46 14 140 56 53 110 30 72 93 113 139 165 19 58 103 114 70 131 60 57 55 8 119 86 164 117 66 169 21 73 182 38 125 183 124 90 143 121 102 88 34 97 61 181 68 181 115 133 65 104 147 106 191 179 146 186 89 186 150 138 57 134 151 152 59 92 94 144 99 40 194 132 74 171 35 149 10 109 37 109 185 90 161 22 137 155 44 111 81 64 148 21 77 180 116 174 24 153 129 192 175 190 158 38 142 96 105 72 187 71 189 167 188 62 154 62 13 84 0 198 173 91 108 127 164 184 124 170 98 36 160 36 56 163 149 107 149 130 197 90 95 141 169 156 33 199 159 178 136 145 50 32 120 172 126 162 126 193 189 167 10 176 12 182 31 196 106 18 135 7 1 86 0
100
1 1
2 2
3 3
9 9
10 10
11 11
12 12
13 13
14 14
16 16
19 19
20 20
21 21
23 23
24 24
26 26
27 27
29 29
35 35
38 38
39 39
41 41
43 43
45 45
46 46
49 49
50 50
51 51
52 52
55 55
56 56
57 57
59 59
64 64
66 66
67 67
68 68
69 69
71 71
72 72
73 73
74 74
77 77
82 82
83 83
85 85
86 86
89 89
90 90
92 92
94 94
95 95
97 97
99 99
100 100
101 101
102 102
103 103
104 104
105 105
106 106
107 107
108 108
112 112
119 119
123 123
124 124
125 125
129 129
132 132
137 137
138 138
139 139
141 141
142 142
143 143
147 147
148 148
150 150
152 152
157 157
160 160
161 161
164 164
166 166
167 167
169 169
170 170
172 172
175 175
176 176
182 182
185 185
186 186
188 188
189 189
195 195
196 196
197 197
198 198
