0 5 30 33 31 21 0 5 49 11 6 11 15 13 20 23 42 12 28 59 80 51 65 58 2 14 2 22 24 98 24 22 62 1 36 3 66 92 67 38 34 29 78 32 50 8 88 69 47 55 37 26 37 45 52 41 58 10 35 48 7 87 44 17 61 76 16 97 9 97 43 60 64 46 19 63 19 93 83 51 75 73 53 18 94 39 91 87 95 89 49 81 53 77 60 71 32 96 82 44 17 74 56 70 84 70 50 68 50 85 43 60 99 59 80 51 79 51 75 73 53 67 5 0
50
2 2
3 3
6 6
7 7
9 9
10 10
11 11
12 12
13 13
14 14
15 15
16 16
17 17
18 18
20 20
23 23
26 26
29 29
30 30
31 31
32 32
36 36
41 41
42 42
45 45
46 46
48 48
56 56
58 58
59 59
60 60
61 61
63 63
64 64
67 67
68 68
69 69
74 74
75 75
77 77
79 79
80 80
82 82
85 85
89 89
91 91
93 93
98 98
99 99
1 54
