Soda Stern DoeLibrary Boalt LifeSciences Senior Giannini Dwinelle Cheit Koshland Jacobs Bowles Foothill HaasPavilion Hildebrand Hertz McCone Morgan Pitzer Wellman Soda
19
Boalt Boalt
Cheit Cheit Wheeler
Dwinelle Dwinelle
Giannini Giannini
LifeSciences LifeSciences
Jacobs Jacobs
Hildebrand Hildebrand
Senior Senior
Stern Haste Moses Stern Blackwell Stanley
Bowles Bowles
DoeLibrary DoeLibrary
Foothill Foothill
HaasPavilion HaasPavilion
Hertz Hertz
Koshland Koshland
McCone McCone
Morgan Morgan
Pitzer Pitzer
Wellman Wellman
