Soda Mulford Minor Boalt Soda Boalt DoeLibrary HeatingPlant McCone NorthGate Simon Morgan Foothill Wurster Birge Tan Blum BotanicalGarden CaliforniaHall Greenhouse Chou Haviland Cleary Durant Hilgard Kroeber IshiCourt Latimer Lewis Morrison StadiumRim SutardjaDai Pimentel Stephens TangCenter WestGate WooHonFai Bechtel1 CalvinLaboratory1 Soda1 Cheit1 Dwinelle1 Cory1 Etcheverry1 Giannini1 LifeSciences1 Hertz Haste1 HearstMiningCircle1 KrutchTheater1 Moses1 Soda Observatory1 Soda Koshland1 Cheit Bechtel Wellman1 Bechtel Cheit Kleeberger1 Boalt IshiCourt1 SutardjaDai1 WestGate1 Boalt Soda
54
Bechtel Bechtel TangCenter1
DoeLibrary DoeLibrary OBrien
Foothill Foothill
Hertz Hertz Stephens1
McCone McCone Pitzer
Morgan Morgan
NorthGate NorthGate
Simon EdwardsStadium Simon
Tan Tan
Wurster Wurster
Birge ClarkKerr Birge Davis
Blum Blum
BotanicalGarden BotanicalGarden
CaliforniaHall CaliforniaHall
Greenhouse Greenhouse Zellerbach
Chou Chou
Haviland Haviland Hesse
SutardjaDai1 Hildebrand1 SutardjaDai1
Cleary Cleary Moffitt
HeatingPlant Wellman BarrowsHall HeatingPlant
WestGate1 MemorialStadium Stanley Giauque WestGate1 WooHonFai1
Durant Durant
Hilgard Hilgard LowerSproul Jacobs1 MLK1
IshiCourt IshiCourt
Kroeber Kroeber
Latimer Latimer
Lewis Lewis
Minor Gilman Minor
Morrison BancroftLibrary Morrison
Mulford Koshland Mulford
Pimentel Pimentel Boalt1
StadiumRim Sproul StadiumRim Warren GreekTheatre1
Stephens Stephens
SutardjaDai SutardjaDai
TangCenter SatherGate TangCenter
WestGate WestGate McLaughlin1
WooHonFai WooHonFai
Soda1 LeConte Soda1
Bechtel1 Bechtel1
CalvinLaboratory1 CalvinLaboratory1
Cheit1 HaasPavilion Cheit1
Cory1 Cory1
Dwinelle1 Evans Dwinelle1 Warren1
Etcheverry1 HearstFieldAnnex Eshleman GoldmanPlaza Chvez Hargrove HearstGymnasium EastGate Kleeberger McEnerney Sibley Etcheverry1
Giannini1 FoxCottage Giannini1
Haste1 Haste1
HearstMiningCircle1 HearstMiningCircle1
LifeSciences1 LifeSciences1
KrutchTheater1 MemorialGlade KrutchTheater1
Moses1 Moses1
Observatory1 Observatory1
Wellman1 Bowles Zellerbach1
Koshland1 Insectary
Soda Campanile
