2 41 85 9 17 191 168 61 172 98 27 20 59 5 125 31 10 194 93 101 150 127 12 81 25 37 86 65 4 112 158 110 82 95 90 62 14 18 171 149 3 77 185 33 111 187 1 50 42 103 24 142 60 35 188 163 5 169 63 26 11 23 34 181 45 102 117 164 138 13 8 87 175 48 129 19 143 41 2 157 49 157 53 68 89 69 134 67 116 28 94 57 15 30 137 96 62 139 55 130 184 64 75 141 27 91 183 97 144 74 29 47 132 127 150 185 70 100 114 107 43 71 6 118 80 54 80 43 107 114 126 180 174 99 113 166 104 44 56 52 145 193 50 1 58 73 83 38 46 124 135 66 149 140 165 99 174 176 51 76 22 14 62 94 88 78 88 148 146 32 147 115 147 198 128 131 109 161 109 131 156 159 123 151 40 7 79 170 89 68 119 136 167 84 167 136 186 0 192 176 174 182 189 122 153 3 149 171 179 16 133 120 197 72 178 155 196 121 162 152 36 152 162 173 162 121 199 195 199 97 144 106 144 97 199 35 188 42 108 105 21 92 190 112 158 163 5 169 160 166 104 115 147 198 100 70 177 70 60 9 85 41 2
100
0 0
2 2
3 3
4 4
6 6
7 7
8 8
12 12
13 13
14 14
15 15
23 23
25 25
26 26
27 27
28 28
30 30
32 32
34 34
35 35
36 36
38 38
42 42
44 44
46 46
48 48
49 49
50 50
51 51
52 52
53 53
54 54
55 55
56 56
58 58
59 59
61 61
63 63
67 67
73 73
76 76
79 79
80 80
82 82
85 85
86 86
90 90
92 92
93 93
94 94
95 95
96 96
97 97
98 98
100 100
106 106
110 110
112 112
113 113
114 114
115 115
116 116
118 118
119 119
121 121
122 122
125 125
126 126
128 128
130 130
131 131
133 133
136 136
138 138
139 139
141 141
142 142
145 145
149 149
156 156
157 157
158 158
161 161
164 164
165 165
171 171
173 173
174 174
177 177
178 178
179 179
181 181
182 182
187 187
188 188
189 189
192 192
193 193
194 194
196 196
