stop0 stop75 stop65 stop0 stop2 stop70 stop12 stop77 stop15 stop21 stop19 stop79 stop78 stop0 stop5 stop1 stop80 stop95 stop96 stop23 stop1 stop25 stop89 stop27 stop28 stop5 stop44 stop38 stop43 stop42 stop1 stop62 stop0
23
stop0 stop0 stop33 stop81
stop5 stop5
stop12 stop12
stop15 stop7 stop15 stop52 stop60 stop85
stop19 stop8 stop18 stop19
stop23 stop1 stop23
stop27 stop4 stop27
stop28 stop28
stop38 stop29 stop30 stop35 stop38 stop46 stop67 stop73 stop99
stop42 stop42
stop43 stop43
stop44 stop37 stop44
stop62 stop16 stop62 stop87
stop65 stop65
stop70 stop70
stop75 stop75
stop77 stop77
stop78 stop78
stop79 stop2 stop50 stop79 stop94
stop80 stop80 stop93
stop95 stop95
stop96 stop9 stop96
stop89 stop61 stop90 stop89
