f aaaaa eeee w uu v yyyyyyy p ggg zzzzz ttttt xxxxxx iii nnnn ff llllllll ss rrrrrr c vv ssssss lllll ffffffff llllll aaa wwwwwww m xxx qqqqqq f
28
aaaaa ssss aaaaa
w w
uu uu ggggg rrrrrrrr hhhh vvvv j qqqqqqq pp jjjj a q jjjjjjj
v v zzz
p p
eeee eeee
ttttt ttttt
xxxxxx xxxxxx
f f
iii iii uuuuu
nnnn nnnn
ff ff
llllllll llllllll wwww
ss ss sss
rrrrrr rrrrrr
m s m
xxx xxx z qq
qqqqqq qqqqqq
c c
vv vv
ggg ggg fffffff
ssssss ssssss
lllll bbbbbbbb lllll
ffffffff ffffffff
llllll dddddddd llllll
aaa aaa
wwwwwww wwwwwww
yyyyyyy hhh
