99 4 18 61 3 6 89 44 89 99 35 37 28 37 32 5 19 23 24 1 15 14 15 88 11 13 3 20 3 53 64 85 61 34 7 22 10 79 86 79 98 21 36 37 35 95 9 51 91 31 0 29 78 16 12 81 76 54 41 46 82 50 82 96 68 55 67 92 65 87 88 11 42 59 1 24 23 58 43 17 8 2 33 48 47 34 61 69 61 3 57 52 56 30 93 39 78 40 19 26 19 45 25 45 72 71 27 71 72 45 19 60 80 76 18 63 49 63 16 22 7 84 99 68 90 54 41 56 62 56 52 57 43 17 43 57 3 6 89 99
49
0 0
1 1
2 2
3 3
4 4
5 5
6 6
7 7
8 8
9 9
10 10
11 11
12 12
13 13
14 14
15 15
16 16
17 17
18 18
19 19
20 20
21 21
22 22
23 23
24 24
25 25
26 26
27 27
28 28
29 29
30 30
31 31 38
32 32
33 33
34 34
35 35
36 36
37 37
39 39
40 40
41 41
42 42
43 43
44 44
45 45
46 46
47 47
48 48
49 49
