199 24 10 151 48 5 39 29 7 91 12 91 15 62 94 55 3 18 3 55 83 21 59 114 11 20 60 44 166 134 53 163 17 127 25 113 1 105 77 51 160 185 84 32 120 130 35 159 68 63 22 129 19 27 2 71 158 28 197 103 67 13 101 50 123 147 123 183 52 102 45 80 175 41 157 31 97 102 64 88 176 46 47 36 107 106 42 23 117 141 197 161 109 33 40 144 73 144 186 58 192 74 156 86 14 66 30 138 89 149 87 149 121 178 93 56 93 188 38 79 177 103 81 16 145 37 124 119 78 167 115 171 125 109 57 61 57 108 13 67 34 98 8 65 76 65 8 70 134 154 188 95 189 96 9 96 174 146 142 26 54 150 49 0 49 163 75 163 17 127 110 85 99 139 181 146 142 184 6 72 193 92 43 27 169 122 169 179 169 27 19 129 22 63 143 100 136 171 167 173 74 192 116 192 74 156 86 194 16 182 133 91 137 140 137 91 7 135 132 135 7 29 39 90 39 29 24 199 82 196 190 152 69 152 190 25 113 102 45 102 64 88 176 46 47 129 185 170 187 161 197 172 149 121 178 50 123 183 195 111 195 68 159 194 16 182 35 24 199
100
0 0
1 1
2 2
3 3
5 5
6 6
7 7
8 8
9 9
10 10
11 11
12 12
13 13
14 14
15 15
16 16
17 17
18 18
19 19
20 20
21 21
22 22
23 23
24 24
25 25
26 26
27 27
28 28
29 29
30 30
31 31
32 32
33 33
34 34
35 35
36 36
37 37
38 38
39 39
40 40
41 41
42 42
43 43
44 44
45 45
46 46
47 47
48 48
49 49
50 50
51 51
52 52
53 53
54 54
55 55
56 56
57 57
58 58
59 59
60 60
61 61
62 62
63 63
64 64
65 65
66 66
67 67
68 68
69 69
70 70
71 71
72 72
73 73
74 74
75 75
76 76
77 77
78 78
79 79
80 80
81 81
82 82
83 83
84 84
85 85
86 86
87 87
88 88
89 89
90 90
91 91
92 92
93 93
94 94
95 95
96 96
97 97
98 98
99 99
119 4
