AlbertFredHaines WilliamDavidGray AlbertFredHaines DianeElisePickett AlbertFredHaines WilliamDavidGray GeorgeHenryVillar TommyAmandaMartin BradleyDeborahSaball RolandGregoryWatson RobinStephenWebster WilliamDavidGray AlbertFredHaines FerdinandLukeJackson RonaldEdnaArant PatJasonAaberg RonaldCarolynStoskop EricTammyScott AugustTamikaMason GaryCharlesHudson BernicePennyRiddick WilliamDavidGray AlmedaLourdesSimpson MaryJamesDavila ClaudeBobbyBaker AlbertFredHaines KellyJohnnaOles AlmedaLourdesSimpson StephenWilliamCoffma JackieSharonScherrer GlennaMichaelBorden DorisJeffreyBinger DianeMargaretHammond JohnBrendaFuller MargrettKennethJorda LawrenceBarryHadden JamesJordanZamora BrettDominickSonnier LynnKennethChavez JessicaChristopherHa PeterJosephBarbee JannaDavidCarranza ElmerDemetriusLark RickyJamesBrumfield CarlosTamikaStrand KevinThomasHiggins WilliamDavidGray AlbertFredHaines ZacharyWarrenKarth AlbertFredHaines MichaelMarkHolloway PerryJamesBennett PatJasonAaberg ElizabethNellieMcmil ThomasEssieEwing JoStephenMay SandraHarryStewart WilliamDavidGray AlbertFredHaines KevinCharlesEvans HeidiMayJohnson BrendaLenaHarris IsaacGregGargano BrendaLenaHarris EricTinaPerea JoannCharlieWilkinso AlbertFredHaines
44
AlbertFredHaines AlbertFredHaines KathleenJoseClark
WilliamDavidGray WilliamDavidGray
ElmerDemetriusLark KathleenSherryDay CherylMaryMorgan EricJamesJuckett ElmerDemetriusLark CassandraJaniceGlove
RickyJamesBrumfield RickyJamesBrumfield
GeorgeHenryVillar GeorgeHenryVillar
JannaDavidCarranza JannaDavidCarranza JeremyJamesChavez
DianeElisePickett DianeElisePickett HowardKennethCollins MarkDianeDuchon
TommyAmandaMartin DeniseBrunoWilliam TommyAmandaMartin
LynnKennethChavez StevenNeilNguyen LynnKennethChavez
RolandGregoryWatson RolandGregoryWatson LillianJuanAncona JimmyFlorTasson
RobinStephenWebster RobinStephenWebster
FerdinandLukeJackson FerdinandLukeJackson ManuelaJoseBailey
BradleyDeborahSaball BradleyDeborahSaball EdwardDennisStewart
MichaelMarkHolloway MichaelMarkHolloway
ThomasEssieEwing MistyRobertKing ThomasEssieEwing
PerryJamesBennett PerryJamesBennett TravisMichelleMeller
EricTammyScott EricTammyScott
IsaacGregGargano MarkAngelaMccloud IsaacGregGargano
RonaldEdnaArant RonaldEdnaArant
GaryCharlesHudson GaryCharlesHudson
BernicePennyRiddick BernicePennyRiddick AnnDeannaLarzazs
JoStephenMay MarciaWalterKirschma JoStephenMay
KevinCharlesEvans KevinCharlesEvans
HeidiMayJohnson HeidiMayJohnson
EricTinaPerea EricTinaPerea
SandraHarryStewart JoannCharlieWilkinso SandraHarryStewart
MaryJamesDavila MaryJamesDavila
ClaudeBobbyBaker JohnRichardSmith ClaudeBobbyBaker CraigJohnLard
KellyJohnnaOles KellyJohnnaOles
StephenWilliamCoffma StephenWilliamCoffma StormyOllieYork DebraJaneFitzgerald
JackieSharonScherrer JackieSharonScherrer
GlennaMichaelBorden DeeAmandaBartley GlennaMichaelBorden
DorisJeffreyBinger DwainJoeFeldman WadeSonnyMcbride CynthiaConnieWright DorisJeffreyBinger
JamesJordanZamora JudyPearlineKaminski JamesJordanZamora
JohnBrendaFuller JohnBrendaFuller
JessicaChristopherHa JessicaChristopherHa
PeterJosephBarbee PeterJosephBarbee
KevinThomasHiggins KevinThomasHiggins
BrettDominickSonnier BrettDominickSonnier
LawrenceBarryHadden LawrenceBarryHadden
ZacharyWarrenKarth ZacharyWarrenKarth DenaJewellDavis
AugustTamikaMason MarthaJackRobinson MichaelElizabethWeav EdwardErnestSinger RosaPatrickYankey
DianeMargaretHammond GeorgeWilliamJackson JudeJanetHarcourt
RonaldCarolynStoskop JosephAmandaMullen
