Place72 Place88 Place2 Place4 Place11 Place19 Place17 Place18 Place22 Place20 Place26 Place31 Place28 Place29 Place36 Place33 Place41 Place5 Place45 Place43 Place48 Place52 Place56 Place54 Place57 Place58 Place60 Place71 Place75 Place77 Place79 Place2 Place86 Place93 Place87 Place40 Place98 Place72
31
Place2 Place2
Place4 Place4
Place17 Place17
Place18 Place3 Place16 Place18 Place89
Place19 Place19 Place50
Place20 Place20
Place22 Place22
Place26 Place26
Place29 Place29
Place31 Place23 Place31
Place33 Place33
Place36 Place36
Place40 Place30 Place34 Place40 Place47 Place53 Place78 Place83 Place85
Place41 Place41
Place43 Place1 Place43
Place48 Place48
Place52 Place52
Place54 Place54
Place56 Place56
Place57 Place57
Place58 Place58
Place60 Place60
Place71 Place71
Place75 Place0 Place61 Place75
Place77 Place59 Place77 Place81
Place86 Place86
Place87 Place87 Place91
Place88 Place15 Place88
Place93 Place93
Place98 Place98
Place79 Place10
