Place102 Place6 Place0 Place135 Place97 Place56 Place139 Place0 Place133 Place12 Place140 Place155 Place2 Place142 Place21 Place23 Place153 Place159 Place163 Place174 Place27 Place42 Place171 Place175 Place6 Place47 Place176 Place55 Place183 Place4 Place2 Place196 Place81 Place71 Place197 Place72 Place93 Place74 Place75 Place86 Place108 Place199 Place115 Place117 Place0 Place102
37
Place6 Place6 Place39 Place98
Place135 Place135
Place139 Place16 Place139
Place140 Place1 Place140
Place142 Place57 Place142
Place21 Place21 Place127
Place23 Place23 Place120
Place153 Place153 Place156
Place155 Place155 Place166
Place27 Place24 Place27 Place28 Place104
Place163 Place58 Place145 Place163
Place42 Place42 Place124 Place146 Place150
Place171 Place114 Place171
Place174 Place174
Place175 Place76 Place175
Place47 Place47 Place144
Place176 Place13 Place176
Place55 Place10 Place50 Place55 Place80 Place95 Place106 Place116 Place129
Place56 Place41 Place56 Place190
Place196 Place7 Place8 Place77 Place196
Place197 Place79 Place148 Place197
Place71 Place25 Place59 Place71 Place178
Place72 Place72
Place199 Place107 Place137 Place198 Place199
Place74 Place74 Place96
Place75 Place20 Place32 Place75
Place81 Place81 Place82 Place164 Place168
Place86 Place86 Place147
Place97 Place26 Place33 Place97
Place108 Place108 Place110 Place151 Place181
Place115 Place45 Place115
Place117 Place117 Place125 Place152
Place159 Place3 Place68 Place182
Place93 Place18 Place118 Place186
Place12 Place83 Place185
Place102 Place100 Place128 Place172
Place2 Place112
