Chelmbourne Stapwold Hornley Pemwold Elside Alfcastle Stapmoor Bracklow Southstoke Stainey Whitover Stainside Barnsmith Dursted Stapwell Wenwang Sudworth Cleredon Edgchester Hurstworth Burchester Kingsley Wenden Stainfield Aldhall Alfwell Marlton Stapmoor Bracklow Pemwood Aldhall Egborne Bursted Hartbage Waltbrook Enlow Sudwich Prestey Wenborough Southtree Brainwell Dartsted Shaftwich Hartgrove Leatherlake Durditch Barnham Waltwood Whitborough Whitavon Nortcastle Brainbridge Hornney Prestdon Hornbeck Stafsted Aldport Barnden Shrivlow Stainhall Stapthorne Cookbrook Stafthorne Staintree Edgwich Stapwang Horswich Kingsbrook Sodside Wyhead Wenden Penling Waltbrook Enlow Nortmoor Flitham Enbage Kingssted Braincastle Pembage Alddown Hornney Egcastle Rocktree Staflow Elgrove Hornbridge Edglow Shrivside Southmere Sudgrove Leatherlow Alfby Leatherlow Sudgrove Southmere Elwood Aldport Maidenden Enlow Cookton Horncester Edgchester Bromgrove Horndown Hornford Southbrough Hornford Egwood Barnside Egwood Southstoke Hurstworth Hornley Hurstworth Casford Melborne Shaftwich Chelmbourne
59
Hornley Hornley
Pemwold Pemwold
Dartsted Dartsted
Bracklow Bracklow
Sudwich Sudwich
Stapmoor Stapmoor
Kingsley Kingsley
Stapwell Stapwell
Sudworth Sudworth
Shaftwich Shaftwich
Aldhall Aldhall
Alfwell Alfwell
Wenden Wenden
Edgchester Edgchester
Enlow Enlow
Wenborough Wenborough
Southmere Southmere
Waltbrook Waltbrook
Whitover Whitover
Marlton Marlton
Stapthorne Stapthorne
Egborne Egborne
Cleredon Cleredon
Stainside Stainside
Hartbage Hartbage
Wenwang Wenwang
Pemwood Pemwood
Prestey Prestey
Barnham Barnham
Casford Casford
Leatherlake Leatherlake
Whitborough Whitborough
Prestdon Prestdon
Hurstworth Hurstworth
Stainhall Stainhall
Elside Elside
Enbage Enbage
Whitavon Whitavon
Shrivlow Shrivlow
Bursted Bursted
Rocktree Rocktree
Sodside Sodside
Staintree Staintree
Flitham Flitham
Durditch Durditch
Shrivside Shrivside
Wyhead Wyhead
Barnside Barnside
Edgwich Edgwich
Horndown Horndown
Horncester Horncester
Staflow Staflow
Brainbridge Brainbridge
Egcastle Egcastle
Alfby Alfby
Elgrove Elgrove
Leatherlow Leatherlow
Cookton Cookton
Aldport Cookbridge
