Cleresmith Warringwood Whitby Bothensborough Chippingwood Sodmersmith Chedlake Ketterwold Milditch Winhead Wydon Edgney Basfield Whitseyborough Todderworth Warrerbage Durblechester Melwold Dribbasborne Hanworth Ellingey Sunderbrough Chillerlow Eggerrensling Hannerworth Buravon Waltcombe Dribbinggrove Pendrenslake Cheddlesport Pendton Elfield Warblesdown Handlechester Wolvingrethorne Cammingbury Blanden Egwood Skelcastle Cannerrebeck Eggendhampton Ciside Hartrenslow Cammenenwich Enderavon Pemhampton Reddenwell Suddlebrough Shrivditch Pendingstoke Stainsdenwold Reddentree Ashworth Cannenringwell Elmsbrook Chilcompcester Blandlesney Hanscombe Watchmanshead Shrivden Chippenden Camsdenden Rockhead Bootworth Elmsnell Dribbingenborne Dribside Ribney Wendlemerford Hamditch Wetley Bursted Toddendport Nortlake Eggenditch Nortlake Toddendport Bursted Hamditch Wendlemerford Dribside Dribbingenborne Bootworth Rockhead Camsdenden Chippenden Watchmanshead Hanscombe Chilcompcester Elmsbrook Cannenringwell Ashworth Stainsdenwold Pendingstoke Suddlebrough Reddenwell Pemhampton Enderavon Hartrenslow Ciside Cannerrebeck Skelcastle Egwood Blanden Cammingbury Wolvingrethorne Warblesdown Elfield Pendton Cheddlesport Dribbinggrove Waltcombe Hannerworth Eggerrensling Chillerlow Sunderbrough Hanworth Dribbasborne Durblechester Warrerbage Todderworth Whitseyborough Edgney Wydon Milditch Ketterwold Chedlake Sodmersmith Bothensborough Whitby Cleresmith
27
Warringwood Warringwood
Chippingwood Chippingwood
Ketterwold Ketterwold
Milditch Milditch
Basfield Basfield
Warrerbage Warrerbage
Durblechester Durblechester
Ellingey Ellingey
Eggerrensling Eggerrensling
Hannerworth Hannerworth
Pendrenslake Pendrenslake
Elfield Elfield
Warblesdown Warblesdown
Skelcastle Skelcastle
Cannerrebeck Cannerrebeck
Cammenenwich Cammenenwich
Reddenwell Reddenwell
Suddlebrough Suddlebrough
Reddentree Reddentree
Elmsbrook Elmsbrook
Chilcompcester Chilcompcester
Shrivden Shrivden
Rockhead Rockhead
Bootworth Bootworth
Ribney Ribney
Wetley Wetley
Cammingbury Soddenreey
