Warfield Horndlecompside Ashfield Tipport Wyey Flitside Chilbury Brackcompwang Chilbury Warfield Ketsmith Leatherbleside Siringwang Chedtree Burglebrough Chedtree Siringwang Windling Ellenby Horstlescompstoke Pendlewood Falport Suddleborne Ketport Hammenshead Hamsey Abberhampton Blandlebage Cammerwich Elmansham Chedderrenswich Cicombe Todtree Cambingstoke Botherseyworth Skelbeck Candlegrove Elmswang Burcombe Wyborne Cammerrensmoor Stainbrough Worberbrook Dartseyworth Chedchester Pendlewood Faldinghead Suddlecastle Bothendwood Cambingstoke Suddlecombe Northall Ciditch Enswang Hamsling Ashborne Worhall Dribblewick Basringney Skellingden Elcompbridge Chiphead Pendingbrook Ketsmith Warfield
35
Suddlecastle Suddlecastle Hammerringey
Chedtree Chedtree
Ashfield Ashfield
Suddleborne Suddleborne Skelling
Burglebrough Burglebrough
Elmansham Elmansham
Worberbrook Worberbrook Chelmstanwell
Warfield Whitchester Warfield
Cambingstoke Cambingstoke Wyborne
Ketport Ketport
Windling Windling
Leatherbleside Leatherbleside Pendingbrook
Cammerrensmoor Cammerrensmoor
Botherseyworth Botherseyworth
Horstlescompstoke Horstlescompstoke
Pendlewood Pendlewood Sudsmith
Chiphead Chiphead
Cicombe Cicombe
Brackcompwang Brackcompwang
Stainbrough Stainbrough
Todtree Todtree Bastleseyham
Chedderrenswich Chedderrenswich Southbasport
Ashborne Tipwick Ashborne
Falport Barndberbrough Falport
Siringwang Siringwang
Hamsling Hamsling
Northall Northall
Basringney Basringney
Suddlecombe Chilbury Suddlecombe
Candlegrove Chippingsted
Hamsey Suddleover Hannenmanswick
Dribblewick Skellingden Worhall Millendon
Ketsmith Soddlewick
Chedchester Dribbingworth
Elcompbridge Ellingreham
