Whitgrove Worberney Durbrook Maidendstoke Prestwick Sundendford Emmerley Tippendham Ciringnell Ribglesstanworth Aldtree Worrenberwang Tipstoke Toddenmerbrough Bromstanham Nortwell Bassinghead Dartden Rothendcombe Chilmerdon Wenton Bromssmith Warblestancester Tippendham Boothingmanstree Ribbenhall Ashenhead Endleshall Botbage Botbeck Abcester Sifield Enderbeck Casbrook Hampingworth Botenbrook Cannerthorne Elside Elfield Wolley Watchlake Bromrenslake Botenbrook Marlbeck Egsted Pemnell Blansbrook Redwich Sundlethorne Shafthead Fulhampton Staincombe Southbury Abglewold Tippingtree Cihead Barndlesborough Endlenell Barndlesborough Ribberrenston Shaftborough Penby Horsmere Rothingcombe Ribenwell Worhall Siey Redcombe Egwick Bootwick Bothenton Sodberling Ellerbridge Elside Stafavon Horstleover Warsmith Sundlethorne Maidendlegrove Tipbeck Toddenmoor Abgleham Dribwold Wetsmith Falderseythorne Worford Waltbeck Cannerthorne Tippingtree Whitgrove Dribblecombe Ribenwell Endingnell Toddenmerbrough Siavon Rothead Hamscombe Ribberrenston Whitgrove
55
Ellerbridge Ellerbridge
Ribberrenston Southmere Ribberrenston
Wetsmith Wetsmith Sodport
Cannerthorne Cannerthorne
Boothingmanstree Boothingmanstree
Worford Suddingover Worford Skelberden
Emmerley Emmerley Skellenshot Ketchester
Southbury Southbury
Horstleover Horstleover
Prestwick Prestwick Eley
Worhall Worhall Egmerhampton Bursmith
Abgleham Tippenbrook Reddendeney Abgleham Rotherlow
Rothendcombe Bastlebury Rothendcombe Bothenhall
Nortwell Nortwell Hampingcastle
Worrenberwang Worrenberwang Wethampton Tippingbage Marlcester
Wolley Wolley
Waltbeck Waltbeck
Blansbrook Blansbrook
Bromstanham Bromstanham Chedworth
Staincombe Horsnell Staincombe
Abcester Falworth Abcester
Siey Siey
Sodberling Wychchester Sodberling
Bothenton Falderseythorne Basditch Whitringlake Wendleringdown Bothenton
Elside Elside
Dartden Dartden
Durbrook Durbrook Milthorne Farndlesover
Toddenmoor Toddenmoor Wychcompwold
Dribblecombe Dribblecombe Endleberey Clereennell
Tippendham Stapbrough Tippendham
Watchlake Watchlake Faldenhall
Redcombe Redcombe
Endingnell Endingnell
Tipstoke Tipstoke
Whitgrove Whitgrove Wycastle
Rothingcombe Wetwick Rothingcombe
Sundlethorne Sundlethorne Skellingover
Shaftborough Dribberham Hamwold Shaftborough
Enderbeck Enderbeck Melwood
Penby Penby Todhampton
Casbrook Casbrook
Siavon Sifield Siavon
Cihead Sirenshall Cihead Ketnell
Botbeck Botbeck Marlbrook
Abglewold Abglewold
Bootwick Bootwick
Egsted Egsted
Sundendford Sundendford
Endleshall Candleswick
Wenton Hampingbascombe
Hamscombe Hampingworth
Botenbrook Staplow
Endlenell Alfmere
Tippingtree Leatherport Farnditch
Maidendstoke Suddenmoor
