0 1 2 3 4 5 6 7 8 9 10 11 12 13 12 27 28 29 14 29 44 59 58 73 57 41 25 40 54 39 24 23 38 53 68 52 36 20 35 20 5 21 37 21 5 4 19 18 17 16 0 15 30 45 31 45 60 75 76 77 78 79 80 65 50 36 51 66 67 69 70 71 56 41 55 41 25 10 26 42 26 10 25 41 56 71 72 74 59 89 104 103 87 86 85 84 83 82 81 80 95 110 95 111 95 80 96 112 96 80 65 64 62 48 49 34 49 48 63 47 31 45 60 75 90 105 90 106 120 106 121 106 122 107 91 92 93 94 109 124 123 108 93 94 79 80 81 82 98 99 114 99 98 99 84 85 100 115 100 116 100 85 101 117 101 85 86 87 88 87 102 103 104 119 104 103 87 86 85 70 69 67 66 65 64 62 48 33 17 16 0
59
0 0
3 3
5 5
7 7
8 8
10 10
13 13
15 15
18 18
20 20
23 23
25 25
28 28
30 30
31 31 46
34 34
35 35
36 36
40 40
41 41
45 45
47 47
50 50
51 51
52 52
55 55
56 56
57 57
63 63
68 68
70 70
71 71
73 73
75 75
76 76
78 78
80 80
83 83
85 85
88 88
90 90
93 93
95 95
98 98
100 100
103 103
105 105
106 106
108 108
109 109
110 110
111 111
115 115
116 116
119 119
120 120
121 121
122 122
124 124
