SantaClarita Reno Spokane Berkeley Akron Chandler Hollywood Paterson SanDiego Ontario Boston Hartford Sunnyvale Visalia Portland Henderson FortWayne Torrance Surprise WestValleyCity AnnArbor McAllen Lancaster LouisvilleJefferson SanBernardino Tulsa LosAngeles Milwaukee Lafayette Orlando StPetersburg Newark SantaRosa SantaAna Bellevue Fontana Fayetteville Davidson Garland Worcester Brownsville Madison JerseyCity Carrollton Oakland Memphis Yonkers Thornton Midland FortWorth NewportNews Beaumont Shreveport Victorville Murfreesboro FortCollins Stamford OklahomaCity Allentown Omaha Wichita Indianapolis Stockton Pomona Peoria OWO LongBeach LouisvilleJefferson LexingtonFa Miami Fremont GardenGrove FortCollins Waco SanDiego StLouis Wichita Bridgeport SiouxFalls Irvine Scottsdale Alexandria OklahomaCity Ontario SanDiego PembrokePines Austin FortCollins Durham Concord RanchoCucamonga Glasses Independence Oakland FortWorth Huntsville Escondido Berkeley Escondido SantaClarita
50
Yonkers Yonkers
Ontario Ontario
Midland Midland
Sunnyvale Sunnyvale
Boston Boston
Allentown Allentown
Stamford Stamford
Fayetteville Fayetteville
Bellevue Bellevue
LosAngeles LosAngeles
Indianapolis Indianapolis
Victorville Victorville
LexingtonFa LexingtonFa
Waco Waco
Visalia Visalia
NewportNews NewportNews
StPetersburg StPetersburg
PembrokePines PembrokePines
Omaha Omaha
SiouxFalls SiouxFalls
Garland Garland
Worcester Worcester
StLouis StLouis
Stockton Stockton
WestValleyCity WestValleyCity
Austin Austin
Pomona Pomona
Henderson Henderson
LongBeach LongBeach
Paterson Paterson
Lafayette Lafayette
Beaumont Beaumont
Concord Concord
Huntsville Huntsville
Shreveport Shreveport
Scottsdale Scottsdale
GardenGrove GardenGrove
Orlando Orlando
Newark Newark
Surprise Surprise
Carrollton Carrollton
LouisvilleJefferson LouisvilleJefferson
Brownsville Brownsville
Hartford Hartford
Alexandria Alexandria
Wichita Wichita
Independence Independence
OklahomaCity OklahomaCity
RanchoCucamonga RanchoCucamonga
Lancaster Washington
