Plano Rockford Riverside SanFrancisco Warren Sunnyvale Norman MorenoValley SantaClara Irving Amarillo Chandler Amarillo OklahomaCity Cary OklahomaCity Cary LasVegas Lakewood Anchorage Worcester Mobile Hartford Dallas NewOrleans AugustaRichmond Fullerton Tempe Alexandria Detroit Alexandria Oski SimiValley Irvine LittleRock GrandRapids Cincinnati Olathe Hampton Syracuse Sacramento Vallejo Clyde Thornton Worcester CedarRapids GardenGrove Frisco StLouis Norfolk FortLauderdale Jackson Garland Atlanta Vancouver BatonRouge Hayward Cleveland Oxnard CapeCoral Montgomery Richmond Denver Ontario PembrokePines ElkGrove Midland JerseyCity Anaheim ColoradoSprings Columbia Hollywood Escondido OverlandPark Glasses SanJose Killeen FortCollins GrandPrairie Portland Raleigh Toledo Spokane Pomona Springfield Chattanooga Springfield Laredo McAllen Chicago Oceanside ElPaso Philadelphia Naperville Frisco Lubbock Knoxville CoralSprings Indianapolis Phoenix Salem Brownsville Corona Surprise Greensboro Teemo Davidson Charlotte AnnArbor Mesquite Joliet Omaha Lincoln Providence Boston Huntsville Fayetteville FortWayne Lancaster Torrance Akron SantaAna Tulsa LouisvilleJefferson Seattle OWO Memphis Charleston Memphis Miramar Warren Beaumont Chesapeake Wichita Lafayette Stamford Allentown FortCollins ChulaVista SantaClarita CorpusChristi SanBernardino Scottsdale Birmingham Houston Denton Glendale Tampa ThousandOaks NewHaven Modesto Fontana Lafayette DesMoines StPetersburg Madison Knoxville WestValleyCity Vancouver Mesa Fayetteville Pikachu Elizabeth SiouxFalls Raleigh FortWorth LittleRock SantaRosa Orlando Pasadena AugustaRichmond Salinas SanAntonio Mobile Irvine LittleRock HuntingtonBeach Plano
97
Vancouver Vancouver
Sunnyvale Sunnyvale
LittleRock LittleRock
Mobile Mobile
AugustaRichmond AugustaRichmond
SanJose SanJose
FortLauderdale FortLauderdale
Pomona Pomona
Garland Garland
SantaClarita SantaClarita
SiouxFalls SiouxFalls
Mesquite Mesquite
Rockford Rockford
StLouis StLouis
GrandPrairie GrandPrairie
Oxnard Oxnard
Irving Irving
Norman Norman
Anchorage Anchorage
JerseyCity JerseyCity
GardenGrove GardenGrove
Allentown Allentown
Laredo Laredo
Olathe Olathe
SanFrancisco SanFrancisco
Tulsa Tulsa
Davidson Davidson
Montgomery Montgomery
Greensboro Greensboro
Portland Portland
OklahomaCity OklahomaCity
Charleston Charleston
SimiValley SimiValley
CorpusChristi CorpusChristi
Corona Corona
Cary Cary Miami
Stamford Stamford
Denver Denver
Escondido Escondido
Ontario Ontario
Lincoln Lincoln
Anaheim Anaheim
OWO OWO Waco
Vallejo Vallejo
Hayward Hayward
Dallas Dallas
Chicago Chicago
Huntsville Huntsville
Wichita Wichita
Akron Akron
Denton Denton
Cincinnati Cincinnati
Brownsville Brownsville
Glendale Glendale
Madison Madison
Hartford Hartford
Atlanta Atlanta
Killeen Killeen
Lancaster Lancaster
Thornton Thornton
Beaumont Beaumont
Hampton Hampton
ThousandOaks ThousandOaks
Torrance Torrance
NewOrleans NewOrleans
Surprise Surprise
Norfolk Norfolk
LouisvilleJefferson LouisvilleJefferson
Warren Warren
Memphis Memphis
Hollywood Hollywood
Riverside Riverside
Raleigh Raleigh
Irvine Irvine
McAllen McAllen
Pikachu Pikachu
LasVegas LasVegas
Worcester Worcester
Glasses Glasses
Tampa Tampa
MorenoValley MorenoValley
Omaha Omaha
FortCollins FortCollins
Knoxville Knoxville
SantaClara SantaClara
AnnArbor AnnArbor
Mesa Mesa
Houston Houston
SanBernardino SanBernardino Fremont
NewHaven NewHaven
Elizabeth Elizabeth
Pasadena Pasadena
Salinas Salinas
Lafayette Lafayette
HuntingtonBeach HuntingtonBeach
SantaRosa SantaRosa
SanAntonio SanAntonio
