13 133 1 7 134 142 138 140 2 146 145 154 6 158 153 151 157 160 167 161 117 165 168 9 170 4 43 172 178 3 179 181 185 182 196 184 152 199 189 147 89 70 0 112 101 113 3 108 115 13
40
133 133 148
134 134
138 125 138 191
140 126 140 183
142 124 142
145 104 128 145 162
146 118 144 146
147 147 156
151 151 164 173 192
152 110 152 188
153 141 153
154 154
157 111 157 193 194
158 103 158
160 160 187
161 161
165 165
167 105 131 167 175
168 168
170 121 123 150 170 197
172 116 172
178 114 149 178 190
179 132 155 179
181 100 181
182 106 182
184 143 184
185 185
189 129 174 189
196 196
199 199
101 101 136
108 108 177 198
112 109 112
113 113 120 122
115 115 130 169
117 117 137 166
89 102 119 127 139 159 163 180 195
13 107 171
70 135 176
43 186
