vLeODpVlYSBeYNDYoXha LOMgYipCQQXQnRqEqRwO ybrQlUhznqOhsvndWAbl KuGXgytUHIMvMchrWVDH YJpjmpLOeONNJgdsCXHN dyUDfEGgAoSshTRjMZZg zxeoSbTqbWPpSzalAtBI JfHUEGGyknWmebdthZai QQSjCkgLAWAPObYQvNsB UAwuKFcUHFyvaFCTLpOT gzxzakmqbxbsOczuQVLG gEufXNuuWhnlbNYaoQFJ gzxzakmqbxbsOczuQVLG UAwuKFcUHFyvaFCTLpOT QQSjCkgLAWAPObYQvNsB RjKEHTlRvtaVBbyqZVAw QQSjCkgLAWAPObYQvNsB jwIBHKkXHTPVsOJwBOsr VhDSPHxolLkNxxDnpUyx mevvwcZLudaokctOWvKe mlipOrSnGcxXtoXBbRyl NVEtShKeuxpaFIOiyVqE mlipOrSnGcxXtoXBbRyl iDucfyZGMCbCQbXjbQqM CfkBzkPETvagyIDCsLTD oCvaAQKOXXWgeSNnUmae pdXCnKagnvEntNTuPHdK CPszTohYUHARNedzFlDK AdXveYSBaneNwCQzrdSw QkAjrUUuVdzSMnlfJLcO NciLXNPTvMoXdbTDZmlg gIttwvzcgONwFblnGIqq klkbOWCZrzPBFVDxhNbj fPxvnMVMFwhJbNBURdgD ZbyHJLmoTqNpTnlUVJZC AUWwtKSxssKCvZSLDmnh FcEsyaTmqpoyvbDrHjlc UAwuKFcUHFyvaFCTLpOT BXzACdzjLITNgbmDPlEu aCucdhmWbhlrgfstQigR ZjjqpiSiaWnmxJgUtucv aWvnTxwRCeZSoCnPnhDt LeLGVrNGvkwLbzIWTNFP ASXwCgVTXDdhSXJwFovC FEqXJcVrZfnSsHEUPhnl xQaDpDGAXhDYzSMnMWvb TwgqMzgExFHTIfcwfBnr wRjMmrpRuknxqunJrMAE DqUxIMslnixWfmkjQTmS ajvbaFpYiEBJySPsSLaI FqdjKgdpEanmCnmxJMFA TCAkluAESUWAMGFeNcGN MlwlINEFqmyzZNPXRLJF OEhWenjEjDvDhqLdwAzO KuGXgytUHIMvMchrWVDH jmyIIpKWZirXrVKTQApa vGdJmIpYPUGRspXiVLdc sBkAYRISjTYinLFSNcKW ajvbaFpYiEBJySPsSLaI fToHwimUqLsKcKLZHiUX ajvbaFpYiEBJySPsSLaI ROtRYAvFkNWuCvofIroy fvEcAuRDdfuHEPLNpaTz dUuCaZRHIdJDLyYUGlqh mevvwcZLudaokctOWvKe iBYHAWUhqeQPjphQzpdN jzQJaGLLiuQLhhyqBagr UAwuKFcUHFyvaFCTLpOT McOZQehrTygkGidmwyMe fvYrLpgzqLNOAQbahgax kOaPwvTTqhaYDvjPPZCZ LOMgYipCQQXQnRqEqRwO qbmGewAditsWkTFHdxjP cvlwIwajcIlbhZbyFgmq qbmGewAditsWkTFHdxjP EWpsBSEfAOWAjikCpvhc CmbFyJmcvVqyCmJgQxeI gMqbbwopmbxmOomqZjfm NAHeKyyhAObyyUEUSkSU fHcdXnOxSadpKeCUwNYm fvEcAuRDdfuHEPLNpaTz pXmHARurXTsCnWboCjaq fvEcAuRDdfuHEPLNpaTz sXfgLMwoysnMazVSWnhc sdSgCnaZeeOuPKljZOSr FEqXJcVrZfnSsHEUPhnl WCCOEUYmDvzZlrkDAqoi LGqbVTsFMANIedVHAALW biqCAetglYuANrTRzMiX DDEuYWXXufMefzDjgEFm ItiulbAQreurnwMWmwRh DDEuYWXXufMefzDjgEFm DIYMXZHlgebDcivTxnEV UgFPXEAdAfcfHGIbNTsq gMqbbwopmbxmOomqZjfm AdXveYSBaneNwCQzrdSw ruLqpYqEzGGiKysvsarb WWpSpmTaSazKGIcNlBvp OVoYVQPnlYoZBBKtyuLk PSVkjNlrWHpVSTVIEkGG PLDOWRIeaCSVLMyDadzC VhDSPHxolLkNxxDnpUyx SouQfuEdAivolPXFbygH LGqbVTsFMANIedVHAALW WmmYcOLuPvixLDMigGIN DWWCMAjZQQIEKOIiHFQN cZgmtoPGHxdozTaDMiyf TwgqMzgExFHTIfcwfBnr wRjMmrpRuknxqunJrMAE iBjjCWwkYToOKfrrLnny wRjMmrpRuknxqunJrMAE DqUxIMslnixWfmkjQTmS TqyFrXuGvuBuqnpYbjKc DqUxIMslnixWfmkjQTmS ajvbaFpYiEBJySPsSLaI FqdjKgdpEanmCnmxJMFA opfillIPVxFwJIRNqfaE KgnBXuaAkdTHYMUVRKMG JfHUEGGyknWmebdthZai mlipOrSnGcxXtoXBbRyl LOMgYipCQQXQnRqEqRwO roXWhohcchFOVGpaRiPd LeLGVrNGvkwLbzIWTNFP ubTtmhAXQixwuFvQluYa WWpSpmTaSazKGIcNlBvp ruLqpYqEzGGiKysvsarb ybrQlUhznqOhsvndWAbl uyPyJzKFqWxgSNmpkDrB ZbyHJLmoTqNpTnlUVJZC tVzUgXVoBYxBMnkkwFmk ZbyHJLmoTqNpTnlUVJZC gMqbbwopmbxmOomqZjfm QkAjrUUuVdzSMnlfJLcO NciLXNPTvMoXdbTDZmlg CmbFyJmcvVqyCmJgQxeI EWpsBSEfAOWAjikCpvhc vLeODpVlYSBeYNDYoXha
50
fvEcAuRDdfuHEPLNpaTz fvEcAuRDdfuHEPLNpaTz
ybrQlUhznqOhsvndWAbl ybrQlUhznqOhsvndWAbl
CfkBzkPETvagyIDCsLTD CfkBzkPETvagyIDCsLTD
QQSjCkgLAWAPObYQvNsB QQSjCkgLAWAPObYQvNsB
AdXveYSBaneNwCQzrdSw AdXveYSBaneNwCQzrdSw
gzxzakmqbxbsOczuQVLG gzxzakmqbxbsOczuQVLG
VhDSPHxolLkNxxDnpUyx VhDSPHxolLkNxxDnpUyx
zxeoSbTqbWPpSzalAtBI zxeoSbTqbWPpSzalAtBI
gEufXNuuWhnlbNYaoQFJ gEufXNuuWhnlbNYaoQFJ
xQaDpDGAXhDYzSMnMWvb xQaDpDGAXhDYzSMnMWvb
NVEtShKeuxpaFIOiyVqE NVEtShKeuxpaFIOiyVqE
RjKEHTlRvtaVBbyqZVAw RjKEHTlRvtaVBbyqZVAw
ASXwCgVTXDdhSXJwFovC ASXwCgVTXDdhSXJwFovC
QkAjrUUuVdzSMnlfJLcO QkAjrUUuVdzSMnlfJLcO
dyUDfEGgAoSshTRjMZZg dyUDfEGgAoSshTRjMZZg
TwgqMzgExFHTIfcwfBnr TwgqMzgExFHTIfcwfBnr
BXzACdzjLITNgbmDPlEu BXzACdzjLITNgbmDPlEu
cZgmtoPGHxdozTaDMiyf cZgmtoPGHxdozTaDMiyf
jzQJaGLLiuQLhhyqBagr jzQJaGLLiuQLhhyqBagr
fToHwimUqLsKcKLZHiUX fToHwimUqLsKcKLZHiUX
iDucfyZGMCbCQbXjbQqM iDucfyZGMCbCQbXjbQqM
mlipOrSnGcxXtoXBbRyl mlipOrSnGcxXtoXBbRyl
jwIBHKkXHTPVsOJwBOsr jwIBHKkXHTPVsOJwBOsr
pdXCnKagnvEntNTuPHdK pdXCnKagnvEntNTuPHdK
MlwlINEFqmyzZNPXRLJF MlwlINEFqmyzZNPXRLJF
ruLqpYqEzGGiKysvsarb ruLqpYqEzGGiKysvsarb
NciLXNPTvMoXdbTDZmlg NciLXNPTvMoXdbTDZmlg
PLDOWRIeaCSVLMyDadzC PLDOWRIeaCSVLMyDadzC
gIttwvzcgONwFblnGIqq gIttwvzcgONwFblnGIqq
DqUxIMslnixWfmkjQTmS DqUxIMslnixWfmkjQTmS
aCucdhmWbhlrgfstQigR aCucdhmWbhlrgfstQigR
NAHeKyyhAObyyUEUSkSU NAHeKyyhAObyyUEUSkSU
cvlwIwajcIlbhZbyFgmq cvlwIwajcIlbhZbyFgmq
iBYHAWUhqeQPjphQzpdN iBYHAWUhqeQPjphQzpdN
sBkAYRISjTYinLFSNcKW sBkAYRISjTYinLFSNcKW
fPxvnMVMFwhJbNBURdgD fPxvnMVMFwhJbNBURdgD
CPszTohYUHARNedzFlDK CPszTohYUHARNedzFlDK
iBjjCWwkYToOKfrrLnny iBjjCWwkYToOKfrrLnny
TqyFrXuGvuBuqnpYbjKc TqyFrXuGvuBuqnpYbjKc
sXfgLMwoysnMazVSWnhc sXfgLMwoysnMazVSWnhc
UgFPXEAdAfcfHGIbNTsq UgFPXEAdAfcfHGIbNTsq
FcEsyaTmqpoyvbDrHjlc FcEsyaTmqpoyvbDrHjlc
gMqbbwopmbxmOomqZjfm gMqbbwopmbxmOomqZjfm
fHcdXnOxSadpKeCUwNYm fHcdXnOxSadpKeCUwNYm
WCCOEUYmDvzZlrkDAqoi WCCOEUYmDvzZlrkDAqoi
OVoYVQPnlYoZBBKtyuLk OVoYVQPnlYoZBBKtyuLk
CmbFyJmcvVqyCmJgQxeI CmbFyJmcvVqyCmJgQxeI
uyPyJzKFqWxgSNmpkDrB uyPyJzKFqWxgSNmpkDrB
tVzUgXVoBYxBMnkkwFmk tVzUgXVoBYxBMnkkwFmk
DWWCMAjZQQIEKOIiHFQN DWWCMAjZQQIEKOIiHFQN
