wNqlpYNsRbJEgiGpKxrU jwjTVkTZQzfvrCAtqcyG mgNeYYUOPKpLeiVEFIXd oDgfEuAVpeOlkkTIMDLw SiOEBWtHUiopSvDVOkjb RlHeRhvUOhGhZVGGJuED jznspKyqlmxZtgfQUJVB syonLisTOSczosCwoILE zNRhhVdMWUgTnnqmAfeY ndaHivGVVtIUvLiyUWcm UKNqBSfFWWuvpVIiGEAr ndaHivGVVtIUvLiyUWcm ADVVlRLpnspleRTgeTdu DZEpVGVXkxHljziwItaS gqsFUfkkQrlyYYdSXwmt xgBrJmdXVwtxgRuCBhMe QePOUWiXcAUCoHETxuGS FaWIqatYRYVcXfVhAFRN umZXKcxkweEplHZdotgU QeYNNLpZMBxyiFbZMPFY EhDFVLWZueLOrdjEOzEQ aIuYyryCOUGVeCAqbqkg ooYCPKWFEiMynFEjmadw eOfnBeTgmYCNEnRUhlEK UdSbtwxTqTJxOiUoxEqw hLaNXBYgTzgUhvjmqUTu pzrGQEObzJGPnfATEYDc NzDQJknJPDEkcwCHzzbF oZXYedlbtBLmkfoVmgta lSJjEsqamUCgRZdCmdyI scpUkbcaYSAsHhSktebT jUSlIFtitQxyvVLJjiCc cEIaAeLZCjOmtToPZoOl wlySPverjehsBxldyigf SitzoubgYFeTjmkLjVPz eCBFrcppbiLzdGQubocl TQWxJiphrDoDBmrOTqOv CjORCCuZldKDLWqSZTsZ TOntbQDzHvMkxiKuanmw QPuWhldwxyxWvfAFawIx PZwTcKCPsEmpxetNZvef WMWBpOSnHGywZjCgaYyY RlHeRhvUOhGhZVGGJuED CMyhrOeiLyytYlFYZldw eobSFtKBbBdcVrTOREdK jUSlIFtitQxyvVLJjiCc GMxGouyyndiUBMqMdOoc twwHXGyTBfZUDOGVnCzA eiLPqIroFfCGzqSAlzAp ccdJRKiTXwIErdhSIxfh qoaNjvaRghiMQXaVEoQe syonLisTOSczosCwoILE zNRhhVdMWUgTnnqmAfeY xlbpuxAjoVPJWPCWBEkJ ubMKewvRqrviLcycMHcN ihxEqMQIIvyQmtrtMjeO edlAtPQdNXJQPCIzpkyX xgBrJmdXVwtxgRuCBhMe pzrGQEObzJGPnfATEYDc jwcUBYKIcRlUlpQdHDpU zeKxCuARLrHNxuGSyNEL oSMuZCNCihNcfhhLdNwi wuSVWJYvpiWaQAHXocSG cMYyKTXGNKnFzrpwnXUl FGiPoAZuhTTxiAlzRDIV wvSJDoqoPGAkYgSuPFPw shugRMnaHVqQSmKaNBgu yYaxxtTIkvUeyUpwOvuY sNqoVKqgazRvmrelPhAK CvZkdIYtdeDHtwufupie QyXpliHSeQOPIsurIcpa eOfnBeTgmYCNEnRUhlEK lbWonvEbeplndKguSTkk shaRjZRSPDzVXmetmolj XvUPApTFkqaSSizYsCIr uUKZHvHmBrpBHjYWNaUL MBJqOYmxhUYbldNVEdRy HAIYkMkIfhypoRlxuZoB fpoTaBKmVdlDCxFwCFoz KcrnMnFDTrBKaUaGpdLY GOKcLUIfVCLsdfLjyASo oXlmLEmXExpzARmsoCMJ cinQsEbBpQAHgGdjBxaK ufTLUXAgpKeoVkZOroDY QLULTvtlfumxlpAQZckT MmEgtZVGhqqZwyDlSqRm NIJaJxCurulNUdZZMxFk JvFxbsySBAiFiOUrzrBi IvXQutSorlqOgnSVAIUd oKAKfpUUuLItChLyByFh igyeOiSdezmmXGTwMzLw LfOunWzwbbNRVLKSGfNS bEfUXCTlwRBndElSbPGf ICVlDhervfDVjLpSCbOf nUmoFIaaFFgVBHrhOTam zXRivKrJPjQVqVwiULGz fdXjIQYLVfwAMSuwOnYK AfGHqqEOTpEEwBIQBEiS flqILnAtFsDqLctdZjpz YTwycpmzEWCqqTELtzXc ANDviqMIuFwdcboQDprt jeqqhISPyRIhGBNohHEu NJZlnWyeJFrkOwoqHKtT nCedHqGgdWAicwyuYWpg nreoVgWrBhNXFZgTBlXO UbXJPGdXWEZlkrHjZKDr ctcTzPUVbQQoQGGIDEim YTwycpmzEWCqqTELtzXc aGPbLNWYAMujnfHCTCMo HeWrJOKsDjgdrcamgZLN bpXmaPnrsPsgtmuUpaLG cVMmKLyunrtKjZbHRVAg oSMuZCNCihNcfhhLdNwi oHoxoLeyDYnKZDzgMtxI TEPaiCedHTXapLxoBXMp imEmCMbYEtZJJkwxkSDD gcXUxTVUZWsOwtRNeDDa zHPSSEtFTQIbLYMdHqgP pMOSpTzPTPLXHLOQMjnt XPPBMlNyfVVeZGIzTCEW SSDgxHQpSFRnlnnrMJNI ZauPfhkpsGmhbvkhkltR SiOEBWtHUiopSvDVOkjb efZntVbfQTvIUOiRNPSH QjZTuyCpiDhleJoqwClv upmtEsSsBTyMWfthJQhZ pGEDfjoOOYfHsrRVgAyF NPSPGRTNRcKKVpsBRSwh CvZkdIYtdeDHtwufupie qhuHndnkQDFTOWOyauPU WoTuprXYItmuBoyNwAcV NtyLZDOaSczVvOGdocUp NYdfLxXxFVvLEbDKzXWn zKnLSwRxFjUTCiXefWdG VIPPawblKbhOVWrmrWBx JVONrXhhmtFWhFfDiOXW scpUkbcaYSAsHhSktebT eCmBhjNaxZKHJotIYVMo EmbDgEECbkHbfAfHCgwB vIbIQYXZnmYrooTLYNtu fgzJCwocQniGlXAZHJId UIlSMnVKIdNiXZNSiHsI yscsUFTNNyaVMKBztBdV VRpSthoDcomqMDsGoVql vPtcoCdDMvVYwOuvanRP kwPuYZgJgVVJfdBGUtPw FYfGkhtzhjqJHqxmUsVx tVxSUasqeXmMiMlEIdTM wfEFdNDcColoskjTjcLm rlhNoKeiidsZhBEuQAJw pfMSqTzbsucqewxTADAG kpQFMMykSbYOVlbRVUsp iVjkcMenotYGMFEBTvoa gFUGYXSirCYiFTivWNah juzxSpUVuccJUMBOcJjO EEeDJaHeajXXlwYcHTeJ scpUkbcaYSAsHhSktebT lSJjEsqamUCgRZdCmdyI ZPoNdUlRoUJTJoDjXdBX XcUwFUKnekNHEYjdJvBF ayQgUwyRuQVKeyFLPNbQ ZXihCBEQBTdisqSlEMsj FaWIqatYRYVcXfVhAFRN XtZHoAxqEyzvMChzPHpN CbGuHgZfQMmSOfHDFJnK YqGgARSpVWADxTcGoaBG EhDFVLWZueLOrdjEOzEQ RQlEqfIvpsUfBSzSkvip cmmlyhRSZpCVODfRPvaA CvZkdIYtdeDHtwufupie szyiMlKhtyOynWjcoMsm ihxEqMQIIvyQmtrtMjeO kyApsCeFkLoLFCdkazaE qRSIeHFYBHHihKAqJnzR kqcEdfKLaRzxOhAIzchh TcLSEpnQLlwURcYobXtr fosrykBjHtdvgWTEWXFR gDYKDrbERUXTnCayjBrC qDLPWLkWayzdxIYSKLER ZwvojvRdUOYNJXIwAqgC uUKZHvHmBrpBHjYWNaUL HeWrJOKsDjgdrcamgZLN zHPSSEtFTQIbLYMdHqgP vTbNxpVTEoFlSjvvVvfG cMYyKTXGNKnFzrpwnXUl CWozbDsqFUhTlbxWhCmh GgcKFGLsvBOskeWiAUHx qoaNjvaRghiMQXaVEoQe QjbdwbUnopENkiNyqirZ lIpVoDPUIfHCPpjswogJ cwgJAHVpCCTmuckJkncL lIpVoDPUIfHCPpjswogJ lbWonvEbeplndKguSTkk qfRRtdRbhYJBARMfPlZM HAIYkMkIfhypoRlxuZoB oLMkSrYLQRLHmPiuLCTC umZXKcxkweEplHZdotgU FWnudSYFvYQJHehOpEKf TcLSEpnQLlwURcYobXtr YZdWAQcvSeNhUzVcgZrb NjdqbLVqGQWIXWnBFpZZ svUOWvTJLneAqJGnExpc oZXYedlbtBLmkfoVmgta joWAhkfNqIEECnBeulGl GMxGouyyndiUBMqMdOoc jUSlIFtitQxyvVLJjiCc hFbQwEucdFQTgOahOxcg JMMbTzkqohdHHmvXLiRY oKHxHZxgXgKSVZAEEVVZ yRQdlZBUBAPypebnrlAH DpztIuGTRpGuLsdlODJw yRQdlZBUBAPypebnrlAH ccdJRKiTXwIErdhSIxfh erZKLqpCZsYKDnOCaBGq TcLSEpnQLlwURcYobXtr kqcEdfKLaRzxOhAIzchh GOKcLUIfVCLsdfLjyASo XxSQqGVyrNGAFhTsSOUz GOKcLUIfVCLsdfLjyASo cmmlyhRSZpCVODfRPvaA wNqlpYNsRbJEgiGpKxrU
99
mgNeYYUOPKpLeiVEFIXd mgNeYYUOPKpLeiVEFIXd
RlHeRhvUOhGhZVGGJuED RlHeRhvUOhGhZVGGJuED
QeYNNLpZMBxyiFbZMPFY QeYNNLpZMBxyiFbZMPFY
jznspKyqlmxZtgfQUJVB jznspKyqlmxZtgfQUJVB
PZwTcKCPsEmpxetNZvef PZwTcKCPsEmpxetNZvef
eOfnBeTgmYCNEnRUhlEK eOfnBeTgmYCNEnRUhlEK
oZXYedlbtBLmkfoVmgta oZXYedlbtBLmkfoVmgta
WMWBpOSnHGywZjCgaYyY WMWBpOSnHGywZjCgaYyY
QePOUWiXcAUCoHETxuGS QePOUWiXcAUCoHETxuGS
aIuYyryCOUGVeCAqbqkg aIuYyryCOUGVeCAqbqkg
kqcEdfKLaRzxOhAIzchh kqcEdfKLaRzxOhAIzchh
SitzoubgYFeTjmkLjVPz SitzoubgYFeTjmkLjVPz
wlySPverjehsBxldyigf wlySPverjehsBxldyigf
hLaNXBYgTzgUhvjmqUTu hLaNXBYgTzgUhvjmqUTu
EhDFVLWZueLOrdjEOzEQ EhDFVLWZueLOrdjEOzEQ
GMxGouyyndiUBMqMdOoc GMxGouyyndiUBMqMdOoc
jUSlIFtitQxyvVLJjiCc jUSlIFtitQxyvVLJjiCc
ihxEqMQIIvyQmtrtMjeO ihxEqMQIIvyQmtrtMjeO
oKAKfpUUuLItChLyByFh oKAKfpUUuLItChLyByFh
ADVVlRLpnspleRTgeTdu ADVVlRLpnspleRTgeTdu
UdSbtwxTqTJxOiUoxEqw UdSbtwxTqTJxOiUoxEqw
scpUkbcaYSAsHhSktebT scpUkbcaYSAsHhSktebT
DZEpVGVXkxHljziwItaS DZEpVGVXkxHljziwItaS
JVONrXhhmtFWhFfDiOXW JVONrXhhmtFWhFfDiOXW
NzDQJknJPDEkcwCHzzbF NzDQJknJPDEkcwCHzzbF
xlbpuxAjoVPJWPCWBEkJ xlbpuxAjoVPJWPCWBEkJ
cMYyKTXGNKnFzrpwnXUl cMYyKTXGNKnFzrpwnXUl
pzrGQEObzJGPnfATEYDc pzrGQEObzJGPnfATEYDc
eobSFtKBbBdcVrTOREdK eobSFtKBbBdcVrTOREdK
eiLPqIroFfCGzqSAlzAp eiLPqIroFfCGzqSAlzAp
wuSVWJYvpiWaQAHXocSG wuSVWJYvpiWaQAHXocSG
syonLisTOSczosCwoILE syonLisTOSczosCwoILE
YTwycpmzEWCqqTELtzXc YTwycpmzEWCqqTELtzXc
wvSJDoqoPGAkYgSuPFPw wvSJDoqoPGAkYgSuPFPw
zNRhhVdMWUgTnnqmAfeY zNRhhVdMWUgTnnqmAfeY
xgBrJmdXVwtxgRuCBhMe xgBrJmdXVwtxgRuCBhMe
KcrnMnFDTrBKaUaGpdLY KcrnMnFDTrBKaUaGpdLY
ANDviqMIuFwdcboQDprt ANDviqMIuFwdcboQDprt
edlAtPQdNXJQPCIzpkyX edlAtPQdNXJQPCIzpkyX
lSJjEsqamUCgRZdCmdyI lSJjEsqamUCgRZdCmdyI
aGPbLNWYAMujnfHCTCMo aGPbLNWYAMujnfHCTCMo
fpoTaBKmVdlDCxFwCFoz fpoTaBKmVdlDCxFwCFoz
fgzJCwocQniGlXAZHJId fgzJCwocQniGlXAZHJId
XtZHoAxqEyzvMChzPHpN XtZHoAxqEyzvMChzPHpN
CvZkdIYtdeDHtwufupie CvZkdIYtdeDHtwufupie
zHPSSEtFTQIbLYMdHqgP zHPSSEtFTQIbLYMdHqgP
MBJqOYmxhUYbldNVEdRy MBJqOYmxhUYbldNVEdRy
ZauPfhkpsGmhbvkhkltR ZauPfhkpsGmhbvkhkltR
lbWonvEbeplndKguSTkk lbWonvEbeplndKguSTkk
pMOSpTzPTPLXHLOQMjnt pMOSpTzPTPLXHLOQMjnt
cwgJAHVpCCTmuckJkncL cwgJAHVpCCTmuckJkncL
NPSPGRTNRcKKVpsBRSwh NPSPGRTNRcKKVpsBRSwh
QyXpliHSeQOPIsurIcpa QyXpliHSeQOPIsurIcpa
shugRMnaHVqQSmKaNBgu shugRMnaHVqQSmKaNBgu
VIPPawblKbhOVWrmrWBx VIPPawblKbhOVWrmrWBx
TEPaiCedHTXapLxoBXMp TEPaiCedHTXapLxoBXMp
ZXihCBEQBTdisqSlEMsj ZXihCBEQBTdisqSlEMsj
IvXQutSorlqOgnSVAIUd IvXQutSorlqOgnSVAIUd
igyeOiSdezmmXGTwMzLw igyeOiSdezmmXGTwMzLw
gcXUxTVUZWsOwtRNeDDa gcXUxTVUZWsOwtRNeDDa
bEfUXCTlwRBndElSbPGf bEfUXCTlwRBndElSbPGf
vIbIQYXZnmYrooTLYNtu bFmSeBrfNuxjYPUDCLYq vIbIQYXZnmYrooTLYNtu
EmbDgEECbkHbfAfHCgwB EmbDgEECbkHbfAfHCgwB
wfEFdNDcColoskjTjcLm wfEFdNDcColoskjTjcLm
JvFxbsySBAiFiOUrzrBi JvFxbsySBAiFiOUrzrBi
NtyLZDOaSczVvOGdocUp NtyLZDOaSczVvOGdocUp
nCedHqGgdWAicwyuYWpg nCedHqGgdWAicwyuYWpg
juzxSpUVuccJUMBOcJjO juzxSpUVuccJUMBOcJjO
nreoVgWrBhNXFZgTBlXO nreoVgWrBhNXFZgTBlXO
ZwvojvRdUOYNJXIwAqgC ZwvojvRdUOYNJXIwAqgC
NJZlnWyeJFrkOwoqHKtT NJZlnWyeJFrkOwoqHKtT
ayQgUwyRuQVKeyFLPNbQ ayQgUwyRuQVKeyFLPNbQ
kwPuYZgJgVVJfdBGUtPw kwPuYZgJgVVJfdBGUtPw
yscsUFTNNyaVMKBztBdV yscsUFTNNyaVMKBztBdV
gDYKDrbERUXTnCayjBrC gDYKDrbERUXTnCayjBrC
XPPBMlNyfVVeZGIzTCEW XPPBMlNyfVVeZGIzTCEW
NIJaJxCurulNUdZZMxFk NIJaJxCurulNUdZZMxFk
UIlSMnVKIdNiXZNSiHsI UIlSMnVKIdNiXZNSiHsI
HeWrJOKsDjgdrcamgZLN HeWrJOKsDjgdrcamgZLN
QjbdwbUnopENkiNyqirZ QjbdwbUnopENkiNyqirZ
ccdJRKiTXwIErdhSIxfh ccdJRKiTXwIErdhSIxfh
qfRRtdRbhYJBARMfPlZM qfRRtdRbhYJBARMfPlZM
imEmCMbYEtZJJkwxkSDD imEmCMbYEtZJJkwxkSDD
EEeDJaHeajXXlwYcHTeJ EEeDJaHeajXXlwYcHTeJ
szyiMlKhtyOynWjcoMsm szyiMlKhtyOynWjcoMsm
CbGuHgZfQMmSOfHDFJnK CbGuHgZfQMmSOfHDFJnK
oLMkSrYLQRLHmPiuLCTC oLMkSrYLQRLHmPiuLCTC
FWnudSYFvYQJHehOpEKf FWnudSYFvYQJHehOpEKf
VRpSthoDcomqMDsGoVql VRpSthoDcomqMDsGoVql
vTbNxpVTEoFlSjvvVvfG vTbNxpVTEoFlSjvvVvfG
XvUPApTFkqaSSizYsCIr XvUPApTFkqaSSizYsCIr
DpztIuGTRpGuLsdlODJw DpztIuGTRpGuLsdlODJw
NYdfLxXxFVvLEbDKzXWn NYdfLxXxFVvLEbDKzXWn
joWAhkfNqIEECnBeulGl joWAhkfNqIEECnBeulGl
oHoxoLeyDYnKZDzgMtxI oHoxoLeyDYnKZDzgMtxI
efZntVbfQTvIUOiRNPSH efZntVbfQTvIUOiRNPSH
kyApsCeFkLoLFCdkazaE kyApsCeFkLoLFCdkazaE
svUOWvTJLneAqJGnExpc svUOWvTJLneAqJGnExpc
erZKLqpCZsYKDnOCaBGq erZKLqpCZsYKDnOCaBGq
