A0 A4 A5 A10 A11 A10 A5 A4 A6 A4 A0 A99 A94 A95 A99 A90 A85 A80 A79 A75 A77 A75 A74 A70 A71 A72 A74 A65 A60 A61 A60 A55 A54 A50 A49 A40 A35 A36 A35 A40 A35 A36 A35 A40 A49 A45 A46 A47 A49 A40 A35 A36 A35 A40 A35 A30 A29 A30 A34 A30 A35 A40 A35 A36 A35 A40 A49 A50 A54 A56 A54 A55 A60 A65 A60 A55 A59 A58 A59 A55 A60 A65 A64 A63 A64 A65 A74 A75 A79 A80 A85 A86 A87 A85 A90 A89 A88 A89 A90 A99 A0
29
A4 A3 A4 A97
A6 A6 A93
A11 A11
A29 A29 A37
A36 A36
A45 A44 A45
A47 A47
A54 A2 A54
A56 A52 A56
A58 A58 A69
A61 A61
A70 A70
A72 A62 A72
A77 A77
A79 A79
A86 A86
A87 A87
A94 A28 A78 A94
A95 A95
A80 A83
A5 A8 A12 A18 A19 A21 A22
A35 A31 A43
A63 A68
A0 A20
A88 A27 A71
A40 A33
A34 A46
A65 A53
A60 A81 A96
