A0 A2 A0 A199 A195 A194 A195 A196 A199 A190 A185 A186 A185 A180 A179 A175 A174 A171 A174 A165 A164 A163 A164 A165 A160 A155 A154 A150 A153 A150 A149 A147 A149 A140 A135 A130 A129 A125 A124 A115 A110 A105 A104 A100 A99 A90 A85 A87 A85 A80 A79 A81 A79 A80 A85 A87 A85 A90 A99 A100 A104 A100 A99 A90 A85 A87 A85 A80 A79 A75 A74 A65 A74 A71 A72 A73 A74 A65 A64 A63 A51 A66 A51 A63 A64 A65 A60 A55 A54 A50 A52 A50 A49 A40 A35 A30 A29 A25 A27 A25 A24 A22 A24 A15 A14 A13 A14 A15 A10 A12 A10 A5 A9 A8 A9 A5 A10 A15 A24 A25 A29 A30 A35 A40 A49 A44 A45 A46 A49 A50 A54 A55 A60 A65 A74 A75 A79 A80 A85 A87 A85 A90 A99 A100 A104 A106 A107 A106 A104 A100 A99 A90 A85 A87 A85 A80 A79 A81 A79 A80 A85 A87 A85 A90 A99 A100 A104 A105 A110 A115 A114 A113 A101 A113 A114 A115 A124 A125 A129 A130 A135 A140 A149 A150 A154 A155 A159 A158 A157 A156 A154 A155 A160 A165 A174 A175 A179 A180 A185 A190 A199 A0
50
A129 A127 A129
A2 A2
A8 A8
A12 A12 A152
A147 A78 A147
A22 A22 A43 A112
A153 A153
A154 A31 A146 A154 A168
A27 A27
A156 A11 A56 A156
A29 A28 A29 A121
A158 A158
A171 A169 A171 A172 A181
A44 A44
A46 A19 A46 A58
A179 A179
A52 A45 A52 A131
A54 A54
A186 A108 A186
A194 A111 A194
A195 A195
A196 A196
A71 A33 A71 A83
A79 A79 A118
A81 A81 A97
A87 A87
A104 A77 A96 A104 A106
A85 A94
A190 A4 A187
A110 A102 A120 A128
A149 A3 A47 A61 A103
A80 A6 A119
A40 A18 A21
A50 A20 A68 A95
A10 A36 A162 A197
A63 A37
A150 A53
A49 A62
A24 A69 A70 A144
A163 A72 A143
A75 A86 A161
A99 A93
A35 A122 A170
A15 A133
A107 A136
A114 A137
A9 A145
A160 A177
A65 A178
A0 A183 A193
