Soda location5 location2 location18 location9 location13 location20 location1 location25 location15 location21 location36 location16 location29 location26 location42 location7 location34 location43 location35 location24 location44 location39 location41 location40 location46 location47 location48 Soda location4 location1 location12 location20 location18 Soda location4 location28 location4 Soda location18 location20 location1 location12 location87 Soda
30
location1 location1
location2 location2 location6 location17 location22 location37
location4 location4 location49
location5 location5
location7 location7
location9 location9 location23 location27
location12 location12
location13 location3 location13
location15 location15
location16 location16
location18 location18
location20 location20
location21 location21 location30
location24 location24
location25 location25
location26 location26
location28 location28
location29 location29 location31
location34 location10 location34 location50
location35 location35
location36 location36
location39 location19 location39
location40 location32 location40
location41 location33 location41
location42 location42
location43 location8 location11 location14 location43
location44 location38 location44
location46 location46
location47 location45 location47
location48 location48
