Soda location72 location3 location4 location2 location16 location18 location10 location23 location17 location19 location36 location35 location25 location39 location43 location29 location50 location45 location60 location61 location48 location57 location44 location56 location27 location64 location49 location52 location53 location59 location51 location58 location66 location55 location69 location62 location65 location67 location86 location78 location74 location89 location71 location99 location97 location76 location83 location79 location100 location3 location94 location6 location22 location19 location7 location10 location3 location4 location2 location16 Soda location140 location3 location4 location2 location6 location18 location3 Soda location1 location9 location4 location3 location28 location26 location124 location26 location7 location10 location23 location17 Soda location1 location13 location15 location20 location14 Soda
61
location1 location1
location2 location2 location20
location3 location3
location4 location4
location6 location6
location7 location7
location9 location9
location10 location10 location82
location13 location13
location14 location14
location15 location15 location21
location16 location16
location17 location17
location18 location18
location19 location19 location30 location70
location22 location22 location63
location23 location23
location25 location25
location27 location27 location73
location28 location28 location81
location29 location29
location35 location35
location36 location36 location54
location39 location39
location43 location43
location44 location44
location45 location45
location48 location32 location33 location48
location49 location49
location50 location50
location51 location51
location52 location52
location53 location41 location53
location55 location55 location91
location56 location8 location56
location57 location46 location57 location85
location58 location58
location59 location26 location47 location59 location93 location98
location60 location42 location60
location61 location61
location62 location62
location64 location34 location64
location65 location65 location80
location66 location66 location92
location67 location67
location69 location68 location69
location71 location71
location72 location11 location72 location96
location74 location74
location76 location38 location76 location95
location78 location78 location88
location79 location40 location77 location79
location83 location83
location86 location12 location31 location37 location86
location89 location89
location94 location5 location87 location94
location97 location97
location99 location99
location100 location100
location140 location75 location84 location90
Soda location24
