Jingzhou Ghugus Haliyal Sapporo Surkhpur Sertaozinho Ramjibanpur Falun Crespo Khabarovsk Chegem Frosinone JabalosSaraj LePlessisTrevise AzZuwaytinah Sarzedo AbualMatamir Geilenkirchen Ermelo Shumen Payshanba Tottori SanJosedeOcoa CiudaddelCarmen RamganjMandi Kirovsk Srinagar Payshanba SaintMichael Shagamu RioFormoso NovyyBuh Sagalo NiagaraFalls elCampello Shumen Ermelo ZapadnoyeDegunino Xochimilco CroixdesBouquets Manduria Sanaa Kabarnet Chambersburg Simmerath Vandavasi Lysva Shively Colachel Rembangan Thamaga MelitodiNapoli Dukuhturi Ronse Frosinone Westmont SanJosedeOcoa Ketrzyn Ouarzazat Payshanba Pundong KampLintfort Radnor LondonderryCountyBor Bodhan Tabatinga Huauchinango Depok CoonRapids Fredericia Puruliya BeneBeraq Ibri Chittaranjan Chambly Gangtok TorrePacheco Wittenau Veenendaal Rangae Carouge Jeypore Entroncamento Shizunaifurukawacho TanahMerah Malnate Bejucal Kheri Jinotega Piraeus FortLauderdale Carmichael Tacoma Ghugus Jingzhou
49
Sagalo Sagalo
Ghugus Ghugus
Sarzedo Sarzedo
Khabarovsk Khabarovsk
JabalosSaraj JabalosSaraj
SanJosedeOcoa SanJosedeOcoa
elCampello elCampello
Chegem Chegem
Manduria Manduria
Tottori Tottori
Sanaa Sanaa
SaintMichael SaintMichael
RioFormoso RioFormoso
Ketrzyn Ketrzyn
Crespo Crespo
AzZuwaytinah AzZuwaytinah
Kirovsk Kirovsk
Ermelo Ermelo
Thamaga Thamaga BurgbeiMagdeburg
Srinagar Srinagar
Shively Shively
Rembangan Rembangan
Ronse Ronse
LondonderryCountyBor LondonderryCountyBor
Radnor Radnor
Ouarzazat Ouarzazat
CoonRapids CoonRapids
Lysva Lysva
Entroncamento Entroncamento
Colachel Colachel
Rangae Rangae
Tabatinga Tabatinga
BeneBeraq BeneBeraq
Ibri Ibri
Gangtok Gangtok
Carouge Carouge
Shumen Shumen
Chittaranjan Chittaranjan
Jeypore Jeypore
Malnate Malnate
Kabarnet Kabarnet
FortLauderdale FortLauderdale
Shizunaifurukawacho Shizunaifurukawacho
Veenendaal Veenendaal
Depok Depok
TanahMerah TanahMerah
Bejucal Bejucal
Kheri Kheri
Carmichael Carmichael
