LesLilas Gastonia Kasamwa Biskra SouthSaintPaul Dadu AlBajur AscoliPiceno Fuxin Sevlievo SpanishTown NewtonAycliffe Zhaodong Grajau Cherkasy Aracuai AinArnat Gorgan Twante Fontem Hirosaki PriegodeCordoba Sosnovka HaciendaLaCalera Acarau HaciendaLaCalera Sosnovka Wenchi Johnston Ipaba DrexelHill Gowurdak Biskra Izhevsk Ibirataia Langenhorn MineralnyeVody AshtonunderLyne Fujieda Kaifeng Kondrovo Ipaba EastLongmeadow Mocoa Berezhani Embu Nutley Milledgeville Alghero Namerikawa GuaMusang Pinner WestIslip Djelfa Shobara Osan Lalago Buriram NuevoMexico Kikuchi Manacapuru Oerlinghausen Anjarah CamRanh Nangi Tansen Khulm Tangzhai Turek MadinatHamad AinArnat Battambang Haripur Arzamas FortWorth Razam Wangon HalfWayTree Vaniyambadi Yafo Shieli Lembang Bury Kemise Topi Sleaford NorthAurora VillaPauladeSarmient GongdanglegiKulon Espiye Ronnenberg Baramula Sorada SouthSaintPaul Lloydminster Morwa Bhusaval Purnia Haora TagbilaranCity Ortaca Itororo Geyve NoblePark SanJuandelaMaguana Pozzuoli Marchena Wakuya Akcaabat Arang Skelmersdale Daokou NowaRuda Alnavar MonteAlegre CapimGrosso Mendes Tabou SenaMadureira Belalcazar Kairouan AinBessem Prostejov Rhondda Kotka BlueIsland UlanBator Vyazniki Ontinyent CerroAzul Ceerigaabo Arzamas Shimofurano Nagar Geiro Kushtia Kambove Magdeburg PortoVelho Bishopstoke KotRadhaKishan Mocoa Braila Biskra Winnipeg Ranong Zalingei Rivas ChalcodeDiazCovarrub Gunzenhausen Kineshma Mondlo Shchekino Andrychow Wenchi Hangu Mabopane Ipil Anjala Korsakov Morwa Lloydminster SouthSaintPaul SenadorPompeu Angleton SantanadoLivramento Butuan Acireale SouthSaintPaul Escada ArRumaythiyah Morwa NahiyatashShinafiyah AramokoEkiti Protaras Sobue Kambove ChalcodeDiazCovarrub Pezinok Garbsen Kambove LesLilas
97
Kaifeng Kaifeng
Gorgan Gorgan
Fuxin Fuxin
Zhaodong Zhaodong
Anjarah Anjarah
VillaPauladeSarmient VillaPauladeSarmient
PriegodeCordoba PriegodeCordoba
HaciendaLaCalera HaciendaLaCalera
Twante Twante
Ontinyent Ontinyent
Mocoa Mocoa
AshtonunderLyne AshtonunderLyne
Izhevsk Izhevsk
Wenchi Wenchi
Hirosaki Hirosaki
Gowurdak Gowurdak Shurugwi
Embu Embu FetestiGara
Espiye Espiye
AinArnat AinArnat
EastLongmeadow EastLongmeadow
Daokou Daokou
SpanishTown SpanishTown
Vaniyambadi Vaniyambadi
Johnston Johnston
Aracuai Aracuai
Shieli Shieli
MineralnyeVody MineralnyeVody
Oerlinghausen Oerlinghausen
Kemise Kemise
Langenhorn Langenhorn
Sosnovka Sosnovka
Baramula Baramula
MadinatHamad MadinatHamad
WestIslip WestIslip
Acarau Acarau
GuaMusang GuaMusang
FortWorth FortWorth
Tabou Tabou
Manacapuru Manacapuru
NoblePark NoblePark
Sorada Sorada
Yafo Yafo
Ibirataia Ibirataia
MonteAlegre MonteAlegre
Khulm Khulm
Morwa Morwa
Kairouan Kairouan
SanJuandelaMaguana SanJuandelaMaguana
Itororo Itororo
Haripur Haripur
Battambang Battambang
Arzamas Arzamas
TagbilaranCity TagbilaranCity
Bury Bury
Ortaca Ortaca
Akcaabat Akcaabat
Turek Turek
Belalcazar Belalcazar
KotRadhaKishan KotRadhaKishan
Nagar Nagar
Pozzuoli Pozzuoli
Lloydminster Lloydminster
Wangon Wangon
SantanadoLivramento SantanadoLivramento
CapimGrosso CapimGrosso
SouthSaintPaul SouthSaintPaul
Vyazniki Vyazniki
Kotka Kotka
Haora SaintCyrlEcole Haora
BlueIsland BlueIsland
Kineshma Kineshma
Skelmersdale Skelmersdale
Gunzenhausen Gunzenhausen
SenaMadureira SenaMadureira
Rhondda Rhondda
PortoVelho PortoVelho
Shimofurano Shimofurano
Andrychow Andrychow
Prostejov Prostejov
AinBessem AinBessem
Mabopane Mabopane
Hangu Hangu
Kambove Kambove
Rivas Rivas
ChalcodeDiazCovarrub ChalcodeDiazCovarrub
Shchekino Shchekino
Braila Braila
Butuan Butuan
Acireale Acireale
SenadorPompeu SenadorPompeu
Korsakov Korsakov
Escada Escada
NahiyatashShinafiyah NahiyatashShinafiyah
Angleton Angleton
Sobue Sobue
Pezinok Pezinok
Garbsen Garbsen
