0 5 0 6 8 19 14 9 11 0 1 20 12 21 5 23 22 0 25 26 24 30 32 2 39 35 37 38 40 43 41 0 42 0 48 53 0 51 52 5 55 56 59 57 58 62 2 63 64 65 68 60 66 67 71 72 1 73 70 6 76 78 77 81 84 83 8 85 86 0 88 1 96 4 95 8 93 1 97 100 4 99 102 103 104 105 107 1 108 1 112 109 110 113 115 114 116 121 7 117 119 1 0 1 125 1 128 126 6 134 132 3 10 148 10 146 0 144 0 151 2 152 2 153 159 2 158 2 160 4 163 169 6 171 168 166 172 2 174 173 3 175 4 176 183 185 0 187 0 12 188 190 3 191 3 4 195 4 197 2 196 0
99
0 0
3 3
5 5
6 6
8 8
10 10
14 14
19 19
20 20
21 21
22 22
23 23
24 24
25 25
26 26
30 30 162
32 32
35 35
37 37
38 38
39 39
40 40
41 41
42 42
43 43
48 48
51 51
52 52
53 53
55 55
56 56
57 57
58 58
59 59
60 60
62 62
64 64
65 65
66 66
67 67
68 68
70 70
71 71
72 72
76 76
77 77
78 78
81 81
83 83
84 84
85 85
86 86
88 88
93 93
96 96
97 97
100 100
102 102
103 103
104 104
105 105
107 107
109 109
110 110
113 113
114 114
115 115
116 116
119 119
121 121
125 125
126 126
132 132
134 134
144 144
146 146
148 148
151 151
159 159
160 160
163 163
166 166
168 168
169 169
171 171
172 172
173 173
174 174
175 175
176 176
183 183
185 185
187 187
188 188
190 190
191 191
195 195
196 196
108 182
