0 1 2 3 1 4 1 6 7 6 9 6 11 12 11 15 11 16 17 18 16 19 20 16 22 23 21 24 25 21 26 27 28 26 29 26 32 33 31 36 41 46 41 36 31 36 37 38 36 39 40 36 41 42 43 41 44 45 41 46 47 48 46 49 50 46 52 53 51 54 51 57 58 56 59 56 61 62 63 61 64 65 61 67 68 66 69 70 66 72 73 71 74 71 76 77 78 76 79 80 76 81 82 83 81 84 81 86 87 88 86 89 86 91 92 93 91 94 95 91 96 97 98 97 96 91 86 81 76 71 72 66 67 61 56 57 51 52 46 49 0
50
3 3
4 4
9 9
15 15
17 17
18 18
19 19
20 20
23 23
25 25
27 27
28 28
33 33
38 38
39 39
40 40
42 42
43 43
44 44
45 45
47 47
48 48
49 49
50 50
53 53
54 54
57 57
58 58
62 62
63 63
64 64
65 65
67 67
68 68
70 70
72 72
73 73
78 78
79 79
80 80
82 82
83 83
84 84
88 88
89 89
92 92
93 93
94 94
95 95
31 34
