0 1 2 3 1 4 1 6 7 6 11 12 13 11 16 11 16 19 16 21 22 21 24 25 21 26 27 26 29 30 26 32 33 31 34 35 31 37 38 36 39 36 42 41 44 41 46 47 48 46 49 46 51 52 53 51 54 51 57 58 56 59 60 56 61 62 63 61 64 65 61 66 68 66 69 70 66 71 72 73 71 74 75 71 76 78 76 79 80 76 81 82 83 81 84 81 87 86 90 86 92 93 91 94 95 91 96 97 98 96 99 100 96 101 102 103 101 104 105 101 106 107 108 106 109 106 112 113 111 114 111 116 118 116 119 116 121 122 121 125 121 127 128 126 129 130 126 131 135 131 136 137 138 136 139 140 136 141 142 143 141 144 145 141 146 149 146 151 152 153 151 154 155 151 156 159 156 162 163 161 164 165 161 167 166 169 170 166 171 173 171 174 171 176 179 180 176 181 183 181 184 185 181 186 187 186 189 186 192 193 191 194 195 191 196 197 198 0
99
3 3
7 7
12 12
13 13
19 19
22 22
24 24
25 25
27 27
29 29
30 30
32 32
33 33
34 34
35 35
38 38
39 39
42 42
44 44
47 47
48 48
52 52
53 53
58 58
59 59
60 60
62 62
63 63
64 64
65 65
68 68
70 70
72 72
73 73
74 74
75 75
78 78
79 79
80 80
82 82
83 83
84 84
87 87
90 90
93 93
94 94
95 95
97 97
98 98
99 99
100 100
102 102
103 103
104 104
105 105
107 107
108 108
109 109
112 112
113 113
114 114
118 118
122 122
127 127
128 128
129 129
130 130
135 135
137 137
138 138
139 139
140 140
142 142
143 143
144 144
145 145
149 149
152 152
153 153
155 155
159 159
162 162
163 163
164 164
165 165
169 169
170 170
173 173
179 179
180 180
183 183
184 184
185 185
187 187
189 189
192 192
193 193
195 195
21 14 17
