ZtfcEeD9 J2tz5Jy2 Ah46Ofm8 fa3ra0T7 zvH4AKmS Tb8W969R OJgw7XgR wusYsf5E 6hjWynHN DA7bDRCs CczWZLd1 yptfWPBC HTyyntxa wZJN4OBT EB4WBsTV aZcuESum CGddIqkC Q2HoHQU7 VgwgAKMz FqE4GP0Y bKTzHQn4 uEOMgmS6 lWuh5cH8 CxnbNU8s eJJL3lWa n7VUygaC tHTE6eug mrK2EXuk CGddIqkC BOlNhFGU jKNn1ZQ1 qtXV58SN CBKWpDQv gX4kBNm4 VDai7XkI Pz0LLMil hBRDGWam 1dr1nBQ7 12RjOKOH wd6UNY9N BkhTgoaJ CIF8DWXL FgxkC8N1 NgGjr3Ik Rd2M5nw8 X4DALK1Z B65DnegI iF2sCG7R h4MzKYRp VqqukjeY EAWv9kfQ mlHu9OVg ZS8CQaI7 Fj27Gybu VDai7XkI sAdwIwgI 43ehQX6O w0QWGw2L n0riP8Jl 0MyIUMFM d4U8kEOb mSd4Nw6v 9FVeC0va Zy3im4wi L5pBwvut c6ZWTltk LvdUl8D5 aSd01nMZ W7b2i2pG PMzcqvQL IdGLl1to WvzZeqnS O5yBujnu 1dr1nBQ7 MwmVLu2P xZQyzblz NpH6Hpsr AmaYXBsi b850DFfF u2ZI4Bp6 KcGXxWyr APMxsbBa 2KepLMXB 9OV097CE jc6bXCnq m9MRh7a0 91Uq51QB eFJgi8X6 sFR9mcaG NSdaWdL7 SG64DwCC 3MYamZSb YWqBlkAs rbWYBihd NBKhkccj oqraQ3aF 97y3ut3B 7P5zi9hu yRH0nOtz bJ22zvWV eF0ueRyu dB8nWjnw oECxPSEB Wznv2rRv tKnzhLx5 pDb2VAD0 SqpsWXRw RleTQaHw VDai7XkI TNblhkGK WOQy49Fo 8Rfeklr1 xRPgtW5C 0PR6ikBf FdbcCrtB RjDUex61 lqKnzPvP gmal2HHS kMauNR5Y VDai7XkI xI4hMIxA v654W2Kr EEVF7P1A ciNFdHxl 8LVjFaQv ijk5cHsH 62Mn9lau EJI0xPm2 sAdwIwgI KZzTlcqA KbQF6Z1I SdpsKJEm P0hOEoLv 1Xrx7hj3 y7NjqOqM WOCLylig VDai7XkI qnVestAH poaWnZDO 80BwLCcj kTn5Wdms VDai7XkI miUcr0K7 FGbFUcoj 8avKqSxh eHAI1Emd YXHt7Frx 7Xy44hse 7czjmzr9 yWlzbESz VDai7XkI uYGlfCi2 1FIjcsO2 ntaFp6yn IdGLl1to WvzZeqnS PLFYaVF6 yIRIspJJ 04vrMVdi Q6NMHx0B MeetuZNx VDai7XkI aWGQETjI gKOyNQPh 4pgwpiHi 6MPulFAv nFqouQp3 Q7hUKAHQ JfDq1Cs2 VDai7XkI 6dJ0UicP xkCjqYXa 1gtWVzKV nDVKj516 bUsapUoo d5gzYuse xzWL2Pp8 tCAdUY4B VDai7XkI 6dJ0UicP aDGqWHym VDai7XkI U7cZo0h2 dzvtjag1 VDai7XkI uMuBYvMK ZmF2u9Cy mrK2EXuk lWuh5cH8 lwKMUcFL ZtfcEeD9
96
fa3ra0T7 fa3ra0T7
zvH4AKmS zvH4AKmS
Tb8W969R Tb8W969R
OJgw7XgR OJgw7XgR
wusYsf5E wusYsf5E
yptfWPBC yptfWPBC
Rd2M5nw8 Rd2M5nw8
CIF8DWXL CIF8DWXL
FqE4GP0Y FqE4GP0Y
VgwgAKMz VgwgAKMz
lWuh5cH8 lWuh5cH8
CxnbNU8s CxnbNU8s
mrK2EXuk mrK2EXuk
CGddIqkC CGddIqkC
BOlNhFGU BOlNhFGU o4xf7nVd
jKNn1ZQ1 jKNn1ZQ1
CBKWpDQv CBKWpDQv zpLQ0R0G svPb07cv ca785uLx
43ehQX6O 43ehQX6O
w0QWGw2L w0QWGw2L
mSd4Nw6v mSd4Nw6v
AmaYXBsi AmaYXBsi
0MyIUMFM 0MyIUMFM
PMzcqvQL PMzcqvQL
KZzTlcqA KZzTlcqA
7P5zi9hu 7P5zi9hu
EB4WBsTV EB4WBsTV
wZJN4OBT wZJN4OBT
1dr1nBQ7 1dr1nBQ7
HTyyntxa HTyyntxa
TNblhkGK TNblhkGK
hBRDGWam hBRDGWam
O5yBujnu O5yBujnu
2KepLMXB 2KepLMXB
J2tz5Jy2 J2tz5Jy2
ZS8CQaI7 ZS8CQaI7
ZtfcEeD9 ZtfcEeD9
Fj27Gybu Fj27Gybu
mlHu9OVg mlHu9OVg
lqKnzPvP lqKnzPvP
EAWv9kfQ EAWv9kfQ
FdbcCrtB FdbcCrtB
RjDUex61 RjDUex61
W7b2i2pG W7b2i2pG
aSd01nMZ aSd01nMZ
eFJgi8X6 eFJgi8X6
91Uq51QB 91Uq51QB
LvdUl8D5 LvdUl8D5
qnVestAH qnVestAH
poaWnZDO poaWnZDO
SG64DwCC SG64DwCC
3MYamZSb 3MYamZSb
YWqBlkAs YWqBlkAs
rbWYBihd rbWYBihd
kMauNR5Y kMauNR5Y
B65DnegI B65DnegI
X4DALK1Z X4DALK1Z
kTn5Wdms kTn5Wdms
Pz0LLMil Pz0LLMil
ijk5cHsH ijk5cHsH
62Mn9lau 62Mn9lau
NpH6Hpsr NpH6Hpsr
gX4kBNm4 gX4kBNm4
Wznv2rRv Wznv2rRv
ciNFdHxl ciNFdHxl
8LVjFaQv 8LVjFaQv
y7NjqOqM y7NjqOqM
NSdaWdL7 NSdaWdL7
WOCLylig WOCLylig
sFR9mcaG sFR9mcaG
miUcr0K7 miUcr0K7
FGbFUcoj FGbFUcoj
8avKqSxh 8avKqSxh
7Xy44hse 7Xy44hse
aWGQETjI aWGQETjI
gKOyNQPh gKOyNQPh
1gtWVzKV 1gtWVzKV
JfDq1Cs2 JfDq1Cs2
Q7hUKAHQ Q7hUKAHQ
d5gzYuse d5gzYuse
nFqouQp3 nFqouQp3
xzWL2Pp8 xzWL2Pp8
tCAdUY4B tCAdUY4B
bJ22zvWV bJ22zvWV
eF0ueRyu eF0ueRyu
RleTQaHw RleTQaHw
8Rfeklr1 8Rfeklr1
xRPgtW5C xRPgtW5C
aDGqWHym aDGqWHym
04vrMVdi 04vrMVdi
PLFYaVF6 PLFYaVF6
U7cZo0h2 U7cZo0h2
dzvtjag1 dzvtjag1
IdGLl1to IdGLl1to
ntaFp6yn ntaFp6yn
yRH0nOtz yRH0nOtz
uMuBYvMK uMuBYvMK
