Dannemora Fabius Fonda Fleischmanns Gloversville Gordon Fairmount Dexter Fulton Fairport Geneva Depew Herricks Delmar Frankfort Flanders Gilbertsville Haviland Fishers Deferiet Dansville Delanson Deer Florida Farmingville Frewsburg Delhi Franklin Goshen Fire Earlville Deposit Hempstead Hewlett Fairview Heuvelton Hamilton Fair Oceanside Flower Hamburg Hillburn Ghent Depauville Fredonia Gowanda Franklinville Hermon Galeville Delevan Glenwood Northville Granville Forestville Davis Fishkill Mills Fabius Norwich Forest Odessa Downey Herrings Deferiet Germantown Highfalls Glasco Harrisville Harrison Friendship Gardiner Falconer Gasport Oceanside Freeport Herkimer Fayetteville Herkimer Hicksville Herkimer Nyack Delanson Dunkirk Noyack Haverstraw Oakfield Hannibal Gardiner Falconer Gouverneur Hillburn Heritage Norwood Florida Farnham Freeville Hancock Flower Herricks Nunda Hawthorne Harrisville Farmingville Oakdale Fonda Olean Ogdensburg Gowanda Dexter DeRuyter Hartsdale Earlville Firthcliffe Highland Frewsburg Delhi Olcott Fabius Dannemora
50
Davis Davis
Dansville Dansville
Deer Deer
Deferiet Deferiet
Delanson Delanson
Delevan Delevan
Delhi Delhi
Delmar Delmar
Depauville Depauville
Depew Depew
Deposit Deposit
DeRuyter DeRuyter
Dexter Dexter
Dunkirk Dunkirk
Earlville Earlville
Fabius Fabius
Fair Fair
Fairmount Fairmount
Fairport Fairport
Fairview Fairview
Falconer Falconer
Farmingville Farmingville
Farnham Farnham
Fayetteville Fayetteville
Fire Fire
Firthcliffe Firthcliffe
Fishers Fishers
Fishkill Fishkill
Flanders Flanders
Fleischmanns Fleischmanns
Florida Florida
Flower Flower
Fonda Fonda
Forest Forest
Forestville Forestville
Frankfort Frankfort
Franklin Franklin
Franklinville Franklinville
Fredonia Fredonia
Freeport Freeport
Freeville Freeville
Frewsburg Frewsburg
Friendship Friendship
Fulton Fulton
Galeville Galeville
Gardiner Gardiner
Gasport Gasport
Geneva Geneva
Germantown Germantown
Ghent Ghent
