Acton Carlsbad Alpaugh Bell Artesia Diablo Brentwood Biola Arbuckle Blythe Danville Armona Berkeley Alameda Carrick Bonita Belvedere Arcadia Belmont Brisbane Anaheim Bystrom Aptos Cerritos Anderson Calexico Blairsden Atherton Commerce Darwin Caruthers Bradley Arnold Campbell Coachella Amesti Broadmoor Dixon Calabasas Beaumont Benicia Chowchilla Avenal Fortuna Bonsall Atascadero Angwin Bayview Albany Escondido Atwater Emeryville Folsom Antioch Banning Alamo Avalon Ceres Auburn Farmersville Almanor Brawley Alhambra Ashland Clearlake Bishop Arvin Cayucos Cambria Cherryland Avery Brea Azusa Beckwourth Boronda Buttonwillow Bowles Compton Farmington Dublin Denair Biggs Byron Colton Cutten Cottonwood Concord Corralitos Bradbury Adelanto Clayton Arcata Belden Gardena Carpinteria Columbia Alpine Delano Carson Bloomington Cupertino Auberry Corona Dunsmuir Calimesa Barstow Aromas Bootjack Chino Burney Bakersfield Canyondam Fontana Castroville Dorrington Dorris Boron Cotati Bodfish Cartago Bluewater Fresno Angwin Bolinas Bellflower Georgetown Avery Capitola Barstow Calimesa Burbank Camarillo Burbank Corning Brawley Eureka Caribou Anderson Calexico Colfax Bradley Cromberg Cobb Cabazon Crockett Calipatria Escalon Clyde Colma Cypress Fowler August Cotati Exeter Fillmore Columbia Coalinga Covelo Foresthill Altadena Cloverdale Copperopolis Etna Dinuba Alturas Fairfield Aptos Chester Chualar Carmichael Duarte Fullerton Claremont Felton Firebaugh Ferndale Alamo Esparto Cobb Azusa Beckwourth Calistoga Anaheim Calwa Carson Fallbrook Fairfax Durham Clio Etna Empire Corona Calexico Florin Friant Bloomington Ducor Burlingame Ducor Cloverdale Cutler Chualar Chester Citrus Cupertino Cromberg Colusa Crestline Colusa Fontana Colusa Covina Downey Blairsden Atherton Corcoran Delhi Fremont Fairview Coalinga Forestville Byron Fellows Gazelle Florin Bootjack Aromas Barstow Calimesa Burbank Galt Brentwood Calabasas Coachella Freedom Carmichael Chualar Delano Armona Encinitas Carlsbad Acton
100
Adelanto Adelanto
Alameda Alameda
Alamo Alamo
Albany Albany
Alhambra Alhambra
Almanor Almanor
Alpaugh Alpaugh
Alpine Alpine
Altadena Altadena
Alturas Alturas
Amesti Amesti
Anaheim Anaheim
Anderson Anderson
Angwin Angwin
Antioch Antioch
Aptos Aptos
Arbuckle Arbuckle
Arcadia Arcadia
Arcata Arcata
Armona Armona
Arnold Arnold
Aromas Aromas
Artesia Artesia
Arvin Arvin
Ashland Ashland
Atascadero Atascadero
Atherton Atherton
Atwater Atwater
Auberry Auberry
Auburn Auburn
August August
Avalon Avalon
Avenal Avenal
Avery Avery
Azusa Azusa
Bakersfield Bakersfield
Banning Banning
Barstow Barstow
Bayview Bayview
Beaumont Beaumont
Beckwourth Beckwourth
Belden Belden
Bell Bell
Bellflower Bellflower
Belmont Belmont
Belvedere Belvedere
Benicia Benicia
Berkeley Berkeley
Biggs Biggs
Biola Biola
Bishop Bishop
Blairsden Blairsden
Bloomington Bloomington
Bluewater Bluewater
Blythe Blythe
Bodfish Bodfish
Bolinas Bolinas
Bonita Bonita
Bonsall Bonsall
Bootjack Bootjack
Boron Boron
Boronda Boronda
Bowles Bowles
Bradbury Bradbury
Bradley Bradley
Brawley Brawley
Brea Brea
Brentwood Brentwood
Brisbane Brisbane
Broadmoor Broadmoor
Burbank Burbank
Burlingame Burlingame
Burney Burney
Buttonwillow Buttonwillow
Byron Byron
Bystrom Bystrom
Cabazon Cabazon
Calabasas Calabasas
Calexico Calexico
Calimesa Calimesa
Calipatria Calipatria
Calistoga Calistoga
Calwa Calwa
Camarillo Camarillo
Cambria Cambria
Campbell Campbell
Canyondam Canyondam
Capitola Capitola
Caribou Caribou
Carlsbad Carlsbad
Carmichael Carmichael
Carpinteria Carpinteria
Carrick Carrick
Carson Carson
Cartago Cartago
Caruthers Caruthers
Castroville Castroville
Cayucos Cayucos
Ceres Ceres
Cerritos Cerritos
