6 4 0 199 198 199 0 4 1 4 6 5 2 5 3 5 6 13 11 13 12 10 12 13 20 18 20 19 17 19 20 27 25 22 25 27 26 23 26 24 26 27 34 32 34 33 30 33 31 33 34 41 39 41 40 37 40 38 40 41 48 46 43 46 48 47 44 47 48 55 53 50 53 55 54 51 54 52 54 55 62 60 62 61 62 69 67 63 67 64 67 69 68 65 68 66 68 69 76 74 76 75 76 83 81 77 81 78 81 83 82 79 82 80 82 83 90 88 90 89 86 89 87 89 90 97 95 91 95 92 95 97 96 94 96 97 104 102 98 102 99 102 104 103 100 103 101 103 104 111 109 105 109 106 109 111 110 111 118 116 112 116 118 117 115 117 118 125 123 120 123 125 124 122 124 125 132 130 126 130 127 130 132 131 128 131 129 131 132 139 137 133 137 134 137 139 138 135 138 136 138 139 146 144 140 144 141 144 146 145 142 145 146 153 151 147 151 148 151 153 152 149 152 150 152 153 160 158 154 158 155 158 160 159 156 159 157 159 160 167 165 161 165 167 166 167 174 172 169 172 174 173 170 173 171 173 174 181 179 181 180 177 180 178 180 181 188 186 182 186 188 187 184 187 185 187 188 195 193 189 193 190 193 195 194 195 196 195 6
84
1 1
2 2
6 6
10 10
11 11
12 12
17 17
18 18
19 19
22 22
25 25
27 27
30 30
31 31
32 32
38 38
39 39
41 41
43 43
44 44
47 47
50 50
51 51
53 53
60 60
61 61
62 62
64 64
65 65
69 69
74 74
75 75
76 76
77 77
80 80
83 83
87 87
88 88
90 90
91 91
94 94
96 96
100 100
101 101
103 103
105 105
106 106
110 110
112 112
115 115
116 116
120 120
122 122
124 124
126 126
128 128
129 129
133 133
134 134
136 136
140 140
142 142
145 145
148 148
149 149
150 150
154 154
155 155
160 160
161 161
165 165
166 166
169 169
172 172
174 174
177 177
179 179
181 181
182 182
184 184
186 186
189 189
190 190
194 194
