58 0 1 2 3 4 5 6 8 7 9 10 11 12 13 14 15 16 17 18 19 20 21 22 23 24 25 26 27 28 29 30 31 32 33 34 35 36 39 37 38 40 41 42 43 44 45 46 47 48 49 50 51 52 53 54 55 56 57 59 60 61 62 63 64 65 66 67 68 69 70 71 72 73 74 76 75 77 78 79 80 81 82 83 85 84 86 87 88 89 90 91 92 93 94 95 96 97 98 99 58
45
0 0
3 3
4 4
5 5
7 7
10 10
11 11
12 12
19 19
21 21
22 22
29 29
30 30
31 31
32 32
33 33
36 36
39 39
40 40
42 42
43 43
44 44
45 45
50 50
52 52
55 55
61 61
63 63
64 64
65 65
70 70
72 72
73 73
76 76
78 78
79 79
83 83
86 86
87 87
88 88
90 90
94 94
95 95
98 98
99 99
