0 1 2 3 4 5 6 7 8 9 10 11 12 13 16 14 15 17 18 19 20 21 22 23 25 24 26 27 28 29 30 31 32 33 34 36 35 37 38 39 40 42 41 43 44 45 46 47 48 49 50 51 52 53 54 55 56 57 59 58 60 61 62 63 64 65 66 67 68 70 69 71 72 73 74 75 76 77 78 79 80 82 81 84 83 85 86 87 88 89 90 91 92 93 94 95 96 97 98 99 100 101 102 103 104 105 106 107 108 109 110 111 112 113 114 115 116 117 118 119 120 122 121 123 125 124 126 127 128 129 130 131 132 133 134 135 136 137 138 139 141 140 142 144 143 145 147 146 148 149 150 151 152 153 154 155 156 157 158 159 160 161 162 163 164 165 166 167 168 169 171 170 172 173 174 175 176 177 178 179 181 180 182 183 184 185 186 187 188 189 190 191 192 193 194 195 196 197 198 199 0
97
3 3
4 4
6 6
8 8
11 11
12 12
13 13
15 15
17 17
19 19
20 20
22 22
24 24
26 26
27 27
28 28
30 30
31 31
33 33
35 35
36 36
40 40
43 43
45 45
46 46
47 47
51 51
52 52
54 54
55 55
56 56
57 57
58 58
62 62
63 63
64 64
66 66
73 73
75 75
76 76
77 77
80 80
82 82
84 84
85 85
87 87
89 89
90 90
91 91
92 92
94 94
95 95
104 104
105 105
107 107
111 111
112 112
114 114
115 115
119 119
123 123
124 124
126 126
132 132
135 135
137 137
138 138
139 139
143 143
147 147
148 148
149 149
150 150
151 151
155 155
156 156
157 157
158 158
159 159
161 161
162 162
167 167
168 168
171 171
172 172
173 173
174 174
175 175
178 178
180 180
184 184
185 185
186 186
188 188
192 192
193 193
196 196
