pace king view forge winner assignment physics bitter guarantee dialogue prison injury disclose skeleton likely dialogue romantic straighten quality throne approval environment miserable audience output circulation deposit paper understand seize sunrise assume exempt injection exclusive honor pace interactive sign tolerate thirsty stroke excuse thumb nationalist shy tablet cigarette demand page lake pier imposter class judicial glasses autonomy enter mystery market figure understand skeleton headline rob tablet iron ward pig other swear financial voice financial profound fortune guarantee buffet guarantee dialogue likely enhance dough tool write brake mature enhance legislation assume solve financial dough linger vegetarian throne stress coast stress rent king guarantee fortune imposter pain demand page shiver pace
48
likely likely
prison prison
king king
quality quality
injury injury
paper paper
output output
circulation circulation
page page
voice voice
honor honor
enter enter
throne throne
guarantee guarantee
tablet tablet
thumb thumb
headline headline
dough dough
exclusive exclusive
other other
brake brake
nationalist nationalist
winner winner
cigarette cigarette
buffet buffet
mystery mystery
autonomy autonomy
tolerate tolerate
sign sign
financial financial
legislation legislation
class class
glasses glasses
tool tool
lake title lake dip
sunrise sunrise
linger linger
rob rob
bitter bitter
seize seize
figure figure
shy shy
imposter imposter
demand demand
enhance enhance
swear swear
vegetarian vegetarian
pain pain
