pace mixture joint output buffet exempt certain due title mystery miserable election guarantee attraction excuse forge coast profound skeleton gallon injection financial fortune atmosphere rent approval disclose voice triple shy gate shy other pace market rob judicial coincide dive view king respect throne boom quality circulation stress enemy ask sign honor comfortable likely other quadruple imposter tablet ward autonomy paper expression assignment winner virgin profound brake headline brake nationalist page deposit seize cigarette tolerate injury demand feature write pig pier interactive father compromise shiver structure thirsty opposed dip understand notebook glasses mature native widen class joystick beg ex spoil bleed smile drawer chew curriculum excuse exclusive electronics coast linger physics dough greeting decisive ignore liver tool swear charity stroke pain disclose approval lake begin science enter offset enter feature quiet hospitality teacher candle dialogue rage bitter terminal address thumb terms deter note deter identity straighten pig weapon illusion joint error home flag module audience dramatic exempt brake bowel brake scheme certain solve labour figure clay virgin blonde pipe assume acceptance assume railcar confrontation development desk enemy control glasses bleed knot country prison romantic aspect banana driver imposter pound attraction coffin bitter policy viable job grounds job guarantee reliable fortune swop electronics interface compromise case exile vegetarian pardon chair mixture mercy native paper cotton lifestyle coast profound mist aspect ask sign exploit sign king ladder separate science mercy financial injection legislation prospect snuggle quiet speaker pace
100
pace pace
likely likely
excuse excuse
feature feature
skeleton skeleton
injury injury
output output
due due
page page
audience audience
profound profound
throne throne
guarantee guarantee
physics physics
exempt exempt
tablet tablet
injection injection
market market
forge forge
thumb thumb
headline headline
dough dough
exclusive exclusive
other other
assignment assignment
buffet buffet
autonomy autonomy
respect respect
pig pig
financial financial
interactive interactive
tool tool
rob rob
dip dip
imposter imposter
swear swear
shiver shiver
coast coast
stress stress
mature mature
chair chair
rent rent
straighten straighten
boom boom
acceptance acceptance
rage rage
comfortable comfortable
structure structure
decisive decisive
spoil spoil
dive dive
atmosphere atmosphere
attraction attraction
ask ask
smile smile
pardon pardon
knot knot
curriculum curriculum
coincide coincide
exile exile
ignore ignore
teacher teacher
drawer drawer
widen widen
election election
country country
note note
liver liver
home home
development development
scheme scheme
cotton cotton
error error
mercy mercy
virgin virgin
confrontation confrontation
control control
railcar railcar
electronics electronics
begin begin
identity identity
greeting greeting
viable viable
lifestyle lifestyle
enemy enemy
interface interface
offset offset
candle candle
swop swop
driver driver
deter deter
pipe pipe
coffin coffin
native native
flag flag
bowel bowel
illusion illusion
triple triple
quadruple quadruple
bleed environment
