C0 C131 C129 C6 C4 C1 C139 C14 C130 C23 C95 C30 C166 C162 C40 C105 C186 C49 C116 C187 C122 C60 C63 C125 C62 C0
24
C0 C0
C129 C8 C26 C35 C70 C88 C129 C152 C181
C4 C4
C166 C47 C77 C166
C105 C5 C86 C105 C114 C137 C153 C179
C139 C24 C55 C101 C139 C161
C49 C2 C49
C95 C18 C43 C52 C95
C122 C122 C149 C194 C196
C30 C11 C28 C30 C66 C190 C198
C63 C1 C31 C63 C68
C131 C20 C56 C78 C87 C97 C123 C154 C164 C171 C172 C182 C193
C23 C19 C25 C48 C110 C124 C144
C62 C3 C10 C27 C45 C132 C145 C169
C60 C7 C54 C127 C134
C116 C16 C119 C160 C165 C185
C14 C32
C186 C50 C141
C6 C51 C100 C168
C130 C57 C107 C120 C146 C167
C125 C58 C59 C104 C121
C187 C71
C40 C74 C84 C93 C192
C162 C103
