9iIwk Mj2eQ ZzWHp iEXNY Mj2eQ MA43U jYfXn Ew56P 9ejIc SgDk6 RhUVQ QVYVG 7G74f QVYVG FOL0S 1uRw3 q0lus XYzcU qkJ6b 1xmtC XYzcU jT5CK 5BDPJ WJNpN r2dxQ Y7IDR 4a0W8 Y7IDR YH6mk 5ioW1 Be0ab XZKtP dw7aX XZKtP bXinH 5ioW1 AgYPL tnjfN tG1wc c9sIw jT5CK 6EWVx 0mah3 TzIYf Q1WC5 h2rea 1eRkH 5R5Xa rrNj1 Esl6u ZfVrl p9vQm fS0W8 k64Ok Vake4 ZgtaX pXCjI k6V9L vrNke OQnD0 fw1kb OQnD0 k6V9L N1MZB ZgtaX JgjFI veOJ7 ZgtaX BnAjj k64Ok fS0W8 Esl6u rrNj1 5R5Xa ChXAd 9iIwk jASvw oqPYQ 0GdkR iEXNY 6oThd p7hV5 qkJ6b QVYVG LZomt aHGHb 1uRw3 y89SK Ri2t4 jAwQw kmzhT 1uRw3 knY3U vE0Pj WGJpQ QVYVG qkJ6b QVYVG Ew56P QVYVG qkJ6b 9iIwk
47
5ioW1 5ioW1
SgDk6 SgDk6
Mj2eQ Mj2eQ
ZzWHp ZzWHp
7G74f 7G74f
iEXNY iEXNY
Vake4 Vake4
Be0ab Be0ab
XZKtP XZKtP
XYzcU XYzcU
dw7aX dw7aX
LZomt LZomt
1xmtC 1xmtC
JgjFI JgjFI
pXCjI pXCjI
qkJ6b qkJ6b
y89SK y89SK
Ri2t4 Ri2t4
jYfXn jYfXn
jT5CK jT5CK
jASvw jASvw
5R5Xa 5R5Xa
9iIwk 9iIwk
5BDPJ 5BDPJ
Y7IDR Y7IDR
ZgtaX ZgtaX
veOJ7 veOJ7 iCgvV
p9vQm p9vQm
1uRw3 1uRw3 1pxZM 5VT1H
h2rea h2rea
YH6mk YH6mk
RhUVQ RhUVQ
oqPYQ oqPYQ
0GdkR 0GdkR
BnAjj BnAjj
fS0W8 fS0W8
jAwQw jAwQw
bXinH bXinH
AgYPL AgYPL
4a0W8 4a0W8
vE0Pj vE0Pj
ChXAd ChXAd
aHGHb aHGHb
tnjfN tnjfN
1eRkH 1eRkH
kmzhT kmzhT
WGJpQ WGJpQ
