HAZtD 6gp0A kPB79 4Tt2a kPB79 UqGfS GxQg8 1gvq4 lJnz7 aWuHk GxQg8 bW6Ms ED9em 5h4rt ED9em RN9nS F7CZj 4Eg1F wnnBN Cg1yP J0OP0 iKwe0 EyMEe bW6Ms vfAR8 X2hjX GxQg8 iqOI4 mJExt XbFfE O8CwF C4biR 93R2m cu5FB 4AhmX jesVt 69WZh wedr3 zrVPv 15wtn npBgR ox9Gx EgumV jesVt p3gJd 9cp56 zcuSA 4PSW9 0F8yg gpbSj zcuSA jyRQW Xqwfz pLg86 7kY28 fiXIW URrao qz2Of 8Qx0C iPRoT Vg6Sz iIQll p4kTx iIQll 4jcrD UbqWX GrnJ7 SEc9N v9joy UPel5 iaaYU GrnJ7 gNinx DmTRc 3JtxZ 5EAEu sU69u 2GCiD 0FMEI R6NzB 69WZh Q5zY0 5MtKr Ia6ul eVDVP b9v0q SEkfX v7hOX Mm2U8 2zHfe AwFdf rH3nx cpzS8 acHTt kNG2j C4biR aegld TlJnt C4biR cMyGs DaieK GxQg8 lJnz7 cC0Rg u60s4 Zxvdf jyRQW CWT0c Xqwfz sJ62h hA7FQ g8MpX OWqP4 6owsT iimZq fiXIW 0moVI SxklZ VESmp SxklZ BaYb3 IOpdQ 1VA1I Zok18 7kY28 HAKlt 6sv9O Jbr8u GaZ4O H1xt8 o2JtM BIY9X DuU0x e7SjH E6pda xKTIz RkCLD SfSL1 bMhFI lF8gH CHx6u rmW0U HOuAL rmW0U 9tf0w rmW0U GfIsc DmTRc tgL8p 0FMEI R6NzB 7WH0C zZ10c DchVt v0WXM iHR3J mdIe6 VJX0I ZKvNM TzGS5 ZKvNM ntxuv 7WH0C Q5zY0 VG4na Agb0E B19Le wVSYr fExZu 2zHfe KtlQd C4biR O8CwF uPUO1 aWuHk GxQg8 UqGfS Ssao4 kPB79 z82fM EyMEe xF1Bj CXkxa Lusir CXkxa EyMEe kPB79 4PXv9 kPB79 UqGfS NqBQW Xqwfz Gf5gy Xqwfz sJ62h hA7FQ g8MpX Pk19A fiXIW iimZq 6sv9O ejBhY 8x5TS o2JtM TvWc0 DuU0x e7SjH 2LhKB e7SjH o2JtM Jbr8u 6sv9O Njpie el46Y Njpie OEGHh qz2Of 234po 7kY28 Xqwfz jyRQW zcuSA 9cp56 p3gJd jesVt fWz4T zrVPv b9v0q WVEjT b9v0q 15wtn p3gJd GxQg8 EyMEe HAZtD
99
cu5FB cu5FB
zcuSA zcuSA
fiXIW fiXIW
wedr3 wedr3
H1xt8 H1xt8
pLg86 pLg86
SEkfX SEkfX
0F8yg 0F8yg
5EAEu 5EAEu
p4kTx p4kTx
zrVPv zrVPv
GxQg8 GxQg8
4AhmX 4AhmX
URrao URrao
8Qx0C 8Qx0C
aegld aegld
VESmp VESmp
ED9em ED9em
7kY28 7kY28
UbqWX UbqWX
jesVt jesVt
E6pda E6pda
Lusir Lusir
BIY9X BIY9X
69WZh 69WZh
DuU0x DuU0x
wnnBN wnnBN
v9joy v9joy
gNinx gNinx
iaaYU iaaYU
IOpdQ IOpdQ
4Tt2a 4Tt2a
CHx6u CHx6u
lJnz7 mdIe6 lJnz7
BaYb3 BaYb3
TzGS5 TzGS5
eVDVP eVDVP
1gvq4 1gvq4
ox9Gx ox9Gx
Ia6ul Ia6ul
5h4rt 5h4rt
bMhFI bMhFI
iIQll iIQll
rH3nx rH3nx
1VA1I 1VA1I
Vg6Sz Vg6Sz
u60s4 u60s4
aWuHk aWuHk
lF8gH lF8gH
RN9nS RN9nS
O8CwF O8CwF
OWqP4 OWqP4
iqOI4 iqOI4
p3gJd p3gJd
gpbSj gpbSj
SxklZ SxklZ
X2hjX X2hjX
v7hOX v7hOX
cpzS8 cpzS8
Zok18 Zok18
DaieK DaieK
acHTt acHTt
Cg1yP Cg1yP
fExZu fExZu
cC0Rg cC0Rg
R6NzB R6NzB
uPUO1 uPUO1
6owsT 6owsT
HOuAL HOuAL
AwFdf AwFdf
J0OP0 J0OP0
DmTRc DmTRc
iKwe0 iKwe0
xKTIz xKTIz
iHR3J iHR3J
TlJnt TlJnt
2GCiD 2GCiD
bW6Ms bW6Ms
UqGfS UqGfS
iimZq iimZq
vfAR8 vfAR8
9tf0w 9tf0w
z82fM z82fM
Agb0E Agb0E
EgumV EgumV
0moVI 0moVI
Zxvdf Zxvdf
Ssao4 Ssao4
2LhKB 2LhKB
HAKlt HAKlt
4PXv9 4PXv9
kNG2j kNG2j
fWz4T fWz4T
4jcrD 4jcrD
Pk19A Pk19A
WVEjT WVEjT
VG4na VG4na
NqBQW NqBQW
234po Q8lcd
