1 3 81 18 12 74 53 16 20 11 5 27 10 17 14 36 34 36 60 50 40 26 54 37 28 35 15 46 21 44 48 47 58 89 25 66 57 29 59 65 67 39 82 45 75 11 20 73 24 42 41 69 31 51 61 96 84 85 53 72 33 2 64 78 67 63 43 80 81 55 49 86 60 71 16 53 74 70 23 91 7 76 93 21 94 97 26 79 90 52 4 32 62 99 100 20 83 34 92 98 46 19 68 19 32 87 95 54 88 8 30 1
40
1 1
3 3
5 5
7 7
8 8
10 10
11 11
12 12
14 14
26 26
28 28
33 33
34 34
42 42
45 45
46 46
50 50
52 52
58 58
63 63
64 64
66 66
69 69
72 72
73 73
78 78
79 79
83 83
84 84
86 86
87 87
89 89
90 90
91 91
92 92
93 93
95 95
98 98
99 99
100 100
