1 44 7 14 5 15 13 147 12 23 8 26 18 27 6 16 32 40 28 30 38 12 57 41 39 42 31 51 7 44 13 53 36 53 46 175 71 66 29 24 54 35 74 67 60 17 98 96 48 94 64 68 79 125 84 54 56 90 58 20 115 52 1 82 78 91 93 58 88 89 95 42 20 86 92 99 43 112 69 70 101 118 104 190 12 103 16 80 108 140 122 111 110 127 132 85 119 105 121 17 130 113 129 152 74 124 150 133 109 120 163 60 114 91 128 138 136 2 83 77 156 157 116 70 126 3 159 165 153 31 137 142 47 7 186 43 155 162 178 187 59 164 147 12 102 161 182 169 184 63 192 9 146 9 100 199 1 45 51 176 174 92 47 194 9 170 91 175 185 102 189 82 190 1 134 196 193 9 100 107 66 1
78
3 3
7 7
12 12
13 13
14 14
15 15
18 18
23 23
26 26
31 31
36 36
42 42
43 43
46 46
51 51
52 52
53 53
56 56
57 57
58 58
60 60
64 64
66 66
71 71
78 78
82 82
83 83
84 84
86 86
88 88
89 89
90 90
91 91
92 92
93 93
95 95
96 96
98 98
99 99
101 101
103 103
105 105
108 108
110 110
115 115
116 116
119 119
121 121
127 127
128 128
129 129
130 130
132 132
136 136
137 137
138 138
140 140
142 142
147 147
152 152
153 153
156 156
157 157
159 159
161 161
162 162
163 163
174 174
175 175
176 176
182 182
185 185
186 186
190 190
193 193
194 194
199 199
196 49
