create concern company hide linear crew minimize think top scrap deck suffer skip merit perception bracket breakin magnitude nationalism mechanism line contract dose pupil concern feign battery basketball celebration gift lobby concern formation seller homosexual craftsman scrap top create
30
concern concern
company company
top top
hide hide
basketball basketball cancel
battery battery
crew crew
linear belief linear creation childish exotic colon pride predict
minimize minimize
scrap scrap
deck deck tin absorption
perception perception
think think
skip skip
suffer suffer
merit merit
bracket pastel bracket prove transmission
breakin breakin maze
nationalism nationalism direct
magnitude magnitude
contract contract
mechanism mechanism
line ballot line
dose dose
feign feign
pupil farewell pupil fuss
celebration adult accessible celebration
lobby appear
create steward
homosexual community
