pride top company prove hide crew top linear farewell childish community creation suffer skip tin auditor magnitude contract line basketball scheme accessible pupil fuss feign tribe top desk battery difference hide denial dramatic leash chief valid create seller huge courtesy domestic mosaic thank rabbit vote national salmon concern pride
41
concern concern pastel mechanism direct steward lobby dilemma
company company
top top ballot present car
hide hide east bring
crew crew deck
linear belief linear thread
farewell farewell dose
creation creation maze
childish minimize childish loud dedicate
skip battery skip
community community knit deter
tin tin
suffer suffer transaction
prove prove absorption fortune
pride pride craftsman
magnitude appear perception colon magnitude transmission
contract contract predict gift equinox
line scrap line
feign feign integrated
accessible basketball accessible
pupil pupil
fuss fuss offensive
salmon think nationalism salmon shelter work
dramatic dramatic
desk desk dialect
denial denial
leash wrong leash
valid valid
huge huge
tribe snap whole traction tribe
create adult glide create
seller seller
mosaic mosaic inhibition
thank magnetic berry homosexual thank
rabbit partnership rabbit
domestic mind domestic
vote formation vote
auditor exotic makeup
scheme merit bracket
national breakin celebration
courtesy cancel trance
