0 1 2 3 8 7 6 5 10 11 12 13 8 9 14 18 17 16 15 20 21 22 23 24 23 27 26 25 30 31 32 33 34 29 34 38 37 36 35 41 42 43 44 39 44 48 47 46 51 52 47 48 49 54 58 57 56 55 61 62 63 64 63 67 66 65 70 71 72 67 68 69 74 78 77 76 75 80 81 82 83 78 79 78 77 82 86 85 90 91 92 93 94 89 94 93 92 96 97 98 99 94 88 83 77 72 66 61 55 50 45 40 35 30 25 20 15 10 5 0
50
0 0
2 2
3 3
5 5
6 6
7 7
8 8
10 10
11 11
13 13
16 16
17 17
18 18
20 20
21 21
24 24
29 29
30 30
34 34
35 35
37 37
38 38
39 39
41 41
43 43
44 44
45 45
46 46
47 47
48 48
49 49
52 52
55 55
57 57
61 61
63 63
64 64
65 65
66 66
69 69
70 70
83 83
85 85
89 89
90 90
91 91
92 92
94 94
96 96
99 99
