0 1 2 3 4 5 6 7 8 9 18 17 16 15 14 13 12 11 10 20 21 22 23 24 25 26 27 28 29 28 37 36 35 34 33 32 31 30 40 41 42 43 44 45 46 47 48 38 39 49 58 57 56 55 54 53 52 51 50 60 61 62 63 64 65 66 67 68 58 59 69 78 77 76 75 74 73 72 71 70 80 81 82 83 84 85 86 87 88 89 98 97 96 95 94 93 92 91 90 101 102 103 104 105 106 107 108 98 99 109 118 117 116 115 114 113 112 111 110 120 121 122 123 124 125 126 127 128 129 128 137 136 135 134 133 132 131 130 140 141 142 143 144 145 146 147 148 149 139 149 158 157 156 155 154 153 152 151 150 160 161 162 163 164 165 166 167 168 169 178 177 176 175 174 173 172 171 170 180 181 182 183 184 185 186 187 188 189 198 197 196 195 194 193 192 191 190 191 192 193 194 195 196 197 198 199 189 178 168 157 147 136 126 115 105 94 84 73 63 52 42 31 21 10 0
100
2 2
4 4
5 5
8 8
9 9
12 12
15 15
16 16
17 17
18 18
20 20
21 21
22 22
24 24
26 26
29 29
31 31
33 33
37 37
39 39
42 42
43 43
45 45
48 48
51 51
53 53
61 61
64 64
67 67
68 68
70 70
71 71
72 72
73 73
76 76
77 77
80 80
81 81
82 82
83 83
86 86
87 87
89 89
94 94
95 95
96 96
98 98
99 99
101 101
102 102
103 103
104 104
105 105
107 107
108 108
111 111
114 114
116 116
118 118
120 120
122 122
123 123
125 125
127 127
129 129
130 130
132 132
133 133
139 139
140 140
146 146
147 147
149 149
150 150
151 151
152 152
153 153
154 154
155 155
158 158
160 160
161 161
164 164
165 165
166 166
167 167
175 175
176 176
178 178
181 181
182 182
183 183
184 184
186 186
187 187
188 188
189 189
196 196
198 198
199 199
