BU BL AF AO AP BL AM BF AR BC AV AN AC AW BA CP BE AQ AE AT AE CE BQ AU BO FQ BD BM CS AD BP AX CI BW CQ BK AE CA CO CA BY BF CD BW CX AH BV BZ CB AP CT CU DR AY CK BN CR DM DI CZ CN DG GK CW DA DJ BG AA CM HP DL DV EZ CP CV DE DS DD DF DK DQ DP DW DZ EL BE CY AA DU EC EN DT EV AK EG EB EF BR EW FB EH EU ED GA HR AW CA EE CF EM EQ EY EO FU FL DA FI BT FW ES CG FE FF FN EN GQ FD CV GS GO GH FS EP FG GA DU FA DY GB FP BM BH ET GR FR HF CA AJ GE BN FC GF GY CT AF AI AB FY BX GV GP DO GI GZ GN DK BM GK HL GT CC GM AT AO AP BE HH BT FW BM HA BM HC AP CF AU CS BM HJ FM HM HP CG AB BU
98
AE AE
AF AF
AN AN
AP AP
AQ AQ
AR AR
AT AT
AV AV
AX AX
AY AY
BA BA
BE BE
BF BF
BG BG
BH BH
BK BK
BM BM
BN BN
BQ BQ
BU BU
BW BW
BY BY
BZ BZ
CA CA
CD CD
CI CI
CK CK
CM CM
CO CO
CQ CQ
CR CR
CS CS
CT CT
CV CV
CW CW
CX CX
CY CY
CZ CZ
DD DD
DE DE
DI DI
DJ DJ
DK DK
DL DL
DM DM
DP DP
DQ DQ
DR DR
DS DS
DT DT
DU DU
DV DV
DZ DZ
EC EC
EG EG
EH EH
EL EL
EN EN
EO EO
EQ EQ
ES ES
ET ET
EV EV
EY EY
FB FB
FD FD
FF FF
FG FG
FI FI
FL FL
FN FN
FP FP
FR FR
FS FS
FU FU
FW FW
FY FY
GA GA
GE GE
GH GH
GK GK
GM GM
GN GN
GO DX GO
GP GP
GQ GQ
GS GS
GT GT
GY GY
HA HA
HC HC
HF HF
HH HH
HJ HJ
HM HM
HP HP
AB EK ER
EW HG
