lllIl1I 11IIII1 lIIlII1 II11l1l lIl111I 1I1I1l1 lIIl11l l1III1I II1Il1I 11lI11I IlI1II1 lI11III Il1Il1I IIlIllI 1l11lII 11lI11I lII111l l1IIl1l I1llII1 l1lll11 l1Ill11 l1IllI1 1llI111 I1ll1II l1lllll lI1l111 1I11Ill ll111ll 11111lI 1I1l1Il l1IIl1l IlI1Il1 I11I111 ll111ll 1I1lllI lll1I1l lIllIll 111lI1I I1lIlII l1l11l1 1I1I1lI l1I111I 1lIl11I Ill1I11 III111I 1lllIII I111I1I llIIII1 l1IIl1l I11I11l IIl1l1I I1llll1 Ill11II 1lllIII 1I1I1l1 1l1lIlI 1IlIl1I I11111l llI1lII III1llI lllIl1I
50
11IIII1 11IIII1
lIIlII1 lIIlII1
II11l1l II11l1l
lIl111I lIl111I
lIIl11l lIIl11l
II1Il1I II1Il1I
IlI1II1 IlI1II1
lI11III lI11III
Il1Il1I Il1Il1I
IIlIllI IIlIllI
1l11lII 1l11lII
11lI11I 11lI11I
lII111l lII111l
I1llII1 I1llII1
l1lll11 l1lll11
l1Ill11 l1Ill11
l1IllI1 l1IllI1
1llI111 1llI111
I1ll1II I1ll1II
l1lllll l1lllll
lI1l111 lI1l111
1I11Ill 1I11Ill
11111lI 11111lI
1I1l1Il 1I1l1Il
l1IIl1l l1IIl1l
IlI1Il1 IlI1Il1
I11I111 I11I111
ll111ll ll111ll
1I1lllI 1I1lllI
lll1I1l lll1I1l
lIllIll lIllIll
111lI1I 111lI1I
l1l11l1 l1l11l1
1I1I1lI 1I1I1lI
l1I111I l1I111I
1lIl11I 1lIl11I
Ill1I11 Ill1I11
III111I III111I
I111I1I I111I1I
llIIII1 llIIII1
I11I11l I11I11l
IIl1l1I IIl1l1I
I1llll1 I1llll1
Ill11II Ill11II
1I1I1l1 1I1I1l1
1l1lIlI 1l1lIlI
1IlIl1I 1IlIl1I
I11111l I11111l
llI1lII llI1lII
III1llI III1llI
