129 0 130 36 0 92 137 9 161 6 84 101 4 11 0 81 158 0 50 13 0 142 0 66 107 100 105 192 0 157 29 6 195 85 6 51 56 99 156 95 59 25 196 1 151 114 108 125 0 21 61 26 128 190 177 65 0 145 15 0 82 0 160 0 126 39 178 0 163 64 0 97 96 63 3 76 3 87 33 5 40 88 2 91 0 191 53 49 155 17 8 48 123 57 150 121 171 0 16 188 3 152 14 110 0 55 194 23 0 98 109 0 180 2 103 2 89 4 197 0 183 1 62 1 58 0 44 1 174 2 175 0 184 0 122 0 189 0 129
100
130 130
36 36
92 92
137 137
9 9
161 161
84 84
101 101
4 4
11 11
81 81
158 158
50 50
13 13
142 142
66 66
107 107
100 100
105 105
192 192
157 157
29 29
195 195
85 85
6 6
51 51
56 56
99 99
156 156
95 95
59 59
25 25
196 196
151 151
114 114
108 108
125 125
21 21
61 61
26 26
128 128
190 190
177 177
65 65
0 0
145 145
15 15
82 82
160 160
126 126
39 39
178 178
163 163
64 64
97 97
96 96
63 63
76 76
87 87
33 33
5 5
40 40
88 88
2 2
91 91
191 191
53 53
49 49
155 155
17 17
8 8
48 48
123 123
57 57
150 150
121 121
171 171
16 16
188 188
152 152
14 14
110 110
55 55
194 194
23 23
98 98
109 109
180 180
103 103
89 89
197 197
183 183
62 62
58 58
44 44
174 174
175 175
184 184
122 122
189 189
