gucdicwxmb epdwcjuvdr vugkhjygfe vkrlpmybdj zpjhxyylhb koawdpgqdx zpjhxyylhb rnpokwoqgt iwdghbmiai rnpokwoqgt jqtguzxxsl evdoyagqfp gkcfktyute zjbarjhmau xawkqmfmmx smwxdupkdv unihwwnyqz koawdpgqdx aokbiptbzc tvuprbwofb siatqqydwf yiwwdwbzth oggftsricu qzdrdcxoib wtyqwjwskq gwnccktgki ztplgyvqhm gwnccktgki seeyrseflx gjmmikaxih zpjhxyylhb koawdpgqdx aokbiptbzc psiebvskfb zumetrybth psiebvskfb xtvbrolacp zpybghfdbe jedsthbmzo lkvobxyfca lbuiysostx eysfgfavho wtyqwjwskq qzdrdcxoib vugkhjygfe ahqdrcepub vugkhjygfe epdwcjuvdr gucdicwxmb
21
epdwcjuvdr epdwcjuvdr
vugkhjygfe vugkhjygfe
vkrlpmybdj vkrlpmybdj
zpjhxyylhb zpjhxyylhb
koawdpgqdx koawdpgqdx
rnpokwoqgt rnpokwoqgt
iwdghbmiai iwdghbmiai
evdoyagqfp evdoyagqfp
gkcfktyute gkcfktyute
zjbarjhmau zjbarjhmau
xawkqmfmmx xawkqmfmmx
tvuprbwofb tvuprbwofb
yiwwdwbzth yiwwdwbzth
oggftsricu oggftsricu
wtyqwjwskq wtyqwjwskq
ztplgyvqhm ztplgyvqhm
seeyrseflx seeyrseflx
psiebvskfb psiebvskfb
zumetrybth zumetrybth
lkvobxyfca lkvobxyfca
ahqdrcepub ahqdrcepub
