85 1 0 3 81 3 43 36 11 36 28 32 94 21 31 86 3 54 4 8 36 57 18 93 10 87 10 51 3 7 3 37 33 46 27 4 69 12 92 20 53 45 6 55 6 48 80 12 64 14 52 34 13 61 16 2 71 2 22 2 47 3 91 19 96 9 99 56 10 79 21 77 25 23 2 98 32 17 3 15 12 76 40 50 2 35 2 1 10 38 20 68 18 44 85
50
0 0
81 81
43 43
11 11
28 28
94 94
31 31
86 86
54 54
8 8
57 57
93 93
87 87
51 51
7 7
37 37
46 46
27 27
69 69
92 92
53 53
45 45
55 55
48 48
80 80
64 64
52 52
34 34
13 13
16 16
71 71
22 22
47 47
91 91
96 96
99 99
56 56
79 79
77 77
23 23
98 98
17 17
15 15
76 76
50 50
35 35
1 1
38 38
68 68
44 44
