99 2 103 2 22 2 92 7 167 7 122 19 26 2 39 2 42 14 158 14 100 2 9 31 126 13 10 7 125 11 123 11 117 3 27 3 55 23 169 37 130 3 0 1 53 7 180 11 5 11 78 23 165 44 170 31 20 6 18 19 66 13 56 2 97 16 190 16 148 31 51 11 30 16 124 19 59 19 132 11 172 32 119 19 61 7 8 14 28 3 150 50 186 36 127 6 88 6 106 29 131 3 164 6 24 91 40 2 112 2 192 19 80 11 73 11 161 31 12 1 13 184 13 33 13 155 36 98 21 178 29 15 37 188 37 102 37 149 3 166 6 160 13 171 14 163 16 173 37 83 65 25 2 82 3 94 52 142 6 70 2 75 6 34 11 90 16 151 7 35 13 4 2 68 2 17 16 185 16 41 21 111 181 7 146 2 63 11 174 19 168 29 183 7 47 67 114 67 99
100
99 99
103 103
22 22
92 92
167 167
122 122
26 26
39 39
42 42
158 158
100 100
9 9
126 126
10 10
125 125
123 123
117 117
27 27
55 55
169 169
130 130
0 0
53 53
180 180
5 5
78 78
165 165
170 170
20 20
18 18
66 66
56 56
97 97
190 190
148 148
51 51
30 30
124 124
59 59
132 132
172 172
119 119
61 61
8 8
28 28
150 150
186 186
127 127
88 88
106 106
131 131
164 164
24 24
40 40
112 112
192 192
80 80
73 73
161 161
12 12
1 1
184 184
33 33
155 155
98 98
178 178
15 15
188 188
102 102
149 149
166 166
160 160
171 171
163 163
173 173
83 83
25 25
82 82
94 94
142 142
70 70
75 75
34 34
90 90
151 151
35 35
4 4
68 68
17 17
185 185
41 41
111 111
181 181
146 146
63 63
174 174
168 168
183 183
47 47
114 114
