1 1aL 1bI 9 1aC 1bC B T 1aB 1aR 1bB E 1aG 1aB 1bM 1aK 1aD G 1 8 7 1 K C 1bL 1bF N 1aA 1aT 1aM 1aN I H 1bH V 1aW 1aA 1bA 1aC 1aF 1aC 1bK 1aQ 1aJ Q 1bG 1aA 1aY R 1aC 1aB L 1aA 1aZ 1aK 1aX 1aV 1aF J 5 P S 1 1aU 1 A 1
50
1aL 1aL
1bI 1bI
9 9
1bC 1bC
B B
T T
1aR 1aR
1bB 1bB
E E
1aG 1aG
1bM 1bM
1aD 1aD
G G
8 8
7 7
K K
C C
1bL 1bL
1bF 1bF
N N
1aT 1aT
1aN 1aN
I I
H H
1bH 1bH
V V
1aW 1aW
1bA 1bA
1aF 1aF
1aC 1aC
1bK 1bK
1aQ 1aQ
1aJ 1aJ
Q Q
1bG 1bG
1aA 1aA
1aY 1aY
R R
1aB 1aB
L L
1aZ 1aZ
1aK 1aK
1aX 1aX
1aV 1aV
J J
5 5
P P
S S
1aU 1aU
A A
