153 170 15 129 12 93 58 47 120 36 21 184 51 161 95 77 53 145 178 105 195 0 60 139 43 105 138 61 29 131 196 197 180 70 89 140 13 171 183 83 96 52 97 19 29 41 108 24 137 177 35 90 23 47 56 2 98 88 81 122 187 160 37 83 127 83 135 194 146 7 136 85 26 172 79 81 119 156 50 128 96 175 134 150 168 11 16 126 183 86 13 196 192 124 126 7 20 89 152 28 74 182 51 49 167 34 113 101 99 17 29 192 5 143 118 68 127 169 147 42 40 8 83 163 197 3 81 40 156 179 112 57 188 57 4 153
100
153 153
170 170
15 15
129 129
12 12
93 93
58 58
47 47
120 120
36 36
21 21
184 184
161 161
95 95
77 77
53 53
145 145
178 178
195 195
0 0
60 60
43 43
138 138
61 61
131 131
197 197
180 180
70 70
140 140
171 171
83 83
52 52
19 19
41 41
108 108
137 137
177 177
35 35
90 90
23 23
56 56
2 2
98 98
88 88
122 122
187 187
160 160
37 37
127 127
135 135
194 194
146 146
136 136
26 26
172 172
79 79
81 81
119 119
156 156
50 50
128 128
96 96
134 134
150 150
168 168
11 11
16 16
126 126
86 86
13 13
196 196
124 124
7 7
20 20
89 89
152 152
28 28
74 74
182 182
49 49
167 167
34 34
113 113
99 99
29 29
192 192
5 5
118 118
68 68
169 169
147 147
42 42
8 8
163 163
3 3
40 40
179 179
112 112
188 188
4 4
