hC71hIuyRaST3AiaSZqg cXmjc3Wu4kjM1IHGgfA5 COVfDobG5VcfcSxLDUch YygsiZkXDS9oQ07w4psX oakCd1HozhO35GtImcF2 OAcbYkMyAi1Iu0vWaaFc 5doygtE58PVlrfBbaaxD Wvcwm6VpeYnZXpTH3IZP VkEnPX1CQCoh4CxlXSlf 6KcltWtleWJ6izN3XL0F EEWjQ3rZ3GM9oucA2vc5 oq1GulTWdKtwAlNIQxnY 2dfprAgHp3T6RrgooKgP nnG2z19YXqYOoAxMQkFV NXZByMrsstrrXRLxVcyg gZiMcGUkLd8qaWleLH1T uwYFKqdXzHrDjwNLVxGZ Mi1upMhcgP7iV16OWKN5 3MmCPAjYheu6g9TkIxDm qsbRHSDlSHG3Ep5gugbq Z2YJKymsE6JEohxl2CgC 2TderjwrXrNV2UBZ77eD LI8fhHKJlh7mQx1nNK0m IWOalMs6IXX5Ln6F9Eov 2QgUKFj4HV0dn5Ia55tj QYsTJmc2IUi36H1YK47s Tgouk8HApNFShyYjQedR sCcEFmBkhTop4sycKzuM 9WdSftrlWeJdclTkQ4Ss Dv6lwBgjbbZceuQXFzFf D3gODzQIzHZRe5A487BX Mufarp9xGx29xj0P1ijS lVjpvSHc5hBrS7dzTmI1 xtgYSd34f56WAH3CCBpW PFAHK1LPbENiUm01N8B0 g5fwwkfUKem4JdibLkXM 7DZfG4yobV0xCcSaxf27 vXrEXAmThLoQVXFImZcg b9q1t3OMZ6dXE5R6ca5w b7ZT2hEEnAs84vAc9csm IC3wlDskAWyf0o1M61kl 6jnt0RQvUBeXBhrLOwzh 1uTE034Q24DWmybWBbX4 QHOT9LWV0s6xVVreglDh SbMznZDIZs7TTEfAUGt3 g6Fit1BcwBIbAAJnBKGn OBEPyJuvhH0Z9VoT2UNC 7DZfG4yobV0xCcSaxf27 1Oc2bGjHzXrMLiYLik5Z 7DZfG4yobV0xCcSaxf27 z0rRwRZbA1TaaAgS8PYu b7ZT2hEEnAs84vAc9csm 1uTE034Q24DWmybWBbX4 8w6JkwNghwwfzVWZlMG6 OLGSBuAPLZmdhTN6ApoS KqTw626stjcdChciHrJ6 4MuL6AbQo2ozZ4x7psrd 1uTE034Q24DWmybWBbX4 fzCA3w8Mu664WC0yRZb5 1uTE034Q24DWmybWBbX4 kuIwHVHn49UEM4TprHKr 7DZfG4yobV0xCcSaxf27 1wSeohNTb1oCspxe2x4j jLS4UljOCe6h8LwAOGRX 24YcTAlCtPoNC11H3BAQ NWAZrSnr0i1Dj5TA6dLc fuNQ8Sfy86k6zaBQjwEz uwYFKqdXzHrDjwNLVxGZ WgneGAZv4qtDq8Q5DYZf nOsoIFzZBhdd6bjP45Ba aGWdv30UuUFiszMErlJF qyWH5Ui5kFJGpXM7i2RZ P6PcaiimLTne6w5m7SJi ymIUUgCvgB7r5le0Mh11 Ca5sYccbD9TUz7JLHrcf Wf6tYlitgmZKoXfughsS UQEmoPmHSH2FlTDuXOEx btiXecpJBKmrIHtQ7jPA 4wWd3kvalFkda9M583i7 zbsjvfwSdNExCnTFLo8x TrUW9m3qjkTMvqHNRot0 D3gODzQIzHZRe5A487BX 72cxNTZ1Tw5teVGiR2xj CgUyoeVDFzkf0g6EiF8w x81SdeDfzbsk8wgCHcJT 468JV90VoJDfHRf7bwGC NqvNOj5h3GSbJm5NawjL 61VEe5QpRdEG1AHTZmSn RDnAjQbgrCahBSBieO1p dsEyS8WvuzfBZPrbbzZx 63EFNMvLteBrV7Lj9nA4 nmwnnNlPCMIjajSEo2R3 C5aQkckiWq5qVUhbiI57 oakCd1HozhO35GtImcF2 yXrak2UUHdgFCsCWvgfp RSJQdRAK7H6zYHVeXyPj Z2YJKymsE6JEohxl2CgC wqyhoOJuJuNfuZ1c9ZhU 6KcltWtleWJ6izN3XL0F 1ae7bJScGomdGEdgag5b 8IUV6HBSYn47shRwVW5F JuSdCG8HSUzwufkmRvTN RNtZ6m1O9hQj2ovJiJE3 yMXdJdorJpzOHHt9uIfg FE29I03FH1qEyEvIQNGT yMXdJdorJpzOHHt9uIfg DmIjX4adnoqSEDmx2f39 EqrhH8oFQmMRN10foGjV D3gODzQIzHZRe5A487BX mkGdh9qd7uj9x5W3Koxj 9WdSftrlWeJdclTkQ4Ss R22TNV5lr1tmI44FcHvv W5rNQea9NsCafaUbLgWC rW1b1NT9NaRlIIxoT8XF 9WdSftrlWeJdclTkQ4Ss 61VEe5QpRdEG1AHTZmSn cXmjc3Wu4kjM1IHGgfA5 aGWdv30UuUFiszMErlJF 1uTE034Q24DWmybWBbX4 eULKHiriYHElwEbrQo2X FE29I03FH1qEyEvIQNGT laRDyozSdXcFtmdQ5VqD yMXdJdorJpzOHHt9uIfg bw0K7NVh1sgqlnescYkX PUX0RecerGn3NX5t2hBc l5OFQGDhW1xJJ8ERuglz FE29I03FH1qEyEvIQNGT 2YL9dYowMkTTxjU0fVal 3MmCPAjYheu6g9TkIxDm ddzqPXECnHQT4a4RIpSF 61VEe5QpRdEG1AHTZmSn v0QCMKnmfkXllH4nQHen D3gODzQIzHZRe5A487BX yMXdJdorJpzOHHt9uIfg 7DZfG4yobV0xCcSaxf27 t9sTQNaMU9o2HF5pm7xT Wf6tYlitgmZKoXfughsS hC71hIuyRaST3AiaSZqg
100
cXmjc3Wu4kjM1IHGgfA5 cXmjc3Wu4kjM1IHGgfA5
COVfDobG5VcfcSxLDUch COVfDobG5VcfcSxLDUch
YygsiZkXDS9oQ07w4psX YygsiZkXDS9oQ07w4psX
OAcbYkMyAi1Iu0vWaaFc OAcbYkMyAi1Iu0vWaaFc
5doygtE58PVlrfBbaaxD 5doygtE58PVlrfBbaaxD
VkEnPX1CQCoh4CxlXSlf VkEnPX1CQCoh4CxlXSlf
EEWjQ3rZ3GM9oucA2vc5 EEWjQ3rZ3GM9oucA2vc5
oq1GulTWdKtwAlNIQxnY oq1GulTWdKtwAlNIQxnY
2dfprAgHp3T6RrgooKgP 2dfprAgHp3T6RrgooKgP
nnG2z19YXqYOoAxMQkFV nnG2z19YXqYOoAxMQkFV
NXZByMrsstrrXRLxVcyg NXZByMrsstrrXRLxVcyg
gZiMcGUkLd8qaWleLH1T gZiMcGUkLd8qaWleLH1T
Mi1upMhcgP7iV16OWKN5 Mi1upMhcgP7iV16OWKN5
3MmCPAjYheu6g9TkIxDm 3MmCPAjYheu6g9TkIxDm
qsbRHSDlSHG3Ep5gugbq qsbRHSDlSHG3Ep5gugbq
Z2YJKymsE6JEohxl2CgC Z2YJKymsE6JEohxl2CgC
2TderjwrXrNV2UBZ77eD 2TderjwrXrNV2UBZ77eD
LI8fhHKJlh7mQx1nNK0m LI8fhHKJlh7mQx1nNK0m
IWOalMs6IXX5Ln6F9Eov IWOalMs6IXX5Ln6F9Eov
2QgUKFj4HV0dn5Ia55tj 2QgUKFj4HV0dn5Ia55tj
QYsTJmc2IUi36H1YK47s QYsTJmc2IUi36H1YK47s
Tgouk8HApNFShyYjQedR Tgouk8HApNFShyYjQedR
sCcEFmBkhTop4sycKzuM sCcEFmBkhTop4sycKzuM
Dv6lwBgjbbZceuQXFzFf Dv6lwBgjbbZceuQXFzFf
Mufarp9xGx29xj0P1ijS Mufarp9xGx29xj0P1ijS
lVjpvSHc5hBrS7dzTmI1 lVjpvSHc5hBrS7dzTmI1
xtgYSd34f56WAH3CCBpW xtgYSd34f56WAH3CCBpW
PFAHK1LPbENiUm01N8B0 PFAHK1LPbENiUm01N8B0
g5fwwkfUKem4JdibLkXM g5fwwkfUKem4JdibLkXM
7DZfG4yobV0xCcSaxf27 7DZfG4yobV0xCcSaxf27
vXrEXAmThLoQVXFImZcg vXrEXAmThLoQVXFImZcg
b9q1t3OMZ6dXE5R6ca5w b9q1t3OMZ6dXE5R6ca5w
IC3wlDskAWyf0o1M61kl IC3wlDskAWyf0o1M61kl
6jnt0RQvUBeXBhrLOwzh 6jnt0RQvUBeXBhrLOwzh
QHOT9LWV0s6xVVreglDh QHOT9LWV0s6xVVreglDh
g6Fit1BcwBIbAAJnBKGn g6Fit1BcwBIbAAJnBKGn
OBEPyJuvhH0Z9VoT2UNC OBEPyJuvhH0Z9VoT2UNC
1Oc2bGjHzXrMLiYLik5Z 1Oc2bGjHzXrMLiYLik5Z
z0rRwRZbA1TaaAgS8PYu z0rRwRZbA1TaaAgS8PYu
1uTE034Q24DWmybWBbX4 1uTE034Q24DWmybWBbX4
8w6JkwNghwwfzVWZlMG6 8w6JkwNghwwfzVWZlMG6
OLGSBuAPLZmdhTN6ApoS OLGSBuAPLZmdhTN6ApoS
KqTw626stjcdChciHrJ6 KqTw626stjcdChciHrJ6
4MuL6AbQo2ozZ4x7psrd 4MuL6AbQo2ozZ4x7psrd
fzCA3w8Mu664WC0yRZb5 fzCA3w8Mu664WC0yRZb5
kuIwHVHn49UEM4TprHKr kuIwHVHn49UEM4TprHKr
1wSeohNTb1oCspxe2x4j 1wSeohNTb1oCspxe2x4j
jLS4UljOCe6h8LwAOGRX jLS4UljOCe6h8LwAOGRX
24YcTAlCtPoNC11H3BAQ 24YcTAlCtPoNC11H3BAQ
NWAZrSnr0i1Dj5TA6dLc NWAZrSnr0i1Dj5TA6dLc
fuNQ8Sfy86k6zaBQjwEz fuNQ8Sfy86k6zaBQjwEz
WgneGAZv4qtDq8Q5DYZf WgneGAZv4qtDq8Q5DYZf
nOsoIFzZBhdd6bjP45Ba nOsoIFzZBhdd6bjP45Ba
qyWH5Ui5kFJGpXM7i2RZ qyWH5Ui5kFJGpXM7i2RZ
P6PcaiimLTne6w5m7SJi P6PcaiimLTne6w5m7SJi
ymIUUgCvgB7r5le0Mh11 ymIUUgCvgB7r5le0Mh11
Ca5sYccbD9TUz7JLHrcf Ca5sYccbD9TUz7JLHrcf
Wf6tYlitgmZKoXfughsS Wf6tYlitgmZKoXfughsS
UQEmoPmHSH2FlTDuXOEx UQEmoPmHSH2FlTDuXOEx
btiXecpJBKmrIHtQ7jPA btiXecpJBKmrIHtQ7jPA
4wWd3kvalFkda9M583i7 4wWd3kvalFkda9M583i7
zbsjvfwSdNExCnTFLo8x zbsjvfwSdNExCnTFLo8x
TrUW9m3qjkTMvqHNRot0 TrUW9m3qjkTMvqHNRot0
72cxNTZ1Tw5teVGiR2xj 72cxNTZ1Tw5teVGiR2xj
CgUyoeVDFzkf0g6EiF8w CgUyoeVDFzkf0g6EiF8w
x81SdeDfzbsk8wgCHcJT x81SdeDfzbsk8wgCHcJT
468JV90VoJDfHRf7bwGC 468JV90VoJDfHRf7bwGC
NqvNOj5h3GSbJm5NawjL NqvNOj5h3GSbJm5NawjL
RDnAjQbgrCahBSBieO1p RDnAjQbgrCahBSBieO1p
dsEyS8WvuzfBZPrbbzZx dsEyS8WvuzfBZPrbbzZx
63EFNMvLteBrV7Lj9nA4 63EFNMvLteBrV7Lj9nA4
nmwnnNlPCMIjajSEo2R3 nmwnnNlPCMIjajSEo2R3
C5aQkckiWq5qVUhbiI57 C5aQkckiWq5qVUhbiI57
oakCd1HozhO35GtImcF2 oakCd1HozhO35GtImcF2
yXrak2UUHdgFCsCWvgfp yXrak2UUHdgFCsCWvgfp
RSJQdRAK7H6zYHVeXyPj RSJQdRAK7H6zYHVeXyPj
wqyhoOJuJuNfuZ1c9ZhU wqyhoOJuJuNfuZ1c9ZhU
6KcltWtleWJ6izN3XL0F 6KcltWtleWJ6izN3XL0F
1ae7bJScGomdGEdgag5b 1ae7bJScGomdGEdgag5b
8IUV6HBSYn47shRwVW5F 8IUV6HBSYn47shRwVW5F
JuSdCG8HSUzwufkmRvTN JuSdCG8HSUzwufkmRvTN
RNtZ6m1O9hQj2ovJiJE3 RNtZ6m1O9hQj2ovJiJE3
FE29I03FH1qEyEvIQNGT FE29I03FH1qEyEvIQNGT
DmIjX4adnoqSEDmx2f39 DmIjX4adnoqSEDmx2f39
EqrhH8oFQmMRN10foGjV EqrhH8oFQmMRN10foGjV
mkGdh9qd7uj9x5W3Koxj mkGdh9qd7uj9x5W3Koxj
R22TNV5lr1tmI44FcHvv R22TNV5lr1tmI44FcHvv
W5rNQea9NsCafaUbLgWC W5rNQea9NsCafaUbLgWC
rW1b1NT9NaRlIIxoT8XF rW1b1NT9NaRlIIxoT8XF
61VEe5QpRdEG1AHTZmSn 61VEe5QpRdEG1AHTZmSn
aGWdv30UuUFiszMErlJF aGWdv30UuUFiszMErlJF
eULKHiriYHElwEbrQo2X eULKHiriYHElwEbrQo2X
laRDyozSdXcFtmdQ5VqD laRDyozSdXcFtmdQ5VqD
bw0K7NVh1sgqlnescYkX bw0K7NVh1sgqlnescYkX
l5OFQGDhW1xJJ8ERuglz l5OFQGDhW1xJJ8ERuglz
2YL9dYowMkTTxjU0fVal 2YL9dYowMkTTxjU0fVal
ddzqPXECnHQT4a4RIpSF ddzqPXECnHQT4a4RIpSF
v0QCMKnmfkXllH4nQHen v0QCMKnmfkXllH4nQHen
yMXdJdorJpzOHHt9uIfg yMXdJdorJpzOHHt9uIfg
t9sTQNaMU9o2HF5pm7xT t9sTQNaMU9o2HF5pm7xT
