ZfI6StUliqd8YxBr0zVp Z6746tUNXH05XsKVq5bc SI1jqone3x4IZwZ6qVW6 98jc4TOf5CFD5ooRLXKs WEpQsV1SPLNjRDFxWGJw RnnCc8OgQLqPe5HvvbS3 Af4sQnaDf5G2yrOfmk45 QUmdpeJNwq8Od3rclrVL uYmver98TgwbkIsM8XgU QBaUzVWA62rnfcsnEShZ BrKfKJuMlFXPiNrPkBbt QGzcn6XPemZ0IhmCJCmq 5JVto9dbOz4Lu3AeAOZD uYmver98TgwbkIsM8XgU gX6xMy6pWnenI68kwgcu zs8puphf0SbuOBS6XpM9 ip0vmcqzxYgrY2Mc3Bu9 Fa64KRccvM4rqOgxBKtu zFahEplFbW4f2V6jQTmi cC9SZGtAtirSBnbvLWzt zFahEplFbW4f2V6jQTmi mMagcNSN7U8s7oy3e0j4 Hxhi6IYOb3B8uxHbGYVt ip0vmcqzxYgrY2Mc3Bu9 gj1PIUxoUprs5rKMLNpv BFat56YSkekx77JCOMI4 MraBcGvDEL68zyTsBDgx YzWX8RqUW0YPFsebUKYP UoiNiYnewh16WNDFqvYW 4yYsNk20bqSMlyASIn37 ZBTm8fkarNXg3vLUAnt8 gGXF4imn3IOLlYGD81XA ahOHRJ1vvp181ZC4ei0x ZfI6StUliqd8YxBr0zVp
25
ZfI6StUliqd8YxBr0zVp ZfI6StUliqd8YxBr0zVp
Z6746tUNXH05XsKVq5bc Z6746tUNXH05XsKVq5bc
SI1jqone3x4IZwZ6qVW6 SI1jqone3x4IZwZ6qVW6
98jc4TOf5CFD5ooRLXKs 98jc4TOf5CFD5ooRLXKs
WEpQsV1SPLNjRDFxWGJw WEpQsV1SPLNjRDFxWGJw
RnnCc8OgQLqPe5HvvbS3 RnnCc8OgQLqPe5HvvbS3
Af4sQnaDf5G2yrOfmk45 Af4sQnaDf5G2yrOfmk45
QUmdpeJNwq8Od3rclrVL QUmdpeJNwq8Od3rclrVL
QBaUzVWA62rnfcsnEShZ QBaUzVWA62rnfcsnEShZ
QGzcn6XPemZ0IhmCJCmq QGzcn6XPemZ0IhmCJCmq
5JVto9dbOz4Lu3AeAOZD 5JVto9dbOz4Lu3AeAOZD
uYmver98TgwbkIsM8XgU uYmver98TgwbkIsM8XgU
gX6xMy6pWnenI68kwgcu gX6xMy6pWnenI68kwgcu
zs8puphf0SbuOBS6XpM9 zs8puphf0SbuOBS6XpM9
ip0vmcqzxYgrY2Mc3Bu9 ip0vmcqzxYgrY2Mc3Bu9
Fa64KRccvM4rqOgxBKtu Fa64KRccvM4rqOgxBKtu
cC9SZGtAtirSBnbvLWzt cC9SZGtAtirSBnbvLWzt
mMagcNSN7U8s7oy3e0j4 mMagcNSN7U8s7oy3e0j4
Hxhi6IYOb3B8uxHbGYVt Hxhi6IYOb3B8uxHbGYVt
gj1PIUxoUprs5rKMLNpv gj1PIUxoUprs5rKMLNpv
BFat56YSkekx77JCOMI4 BFat56YSkekx77JCOMI4
YzWX8RqUW0YPFsebUKYP YzWX8RqUW0YPFsebUKYP
UoiNiYnewh16WNDFqvYW UoiNiYnewh16WNDFqvYW
ZBTm8fkarNXg3vLUAnt8 ZBTm8fkarNXg3vLUAnt8
gGXF4imn3IOLlYGD81XA gGXF4imn3IOLlYGD81XA
