K H FS H B A GD A EN FD BJ DV BF GL DP BX EU AH AW GR EO E EV EG AG GG A DR FX FU EH M EZ AB DZ FM BG CM AS R E M BL EL DG U DC F AN DS DH D Y EQ CE FP GF CT GI FJ P GJ DB BI FG B FR GK CJ BR FH CK CW BB L C ED GC AF F X CY B BQ J CQ BP EM EA B DX B EC FE FV J BO AX BA G A CB FZ G FI GO Z I V BY BE FO EK T A GE B AJ DK DI CF AM EJ K
100
FS FS
B B
GD GD
EN EN
FD FD
BJ BJ
DV DV
BF BF
GL GL
DP DP
BX BX
EU EU
AH AH
AW AW
GR GR
EO EO
EV EV
EG EG
AG AG
GG GG
DR DR
FX FX
FU FU
EH EH
EZ EZ
AB AB
DZ DZ
FM FM
BG BG
CM CM
AS AS
R R
M M
BL BL
EL EL
DG DG
U U
DC DC
AN AN
DS DS
DH DH
Y Y
EQ EQ
CE CE
FP FP
GF GF
CT CT
GI GI
FJ FJ
P P
GJ GJ
DB DB
BI BI
FG FG
FR FR
GK GK
CJ CJ
BR BR
FH FH
CK CK
CW CW
BB BB
L L
ED ED
GC GC
AF AF
X X
CY CY
BQ BQ
CQ CQ
BP BP
EM EM
EA EA
DX DX
EC EC
FE FE
FV FV
BO BO
AX AX
BA BA
G G
CB CB
FZ FZ
FI FI
GO GO
Z Z
I I
V V
BY BY
BE BE
FO FO
EK EK
T T
GE GE
AJ AJ
DK DK
DI DI
CF CF
AM AM
EJ EJ
