fmdhlepsteinstdnkill epsteindlsfdntmkillh dnkillepsteinlshdtfm epsteinkillmsftnddlh fkillepsteindlhdnsmt nltdmsfepsteinkilldh hnfdtmlepsteinkillds msfltdkillnepsteinhd killdmnsfhldepsteint flepsteindndhmtkills epsteinlshkilldnfdmt killepsteinlhtfdsmdn dhkilllsepsteinmntdf nepsteinlmdkilldhfts ntlepsteindmfdshkill killmlepsteindthnfsd fepsteinhsntddkilllm ddlmnftepsteinhskill hnsdkilllftdmepstein lndsdkilltmepsteinhf fshtdepsteinmldnkill dmepsteinfnhltkillsd stepsteinhkillfmnldd lnsmkilltfdepsteindh lhsepsteindtdnmkillf fhndskillepsteintldm tlsfdmdepsteinnhkill fmsepsteindntldhkill tlmsdhdnkillfepstein lsdepsteinfmkillndth tlmsdhdnkillfepstein hsndepsteindlmtkillf lndsdkilltmepsteinhf fddsepsteinhnlkilltm fdshnmkillepsteinltd killnsfmhdepsteindtl epsteinskilldlndhmtf lthfkilldnsmepsteind hepsteinsddnfkillmlt ddtmkillepsteinflsnh hepsteinsddnfkillmlt nkilltdhlmdepsteinsf dlnsthfmepsteinkilld epsteintdkilllnfdhms killdmnsfhldepsteint ndkillftdsmepsteinlh hsdlepsteinmnkilldft epsteinmhndfkilltdls dfslntkillmepsteindh dfkilllmtepsteinhdsn nfdhkilllsmtepsteind sldnhepsteindftkillm nfmdkillhdlepsteinst hdepsteinskillldtnfm tmsdnfdlkillhepstein lhepsteinkilldtnmfsd dnkillepsteinlshdtfm mftkillepsteinndlhsd tmsdnfdlkillhepstein epsteindfhlmdnskillt dlnsthfmepsteinkilld killdmnsfhldepsteint ftmnsldepsteinkillhd hsdfepsteintlnkilldm tfdmdslepsteinkillnh nhmkilllsftepsteindd fddsepsteinhnlkilltm depsteinnlsfmhtkilld hmfnddkillepsteinslt tmlepsteinsdnfkillhd tdfepsteinnlhdkillsm ndkillftdsmepsteinlh lmhdtfdepsteinnkills dnkillepsteinlshdtfm hnsdkilllftdmepstein epsteinfsddmthkillnl dhepsteindsnlkillfmt epsteinfsddmthkillnl hnsdkilllftdmepstein epsteinmhndfkilltdls fmdhlepsteinstdnkill
50
epsteindlsfdntmkillh epsteindlsfdntmkillh
dnkillepsteinlshdtfm dnkillepsteinlshdtfm
epsteinkillmsftnddlh epsteinkillmsftnddlh
nltdmsfepsteinkilldh nltdmsfepsteinkilldh
hnfdtmlepsteinkillds hnfdtmlepsteinkillds
msfltdkillnepsteinhd msfltdkillnepsteinhd
killdmnsfhldepsteint killdmnsfhldepsteint
flepsteindndhmtkills flepsteindndhmtkills
epsteinlshkilldnfdmt epsteinlshkilldnfdmt
killepsteinlhtfdsmdn killepsteinlhtfdsmdn
dhkilllsepsteinmntdf dhkilllsepsteinmntdf
nepsteinlmdkilldhfts nepsteinlmdkilldhfts
ntlepsteindmfdshkill ntlepsteindmfdshkill
killmlepsteindthnfsd killmlepsteindthnfsd
fepsteinhsntddkilllm fepsteinhsntddkilllm
ddlmnftepsteinhskill ddlmnftepsteinhskill
hnsdkilllftdmepstein hnsdkilllftdmepstein
fshtdepsteinmldnkill fshtdepsteinmldnkill
dmepsteinfnhltkillsd dmepsteinfnhltkillsd
stepsteinhkillfmnldd stepsteinhkillfmnldd
lnsmkilltfdepsteindh lnsmkilltfdepsteindh
fhndskillepsteintldm fhndskillepsteintldm
tlsfdmdepsteinnhkill tlsfdmdepsteinnhkill
fmsepsteindntldhkill fmsepsteindntldhkill
tlmsdhdnkillfepstein tlmsdhdnkillfepstein
lsdepsteinfmkillndth lsdepsteinfmkillndth
hsndepsteindlmtkillf hsndepsteindlmtkillf
lndsdkilltmepsteinhf lndsdkilltmepsteinhf
fdshnmkillepsteinltd fdshnmkillepsteinltd
killnsfmhdepsteindtl killnsfmhdepsteindtl
epsteinskilldlndhmtf epsteinskilldlndhmtf
hepsteinsddnfkillmlt hepsteinsddnfkillmlt
ddtmkillepsteinflsnh ddtmkillepsteinflsnh
nkilltdhlmdepsteinsf nkilltdhlmdepsteinsf
epsteintdkilllnfdhms epsteintdkilllnfdhms
ndkillftdsmepsteinlh ndkillftdsmepsteinlh
epsteinmhndfkilltdls epsteinmhndfkilltdls
dfkilllmtepsteinhdsn dfkilllmtepsteinhdsn
nfdhkilllsmtepsteind nfdhkilllsmtepsteind
hdepsteinskillldtnfm hdepsteinskillldtnfm
lhepsteinkilldtnmfsd lhepsteinkilldtnmfsd
mftkillepsteinndlhsd mftkillepsteinndlhsd
epsteindfhlmdnskillt epsteindfhlmdnskillt
dlnsthfmepsteinkilld dlnsthfmepsteinkilld
hsdfepsteintlnkilldm hsdfepsteintlnkilldm
nhmkilllsftepsteindd nhmkilllsftepsteindd
depsteinnlsfmhtkilld depsteinnlsfmhtkilld
tmlepsteinsdnfkillhd tmlepsteinsdnfkillhd
lmhdtfdepsteinnkills lmhdtfdepsteinnkills
dhepsteindsnlkillfmt dhepsteindsnlkillfmt
