tepsteinfdkilldlmhns killepsteintdldshfnm nlhtdsdepsteinfmkill killepsteintdldshfnm dhlepsteindkillsmtnf lepsteinfdkillsdnmht nfdhepsteinltsdmkill thmepsteinlkillfsndd mfskillnhlddtepstein htskillepsteindnlfdm ndlmhepsteintdskillf tmhsnfepsteinldkilld hepsteinnfstkilllmdd nkillsdtdhfmlepstein hldmepsteindsnkilltf dmfndhstkillepsteinl skilldnmlhdftepstein ldnmepsteinhfstdkill ndlepsteinhdtskillfm fnmhskilldepsteinltd msnepsteinfkillhtdld hkillmepsteinstdfdnl msnepsteinfkillhtdld snldmtkillfepsteindh epsteinthsdmndkillfl nkillsdtdhfmlepstein hepsteinnfstkilllmdd tskillepsteinhfmddnl thsfnmkilldlepsteind hdepsteinsmdtnflkill fnlskillhtepsteindmd mfskillnhlddtepstein epsteindsmnlfdtkillh mfskillnhlddtepstein smldnkilldepsteinfht msnepsteinfkillhtdld epsteinsdfmhltkillnd slepsteinftndkillmdh killepsteintdldshfnm dhlepsteindkillsmtnf killnfhdsdltepsteinm dhlepsteindkillsmtnf killepsteintdldshfnm tepsteinfdkilldlmhns
25
killepsteintdldshfnm killepsteintdldshfnm
nlhtdsdepsteinfmkill nlhtdsdepsteinfmkill
dhlepsteindkillsmtnf dhlepsteindkillsmtnf
lepsteinfdkillsdnmht lepsteinfdkillsdnmht
nfdhepsteinltsdmkill nfdhepsteinltsdmkill
thmepsteinlkillfsndd thmepsteinlkillfsndd
htskillepsteindnlfdm htskillepsteindnlfdm
ndlmhepsteintdskillf ndlmhepsteintdskillf
tmhsnfepsteinldkilld tmhsnfepsteinldkilld
hepsteinnfstkilllmdd hepsteinnfstkilllmdd
hldmepsteindsnkilltf hldmepsteindsnkilltf
skilldnmlhdftepstein skilldnmlhdftepstein
ndlepsteinhdtskillfm ndlepsteinhdtskillfm
fnmhskilldepsteinltd fnmhskilldepsteinltd
msnepsteinfkillhtdld msnepsteinfkillhtdld
hkillmepsteinstdfdnl hkillmepsteinstdfdnl
snldmtkillfepsteindh snldmtkillfepsteindh
epsteinthsdmndkillfl epsteinthsdmndkillfl
nkillsdtdhfmlepstein nkillsdtdhfmlepstein
tskillepsteinhfmddnl tskillepsteinhfmddnl
hdepsteinsmdtnflkill hdepsteinsmdtnflkill
fnlskillhtepsteindmd fnlskillhtepsteindmd
epsteindsmnlfdtkillh epsteindsmnlfdtkillh
epsteinsdfmhltkillnd epsteinsdfmhltkillnd
killnfhdsdltepsteinm killnfhdsdltepsteinm
