FortCollins Harlingen Knoxville Akron Elizabeth Arvada Leominster Fargo BonitaSprings Baltimore DesMoines Akron Layton Denver Amarillo Austin Abilene Kennewick Anaheim ColoradoSprings Cleveland Bellevue Independence Bremerton Allentown Henderson Manchester BoiseCity Eugene Abilene Burbank Jefferson Dallas Bradenton Abilene Chicago Abilene Evansville Akron Fairfield Joliet LasCruces Akron Lancaster Anchorage Lubbock Louisville Barnstable Aberdeen CollegeStation Boise ElPaso Akron Carrollton Frederick Hampton Lafayette Lakewood Berkeley DavidsonCounty Harrisburg Champaign Elkhart Brighton Lacey Detroit Abilene AppleValley FortWaltonBeach Hickory Inglewood Akron Erie Akron Bakersfield Akron Jacksonville Gilbert Houston Fresno DalyCity Fayetteville Brownsville Appleton Lorain Garland GrandRapids Indianapolis Albuquerque Anaheim Amarillo Alexandria LittleRock Akron Abilene Grayslake Hollywood Hemet Fremont Irving Cary Akron AnnArbor ElMonte Irvine Chandler Lakeland CedarRapids Beaumont Bethlehem Kalamazoo CapeCoral Augusta Aberdeen Danbury Atlanta Fontana Albany FortCollins
100
FortCollins FortCollins
Harlingen Harlingen
Knoxville Knoxville
Akron Akron
Elizabeth Elizabeth
Arvada Arvada
Leominster Leominster
Fargo Fargo
BonitaSprings BonitaSprings
Baltimore Baltimore
DesMoines DesMoines
Layton Layton
Denver Denver
Austin Austin
Kennewick Kennewick
Anaheim Anaheim
ColoradoSprings ColoradoSprings
Cleveland Cleveland
Bellevue Bellevue
Independence Independence
Bremerton Bremerton
Allentown Allentown
Henderson Henderson
Manchester Manchester
BoiseCity BoiseCity
Eugene Eugene
Burbank Burbank
Jefferson Jefferson
Dallas Dallas
Bradenton Bradenton
Chicago Chicago
Evansville Evansville
Fairfield Fairfield
Joliet Joliet
LasCruces LasCruces
Lancaster Lancaster
Anchorage Anchorage
Lubbock Lubbock
Louisville Louisville
Barnstable Barnstable
Aberdeen Aberdeen
CollegeStation CollegeStation
Boise Boise
ElPaso ElPaso
Carrollton Carrollton
Frederick Frederick
Hampton Hampton
Lafayette Lafayette
Lakewood Lakewood
Berkeley Berkeley
DavidsonCounty DavidsonCounty
Harrisburg Harrisburg
Champaign Champaign
Elkhart Elkhart
Brighton Brighton
Lacey Lacey
Detroit Detroit
AppleValley AppleValley
FortWaltonBeach FortWaltonBeach
Hickory Hickory
Inglewood Inglewood
Erie Erie
Bakersfield Bakersfield
Jacksonville Jacksonville
Gilbert Gilbert
Houston Houston
Fresno Fresno
DalyCity DalyCity
Fayetteville Fayetteville
Brownsville Brownsville
Appleton Appleton
Lorain Lorain
Garland Garland
GrandRapids GrandRapids
Indianapolis Indianapolis
Albuquerque Albuquerque
Amarillo Amarillo
Alexandria Alexandria
LittleRock LittleRock
Abilene Abilene
Grayslake Grayslake
Hollywood Hollywood
Hemet Hemet
Fremont Fremont
Irving Irving
Cary Cary
AnnArbor AnnArbor
ElMonte ElMonte
Irvine Irvine
Chandler Chandler
Lakeland Lakeland
CedarRapids CedarRapids
Beaumont Beaumont
Bethlehem Bethlehem
Kalamazoo Kalamazoo
CapeCoral CapeCoral
Augusta Augusta
Danbury Danbury
Atlanta Atlanta
Fontana Fontana
