CorpusChristi Downey Aberdeen CapeCoral Aberdeen ElPaso Akron DalyCity Canton Charleston Columbia Clearwater Boulder BoiseCity Danbury Aberdeen ColoradoSprings Chicago Denton Appleton Bremerton Abilene Denver Albany ElMonte Allentown Beaumont Austin Asheville Bloomington Davenport Carrollton Deltona Albany Elizabeth Chattanooga Escondido Abilene Augusta Allentown Durham Albuquerque Columbus Albuquerque Arvada BelAir Elkhart Champaign Anaheim CathedralCity Amarillo Cincinnati AppleValley Chandler Bridgeport Dallas BonitaSprings Bryan Brownsville Alexandria Abilene CorpusChristi
50
CorpusChristi CorpusChristi
Downey Downey
CapeCoral CapeCoral
ElPaso ElPaso
Akron Akron
DalyCity DalyCity
Canton Canton
Charleston Charleston
Columbia Columbia
Clearwater Clearwater
Boulder Boulder
BoiseCity BoiseCity
Danbury Danbury
ColoradoSprings ColoradoSprings
Chicago Chicago
Denton Denton
Appleton Appleton
Bremerton Bremerton
Denver Denver
ElMonte ElMonte
Beaumont Beaumont
Austin Austin
Asheville Asheville
Bloomington Bloomington
Davenport Davenport
Carrollton Carrollton
Deltona Deltona
Elizabeth Elizabeth
Chattanooga Chattanooga
Escondido Escondido
Augusta Augusta
Durham Durham
Albuquerque Albuquerque
Columbus Columbus
Arvada Arvada
BelAir BelAir
Elkhart Elkhart
Champaign Champaign
Anaheim Anaheim
CathedralCity CathedralCity
Amarillo Amarillo
Cincinnati Cincinnati
AppleValley AppleValley
Chandler Chandler
Bridgeport Bridgeport
Dallas Dallas
BonitaSprings BonitaSprings
Bryan Bryan
Brownsville Brownsville
Alexandria Alexandria
