152 75 50 153 183 51 2 78 29 170 6 0 95 184 1 85 12 45 11 175 157 121 1 58 7 8 136 87 142 1 139 65 8 101 2 144 6 38 13 94 16 143 4 149 41 11 151 1 130 180 66 171 3 116 165 134 169 8 105 8 166 81 24 35 4 79 27 97 27 5 182 5 113 4 53 11 54 172 111 168 73 9 92 90 18 56 163 21 12 29 9 126 37 2 89 60 145 28 42 1 181 3 31 112 10 96 2 152
73
75 75
50 50
153 153
183 183
51 51
2 2
78 78
170 170
0 0
95 95
184 184
85 85
45 45
175 175
157 157
121 121
58 58
8 8
136 136
87 87
142 142
139 139
65 65
101 101
144 144
38 38
13 13
94 94
143 143
149 149
41 41
151 151
130 130
180 180
66 66
171 171
116 116
165 165
134 134
169 169
105 105
166 166
81 81
35 35
79 79
27 27
97 97
5 5
182 182
113 113
53 53
54 54
172 172
111 111
168 168
73 73
92 92
90 90
56 56
163 163
12 12
9 9
126 126
37 37
89 89
60 60
145 145
28 28
42 42
181 181
31 31
112 112
96 96
