0 162 0 161 160 12 10 157 30 158 2 159 2 176 2 164 163 100 43 102 43 101 7 34 178 122 94 121 177 15 94 123 2 196 149 148 195 8 42 150 36 169 109 110 170 13 17 111 8 32 118 175 40 119 50 120 18 81 6 154 28 155 93 156 3 104 103 165 166 30 189 139 96 141 96 140 190 140 41 144 47 143 192 191 142 13 4 114 4 113 172 113 112 171 38 197 198 152 151 51 153 7 146 194 193 145 80 147 18 30 185 133 91 135 30 134 186 33 179 180 125 124 97 126 38 183 130 95 132 95 131 184 41 181 127 77 128 77 129 41 16 182 28 3 106 167 168 107 31 108 7 30 136 187 188 137 85 138 11 26 115 173 115 25 116 174 13 15 117 45 49 105 48 92 0
99
162 162
161 161
160 160
157 157
158 158
159 159
176 176
164 164
163 163
100 100
102 102
101 101
178 178
122 122
121 121
177 177
123 123
196 196
149 149
148 148
195 195
150 150
169 169
109 109
110 110
170 170
111 111
118 118
175 175
119 119
120 120
154 154
155 155
156 156
104 104
103 103
165 165
166 166
189 189
139 139
141 141
140 140
190 190
144 144
143 143
192 192
191 191
142 142
114 114
113 113
172 172
112 112
171 171
197 197
198 198
152 152
151 151
153 153
146 146
194 194
193 193
145 145
147 147
185 185
133 133
135 135
134 134
186 186
179 179
180 180
125 125
124 124
126 126
183 183
130 130
132 132
131 131
184 184
181 181
127 127
128 128
129 129
182 182
106 106
167 167
168 168
107 107
108 108
136 136
187 187
188 188
137 137
138 138
115 115
173 173
116 116
174 174
117 117
105 105
