2 67 20 16 40 16 76 3 81 3 71 3 29 34 61 69 42 69 60 0 19 47 66 62 72 7 18 20 41 25 35 65 70 17 65 70 50 96 89 30 89 24 31 54 38 44 10 63 95 58 94 19 12 86 14 29 11 0 5 58 50 58 13 83 22 88 4 67 74 15 10 14 78 23 32 59 70 28 78 1 51 6 98 19 45 2
50
67 67
16 16
40 40
76 76
81 81
3 3
71 71
34 34
61 61
69 69
42 42
60 60
0 0
47 47
66 66
62 62
72 72
7 7
41 41
25 25
35 35
70 70
17 17
65 65
96 96
30 30
24 24
31 31
38 38
44 44
63 63
58 58
94 94
86 86
14 14
29 29
11 11
5 5
50 50
13 13
83 83
88 88
4 4
74 74
10 10
23 23
59 59
28 28
1 1
98 98
