5 4 33 137 42 165 63 165 173 61 20 11 53 17 34 133 68 133 34 138 69 153 49 141 116 134 50 134 71 119 192 18 192 96 127 22 42 123 89 4 9 34 76 81 19 151 75 30 58 152 157 39 67 154 187 74 170 199 83 104 171 199 189 103 0 77 143 77 196 184 85 86 44 86 135 35 188 110 53 199 48 106 98 162 52 121 157 35 91 191 64 37 25 174 101 1 99 133 179 78 100 98 16 74 31 61 51 194 51 183 51 61 28 149 90 159 51 2 158 45 14 45 47 43 47 67 41 68 15 156 130 56 149 28 180 98 25 105 17 53 168 165 193 29 164 140 77 10 112 80 158 102 55 102 132 146 93 33 46 48 122 166 32 179 26 70 178 142 39 92 16 47 177 103 5
100
33 33
137 137
42 42
63 63
173 173
20 20
11 11
34 34
133 133
68 68
138 138
69 69
153 153
116 116
50 50
71 71
192 192
18 18
96 96
22 22
123 123
9 9
76 76
81 81
151 151
75 75
58 58
152 152
39 39
154 154
187 187
170 170
83 83
104 104
171 171
189 189
103 103
77 77
143 143
196 196
184 184
85 85
44 44
135 135
188 188
110 110
53 53
199 199
48 48
162 162
52 52
157 157
91 91
64 64
37 37
174 174
101 101
1 1
99 99
179 179
78 78
100 100
16 16
31 31
194 194
51 51
183 183
61 61
149 149
159 159
2 2
158 158
14 14
47 47
43 43
67 67
41 41
156 156
56 56
28 28
180 180
25 25
105 105
17 17
168 168
193 193
164 164
140 140
10 10
80 80
102 102
55 55
146 146
46 46
122 122
32 32
26 26
178 178
92 92
177 177
