DZA GBR FRA FRO ECU FSM GHA GIN FIN FLK CAN BRB CAN COG CHE COD BRN BMU BDI BGR GLP HMD HND GEO EGY GLP ATA ATF ASM DOM BHS BLM BES BLR CCK COG CAF BVT GIN ERI GAB GRD GNQ HRV GRC HKG CIV BFA BGD CYM CXR CYM ARE DNK CUW DOM AUS GUY HMD GTM ESP AND ALB ARG ARM ARE DNK DJI DNK CZE CYP CUB GUY HKG GRC BRA BEN BLR DMA CYP AFG ABW AFG FIN GIB DZA
50
GBR GBR
FRA FRA
FRO FRO
ECU ECU
FSM FSM
GHA GHA
FIN FIN
FLK FLK
CAN CAN
BRB BRB
CHE CHE
COD COD
BRN BRN
BDI BDI
GLP GLP
HND HND
GEO GEO
ATA ATA
ATF ATF
DOM DOM
BHS BHS
BLM BLM
BES BES
BLR BLR
CCK CCK
COG COG
CAF CAF
BVT BVT
ERI ERI
GRD GRD
GNQ GNQ
GRC GRC
BFA BFA
BGD BGD
CYM CYM
CXR CXR
ARE ARE
DNK DNK
CUW CUW
AUS AUS
HMD HMD
AND AND
ALB ALB
ARG ARG
DJI DJI
CZE CZE
CUB CUB
HKG HKG
BEN BEN
ABW ABW
