COM NER GNQ IDN COL SGP REU SDN MEX POL PNG PRY NPL MMR HMD HRV LCA KOR LBN JPN HUN PAK GNQ COD CHN SHN SGS NZL SGS LBR SGS KHM LUX LAO CHE PSE NRU CAF CIV BVT LKA KWT LTU LIE CPV MLI HTI COK HND MAR SJM GRC GMB NGA NFK ALA NIC NGA FSM FIN GAB ESP GEO GHA GIB EGY MYS IRN IOT IRN MYS DZA NCL NIC ABW NIC AUS ATG PRT NIU PRT HKG HTI GUM REU CAN HUN SGS KAZ HKG MDA PAN POL MAC MDV RUS BLZ BEN BLM BHR BDI AZE BLR BHS BRB BMU NGA JEY NGA DMA DJI MUS MYT POL COG POL ARE ALB ARE ARM MYT NER MTQ NER COM REU AFG REU SAU RWA HUN KNA KGZ REU CZE DEU CXR DEU CYP CZE NIU PRY MOZ PRY SJM NIC IRL NIC ITA NIC NCL EST ESH ECU GHA FRA GBR GIN FSM NGA NOR COM
100
NER NER
IDN IDN
COL COL
REU REU
SDN SDN
MEX MEX
POL POL
PNG PNG
PRY PRY
NPL NPL
MMR MMR
HMD HMD
HRV HRV
KOR KOR
LBN LBN
JPN JPN
HUN HUN
PAK PAK
GNQ GNQ
COD COD
CHN CHN
SHN SHN
SGS SGS
NZL NZL
LBR LBR
KHM KHM
LUX LUX
LAO LAO
PSE PSE
NRU NRU
CAF CAF
CIV CIV
LKA LKA
KWT KWT
LTU LTU
LIE LIE
CPV CPV
MLI MLI
COK COK
HND HND
MAR MAR
GRC GRC
GMB GMB
NFK NFK
ALA ALA
FSM FSM
FIN FIN
GAB GAB
ESP ESP
GEO GEO
GHA GHA
GIB GIB
EGY EGY
IRN IRN
IOT IOT
DZA DZA
NIC NIC
ABW ABW
AUS AUS
ATG ATG
NIU NIU
HKG HKG
HTI HTI
GUM GUM
CAN CAN
KAZ KAZ
MDA MDA
PAN PAN
MAC MAC
RUS RUS
BEN BEN
BLM BLM
BHR BHR
BDI BDI
AZE AZE
BHS BHS
BMU BMU
JEY JEY
DMA DMA
DJI DJI
MYT MYT
COG COG
ARE ARE
ALB ALB
ARM ARM
MTQ MTQ
AFG AFG
RWA RWA
KNA KNA
DEU DEU
CXR CXR
CYP CYP
MOZ MOZ
IRL IRL
ITA ITA
ESH ESH
ECU ECU
FRA FRA
GBR GBR
GIN GIN
