LeonieHill WestCoast SungeiKadut WestCoast Shipyard NeeSoon JurongWestCentral Outram Sennett WestCoast MonksHill NatureReserve KampongGlam WestCoast SungeiRoad Semakau NatureReserve FarrerPark GreenwoodPark Guilin Sentosa MandaiEstate SembawangSprings WestCoast Novena SingaporePolytechnic SerangoonGarden Victoria PasirPanjang2 Springleaf MandaiWest YioChuKang AnchorvaleBuangkok YioChuKang Boulevard KallangWay NatureReserve NorthCoast BukitBatokCentral ConeyIsland NatureReserve Ridout BishanEast Yishun Phillip TanglinHalt TuasBay YuhuaWestBoonLay TampinesWest PunggolTownCentre Woodgrove WestCoast ClementiCentral ChangiWest AirportRoad Townsville Trafalgar Kranji NatureReserve ChoaChuKangCentral LoyangEast Tyersall DefuIndustrialPark OrangeGrove Clementi LeonieHill
50
SungeiKadut SungeiKadut
Shipyard Shipyard
NeeSoon NeeSoon
JurongWestCentral JurongWestCentral
Outram Outram
Sennett Sennett
MonksHill MonksHill
KampongGlam KampongGlam
SungeiRoad SungeiRoad
Semakau Semakau
FarrerPark FarrerPark
GreenwoodPark GreenwoodPark
Guilin Guilin
Sentosa Sentosa
SembawangSprings SembawangSprings
Novena Novena
SingaporePolytechnic SingaporePolytechnic
SerangoonGarden SerangoonGarden
Victoria Victoria
PasirPanjang2 PasirPanjang2
Springleaf Springleaf
MandaiWest MandaiWest
YioChuKang YioChuKang
AnchorvaleBuangkok AnchorvaleBuangkok
Boulevard Boulevard
KallangWay KallangWay
NorthCoast NorthCoast
BukitBatokCentral BukitBatokCentral
ConeyIsland ConeyIsland
Ridout Ridout
BishanEast BishanEast
Yishun Yishun
Phillip Phillip
TanglinHalt TanglinHalt
TuasBay TuasBay
YuhuaWestBoonLay YuhuaWestBoonLay
TampinesWest TampinesWest
PunggolTownCentre PunggolTownCentre
Woodgrove Woodgrove
ClementiCentral ClementiCentral
ChangiWest ChangiWest
AirportRoad AirportRoad
Townsville Townsville
Trafalgar Trafalgar
Kranji Kranji
ChoaChuKangCentral ChoaChuKangCentral
LoyangEast LoyangEast
Tyersall Tyersall
DefuIndustrialPark DefuIndustrialPark
OrangeGrove OrangeGrove
