Soda RSF MorganHall MorrisonHall MorganHall RSF SatherRd RSF Soda Campanile BarrowLane BarkerHall Dwinelle ClarkKerr CareerCenter CampbellHall BarrowsHall AlumniHouse Soda SeniorHall SproulHall SproulPlaza SutardjaDaiHall Unit1 SutardjaDaiHall TangCenter WursterHall SeniorHall Soda SatherTower SatherGate NorthField MulfordHall NorthField SatherGate SatherTower Soda Jacobs Lawrence MLK LeConteHall MemorialGlade MLK Lawrence MLK LeConteHall EyeCenter EshlemanHall Soda
18
MorganHall MorganHall
MorrisonHall MorrisonHall
SatherRd SatherRd
Campanile Campanile
BarkerHall BarkerHall
Dwinelle Dwinelle
CareerCenter CareerCenter
SproulPlaza SproulPlaza
SutardjaDaiHall SutardjaDaiHall
Unit1 Unit1
WursterHall WursterHall
MulfordHall MulfordHall
Jacobs Jacobs
LeConteHall LeConteHall
MemorialGlade MemorialGlade
MLK MLK
Lawrence Lawrence
EyeCenter EyeCenter
