Liam Isaiah Joseph Mateo Alexander Mason Jayden Adam Brayden Ethan Brayden Samuel Brayden Jaxson Michael Ezra Thomas James Thomas Dylan Owen Jose Sawyer John Sawyer Benjamin Carter Dominic Oliver Evan Levi Jackson Eli Josiah Sebastian David Theodore Parker Aiden William Logan Christian Luke Noah Lucas Eli Wyatt Eli Christian Henry Ian Jordan Jacob Jordan Ian Matthew Ian Adrian Elijah Alexander Caleb Daniel Isaiah Liam
30
Liam Liam
Joseph Joseph
Alexander Alexander
Mason Mason
Jayden Jayden
Ethan Ethan
Samuel Samuel
Michael Michael
James James
Dylan Dylan
Owen Owen
John John
Benjamin Benjamin
Carter Carter
Oliver Oliver
Jackson Jackson
Sebastian Sebastian
David David
Aiden Aiden
William William
Logan Logan
Luke Luke
Noah Noah
Lucas Lucas
Wyatt Wyatt
Henry Henry
Jacob Jacob
Matthew Matthew
Elijah Elijah
Daniel Daniel
