Liam Benjamin Liam Aiden James David James Samuel Alexander Henry Ethan Mason William Carter William Elijah Mason Noah Joseph Matthew Joseph Jacob Joseph Michael James Oliver Liam Lucas Jackson Ethan Logan Wyatt Daniel Lincoln Mason Sebastian Lucas Liam
25
Liam Liam
Benjamin Benjamin
Aiden Aiden
David David
James James
Samuel Samuel
Alexander Alexander
Henry Henry
Mason Mason
William William
Carter Carter
Elijah Elijah
Noah Noah
Joseph Joseph
Matthew Matthew
Jacob Jacob
Michael Michael
Oliver Oliver
Lucas Lucas
Jackson Jackson
Ethan Ethan
Logan Logan
Wyatt Wyatt
Daniel Daniel
Sebastian Sebastian
