F1E81B 813B05 06C557 6CAF46 685D1A 6CAF46 B7F75A 6CAF46 770D1A 825EC5 8417C8 825EC5 1E1095 FFFD4B 573788 17BB75 17779E 8C971D 8EBF8A 239994 825EC5 DE6899 59843B D1967A 3B4B53 E3C2C9 0CBC31 8F495E 13A782 E80628 14B430 D4A75D 124C90 612FAA 8BFCAC 086D53 C45E71 29D5D7 8015E0 93EBE3 D6CC7A B47658 BDE94D 6D51F4 783751 ABD8FE 20EAE7 94A561 77A0B5 490F1E 614224 FFEEBD 2595F1 C9AF85 9096DB 36590B 66048A 90451D CEAC59 91A0DC 5BB557 8EBF8A C4303B 462226 7E1C6C 462226 4A28BA C45E71 6B622D 5F4E43 94941B 8F17C0 151BC9 FB0EF2 6E313C E2CE9F 8B519F 2595F1 8B6C2F C45E71 AEFF96 36C862 7829D7 CF668A BB40E6 6F492E DCE144 191510 2FEDFB CD2CA7 305D33 825EC5 CC9C14 A1F104 6CAF46 E33276 C3EF62 04439C 61199E 086D53 F33196 086D53 4A5708 462226 47FACD 0F5860 47FACD D337F2 AD0427 C3B3E7 1111F7 4B97F1 85D6DB 63361A BA3320 E51A66 BA3320 86493E 4B3F8A E81014 EAD0E3 1F842B 7E78F3 1F842B B69F55 2CCB19 2CA4AD 396D53 3C5D7A 230A7C 580DB7 596CF6 10520F 14994D 53C6C8 5C7062 4CAD30 62C365 6966D7 AE4A01 6B340B 825EC5 52C88C 4099A6 DD07FF 293D59 E33276 BB4908 C18C9B F33196 E5E6C0 1977E0 28F6D1 112AE7 851F90 2CA4AD 2BF7B5 B23276 AE4A01 F1E81B
100
F1E81B F1E81B
813B05 813B05
685D1A 685D1A
B7F75A B7F75A
770D1A 770D1A
8417C8 8417C8
1E1095 1E1095
FFFD4B FFFD4B
573788 573788
17779E 17779E
8EBF8A 8EBF8A
239994 239994
DE6899 DE6899
59843B 59843B
D1967A D1967A
3B4B53 3B4B53
E3C2C9 E3C2C9
0CBC31 0CBC31
8F495E 8F495E
E80628 E80628
14B430 14B430
D4A75D D4A75D
124C90 124C90
8BFCAC 8BFCAC
29D5D7 29D5D7
8015E0 8015E0
93EBE3 93EBE3
D6CC7A D6CC7A
B47658 B47658
6D51F4 6D51F4
783751 783751
ABD8FE ABD8FE
20EAE7 20EAE7
94A561 94A561
77A0B5 77A0B5
490F1E 490F1E
614224 614224
FFEEBD FFEEBD
C9AF85 C9AF85
9096DB 9096DB
36590B 36590B
66048A 66048A
90451D 90451D
CEAC59 CEAC59
5BB557 5BB557
C4303B C4303B
7E1C6C 7E1C6C
4A28BA 4A28BA
6B622D 6B622D
5F4E43 5F4E43
8F17C0 8F17C0
151BC9 151BC9
6E313C 6E313C
8B519F 8B519F
8B6C2F 8B6C2F
AEFF96 AEFF96
36C862 36C862
7829D7 7829D7
BB40E6 BB40E6
DCE144 DCE144
2FEDFB 2FEDFB
305D33 305D33
CC9C14 CC9C14
A1F104 A1F104
C3EF62 C3EF62
61199E 61199E
F33196 F33196
4A5708 4A5708
47FACD 47FACD
0F5860 0F5860
D337F2 D337F2
C3B3E7 C3B3E7
4B97F1 4B97F1
85D6DB 85D6DB
63361A 63361A
E51A66 E51A66
86493E 86493E
E81014 E81014
1F842B 1F842B
7E78F3 7E78F3
B69F55 B69F55
2CCB19 2CCB19
396D53 396D53
230A7C 230A7C
596CF6 596CF6
14994D 14994D
5C7062 5C7062
4CAD30 4CAD30
6966D7 6966D7
6B340B 6B340B
52C88C 52C88C
4099A6 4099A6
293D59 293D59
BB4908 BB4908
C18C9B C18C9B
E5E6C0 E5E6C0
28F6D1 28F6D1
851F90 851F90
2BF7B5 2BF7B5
AE4A01 AE4A01
