188645 0FB66D FA567E B833F0 07D80A B7B073 A7E9D9 DBDC9A A5CCB5 DBDC9A 94D700 3ADA02 D5356A 17A825 E09D29 C98FE7 567883 44716B D27DC1 6D778A 3AA8C5 AFF8D1 7E5598 0FBCDC 0A5C0E AE6906 3AA8C5 3B1041 3AA8C5 EF4D57 410DA1 E954F7 2EA2EE 84EBFF 36D08C 500783 35FF16 800641 DDF3EB D01E6B 318BA7 784F83 318BA7 37F745 8D0852 7E5598 4FBDE1 318BA7 17A825 DD2694 17A825 35F60D 2C101C CB09C0 B0C7A5 1276AF 673B36 628AB2 D04F40 9B9BDD 2F1AB5 07D80A B0C7A5 539A92 EC05F7 FD1783 3C7AA2 29B2A4 724A76 29B2A4 9B0EC2 F53049 19FFAB D27DC1 48C2D5 825884 D7CAF9 D443EB 1EB422 FF8D45 298FDD 673B36 7E18E9 FA567E 35F60D AA8E14 31D332 994F93 E0E349 44716B 467AB7 44716B 48C2D5 188645
50
188645 188645
0FB66D 0FB66D
B833F0 B833F0
B7B073 B7B073
A7E9D9 A7E9D9
DBDC9A DBDC9A
A5CCB5 A5CCB5
94D700 94D700
3ADA02 3ADA02
D5356A D5356A
E09D29 E09D29
C98FE7 C98FE7
44716B 44716B
6D778A 6D778A
AFF8D1 AFF8D1
0FBCDC 0FBCDC
0A5C0E 0A5C0E
3B1041 3B1041
EF4D57 EF4D57
E954F7 E954F7
84EBFF 84EBFF
500783 500783
800641 800641
D01E6B D01E6B
784F83 784F83
37F745 37F745
8D0852 8D0852
4FBDE1 4FBDE1
DD2694 DD2694
2C101C 2C101C
CB09C0 CB09C0
1276AF 1276AF
628AB2 628AB2
D04F40 D04F40
9B9BDD 9B9BDD
07D80A 07D80A
539A92 539A92
FD1783 FD1783
29B2A4 29B2A4
724A76 724A76
9B0EC2 9B0EC2
19FFAB 19FFAB
48C2D5 48C2D5
D7CAF9 D7CAF9
D443EB D443EB
FF8D45 FF8D45
7E18E9 7E18E9
AA8E14 AA8E14
994F93 994F93
467AB7 467AB7
