S Q D C E B W AW X AN Y J O U L AF P AT CT Z AY G CD F CM A N R T V AA BR AD CB BW M AP I AZ K CL AB AE H CK AC BK B AG A AH A AI A AJ A AK A AL A AM A AO A AQ B AR B AS A AU A AV B AX B BA A BB A BC A BD B BE F BF A BG A BH A BI A BJ A BL A BM K BN I BO I BP A BQ A BS A BT A BU A BV A BX A BY I BZ I CA A CC A CE A CF I CH K CI K CJ A CN K CO K CP A CQ A CR A CS A CU A CV I CW I S
100
S S
Q Q
D D
C C
E E
B B
W W
AW AW
X X
AN AN
Y Y
J J
O O
U U
L L
AF AF
P P
AT AT
CT CT
Z Z
AY AY
G G
CD CD
F F
CM CM
A A
N N
R R
T T
V V
AA AA
BR BR
AD AD
CB CB
BW BW
M M
AP AP
I I
AZ AZ
K K
CL CL
AB AB
AE AE
H H
CK CK
AC AC
BK BK
AG AG
AH AH
AI AI
AJ AJ
AK AK
AL AL
AM AM
AO AO
AQ AQ
AR AR
AS AS
AU AU
AV AV
AX AX
BA BA
BB BB
BC BC
BD BD
BE BE
BF BF
BG BG
BH BH
BI BI
BJ BJ
BL BL
BM BM
BN BN
BO BO
BP BP
BQ BQ
BS BS
BT BT
BU BU
BV BV
BX BX
BY BY
BZ BZ
CA CA
CC CC
CE CE
CF CF
CH CH
CI CI
CJ CJ
CN CN
CO CO
CP CP
CQ CQ
CR CR
CS CS
CU CU
CV CV
CW CW
