89 65 18 20 35 50 39 50 8 40 4 23 41 49 29 49 41 12 41 24 42 31 42 19 6 37 16 95 10 47 52 45 49 38 32 26 32 30 36 74 23 17 48 74 44 21 33 27 11 24 5 24 13 24 7 15 73 9 11 3 16 34 2 28 16 37 6 8 43 68 14 52 1 94 46 94 22 41 27 33 27 25 24 11 89
50
18 18
20 20
35 35
50 50
39 39
8 8
40 40
4 4
41 41
49 49
29 29
12 12
42 42
31 31
19 19
16 16
10 10
47 47
45 45
38 38
26 26
32 32
30 30
36 36
23 23
17 17
48 48
44 44
21 21
27 27
11 11
24 24
5 5
13 13
7 7
15 15
9 9
3 3
34 34
2 2
28 28
37 37
6 6
43 43
14 14
1 1
46 46
22 22
33 33
25 25
