Shelf0 Toolbox153 Ring169 Puppy140 Mail22 Allergies103 Shelf0 Whale137 Toolbox146 Monster73 Water21 Toilet13 Poop5 Websites4 Clock139 Soap64 Crab83 Poop150 Robot93 Laptop1 Leash77 Laptop1 System156 Nuclear18 Solar130 Book171 Laptop1 Light30 Clock2 Toolbox72 Ice9 Solar162 Website190 Water135 Rollers95 Kitty98 Laptop125 Water29 Solar192 Soda119 Drugs195 Shelf0 Hnads116 Drugs39 System79 Shelf0 Dislike143 Allergies176 Mail6 Towel154 Boat67 Shoes8 Dislike12 Mail6 Soap58 Mail6 Dog181 Shoes8 Shoe174 Clock2 Shoe17 Laptop1 Hnads182 Plus78 Urine97 Clock2 Settings75 Flowers178 Dislike27 Book24 Laptop1 Soda197 Shelf40 Ice41 Laptop19 Mail6 Robot51 Plants118 Websites4 Solar71 Fusion104 Poop80 Laptop1 Fusion34 Breakfast85 Shelf0 Nuclear35 Rollers14 BBQ36 Urine20 Kitty89 Horse148 Clock2 Puppy117 Ice165 Water38 Mail6 Body55 Mail6 Poop76 Clock61 Clock2 Cat187 Printer188 Sink109 Shower47 Shelf0 Shower57 Shelf0 Whale126 Post158 Websites4 Towel92 Poop5 Robot164 Whale114 Urine124 Male149 Shelf0 Ring82 Android196 Dog168 Websites4 Monster175 Kitty194 Allergies88 Cat15 Laptop1 System183 Comics107 Shelf0
100
Shelf0 Shelf0
Toolbox153 Toolbox153
Ring169 Ring169
Puppy140 Puppy140
Mail22 Mail22
Allergies103 Allergies103
Whale137 Whale137
Toolbox146 Toolbox146
Monster73 Monster73
Toilet13 Toilet13
Websites4 Websites4
Clock139 Clock139
Soap64 Soap64
Crab83 Crab83
Poop150 Poop150
Robot93 Robot93
Leash77 Leash77
System156 System156
Nuclear18 Nuclear18
Solar130 Solar130
Book171 Book171
Light30 Light30
Toolbox72 Toolbox72
Ice9 Ice9
Solar162 Solar162
Website190 Website190
Water135 Water135
Rollers95 Rollers95
Kitty98 Kitty98
Laptop125 Laptop125
Water29 Water29
Solar192 Solar192
Soda119 Soda119
Drugs195 Drugs195
Hnads116 Hnads116
Drugs39 Drugs39
System79 System79
Dislike143 Dislike143
Allergies176 Allergies176
Towel154 Towel154
Boat67 Boat67
Shoes8 Shoes8
Dislike12 Dislike12
Soap58 Soap58
Dog181 Dog181
Shoe174 Shoe174
Shoe17 Shoe17
Hnads182 Hnads182
Plus78 Plus78
Urine97 Urine97
Settings75 Settings75
Flowers178 Flowers178
Dislike27 Dislike27
Book24 Book24
Soda197 Soda197
Shelf40 Shelf40
Ice41 Ice41
Laptop19 Laptop19
Robot51 Robot51
Plants118 Plants118
Solar71 Solar71
Fusion104 Fusion104
Poop80 Poop80
Fusion34 Fusion34
Breakfast85 Breakfast85
Nuclear35 Nuclear35
Rollers14 Rollers14
BBQ36 BBQ36
Urine20 Urine20
Kitty89 Kitty89
Horse148 Horse148
Clock2 Clock2
Puppy117 Puppy117
Ice165 Ice165
Water38 Water38
Body55 Body55
Mail6 Mail6
Poop76 Poop76
Clock61 Clock61
Cat187 Cat187
Printer188 Printer188
Sink109 Sink109
Shower47 Shower47
Shower57 Shower57
Whale126 Whale126
Post158 Post158
Towel92 Towel92
Robot164 Robot164
Whale114 Whale114
Urine124 Urine124
Male149 Male149
Ring82 Ring82
Android196 Android196
Dog168 Dog168
Monster175 Monster175
Kitty194 Kitty194
Allergies88 Allergies88
Cat15 Cat15
System183 System183
Comics107 Comics107
