Shower0 Robot49 Whale8 BBQ36 Laptop22 Light1 Sink37 Android27 Monster32 Elevator35 Video10 Cone13 Towel2 Allergies7 Urine5 Puppy19 Urine5 YouTube4 Urine5 Nuclear43 Crab16 Plants3 Soda18 Shower0 Ring33 Ice30 Toilet45 Ice42 Plants3 BBQ38 Prints25 Toilet26 Mail41 Light1 Cat44 Towel2 Shower0
25
Robot49 Robot49
BBQ36 BBQ36
Laptop22 Laptop22
Sink37 Sink37
Android27 Android27
Monster32 Monster32
Elevator35 Elevator35
Cone13 Cone13
Allergies7 Allergies7
Puppy19 Puppy19
YouTube4 YouTube4
Nuclear43 Nuclear43
Crab16 Crab16
Soda18 Soda18
Ring33 Ring33
Ice30 Ice30
Toilet45 Toilet45
Ice42 Ice42
Plants3 Plants3
BBQ38 BBQ38
Prints25 Prints25
Toilet26 Toilet26
Mail41 Mail41
Light1 Light1
Cat44 Cat44
