0 2 147 21 71 93 24 156 49 124 1 198 1 152 9 40 142 59 73 66 160 55 2 23 4 162 109 0 189 144 6 1 35 42 89 0 56 5 30 95 123 62 12 2 91 75 184 172 17 138 2 187 108 0 50 83 140 173 7 6 1 163 5 179 2 79 196 102 141 104 158 87 101 68 135 60 110 9 80 164 3 15 1 11 136 4 129 0 118 16 5 122 26 0 61 25 18 171 193 38 150 9 168 22 155 0 161 157 4 27 39 194 111 178 67 151 5 34 31 130 10 11 145 119 4 96 11 36 105 2 0
100
147 147
21 21
71 71
93 93
24 24
156 156
49 49
124 124
198 198
152 152
9 9
40 40
142 142
59 59
73 73
66 66
160 160
55 55
23 23
162 162
109 109
189 189
144 144
6 6
35 35
42 42
89 89
56 56
5 5
30 30
95 95
123 123
62 62
12 12
91 91
75 75
184 184
172 172
17 17
138 138
187 187
108 108
50 50
83 83
140 140
173 173
7 7
1 1
163 163
179 179
79 79
196 196
102 102
141 141
104 104
158 158
87 87
101 101
68 68
135 135
60 60
110 110
80 80
164 164
15 15
11 11
136 136
129 129
118 118
16 16
122 122
26 26
61 61
25 25
18 18
171 171
193 193
38 38
150 150
168 168
22 22
155 155
161 161
157 157
27 27
39 39
194 194
111 111
178 178
67 67
151 151
34 34
31 31
130 130
10 10
145 145
119 119
96 96
36 36
105 105
