Glameow Spheal Inkay Spheal Gothorita Archeops Electivire Furret Turtwig Wailord Beheeyem Leavanny Beheeyem Golett Beheeyem Ledian Zygarde Ivysaur Meganium Ivysaur Spiritomb Bergmite Gumshoos Electivire Camerupt Togepi Sigilyph Yanma Electivire Glameow Loudred Wartortle Buneary Gigalith Buneary Glalie Simisage Gloom Mudbray Fomantis Poochyena Piplup Meganium Electivire Spinarak Electivire Glameow
25
Spheal Spheal
Inkay Inkay
Gothorita Gothorita
Archeops Archeops
Electivire Electivire
Furret Furret
Wailord Wailord
Beheeyem Beheeyem
Leavanny Leavanny
Golett Golett
Ledian Ledian
Zygarde Zygarde
Meganium Meganium
Spiritomb Spiritomb
Bergmite Bergmite
Gumshoos Gumshoos
Togepi Togepi
Yanma Yanma
Loudred Loudred
Gigalith Gigalith
Buneary Buneary
Glalie Glalie
Mudbray Mudbray
Piplup Piplup
Spinarak Spinarak
