0 52 4 174 130 75 83 143 0 80 0 66 43 126 20 156 179 103 114 85 16 17 2 98 2 106 131 6 177 0 189 157 149 48 5 197 199 27 151 3 46 184 102 121 23 62 42 0 140 70 45 137 7 19 97 72 55 11 171 144 74 125 36 82 147 59 116 176 109 57 117 168 134 1 152 181 16 105 12 160 6 195 91 10 128 5 26 9 88 198 76 18 108 139 34 12 138 31 196 18 50 16 180 87 183 4 69 63 81 84 5 67 13 30 122 166 0 162 9 35 5 136 25 185 9 10 25 111 40 39 30 7 4 15 53 11 145 11 0
100
52 52
174 174
130 130
75 75
83 83
143 143
80 80
66 66
126 126
20 20
156 156
179 179
103 103
114 114
85 85
16 16
17 17
98 98
106 106
131 131
177 177
189 189
157 157
149 149
48 48
197 197
199 199
27 27
151 151
46 46
184 184
102 102
121 121
23 23
62 62
42 42
140 140
70 70
45 45
137 137
19 19
97 97
72 72
55 55
11 11
171 171
144 144
74 74
125 125
36 36
82 82
147 147
59 59
116 116
176 176
109 109
117 117
168 168
134 134
152 152
181 181
105 105
160 160
195 195
91 91
128 128
26 26
9 9
88 88
198 198
76 76
108 108
139 139
34 34
138 138
31 31
196 196
50 50
180 180
87 87
183 183
69 69
63 63
81 81
84 84
67 67
13 13
122 122
166 166
162 162
35 35
136 136
185 185
10 10
111 111
40 40
30 30
4 4
53 53
145 145
