Soda Guadeloupe China Australia Czech United Dominica Botswana Bouvet Colombia Cocos Cayman Finland Egypt Comoros Canada Austria Central Aruba Hong Denmark Hong Antigua Guyana Guam Belize Czech Fiji Bermuda Fiji Argentina Belarus Guam Cambodia Guam Anguilla Angola Azerbaijan Soda
25
Guadeloupe Guadeloupe
China China
Australia Australia
Czech Czech
United United
Botswana Botswana
Bouvet Bouvet
Colombia Colombia
Cocos Cocos
Cayman Cayman
Egypt Egypt
Comoros Comoros
Austria Austria
Central Central
Aruba Aruba
Denmark Denmark
Antigua Antigua
Guyana Guyana
Guam Guam
Belize Belize
Fiji Fiji
Bermuda Bermuda
Argentina Argentina
Cambodia Cambodia
Angola Angola
