0 3 185 18 13 21 82 95 85 89 81 37 60 49 31 78 55 52 68 7 56 38 85 80 93 43 11 178 71 6 25 4 97 149 48 87 28 77 42 47 62 58 33 58 65 44 45 90 50 100 26 64 72 69 53 19 2 66 79 30 91 17 73 51 20 105 8 19 12 34 99 5 36 35 128 32 57 29 39 63 86 6 27 41 94 40 14 105 31 155 84 54 70 1 87 98 87 17 137 83 95 161 88 9 61 15 23 1 24 31 67 170 74 144 16 6 96 22 75 112 59 112 92 76 85 46 81 10 0
100
0 0
3 3
18 18
13 13
21 21
82 82
85 85
89 89
81 81
37 37
60 60
49 49
78 78
55 55
52 52
68 68
7 7
56 56
38 38
80 80
93 93
43 43
11 11
71 71
25 25
4 4
97 97
48 48
28 28
77 77
42 42
47 47
62 62
58 58
33 33
65 65
44 44
45 45
90 90
50 50
26 26
64 64
72 72
69 69
53 53
2 2
66 66
79 79
30 30
91 91
73 73
51 51
20 20
8 8
19 19
12 12
34 34
99 99
5 5
36 36
35 35
32 32
57 57
29 29
39 39
63 63
86 86
27 27
41 41
94 94
40 40
14 14
31 31
84 84
54 54
70 70
1 1
87 87
98 98
17 17
83 83
95 95
88 88
9 9
61 61
15 15
23 23
24 24
67 67
74 74
16 16
6 6
96 96
22 22
75 75
59 59
92 92
76 76
46 46
10 10
