0 24 132 126 162 100 182 40 44 142 192 104 2 164 3 6 0 196 128 32 82 6 14 46 8 144 7 12 18 42 84 96 112 160 66 4 10 4 118 54 48 2 146 166 198 134 130 124 1 154 106 178 188 88 34 138 186 136 108 0 26 152 5 98 158 86 2 30 80 172 0 120 180 110 1 176 92 68 1 56 1 140 4 122 28 76 150 174 116 0 102 90 4 9 78 6 74 190 64 20 170 94 58 194 60 2 72 2 36 2 156 22 1 52 1 184 16 1 168 38 62 148 70 10 114 4 50 3 0
100
0 0
24 24
132 132
126 126
162 162
100 100
182 182
40 40
44 44
142 142
192 192
104 104
164 164
6 6
196 196
128 128
32 32
82 82
14 14
46 46
8 8
144 144
12 12
18 18
42 42
84 84
96 96
112 112
160 160
66 66
10 10
118 118
54 54
48 48
146 146
166 166
198 198
134 134
130 130
124 124
154 154
106 106
178 178
188 188
88 88
34 34
138 138
186 186
136 136
108 108
26 26
152 152
98 98
158 158
86 86
2 2
30 30
80 80
172 172
120 120
180 180
110 110
176 176
92 92
68 68
56 56
140 140
122 122
28 28
76 76
150 150
174 174
116 116
102 102
90 90
4 4
78 78
74 74
190 190
64 64
20 20
170 170
94 94
58 58
194 194
60 60
72 72
36 36
156 156
22 22
52 52
184 184
16 16
168 168
38 38
62 62
148 148
70 70
114 114
50 50
