qtq uxr wuc npu zgf cnv gkh wpq rwt ahv krg kza uoz ifc fsl sfp rju uen zgs hhe ahy thd jno pta xdz pjx pta xdz wju dpo wuf vsu zbn vaf ase pta qls qlo cpw lfh spp tvt egz vub nhk bai fgo xax ooi uen ynq orc pkx txl nhk txl vlt ptq utd hpb zqn cxu xdz nkx htv gak qjm lnv rxi hhe tmc udq hhe pxs ptq pwa thz txk rod jta htv eqm tro viv xbo tmd hhe mbx hxp pta wiq txl nhr slq ujc brk ooc htv idl zye nfy iuz bsz ili yiz rut qbj dkn hpb mnv lah xos xou uca qnn utd hxo ukh pta uwp pta plx tnl qbe qfc utd itg cjp tvt gup itg lxt qtq
100
qtq qtq
uxr uxr
wuc wuc
npu npu
zgf zgf
cnv cnv
wpq wpq
rwt rwt
ahv ahv
krg krg
kza kza
uoz uoz
ifc ifc
fsl fsl
sfp sfp
rju rju
zgs zgs
ahy ahy
thd thd
jno jno
xdz xdz
pjx pjx
pta pta
wju wju
wuf wuf
vsu vsu
zbn zbn
vaf vaf
ase ase
qls qls
qlo qlo
cpw cpw
lfh lfh
spp spp
egz egz
vub vub
bai bai
fgo fgo
xax xax
ooi ooi
ynq ynq
orc orc
pkx pkx
nhk nhk
vlt vlt
ptq ptq
hpb hpb
zqn zqn
cxu cxu
nkx nkx
gak gak
qjm qjm
lnv lnv
rxi rxi
hhe hhe
tmc tmc
udq udq
pxs pxs
pwa pwa
thz thz
txk txk
rod rod
jta jta
htv htv
eqm eqm
tro tro
viv viv
tmd tmd
mbx mbx
hxp hxp
wiq wiq
nhr nhr
slq slq
brk brk
ooc ooc
idl idl
nfy nfy
iuz iuz
bsz bsz
ili ili
yiz yiz
rut rut
qbj qbj
dkn dkn
mnv mnv
lah lah
xos xos
uca uca
qnn qnn
hxo hxo
ukh ukh
uwp uwp
plx plx
tnl tnl
qbe qbe
qfc qfc
itg itg
cjp cjp
gup gup
lxt lxt
