Soda Browning Bret Vermont Bristol Keeler Pardee Colusa Martin Haskell Bowditch Fresno Bowditch Bataan Bowditch Marin Greenwood Heinz Bancroft Madera Columbia Eunice Byron Allston Shasta Addison Byron Columbia Muir Cutter Bancroft Menlo Colusa Fulton Eola Belrose Haviland Summit Mabel Spring Comstock Blake Poplar Bret Arch Anne Hospital Kenilworth Blake Poppy Ajax Forest Ajax Buena Haste Bataan High Fresno Florida Russell Burnett Fernwald Overlook Terrace Forest Lewiston Edith Arcade Domingo Soda
50
Browning Browning
Bret Bret
Vermont Vermont
Bristol Bristol
Keeler Keeler
Pardee Pardee
Martin Martin
Haskell Haskell
Bowditch Bowditch
Fresno Fresno
Bataan Bataan
Marin Marin
Greenwood Greenwood
Heinz Heinz
Madera Madera
Eunice Eunice
Allston Allston
Shasta Shasta
Addison Addison
Byron Byron
Columbia Columbia
Muir Muir
Cutter Cutter
Bancroft Bancroft
Menlo Menlo
Colusa Colusa
Fulton Fulton
Belrose Belrose
Haviland Haviland
Summit Summit
Mabel Mabel
Spring Spring
Comstock Comstock
Poplar Poplar
Arch Arch
Anne Anne
Hospital Hospital
Kenilworth Kenilworth
Poppy Poppy
Forest Forest
Ajax Ajax
Haste Haste
High High
Florida Florida
Burnett Burnett
Overlook Overlook
Terrace Terrace
Lewiston Lewiston
Edith Edith
Domingo Domingo
