FD AU BG DI GP DF GA CL BC GQ FP EL AO BE EJ DC AG DZ DM DU AN CA AJ BV AC FU CK CG AO BT AI HH GK DP BO GN BA AS CB EN FV AJ CF DN ER DA AF FY EZ AA FN AA EK FO AC CO EG BF AF HC FJ EX AT FS GX CS GD ES EM AV AL AT HO AC GS BK DQ AG AX AJ DB HP CI GF CW FM HF GC AD FI AD GO AF AG DE AW HD HB AG CU AA EE AC CC AM DK AD BZ AK HR AC EO AE DH AD GZ FR BQ EW AD ET AA BM FT EY GR AM CT BN AZ FD
100
AU AU
BG BG
DI DI
GP GP
DF DF
GA GA
CL CL
BC BC
GQ GQ
FP FP
EL EL
BE BE
EJ EJ
DC DC
DZ DZ
DM DM
DU DU
CA CA
BV BV
FU FU
CK CK
CG CG
BT BT
HH HH
GK GK
DP DP
BO BO
GN GN
BA BA
CB CB
EN EN
FV FV
CF CF
DN DN
ER ER
DA DA
FY FY
EZ EZ
FN FN
EK EK
FO FO
CO CO
EG EG
BF BF
HC HC
FJ FJ
EX EX
FS FS
GX GX
CS CS
GD GD
ES ES
EM EM
AV AV
AT AT
HO HO
GS GS
BK BK
DQ DQ
AX AX
AJ AJ
DB DB
HP HP
CI CI
GF GF
CW CW
FM FM
HF HF
GC GC
FI FI
GO GO
AF AF
AG AG
DE DE
AW AW
HD HD
HB HB
CU CU
EE EE
CC CC
AM AM
DK DK
AD AD
BZ BZ
AK AK
HR HR
EO EO
DH DH
GZ GZ
FR FR
BQ BQ
EW EW
ET ET
BM BM
FT FT
EY EY
GR GR
CT CT
BN BN
AZ AZ
