0 5 163 16 178 11 189 11 140 18 147 18 141 16 164 2 157 2 139 2 182 11 169 11 192 27 155 18 161 2 190 5 170 20 167 20 180 11 160 11 136 2 181 2 195 2 184 2 187 16 172 5 188 2 152 2 148 9 166 11 198 5 196 5 199 176 132 18 150 153 149 130 156 135 173 145 191 183 168 142 151 146 186 159 154 165 194 158 193 131 162 133 144 134 138 177 171 175 143 179 185 197 174 137 2 0
70
163 163
178 178
189 189
140 140
147 147
141 141
164 164
157 157
139 139
182 182
169 169
192 192
155 155
161 161
190 190
170 170
167 167
180 180
160 160
136 136
181 181
195 195
184 184
187 187
172 172
188 188
152 152
148 148
166 166
198 198
196 196
199 199
176 176
132 132
150 150
153 153
149 149
130 130
156 156
135 135
173 173
145 145
191 191
183 183
168 168
142 142
151 151
146 146
186 186
159 159
154 154
165 165
194 194
158 158
193 193
131 131
162 162
133 133
144 144
134 134
138 138
177 177
171 171
175 175
143 143
179 179
185 185
197 197
174 174
137 137
