HAZtD 4Eg1F wnnBN Cg1yP J0OP0 iKwe0 F7CZj z82fM EyMEe vfAR8 bW6Ms RN9nS 3NU9e aWuHk 1gvq4 O8CwF 1gvq4 GxQg8 iqOI4 GxQg8 p3gJd cpzS8 acHTt 93R2m AwFdf 2zHfe fExZu v7hOX Mm2U8 15wtn ox9Gx 69WZh mdIe6 69WZh jesVt 4AhmX cu5FB 93R2m C4biR aegld O8CwF DaieK uPUO1 aWuHk 1gvq4 rH3nx 1gvq4 lJnz7 GxQg8 X2hjX UqGfS Ssao4 UqGfS NqBQW Xqwfz jyRQW zcuSA cC0Rg gpbSj u60s4 9cp56 0F8yg 4PSW9 zcuSA jyRQW Xqwfz pLg86 7kY28 URrao fiXIW 7kY28 IOpdQ BaYb3 1VA1I Zok18 Xqwfz SxklZ 0moVI HAKlt iimZq 6owsT OWqP4 Pk19A fiXIW 6sv9O Q8lcd iPRoT Vg6Sz iIQll GrnJ7 v9joy UbqWX GrnJ7 gNinx GrnJ7 iaaYU GrnJ7 rmW0U CHx6u bMhFI lF8gH CHx6u rmW0U HOuAL rmW0U 9tf0w rmW0U GrnJ7 DmTRc tgL8p 0FMEI R6NzB 69WZh iHR3J fWz4T EgumV jesVt 4AhmX kNG2j C4biR 2zHfe wVSYr WVEjT Agb0E VG4na Ia6ul eVDVP b9v0q zrVPv wedr3 15wtn p3gJd C4biR TlJnt O8CwF 1gvq4 GxQg8 3NU9e CXkxa Lusir CXkxa ED9em 5h4rt ED9em bW6Ms GxQg8 p3gJd 9cp56 sU69u 2GCiD sU69u 3JtxZ GrnJ7 4jcrD iIQll p4kTx iIQll Vg6Sz iPRoT 8Qx0C qz2Of 7kY28 Xqwfz SxklZ VESmp SxklZ Xqwfz jyRQW Zxvdf zcuSA 4PSW9 sU69u 5EAEu 0FMEI R6NzB ZKvNM TzGS5 ZKvNM 69WZh b9v0q SEkfX b9v0q 15wtn p3gJd GxQg8 UqGfS kPB79 4Tt2a kPB79 4PXv9 kPB79 UqGfS NqBQW Xqwfz 7kY28 fiXIW 6sv9O Jbr8u o2JtM e7SjH E6pda xKTIz E6pda e7SjH DuU0x BIY9X DuU0x e7SjH 2LhKB e7SjH o2JtM H1xt8 GaZ4O Jbr8u 6sv9O fiXIW 7kY28 Xqwfz NqBQW UqGfS kPB79 6gp0A HAZtD
100
wnnBN wnnBN
Cg1yP Cg1yP
J0OP0 J0OP0
iKwe0 iKwe0
z82fM z82fM
vfAR8 vfAR8
bW6Ms bW6Ms
RN9nS RN9nS
aWuHk aWuHk
O8CwF O8CwF
iqOI4 iqOI4
p3gJd p3gJd
cpzS8 cpzS8
acHTt acHTt
AwFdf AwFdf
fExZu fExZu
v7hOX v7hOX
ox9Gx ox9Gx
69WZh 69WZh
mdIe6 mdIe6
jesVt jesVt
4AhmX 4AhmX
cu5FB cu5FB
aegld aegld
DaieK DaieK
uPUO1 uPUO1
rH3nx rH3nx
1gvq4 1gvq4
lJnz7 lJnz7
GxQg8 GxQg8
X2hjX X2hjX
UqGfS UqGfS
Ssao4 Ssao4
NqBQW NqBQW
cC0Rg cC0Rg
gpbSj gpbSj
u60s4 u60s4
0F8yg 0F8yg
zcuSA zcuSA
pLg86 pLg86
7kY28 7kY28
URrao URrao
fiXIW fiXIW
IOpdQ IOpdQ
BaYb3 BaYb3
1VA1I 1VA1I
Zok18 Zok18
SxklZ SxklZ
0moVI 0moVI
HAKlt HAKlt
iimZq iimZq
6owsT 6owsT
OWqP4 OWqP4
Pk19A Pk19A
Q8lcd Q8lcd
Vg6Sz Vg6Sz
iIQll iIQll
v9joy v9joy
UbqWX UbqWX
gNinx gNinx
iaaYU iaaYU
CHx6u CHx6u
bMhFI bMhFI
lF8gH lF8gH
HOuAL HOuAL
9tf0w 9tf0w
DmTRc DmTRc
R6NzB R6NzB
iHR3J iHR3J
fWz4T fWz4T
EgumV EgumV
kNG2j kNG2j
WVEjT WVEjT
Agb0E Agb0E
VG4na VG4na
Ia6ul Ia6ul
eVDVP eVDVP
zrVPv zrVPv
wedr3 wedr3
TlJnt TlJnt
Lusir Lusir
ED9em ED9em
5h4rt 5h4rt
2GCiD 2GCiD
4jcrD 4jcrD
p4kTx p4kTx
8Qx0C 8Qx0C
VESmp VESmp
Zxvdf Zxvdf
5EAEu 5EAEu
TzGS5 TzGS5
SEkfX SEkfX
4Tt2a 4Tt2a
4PXv9 4PXv9
xKTIz xKTIz
E6pda E6pda
DuU0x DuU0x
BIY9X BIY9X
2LhKB 2LhKB
H1xt8 H1xt8
