Taozhuang Uran Gudermes Bourbonnais Boo Esmeraldas Somma Artur Bang Waverly Strathfield Memmingen Villa Rafiganj Rutherglen Ulu Freetown Uran Calauan Uran Sarandi Ramla Azrou Rosedale Jackson Uran Ilesa Uran Sicklerville Tupelo Esperanza Uran Nonsan Uran Cibinong Uran Aytos Hechingen Uran New Uran Donggongon Caravaca Uran Besuki Middle Uran Oulmes Fort Uran Pottstown Uran Kallio Alatyr Jinotepe Uran Camayenne Uran Longgang Uran Durazno Uran Gauting Uran Severodvinsk Uran Jingzhou Uran Wesseling Uran Norco Udumalaippettai Norco Uran Taozhuang
50
Taozhuang Taozhuang
Uran Uran
Gudermes Gudermes
Bourbonnais Bourbonnais
Boo Boo
Esmeraldas Esmeraldas
Somma Somma
Artur Artur
Bang Bang
Waverly Waverly
Strathfield Strathfield
Memmingen Memmingen
Villa Villa
Rafiganj Rafiganj
Rutherglen Rutherglen
Ulu Ulu
Freetown Freetown
Calauan Calauan
Sarandi Sarandi
Ramla Ramla
Azrou Azrou
Rosedale Rosedale
Jackson Jackson
Ilesa Ilesa
Sicklerville Sicklerville
Tupelo Tupelo
Esperanza Esperanza
Nonsan Nonsan
Cibinong Cibinong
Aytos Aytos
Hechingen Hechingen
New New
Donggongon Donggongon
Caravaca Caravaca
Besuki Besuki
Middle Middle
Oulmes Oulmes
Fort Fort
Pottstown Pottstown
Kallio Kallio
Alatyr Alatyr
Jinotepe Jinotepe
Camayenne Camayenne
Longgang Longgang
Durazno Durazno
Gauting Gauting
Severodvinsk Severodvinsk
Jingzhou Jingzhou
Wesseling Wesseling
Udumalaippettai Udumalaippettai
