Ilesa Foshan Aklera Bensheim Ventimiglia Sishui Polohy Mexborough Marburg Palm Memmingen WaltonontheNaze Milledgeville Tupelo Puducherry Valday Tupiza Malden Viewpark MitryMory Bogovinje Mouscron Uran Azrou Perth Niort Jagna Stupino Hermsdorf Aleshtar Alfenas Calauan Rhosllanerchrugog Milagro Alexandria PortVila Davis Jiangyan Brunswick Bensheim Valletta Itacoatiara Sirsi Ponta Bensheim Onex Puerto Bensheim Guli Bon Landshut Meizhou Toledo Bensheim Tak Talipparamba Bensheim Dahlem Bensheim Bobigny Sillanwali Bensheim Chacabuco Shaowu Bensheim Ramla Yingkou Bensheim Barracas Aurora Bensheim PointeClaire Bensheim Campobasso Bensheim Oulmes Bensheim Bang Shagamu Bensheim Sorsogon Oberhausen Bensheim Palafrugell Villaquilambre Bensheim Tharu Bensheim DehiwalaMount Bensheim Paredes Bensheim Stuttgart Rutland Zaozhuang Bensheim Skalica Bensheim LonsleSaunier GernikaLumo Bensheim American Bavly Gariadhar Bensheim New Bensheim Jashpurnagar Magomeni Bensheim Lodwar Bensheim Claremont Bensheim Copperas Bensheim Resplendor Great Ada Bensheim Tiruppuvanam Bensheim An Bensheim UlanUde Bensheim Brzeg Kyzylorda Bensheim Lille Bensheim Sceaux Bensheim Clermont Bensheim Great Tyoply Great Bensheim Ilesa
100
Ilesa Ilesa
Foshan Foshan
Aklera Aklera
Bensheim Bensheim
Ventimiglia Ventimiglia
Sishui Sishui
Polohy Polohy
Mexborough Mexborough
Marburg Marburg
Palm Palm
Memmingen Memmingen
WaltonontheNaze WaltonontheNaze
Milledgeville Milledgeville
Tupelo Tupelo
Puducherry Puducherry
Valday Valday
Tupiza Tupiza
Malden Malden
Viewpark Viewpark
MitryMory MitryMory
Bogovinje Bogovinje
Mouscron Mouscron
Uran Uran
Azrou Azrou
Perth Perth
Niort Niort
Jagna Jagna
Stupino Stupino
Hermsdorf Hermsdorf
Aleshtar Aleshtar
Alfenas Alfenas
Calauan Calauan
Rhosllanerchrugog Rhosllanerchrugog
Milagro Milagro
Alexandria Alexandria
PortVila PortVila
Davis Davis
Jiangyan Jiangyan
Brunswick Brunswick
Valletta Valletta
Itacoatiara Itacoatiara
Sirsi Sirsi
Ponta Ponta
Onex Onex
Puerto Puerto
Guli Guli
Bon Bon
Landshut Landshut
Meizhou Meizhou
Toledo Toledo
Tak Tak
Talipparamba Talipparamba
Dahlem Dahlem
Bobigny Bobigny
Sillanwali Sillanwali
Chacabuco Chacabuco
Shaowu Shaowu
Ramla Ramla
Yingkou Yingkou
Barracas Barracas
Aurora Aurora
PointeClaire PointeClaire
Campobasso Campobasso
Oulmes Oulmes
Bang Bang
Shagamu Shagamu
Sorsogon Sorsogon
Oberhausen Oberhausen
Palafrugell Palafrugell
Villaquilambre Villaquilambre
Tharu Tharu
DehiwalaMount DehiwalaMount
Paredes Paredes
Stuttgart Stuttgart
Rutland Rutland
Zaozhuang Zaozhuang
Skalica Skalica
LonsleSaunier LonsleSaunier
GernikaLumo GernikaLumo
American American
Bavly Bavly
Gariadhar Gariadhar
New New
Jashpurnagar Jashpurnagar
Magomeni Magomeni
Lodwar Lodwar
Claremont Claremont
Copperas Copperas
Resplendor Resplendor
Great Great
Ada Ada
Tiruppuvanam Tiruppuvanam
An An
UlanUde UlanUde
Brzeg Brzeg
Kyzylorda Kyzylorda
Lille Lille
Sceaux Sceaux
Clermont Clermont
Tyoply Tyoply
