108 69 7 2 101 49 170 54 78 6 34 48 6 23 129 77 110 75 150 179 157 15 107 38 31 190 5 109 4 133 63 11 66 44 13 79 46 32 5 61 17 67 120 138 36 126 4 64 37 53 7 96 57 71 82 56 151 143 121 1 186 177 0 73 1 11 1 39 146 13 84 12 92 197 137 118 182 148 176 100 6 117 24 114 142 99 28 181 167 8 187 2 184 2 136 134 45 3 26 5 81 174 188 153 144 14 35 14 27 19 38 128 1 140 43 130 85 68 95 83 6 65 0 108
97
69 69
7 7
101 101
49 49
170 170
54 54
78 78
34 34
48 48
23 23
129 129
77 77
110 110
75 75
150 150
179 179
157 157
15 15
107 107
38 38
31 31
190 190
109 109
133 133
63 63
66 66
44 44
13 13
79 79
46 46
32 32
61 61
17 17
67 67
120 120
138 138
36 36
126 126
64 64
37 37
53 53
96 96
57 57
71 71
82 82
56 56
151 151
143 143
121 121
186 186
177 177
73 73
11 11
39 39
146 146
84 84
92 92
197 197
137 137
118 118
182 182
148 148
176 176
100 100
117 117
24 24
114 114
142 142
99 99
28 28
181 181
167 167
187 187
184 184
136 136
134 134
45 45
26 26
5 5
81 81
174 174
188 188
153 153
144 144
35 35
14 14
19 19
128 128
1 1
140 140
43 43
130 130
85 85
68 68
95 95
83 83
65 65
