Albania Malaysia Andorra Albania VaticanCity Mauritania Albania Estonia Comoros Albania America Albania Brazil MountAthos Cyprus Albania SierraLeone Albania Qatar Argentina Chile Tanzania Germany Slovenia Albania NorthKorea Gabon Albania SaudiArabia SaoTomPrincipe UAE Poland Seychelles PapuaNewGuinea Mali Albania Greece Suriname Lithuania Bahamas Albania Rome Burkina Paraguay SolomonIslands IvoryCoast BosHerzegovina Canada EquatorGuinea Canada Djibouti Pakistan Bulgaria Thailand Nepal Vietnam Italy Vietnam Kosovo Norway Canada Algeria Panama Canada Eritrea Mongolia Netherlands UnitedKingdom Vietnam Peru Mauritius Netherlands Laos Canada Luxembourg Canada Belarus Paraguay Dominica Philippines Vietnam CapeVerde Paraguay Niger Latvia Canada Burma Canada Kazakhstan Cambodia Ethiopia Japan Portugal Danzig Albania Jamaica Tunisia Netherlands Kiribati Ukraine Brunei Australia Yemen Netherlands France Newfoundland Lesotho Uruguay CentralAfricanRep Netherlands Romania Bhutan Ethiopia SaintLucia Hungary Paraguay SaintKitts Vanuatu Grenada Rwanda RussianFederation Canada Guatemala SriLanka Cuba Vietnam Togo Israel Switzerland Venezuela NewZealand Finland Vietnam TheGambia Liechtenstein Serbia Albania Maldives Fiji Albania
100
Malaysia Malaysia
Andorra Andorra
VaticanCity VaticanCity
Mauritania Mauritania
Estonia Estonia
Comoros Comoros
America America
Brazil Brazil
MountAthos MountAthos
Cyprus Cyprus
SierraLeone SierraLeone
Qatar Qatar
Argentina Argentina
Chile Chile
Tanzania Tanzania
Germany Germany
Slovenia Slovenia
NorthKorea NorthKorea
Gabon Gabon
SaudiArabia SaudiArabia
SaoTomPrincipe SaoTomPrincipe
UAE UAE
Poland Poland
Seychelles Seychelles
PapuaNewGuinea PapuaNewGuinea
Mali Mali
Greece Greece
Suriname Suriname
Lithuania Lithuania
Bahamas Bahamas
Rome Rome
Burkina Burkina
SolomonIslands SolomonIslands
IvoryCoast IvoryCoast
BosHerzegovina BosHerzegovina
EquatorGuinea EquatorGuinea
Djibouti Djibouti
Pakistan Pakistan
Bulgaria Bulgaria
Thailand Thailand
Nepal Nepal
Italy Italy
Kosovo Kosovo
Norway Norway
Algeria Algeria
Panama Panama
Eritrea Eritrea
Mongolia Mongolia
UnitedKingdom UnitedKingdom
Peru Peru
Mauritius Mauritius
Laos Laos
Luxembourg Luxembourg
Belarus Belarus
Paraguay Paraguay
Dominica Dominica
Philippines Philippines
CapeVerde CapeVerde
Niger Niger
Latvia Latvia
Burma Burma
Kazakhstan Kazakhstan
Cambodia Cambodia
Japan Japan
Portugal Portugal
Danzig Danzig
Jamaica Jamaica
Tunisia Tunisia
Kiribati Kiribati
Ukraine Ukraine
Australia Australia
Yemen Yemen
France France
Newfoundland Newfoundland
Lesotho Lesotho
CentralAfricanRep CentralAfricanRep
Romania Romania
Bhutan Bhutan
Ethiopia Ethiopia
SaintLucia SaintLucia
Hungary Hungary
SaintKitts SaintKitts
Vanuatu Vanuatu
Grenada Grenada
Rwanda Rwanda
RussianFederation RussianFederation
Guatemala Guatemala
SriLanka SriLanka
Cuba Cuba
Togo Togo
Israel Israel
Switzerland Switzerland
Venezuela Venezuela
NewZealand NewZealand
Finland Finland
TheGambia TheGambia
Liechtenstein Liechtenstein
Serbia Serbia
Maldives Maldives
Fiji Fiji
