Nepal Georgia Argentina Belarus Azerbaijan Newfoundland Estonia NewZealand Slovakia Tajikistan Suriname Botswana Fiji Vietnam Serbia Niger Nepal Afghanistan Tanzania Liechtenstein SaintLucia VaticanCity Liechtenstein MarshallIslands UAE Nepal Kuwait Mauritius Panama Newfoundland Palau Newfoundland Nepal
25
Georgia Georgia
Argentina Argentina
Belarus Belarus
Azerbaijan Azerbaijan
Estonia Estonia
NewZealand NewZealand
Slovakia Slovakia
Tajikistan Tajikistan
Suriname Suriname
Botswana Botswana
Fiji Fiji
Vietnam Vietnam
Serbia Serbia
Niger Niger
Afghanistan Afghanistan
Tanzania Tanzania
Liechtenstein Liechtenstein
SaintLucia SaintLucia
VaticanCity VaticanCity
MarshallIslands MarshallIslands
UAE UAE
Kuwait Kuwait
Mauritius Mauritius
Panama Panama
Palau Palau
